0:0:0:0:0:0:0:1 - - [04/Aug/2016:01:31:37 -0700] "GET /patient/list HTTP/1.1" 500 694
0:0:0:0:0:0:0:1 - - [04/Aug/2016:01:31:37 -0700] "GET /clinic/image/404.png HTTP/1.1" 404 135
0:0:0:0:0:0:0:1 - - [04/Aug/2016:01:31:37 -0700] "GET /clinic/js/js_adaption.js HTTP/1.1" 404 139
0:0:0:0:0:0:0:1 - - [04/Aug/2016:01:31:37 -0700] "GET /clinic/image/404.png HTTP/1.1" 404 135
0:0:0:0:0:0:0:1 - - [04/Aug/2016:02:31:49 -0700] "GET /code/form?code=1 HTTP/1.1" 302 -
0:0:0:0:0:0:0:1 - - [04/Aug/2016:02:31:50 -0700] "GET /code/input?openid=1 HTTP/1.1" 200 3946
0:0:0:0:0:0:0:1 - - [04/Aug/2016:02:31:58 -0700] "GET /code/input?openid=1 HTTP/1.1" 200 3946
0:0:0:0:0:0:0:1 - - [04/Aug/2016:02:31:58 -0700] "GET /css/weui.min.css HTTP/1.1" 304 -
0:0:0:0:0:0:0:1 - - [04/Aug/2016:02:31:58 -0700] "GET /js/js_adaption.js HTTP/1.1" 304 -
0:0:0:0:0:0:0:1 - - [04/Aug/2016:02:31:58 -0700] "GET /js/jquery-1.7.2.js HTTP/1.1" 304 -
0:0:0:0:0:0:0:1 - - [04/Aug/2016:02:31:58 -0700] "GET /css/weixin.css HTTP/1.1" 304 -
0:0:0:0:0:0:0:1 - - [04/Aug/2016:02:31:58 -0700] "GET /favicon.ico HTTP/1.1" 200 946
0:0:0:0:0:0:0:1 - - [04/Aug/2016:02:32:05 -0700] "GET /code/send?param=18616288051%201 HTTP/1.1" 200 1
0:0:0:0:0:0:0:1 - - [04/Aug/2016:02:32:23 -0700] "POST /code/save HTTP/1.1" 200 3464
0:0:0:0:0:0:0:1 - - [04/Aug/2016:02:32:23 -0700] "GET /clinic/js/jquery-1.7.2.js HTTP/1.1" 404 140
0:0:0:0:0:0:0:1 - - [04/Aug/2016:02:32:23 -0700] "GET /clinic/image/mzfw.png HTTP/1.1" 404 136
0:0:0:0:0:0:0:1 - - [04/Aug/2016:02:32:23 -0700] "GET /clinic/js/js_adaption.js HTTP/1.1" 404 139
0:0:0:0:0:0:0:1 - - [04/Aug/2016:02:32:23 -0700] "GET /clinic/image/mzfw_icon2.png HTTP/1.1" 404 142
0:0:0:0:0:0:0:1 - - [04/Aug/2016:02:32:23 -0700] "GET /clinic/image/mzfw_icon3.png HTTP/1.1" 404 142
0:0:0:0:0:0:0:1 - - [04/Aug/2016:02:32:24 -0700] "GET /clinic/image/mzfw_icon1.png HTTP/1.1" 404 142
0:0:0:0:0:0:0:1 - - [04/Aug/2016:02:32:24 -0700] "GET /clinic/image/right_arrow.png HTTP/1.1" 404 143
0:0:0:0:0:0:0:1 - - [04/Aug/2016:02:32:24 -0700] "GET /clinic/image/left_arrow.png HTTP/1.1" 404 142
0:0:0:0:0:0:0:1 - - [04/Aug/2016:02:32:28 -0700] "GET /card/form?type=2&uid=18 HTTP/1.1" 200 3868
0:0:0:0:0:0:0:1 - - [04/Aug/2016:02:32:35 -0700] "POST /card/input HTTP/1.1" 200 4024
0:0:0:0:0:0:0:1 - - [04/Aug/2016:02:33:58 -0700] "GET /card/form?type=1&uid=18 HTTP/1.1" 200 3868
0:0:0:0:0:0:0:1 - - [04/Aug/2016:02:34:04 -0700] "POST /card/input HTTP/1.1" 302 -
0:0:0:0:0:0:0:1 - - [04/Aug/2016:02:34:04 -0700] "GET /card/tocard?cid=4&type=1 HTTP/1.1" 302 -
0:0:0:0:0:0:0:1 - - [04/Aug/2016:02:34:04 -0700] "GET /patient/zwy_form?cid=4&productType=1 HTTP/1.1" 200 15079
0:0:0:0:0:0:0:1 - - [04/Aug/2016:02:34:51 -0700] "POST /patient/input HTTP/1.1" 200 -
0:0:0:0:0:0:0:1 - - [04/Aug/2016:02:34:54 -0700] "POST /patient/input HTTP/1.1" 200 1451
0:0:0:0:0:0:0:1 - - [04/Aug/2016:02:34:54 -0700] "GET /css/weui.css HTTP/1.1" 304 -
0:0:0:0:0:0:0:1 - - [04/Aug/2016:02:34:54 -0700] "GET /clinic/image/submit.png HTTP/1.1" 404 138
0:0:0:0:0:0:0:1 - - [04/Aug/2016:02:34:54 -0700] "GET /clinic/image/bohao.png HTTP/1.1" 404 137
0:0:0:0:0:0:0:1 - - [04/Aug/2016:02:34:54 -0700] "GET /clinic/image/submit.png HTTP/1.1" 404 138
0:0:0:0:0:0:0:1 - - [04/Aug/2016:02:34:54 -0700] "GET /clinic/image/bohao.png HTTP/1.1" 404 137
0:0:0:0:0:0:0:1 - - [04/Aug/2016:19:08:32 -0700] "GET /code/form?code=1 HTTP/1.1" 302 -
0:0:0:0:0:0:0:1 - - [04/Aug/2016:19:08:32 -0700] "GET /code/input?openid=1 HTTP/1.1" 200 3946
0:0:0:0:0:0:0:1 - - [04/Aug/2016:19:08:33 -0700] "GET /js/js_adaption.js HTTP/1.1" 200 235
0:0:0:0:0:0:0:1 - - [04/Aug/2016:19:08:33 -0700] "GET /css/weixin.css HTTP/1.1" 200 2424
0:0:0:0:0:0:0:1 - - [04/Aug/2016:19:08:33 -0700] "GET /css/weui.min.css HTTP/1.1" 200 48819
0:0:0:0:0:0:0:1 - - [04/Aug/2016:19:08:33 -0700] "GET /js/jquery-1.7.2.js HTTP/1.1" 200 283887
0:0:0:0:0:0:0:1 - - [04/Aug/2016:19:08:33 -0700] "GET /favicon.ico HTTP/1.1" 200 946
0:0:0:0:0:0:0:1 - - [04/Aug/2016:19:08:38 -0700] "GET /code/send?param=18616288051%201 HTTP/1.1" 200 1
0:0:0:0:0:0:0:1 - - [04/Aug/2016:19:09:01 -0700] "POST /code/save HTTP/1.1" 200 3464
0:0:0:0:0:0:0:1 - - [04/Aug/2016:19:09:01 -0700] "GET /clinic/image/mzfw.png HTTP/1.1" 404 136
0:0:0:0:0:0:0:1 - - [04/Aug/2016:19:09:01 -0700] "GET /clinic/js/js_adaption.js HTTP/1.1" 404 139
0:0:0:0:0:0:0:1 - - [04/Aug/2016:19:09:01 -0700] "GET /clinic/js/jquery-1.7.2.js HTTP/1.1" 404 140
0:0:0:0:0:0:0:1 - - [04/Aug/2016:19:09:01 -0700] "GET /clinic/image/mzfw_icon3.png HTTP/1.1" 404 142
0:0:0:0:0:0:0:1 - - [04/Aug/2016:19:09:01 -0700] "GET /clinic/image/mzfw_icon2.png HTTP/1.1" 404 142
0:0:0:0:0:0:0:1 - - [04/Aug/2016:19:09:01 -0700] "GET /clinic/image/mzfw_icon1.png HTTP/1.1" 404 142
0:0:0:0:0:0:0:1 - - [04/Aug/2016:19:09:01 -0700] "GET /clinic/image/mzfw.png HTTP/1.1" 404 136
0:0:0:0:0:0:0:1 - - [04/Aug/2016:19:09:01 -0700] "GET /clinic/image/left_arrow.png HTTP/1.1" 404 142
0:0:0:0:0:0:0:1 - - [04/Aug/2016:19:09:01 -0700] "GET /clinic/image/right_arrow.png HTTP/1.1" 404 143
0:0:0:0:0:0:0:1 - - [04/Aug/2016:19:09:40 -0700] "GET /card/form?type=2&uid=18 HTTP/1.1" 200 3868
0:0:0:0:0:0:0:1 - - [04/Aug/2016:19:09:40 -0700] "GET /image/0003-1.png HTTP/1.1" 200 1321
0:0:0:0:0:0:0:1 - - [04/Aug/2016:19:09:47 -0700] "GET /image/0003-2.png HTTP/1.1" 200 3502
0:0:0:0:0:0:0:1 - - [04/Aug/2016:19:09:48 -0700] "POST /card/input HTTP/1.1" 302 -
0:0:0:0:0:0:0:1 - - [04/Aug/2016:19:09:48 -0700] "GET /card/tocard?cid=4&type=2 HTTP/1.1" 302 -
0:0:0:0:0:0:0:1 - - [04/Aug/2016:19:09:48 -0700] "GET /patient/form?cid=4&productType=2 HTTP/1.1" 200 13719
0:0:0:0:0:0:0:1 - - [04/Aug/2016:19:10:19 -0700] "POST /patient/input HTTP/1.1" 200 1451
0:0:0:0:0:0:0:1 - - [04/Aug/2016:19:10:19 -0700] "GET /clinic/image/submit.png HTTP/1.1" 404 138
0:0:0:0:0:0:0:1 - - [04/Aug/2016:19:10:19 -0700] "GET /clinic/image/bohao.png HTTP/1.1" 404 137
0:0:0:0:0:0:0:1 - - [04/Aug/2016:19:10:19 -0700] "GET /css/weui.css HTTP/1.1" 200 201384
0:0:0:0:0:0:0:1 - - [04/Aug/2016:19:10:19 -0700] "GET /clinic/image/submit.png HTTP/1.1" 404 138
0:0:0:0:0:0:0:1 - - [04/Aug/2016:19:10:19 -0700] "GET /clinic/image/bohao.png HTTP/1.1" 404 137
0:0:0:0:0:0:0:1 - - [04/Aug/2016:19:11:42 -0700] "POST /patient/input HTTP/1.1" 200 1451
0:0:0:0:0:0:0:1 - - [04/Aug/2016:19:11:42 -0700] "GET /clinic/image/submit.png HTTP/1.1" 404 138
0:0:0:0:0:0:0:1 - - [04/Aug/2016:19:11:42 -0700] "GET /clinic/image/bohao.png HTTP/1.1" 404 137
0:0:0:0:0:0:0:1 - - [04/Aug/2016:20:30:02 -0700] "GET /code/form?code=1 HTTP/1.1" 500 694
0:0:0:0:0:0:0:1 - - [04/Aug/2016:20:30:02 -0700] "GET /clinic/image/404.png HTTP/1.1" 404 135
0:0:0:0:0:0:0:1 - - [04/Aug/2016:20:30:02 -0700] "GET /clinic/js/js_adaption.js HTTP/1.1" 404 139
0:0:0:0:0:0:0:1 - - [04/Aug/2016:20:30:02 -0700] "GET /clinic/image/404.png HTTP/1.1" 404 135
0:0:0:0:0:0:0:1 - - [04/Aug/2016:20:30:56 -0700] "GET /code/form?code=1 HTTP/1.1" 302 -
0:0:0:0:0:0:0:1 - - [04/Aug/2016:20:30:58 -0700] "GET /code/input?openid=1 HTTP/1.1" 200 3946
0:0:0:0:0:0:0:1 - - [04/Aug/2016:20:31:08 -0700] "GET /code/send?param=18616288051%201 HTTP/1.1" 200 1
0:0:0:0:0:0:0:1 - - [04/Aug/2016:20:31:55 -0700] "GET /code/input?openid=111111 HTTP/1.1" 200 3951
0:0:0:0:0:0:0:1 - - [04/Aug/2016:20:32:13 -0700] "GET /code/input?code=111111 HTTP/1.1" 400 694
0:0:0:0:0:0:0:1 - - [04/Aug/2016:20:32:13 -0700] "GET /clinic/image/404.png HTTP/1.1" 404 135
0:0:0:0:0:0:0:1 - - [04/Aug/2016:20:32:13 -0700] "GET /clinic/js/js_adaption.js HTTP/1.1" 404 139
0:0:0:0:0:0:0:1 - - [04/Aug/2016:20:32:13 -0700] "GET /clinic/image/404.png HTTP/1.1" 404 135
0:0:0:0:0:0:0:1 - - [04/Aug/2016:20:32:37 -0700] "GET /code/input?code=111111 HTTP/1.1" 400 694
0:0:0:0:0:0:0:1 - - [04/Aug/2016:20:32:37 -0700] "GET /clinic/js/js_adaption.js HTTP/1.1" 404 139
0:0:0:0:0:0:0:1 - - [04/Aug/2016:20:32:37 -0700] "GET /clinic/image/404.png HTTP/1.1" 404 135
0:0:0:0:0:0:0:1 - - [04/Aug/2016:20:32:46 -0700] "GET /code/form?code=111111 HTTP/1.1" 200 3464
0:0:0:0:0:0:0:1 - - [04/Aug/2016:20:32:46 -0700] "GET /clinic/js/js_adaption.js HTTP/1.1" 404 139
0:0:0:0:0:0:0:1 - - [04/Aug/2016:20:32:46 -0700] "GET /clinic/js/jquery-1.7.2.js HTTP/1.1" 404 140
0:0:0:0:0:0:0:1 - - [04/Aug/2016:20:32:46 -0700] "GET /clinic/image/mzfw.png HTTP/1.1" 404 136
0:0:0:0:0:0:0:1 - - [04/Aug/2016:20:32:46 -0700] "GET /clinic/image/mzfw_icon1.png HTTP/1.1" 404 142
0:0:0:0:0:0:0:1 - - [04/Aug/2016:20:32:46 -0700] "GET /clinic/image/mzfw_icon3.png HTTP/1.1" 404 142
0:0:0:0:0:0:0:1 - - [04/Aug/2016:20:32:46 -0700] "GET /clinic/image/mzfw_icon2.png HTTP/1.1" 404 142
0:0:0:0:0:0:0:1 - - [04/Aug/2016:20:32:46 -0700] "GET /clinic/image/left_arrow.png HTTP/1.1" 404 142
0:0:0:0:0:0:0:1 - - [04/Aug/2016:20:32:46 -0700] "GET /clinic/image/right_arrow.png HTTP/1.1" 404 143
0:0:0:0:0:0:0:1 - - [04/Aug/2016:20:33:10 -0700] "GET /card/form?type=1&uid=18 HTTP/1.1" 200 3868
0:0:0:0:0:0:0:1 - - [04/Aug/2016:20:33:16 -0700] "POST /card/input HTTP/1.1" 302 -
0:0:0:0:0:0:0:1 - - [04/Aug/2016:20:33:17 -0700] "GET /card/tocard?cid=4&type=1 HTTP/1.1" 302 -
0:0:0:0:0:0:0:1 - - [04/Aug/2016:20:33:17 -0700] "GET /patient/zwy_form?cid=4&productType=1 HTTP/1.1" 200 15077
192.168.6.123 - - [04/Aug/2016:20:48:38 -0700] "GET /code/form?code=111111 HTTP/1.1" 200 3464
192.168.6.123 - - [04/Aug/2016:20:48:38 -0700] "GET /css/weixin.css HTTP/1.1" 200 2424
192.168.6.123 - - [04/Aug/2016:20:48:38 -0700] "GET /clinic/js/js_adaption.js HTTP/1.1" 404 139
192.168.6.123 - - [04/Aug/2016:20:48:38 -0700] "GET /css/weui.min.css HTTP/1.1" 200 48819
192.168.6.123 - - [04/Aug/2016:20:48:38 -0700] "GET /clinic/js/jquery-1.7.2.js HTTP/1.1" 404 140
192.168.6.123 - - [04/Aug/2016:20:48:38 -0700] "GET /clinic/image/mzfw.png HTTP/1.1" 404 136
192.168.6.123 - - [04/Aug/2016:20:48:38 -0700] "GET /clinic/js/jquery-1.7.2.js HTTP/1.1" 404 140
192.168.6.123 - - [04/Aug/2016:20:48:38 -0700] "GET /clinic/image/mzfw_icon3.png HTTP/1.1" 404 142
192.168.6.123 - - [04/Aug/2016:20:48:38 -0700] "GET /clinic/image/mzfw_icon1.png HTTP/1.1" 404 142
192.168.6.123 - - [04/Aug/2016:20:48:38 -0700] "GET /clinic/image/mzfw_icon2.png HTTP/1.1" 404 142
192.168.6.123 - - [04/Aug/2016:20:48:38 -0700] "GET /clinic/image/mzfw.png HTTP/1.1" 404 136
192.168.6.123 - - [04/Aug/2016:20:48:38 -0700] "GET /clinic/image/right_arrow.png HTTP/1.1" 404 143
192.168.6.123 - - [04/Aug/2016:20:48:38 -0700] "GET /clinic/image/left_arrow.png HTTP/1.1" 404 142
192.168.6.123 - - [04/Aug/2016:20:48:38 -0700] "GET /favicon.ico HTTP/1.1" 200 946
192.168.6.123 - - [04/Aug/2016:20:48:42 -0700] "GET /card/form?type=1&uid=18 HTTP/1.1" 200 3868
192.168.6.123 - - [04/Aug/2016:20:48:42 -0700] "GET /js/js_adaption.js HTTP/1.1" 200 235
192.168.6.123 - - [04/Aug/2016:20:48:42 -0700] "GET /js/jquery-1.7.2.js HTTP/1.1" 200 283887
192.168.6.123 - - [04/Aug/2016:20:48:42 -0700] "GET /image/0003-1.png HTTP/1.1" 200 1321
192.168.6.123 - - [04/Aug/2016:20:48:46 -0700] "GET /clinic/js/js_adaption.js HTTP/1.1" 404 139
192.168.6.123 - - [04/Aug/2016:20:49:07 -0700] "GET /code/form?code=1 HTTP/1.1" 302 -
192.168.6.123 - - [04/Aug/2016:20:49:07 -0700] "GET /code/input?openid=1 HTTP/1.1" 200 3946
192.168.6.123 - - [04/Aug/2016:20:49:23 -0700] "GET /code/send?param=13007600973%201 HTTP/1.1" 200 1
