0:0:0:0:0:0:0:1 - - [11/Jul/2016:03:00:16 -0700] "GET /code?cid=1111 HTTP/1.1" 404 704
0:0:0:0:0:0:0:1 - - [11/Jul/2016:03:00:16 -0700] "GET /clinic-test/js/js_adaption.js HTTP/1.1" 404 144
0:0:0:0:0:0:0:1 - - [11/Jul/2016:03:00:16 -0700] "GET /clinic-test/image/404.png HTTP/1.1" 404 140
0:0:0:0:0:0:0:1 - - [11/Jul/2016:03:00:51 -0700] "GET /code?code=1111 HTTP/1.1" 404 704
0:0:0:0:0:0:0:1 - - [11/Jul/2016:03:00:51 -0700] "GET /clinic-test/js/js_adaption.js HTTP/1.1" 404 144
0:0:0:0:0:0:0:1 - - [11/Jul/2016:03:00:51 -0700] "GET /clinic-test/image/404.png HTTP/1.1" 404 140
0:0:0:0:0:0:0:1 - - [11/Jul/2016:03:01:03 -0700] "GET /code/form?code=111 HTTP/1.1" 500 704
0:0:0:0:0:0:0:1 - - [11/Jul/2016:03:01:03 -0700] "GET /clinic-test/js/js_adaption.js HTTP/1.1" 404 144
0:0:0:0:0:0:0:1 - - [11/Jul/2016:03:01:03 -0700] "GET /clinic-test/image/404.png HTTP/1.1" 404 140
0:0:0:0:0:0:0:1 - - [11/Jul/2016:03:09:20 -0700] "GET /code/form?code=111 HTTP/1.1" 302 -
0:0:0:0:0:0:0:1 - - [11/Jul/2016:03:09:20 -0700] "GET /card/form?uid=8 HTTP/1.1" 200 3621
0:0:0:0:0:0:0:1 - - [11/Jul/2016:03:09:20 -0700] "GET /clinic-test/js/jquery-1.7.2.js HTTP/1.1" 404 145
0:0:0:0:0:0:0:1 - - [11/Jul/2016:03:09:20 -0700] "GET /clinic-test/image/0003-1.png HTTP/1.1" 404 143
0:0:0:0:0:0:0:1 - - [11/Jul/2016:03:11:27 -0700] "GET /card/form?uid=8 HTTP/1.1" 200 3621
0:0:0:0:0:0:0:1 - - [11/Jul/2016:03:11:27 -0700] "GET /css/weixin.css HTTP/1.1" 304 -
0:0:0:0:0:0:0:1 - - [11/Jul/2016:03:11:27 -0700] "GET /js/js_adaption.js HTTP/1.1" 304 -
0:0:0:0:0:0:0:1 - - [11/Jul/2016:03:11:27 -0700] "GET /clinic-test/js/jquery-1.7.2.js HTTP/1.1" 404 145
0:0:0:0:0:0:0:1 - - [11/Jul/2016:03:11:27 -0700] "GET /css/weui.min.css HTTP/1.1" 304 -
0:0:0:0:0:0:0:1 - - [11/Jul/2016:03:11:27 -0700] "GET /clinic-test/image/0003-1.png HTTP/1.1" 404 143
0:0:0:0:0:0:0:1 - - [11/Jul/2016:03:11:28 -0700] "GET /card/form?uid=8 HTTP/1.1" 200 3621
0:0:0:0:0:0:0:1 - - [11/Jul/2016:03:11:29 -0700] "GET /css/weixin.css HTTP/1.1" 304 -
0:0:0:0:0:0:0:1 - - [11/Jul/2016:03:11:29 -0700] "GET /css/weui.min.css HTTP/1.1" 304 -
0:0:0:0:0:0:0:1 - - [11/Jul/2016:03:11:29 -0700] "GET /clinic-test/js/jquery-1.7.2.js HTTP/1.1" 404 145
0:0:0:0:0:0:0:1 - - [11/Jul/2016:03:11:29 -0700] "GET /js/js_adaption.js HTTP/1.1" 304 -
0:0:0:0:0:0:0:1 - - [11/Jul/2016:03:11:29 -0700] "GET /clinic-test/image/0003-1.png HTTP/1.1" 404 143
0:0:0:0:0:0:0:1 - - [11/Jul/2016:03:14:32 -0700] "GET /card/form?uid=8 HTTP/1.1" 200 3621
0:0:0:0:0:0:0:1 - - [11/Jul/2016:03:14:32 -0700] "GET /css/weixin.css HTTP/1.1" 304 -
0:0:0:0:0:0:0:1 - - [11/Jul/2016:03:14:32 -0700] "GET /css/weui.min.css HTTP/1.1" 304 -
0:0:0:0:0:0:0:1 - - [11/Jul/2016:03:14:32 -0700] "GET /clinic-test/js/jquery-1.7.2.js HTTP/1.1" 404 145
0:0:0:0:0:0:0:1 - - [11/Jul/2016:03:14:32 -0700] "GET /js/js_adaption.js HTTP/1.1" 304 -
0:0:0:0:0:0:0:1 - - [11/Jul/2016:03:14:32 -0700] "GET /clinic-test/image/0003-1.png HTTP/1.1" 404 143
0:0:0:0:0:0:0:1 - - [11/Jul/2016:03:15:01 -0700] "GET /card/form?uid=8 HTTP/1.1" 200 3573
0:0:0:0:0:0:0:1 - - [11/Jul/2016:03:15:01 -0700] "GET /css/weui.min.css HTTP/1.1" 304 -
0:0:0:0:0:0:0:1 - - [11/Jul/2016:03:15:01 -0700] "GET /js/jquery-1.7.2.js HTTP/1.1" 304 -
0:0:0:0:0:0:0:1 - - [11/Jul/2016:03:15:01 -0700] "GET /js/js_adaption.js HTTP/1.1" 304 -
0:0:0:0:0:0:0:1 - - [11/Jul/2016:03:15:01 -0700] "GET /css/weixin.css HTTP/1.1" 304 -
0:0:0:0:0:0:0:1 - - [11/Jul/2016:03:15:01 -0700] "GET /image/0003-1.png HTTP/1.1" 200 1321
0:0:0:0:0:0:0:1 - - [11/Jul/2016:03:15:26 -0700] "GET /card/form?uid=8 HTTP/1.1" 200 3598
0:0:0:0:0:0:0:1 - - [11/Jul/2016:03:15:26 -0700] "GET /css/weui.min.css HTTP/1.1" 304 -
0:0:0:0:0:0:0:1 - - [11/Jul/2016:03:15:27 -0700] "GET /css/weixin.css HTTP/1.1" 304 -
0:0:0:0:0:0:0:1 - - [11/Jul/2016:03:15:27 -0700] "GET /js/js_adaption.js HTTP/1.1" 304 -
0:0:0:0:0:0:0:1 - - [11/Jul/2016:03:15:27 -0700] "GET /js/jquery-1.7.2.js HTTP/1.1" 304 -
0:0:0:0:0:0:0:1 - - [11/Jul/2016:03:15:27 -0700] "GET /image/0003-1.png HTTP/1.1" 304 -
0:0:0:0:0:0:0:1 - - [11/Jul/2016:03:16:02 -0700] "GET /patient/form?pid=1 HTTP/1.1" 400 704
0:0:0:0:0:0:0:1 - - [11/Jul/2016:03:16:02 -0700] "GET /clinic-test/js/js_adaption.js HTTP/1.1" 404 144
0:0:0:0:0:0:0:1 - - [11/Jul/2016:03:16:02 -0700] "GET /clinic-test/image/404.png HTTP/1.1" 404 140
0:0:0:0:0:0:0:1 - - [11/Jul/2016:03:16:13 -0700] "GET /patient/form?cpid=1 HTTP/1.1" 400 704
0:0:0:0:0:0:0:1 - - [11/Jul/2016:03:16:13 -0700] "GET /clinic-test/js/js_adaption.js HTTP/1.1" 404 144
0:0:0:0:0:0:0:1 - - [11/Jul/2016:03:16:13 -0700] "GET /clinic-test/image/404.png HTTP/1.1" 404 140
0:0:0:0:0:0:0:1 - - [11/Jul/2016:03:16:19 -0700] "GET /patient/form?cid=1 HTTP/1.1" 200 13553
0:0:0:0:0:0:0:1 - - [11/Jul/2016:03:17:17 -0700] "GET /card/form?pid=111 HTTP/1.1" 200 3598
0:0:0:0:0:0:0:1 - - [11/Jul/2016:03:18:14 -0700] "GET /card/form?pid=111 HTTP/1.1" 200 3598
0:0:0:0:0:0:0:1 - - [11/Jul/2016:03:18:14 -0700] "GET /css/weui.min.css HTTP/1.1" 304 -
0:0:0:0:0:0:0:1 - - [11/Jul/2016:03:18:14 -0700] "GET /css/weixin.css HTTP/1.1" 304 -
0:0:0:0:0:0:0:1 - - [11/Jul/2016:03:18:14 -0700] "GET /js/jquery-1.7.2.js HTTP/1.1" 304 -
0:0:0:0:0:0:0:1 - - [11/Jul/2016:03:18:14 -0700] "GET /js/js_adaption.js HTTP/1.1" 304 -
0:0:0:0:0:0:0:1 - - [11/Jul/2016:03:18:14 -0700] "GET /image/0003-1.png HTTP/1.1" 304 -
0:0:0:0:0:0:0:1 - - [11/Jul/2016:03:18:14 -0700] "GET /favicon.ico HTTP/1.1" 200 946
0:0:0:0:0:0:0:1 - - [11/Jul/2016:03:18:30 -0700] "GET /card/form?pid=111 HTTP/1.1" 200 3614
0:0:0:0:0:0:0:1 - - [11/Jul/2016:03:18:30 -0700] "GET /css/weui.min.css HTTP/1.1" 304 -
0:0:0:0:0:0:0:1 - - [11/Jul/2016:03:18:30 -0700] "GET /css/weixin.css HTTP/1.1" 304 -
0:0:0:0:0:0:0:1 - - [11/Jul/2016:03:18:30 -0700] "GET /js/jquery-1.7.2.js HTTP/1.1" 304 -
0:0:0:0:0:0:0:1 - - [11/Jul/2016:03:18:30 -0700] "GET /js/js_adaption.js HTTP/1.1" 304 -
0:0:0:0:0:0:0:1 - - [11/Jul/2016:03:18:30 -0700] "GET /image/0003-1.png HTTP/1.1" 304 -
0:0:0:0:0:0:0:1 - - [11/Jul/2016:03:18:30 -0700] "GET /favicon.ico HTTP/1.1" 200 946
0:0:0:0:0:0:0:1 - - [11/Jul/2016:03:18:38 -0700] "GET /card/form?pid=111 HTTP/1.1" 200 3614
0:0:0:0:0:0:0:1 - - [11/Jul/2016:03:18:38 -0700] "GET /css/weixin.css HTTP/1.1" 304 -
0:0:0:0:0:0:0:1 - - [11/Jul/2016:03:18:38 -0700] "GET /css/weui.min.css HTTP/1.1" 304 -
0:0:0:0:0:0:0:1 - - [11/Jul/2016:03:18:38 -0700] "GET /js/js_adaption.js HTTP/1.1" 304 -
0:0:0:0:0:0:0:1 - - [11/Jul/2016:03:18:38 -0700] "GET /js/jquery-1.7.2.js HTTP/1.1" 304 -
0:0:0:0:0:0:0:1 - - [11/Jul/2016:03:18:39 -0700] "GET /image/0003-1.png HTTP/1.1" 304 -
0:0:0:0:0:0:0:1 - - [11/Jul/2016:03:18:39 -0700] "GET /favicon.ico HTTP/1.1" 200 946
0:0:0:0:0:0:0:1 - - [11/Jul/2016:03:18:53 -0700] "GET /card/form?pid=111 HTTP/1.1" 200 3614
0:0:0:0:0:0:0:1 - - [11/Jul/2016:03:18:53 -0700] "GET /css/weixin.css HTTP/1.1" 304 -
0:0:0:0:0:0:0:1 - - [11/Jul/2016:03:18:53 -0700] "GET /js/js_adaption.js HTTP/1.1" 304 -
0:0:0:0:0:0:0:1 - - [11/Jul/2016:03:18:53 -0700] "GET /js/jquery-1.7.2.js HTTP/1.1" 304 -
0:0:0:0:0:0:0:1 - - [11/Jul/2016:03:18:53 -0700] "GET /css/weui.min.css HTTP/1.1" 304 -
0:0:0:0:0:0:0:1 - - [11/Jul/2016:03:18:53 -0700] "GET /image/0003-1.png HTTP/1.1" 304 -
0:0:0:0:0:0:0:1 - - [11/Jul/2016:03:18:53 -0700] "GET /favicon.ico HTTP/1.1" 200 946
0:0:0:0:0:0:0:1 - - [11/Jul/2016:03:19:47 -0700] "GET /card/form?pid=111 HTTP/1.1" 200 3613
0:0:0:0:0:0:0:1 - - [11/Jul/2016:03:19:47 -0700] "GET /css/weui.min.css HTTP/1.1" 304 -
0:0:0:0:0:0:0:1 - - [11/Jul/2016:03:19:47 -0700] "GET /css/weixin.css HTTP/1.1" 304 -
0:0:0:0:0:0:0:1 - - [11/Jul/2016:03:19:47 -0700] "GET /js/jquery-1.7.2.js HTTP/1.1" 304 -
0:0:0:0:0:0:0:1 - - [11/Jul/2016:03:19:47 -0700] "GET /js/js_adaption.js HTTP/1.1" 304 -
0:0:0:0:0:0:0:1 - - [11/Jul/2016:03:19:47 -0700] "GET /image/0003-1.png HTTP/1.1" 304 -
0:0:0:0:0:0:0:1 - - [11/Jul/2016:03:19:47 -0700] "GET /favicon.ico HTTP/1.1" 200 946
0:0:0:0:0:0:0:1 - - [11/Jul/2016:03:20:28 -0700] "GET /card/form?pid=111 HTTP/1.1" 200 3613
0:0:0:0:0:0:0:1 - - [11/Jul/2016:03:20:28 -0700] "GET /css/weui.min.css HTTP/1.1" 304 -
0:0:0:0:0:0:0:1 - - [11/Jul/2016:03:20:28 -0700] "GET /js/js_adaption.js HTTP/1.1" 304 -
0:0:0:0:0:0:0:1 - - [11/Jul/2016:03:20:28 -0700] "GET /css/weixin.css HTTP/1.1" 304 -
0:0:0:0:0:0:0:1 - - [11/Jul/2016:03:20:28 -0700] "GET /js/jquery-1.7.2.js HTTP/1.1" 304 -
0:0:0:0:0:0:0:1 - - [11/Jul/2016:03:20:28 -0700] "GET /image/0003-1.png HTTP/1.1" 304 -
0:0:0:0:0:0:0:1 - - [11/Jul/2016:03:20:28 -0700] "GET /favicon.ico HTTP/1.1" 200 946
0:0:0:0:0:0:0:1 - - [11/Jul/2016:03:32:31 -0700] "GET /card/form?pid=111 HTTP/1.1" 200 3628
0:0:0:0:0:0:0:1 - - [11/Jul/2016:03:32:31 -0700] "GET /css/weui.min.css HTTP/1.1" 304 -
0:0:0:0:0:0:0:1 - - [11/Jul/2016:03:32:31 -0700] "GET /css/weixin.css HTTP/1.1" 304 -
0:0:0:0:0:0:0:1 - - [11/Jul/2016:03:32:31 -0700] "GET /js/jquery-1.7.2.js HTTP/1.1" 304 -
0:0:0:0:0:0:0:1 - - [11/Jul/2016:03:32:31 -0700] "GET /js/js_adaption.js HTTP/1.1" 304 -
0:0:0:0:0:0:0:1 - - [11/Jul/2016:03:32:31 -0700] "GET /image/0003-1.png HTTP/1.1" 304 -
0:0:0:0:0:0:0:1 - - [11/Jul/2016:03:32:32 -0700] "GET /favicon.ico HTTP/1.1" 200 946
0:0:0:0:0:0:0:1 - - [11/Jul/2016:03:37:03 -0700] "GET /card/form?pid=111 HTTP/1.1" 200 3885
0:0:0:0:0:0:0:1 - - [11/Jul/2016:03:37:03 -0700] "GET /css/weixin.css HTTP/1.1" 304 -
0:0:0:0:0:0:0:1 - - [11/Jul/2016:03:37:03 -0700] "GET /css/weui.min.css HTTP/1.1" 304 -
0:0:0:0:0:0:0:1 - - [11/Jul/2016:03:37:03 -0700] "GET /js/jquery-1.7.2.js HTTP/1.1" 304 -
0:0:0:0:0:0:0:1 - - [11/Jul/2016:03:37:03 -0700] "GET /js/js_adaption.js HTTP/1.1" 304 -
0:0:0:0:0:0:0:1 - - [11/Jul/2016:03:37:04 -0700] "GET /image/0003-1.png HTTP/1.1" 304 -
0:0:0:0:0:0:0:1 - - [11/Jul/2016:03:37:04 -0700] "GET /favicon.ico HTTP/1.1" 200 946
0:0:0:0:0:0:0:1 - - [11/Jul/2016:03:37:52 -0700] "GET /card/form?pid=111 HTTP/1.1" 200 3831
0:0:0:0:0:0:0:1 - - [11/Jul/2016:03:37:52 -0700] "GET /css/weui.min.css HTTP/1.1" 304 -
0:0:0:0:0:0:0:1 - - [11/Jul/2016:03:37:52 -0700] "GET /js/jquery-1.7.2.js HTTP/1.1" 304 -
0:0:0:0:0:0:0:1 - - [11/Jul/2016:03:37:52 -0700] "GET /js/js_adaption.js HTTP/1.1" 304 -
0:0:0:0:0:0:0:1 - - [11/Jul/2016:03:37:52 -0700] "GET /css/weixin.css HTTP/1.1" 304 -
0:0:0:0:0:0:0:1 - - [11/Jul/2016:03:37:52 -0700] "GET /image/0003-1.png HTTP/1.1" 304 -
0:0:0:0:0:0:0:1 - - [11/Jul/2016:03:37:52 -0700] "GET /favicon.ico HTTP/1.1" 200 946
0:0:0:0:0:0:0:1 - - [11/Jul/2016:03:37:53 -0700] "GET /image/0003-2.png HTTP/1.1" 200 3502
0:0:0:0:0:0:0:1 - - [11/Jul/2016:03:38:02 -0700] "POST /card/input HTTP/1.1" 200 3974
0:0:0:0:0:0:0:1 - - [11/Jul/2016:03:38:43 -0700] "POST /card/input HTTP/1.1" 200 3974
0:0:0:0:0:0:0:1 - - [11/Jul/2016:03:38:43 -0700] "GET /css/weui.min.css HTTP/1.1" 304 -
0:0:0:0:0:0:0:1 - - [11/Jul/2016:03:38:43 -0700] "GET /css/weixin.css HTTP/1.1" 304 -
0:0:0:0:0:0:0:1 - - [11/Jul/2016:03:38:43 -0700] "GET /js/js_adaption.js HTTP/1.1" 304 -
0:0:0:0:0:0:0:1 - - [11/Jul/2016:03:38:43 -0700] "GET /js/jquery-1.7.2.js HTTP/1.1" 304 -
0:0:0:0:0:0:0:1 - - [11/Jul/2016:03:38:43 -0700] "GET /image/0003-1.png HTTP/1.1" 304 -
0:0:0:0:0:0:0:1 - - [11/Jul/2016:03:38:43 -0700] "GET /favicon.ico HTTP/1.1" 200 946
0:0:0:0:0:0:0:1 - - [11/Jul/2016:03:38:56 -0700] "POST /card/input HTTP/1.1" 302 -
0:0:0:0:0:0:0:1 - - [11/Jul/2016:03:38:56 -0700] "GET /patient/form?cid=4 HTTP/1.1" 200 13553
0:0:0:0:0:0:0:1 - - [11/Jul/2016:03:50:46 -0700] "GET /patient/list?code=1111 HTTP/1.1" 500 704
0:0:0:0:0:0:0:1 - - [11/Jul/2016:03:50:46 -0700] "GET /clinic-test/js/js_adaption.js HTTP/1.1" 404 144
0:0:0:0:0:0:0:1 - - [11/Jul/2016:03:50:46 -0700] "GET /clinic-test/image/404.png HTTP/1.1" 404 140
0:0:0:0:0:0:0:1 - - [11/Jul/2016:03:53:09 -0700] "GET /patient/list?code=1111 HTTP/1.1" 200 748
0:0:0:0:0:0:0:1 - - [11/Jul/2016:03:53:09 -0700] "GET /css/weixin.css HTTP/1.1" 304 -
0:0:0:0:0:0:0:1 - - [11/Jul/2016:03:53:09 -0700] "GET /css/weui.min.css HTTP/1.1" 304 -
0:0:0:0:0:0:0:1 - - [11/Jul/2016:03:53:09 -0700] "GET /clinic-test/js/js_adaption.js HTTP/1.1" 404 144
0:0:0:0:0:0:0:1 - - [11/Jul/2016:03:53:09 -0700] "GET /clinic-test/image/nopermission.png HTTP/1.1" 404 149
0:0:0:0:0:0:0:1 - - [11/Jul/2016:03:53:09 -0700] "GET /favicon.ico HTTP/1.1" 200 946
0:0:0:0:0:0:0:1 - - [11/Jul/2016:03:53:13 -0700] "GET /patient/list?code=1111 HTTP/1.1" 200 748
0:0:0:0:0:0:0:1 - - [11/Jul/2016:03:53:14 -0700] "GET /css/weui.min.css HTTP/1.1" 304 -
0:0:0:0:0:0:0:1 - - [11/Jul/2016:03:53:14 -0700] "GET /css/weixin.css HTTP/1.1" 304 -
0:0:0:0:0:0:0:1 - - [11/Jul/2016:03:53:14 -0700] "GET /clinic-test/js/js_adaption.js HTTP/1.1" 404 144
0:0:0:0:0:0:0:1 - - [11/Jul/2016:03:53:14 -0700] "GET /clinic-test/image/nopermission.png HTTP/1.1" 404 149
0:0:0:0:0:0:0:1 - - [11/Jul/2016:03:53:14 -0700] "GET /favicon.ico HTTP/1.1" 200 946
0:0:0:0:0:0:0:1 - - [11/Jul/2016:19:11:46 -0700] "GET /patient/test HTTP/1.1" 200 765
0:0:0:0:0:0:0:1 - - [11/Jul/2016:19:11:46 -0700] "GET /css/weixin.css HTTP/1.1" 200 2424
0:0:0:0:0:0:0:1 - - [11/Jul/2016:19:11:46 -0700] "GET /css/weui.min.css HTTP/1.1" 200 48819
0:0:0:0:0:0:0:1 - - [11/Jul/2016:19:11:46 -0700] "GET /clinic-test/js/js_adaption.js HTTP/1.1" 404 144
0:0:0:0:0:0:0:1 - - [11/Jul/2016:19:11:46 -0700] "GET /clinic-test/image/nopermission.png HTTP/1.1" 404 149
0:0:0:0:0:0:0:1 - - [11/Jul/2016:19:12:44 -0700] "GET /patient/test HTTP/1.1" 200 755
0:0:0:0:0:0:0:1 - - [11/Jul/2016:19:12:44 -0700] "GET /css/weixin.css HTTP/1.1" 304 -
0:0:0:0:0:0:0:1 - - [11/Jul/2016:19:12:44 -0700] "GET /css/weui.min.css HTTP/1.1" 304 -
0:0:0:0:0:0:0:1 - - [11/Jul/2016:19:12:44 -0700] "GET /clinic-test/image/nopermission.png HTTP/1.1" 404 149
0:0:0:0:0:0:0:1 - - [11/Jul/2016:19:12:44 -0700] "GET /clinic-test/js/js_adaption.js HTTP/1.1" 404 144
0:0:0:0:0:0:0:1 - - [11/Jul/2016:19:12:44 -0700] "GET /favicon.ico HTTP/1.1" 200 946
0:0:0:0:0:0:0:1 - - [11/Jul/2016:19:14:02 -0700] "GET /patient/test HTTP/1.1" 500 704
0:0:0:0:0:0:0:1 - - [11/Jul/2016:19:14:03 -0700] "GET /clinic-test/js/js_adaption.js HTTP/1.1" 404 144
0:0:0:0:0:0:0:1 - - [11/Jul/2016:19:14:03 -0700] "GET /clinic-test/image/404.png HTTP/1.1" 404 140
0:0:0:0:0:0:0:1 - - [11/Jul/2016:19:14:03 -0700] "GET /css/weixin.css HTTP/1.1" 304 -
0:0:0:0:0:0:0:1 - - [11/Jul/2016:19:14:03 -0700] "GET /css/weui.min.css HTTP/1.1" 304 -
0:0:0:0:0:0:0:1 - - [11/Jul/2016:19:14:03 -0700] "GET /favicon.ico HTTP/1.1" 200 946
0:0:0:0:0:0:0:1 - - [11/Jul/2016:19:15:31 -0700] "GET /patient/test HTTP/1.1" 500 704
0:0:0:0:0:0:0:1 - - [11/Jul/2016:19:15:31 -0700] "GET /css/weui.min.css HTTP/1.1" 304 -
0:0:0:0:0:0:0:1 - - [11/Jul/2016:19:15:31 -0700] "GET /css/weixin.css HTTP/1.1" 304 -
0:0:0:0:0:0:0:1 - - [11/Jul/2016:19:15:31 -0700] "GET /clinic-test/image/404.png HTTP/1.1" 404 140
0:0:0:0:0:0:0:1 - - [11/Jul/2016:19:15:31 -0700] "GET /clinic-test/js/js_adaption.js HTTP/1.1" 404 144
0:0:0:0:0:0:0:1 - - [11/Jul/2016:19:15:31 -0700] "GET /clinic-test/image/404.png HTTP/1.1" 404 140
0:0:0:0:0:0:0:1 - - [11/Jul/2016:19:15:31 -0700] "GET /favicon.ico HTTP/1.1" 200 946
0:0:0:0:0:0:0:1 - - [11/Jul/2016:19:16:31 -0700] "GET /patient/test HTTP/1.1" 500 704
0:0:0:0:0:0:0:1 - - [11/Jul/2016:19:16:31 -0700] "GET /css/weui.min.css HTTP/1.1" 304 -
0:0:0:0:0:0:0:1 - - [11/Jul/2016:19:16:31 -0700] "GET /clinic-test/image/404.png HTTP/1.1" 404 140
0:0:0:0:0:0:0:1 - - [11/Jul/2016:19:16:31 -0700] "GET /css/weixin.css HTTP/1.1" 304 -
0:0:0:0:0:0:0:1 - - [11/Jul/2016:19:16:31 -0700] "GET /clinic-test/js/js_adaption.js HTTP/1.1" 404 144
0:0:0:0:0:0:0:1 - - [11/Jul/2016:19:16:31 -0700] "GET /clinic-test/image/404.png HTTP/1.1" 404 140
0:0:0:0:0:0:0:1 - - [11/Jul/2016:19:16:31 -0700] "GET /favicon.ico HTTP/1.1" 200 946
0:0:0:0:0:0:0:1 - - [11/Jul/2016:19:16:32 -0700] "GET /patient/test HTTP/1.1" 500 704
0:0:0:0:0:0:0:1 - - [11/Jul/2016:19:16:32 -0700] "GET /css/weui.min.css HTTP/1.1" 304 -
0:0:0:0:0:0:0:1 - - [11/Jul/2016:19:16:32 -0700] "GET /clinic-test/js/js_adaption.js HTTP/1.1" 404 144
0:0:0:0:0:0:0:1 - - [11/Jul/2016:19:16:32 -0700] "GET /css/weixin.css HTTP/1.1" 304 -
0:0:0:0:0:0:0:1 - - [11/Jul/2016:19:16:32 -0700] "GET /clinic-test/image/404.png HTTP/1.1" 404 140
0:0:0:0:0:0:0:1 - - [11/Jul/2016:19:16:32 -0700] "GET /clinic-test/image/404.png HTTP/1.1" 404 140
0:0:0:0:0:0:0:1 - - [11/Jul/2016:19:16:32 -0700] "GET /favicon.ico HTTP/1.1" 200 946
0:0:0:0:0:0:0:1 - - [11/Jul/2016:19:16:33 -0700] "GET /patient/test HTTP/1.1" 500 704
0:0:0:0:0:0:0:1 - - [11/Jul/2016:19:16:33 -0700] "GET /css/weui.min.css HTTP/1.1" 304 -
0:0:0:0:0:0:0:1 - - [11/Jul/2016:19:16:33 -0700] "GET /css/weixin.css HTTP/1.1" 304 -
0:0:0:0:0:0:0:1 - - [11/Jul/2016:19:16:33 -0700] "GET /clinic-test/js/js_adaption.js HTTP/1.1" 404 144
0:0:0:0:0:0:0:1 - - [11/Jul/2016:19:16:33 -0700] "GET /clinic-test/image/404.png HTTP/1.1" 404 140
0:0:0:0:0:0:0:1 - - [11/Jul/2016:19:16:33 -0700] "GET /favicon.ico HTTP/1.1" 200 946
0:0:0:0:0:0:0:1 - - [11/Jul/2016:19:16:44 -0700] "GET /patient/test HTTP/1.1" 500 704
0:0:0:0:0:0:0:1 - - [11/Jul/2016:19:16:44 -0700] "GET /css/weui.min.css HTTP/1.1" 304 -
0:0:0:0:0:0:0:1 - - [11/Jul/2016:19:16:44 -0700] "GET /css/weixin.css HTTP/1.1" 304 -
0:0:0:0:0:0:0:1 - - [11/Jul/2016:19:16:44 -0700] "GET /clinic-test/js/js_adaption.js HTTP/1.1" 404 144
0:0:0:0:0:0:0:1 - - [11/Jul/2016:19:16:44 -0700] "GET /clinic-test/image/404.png HTTP/1.1" 404 140
0:0:0:0:0:0:0:1 - - [11/Jul/2016:19:16:44 -0700] "GET /favicon.ico HTTP/1.1" 200 946
0:0:0:0:0:0:0:1 - - [11/Jul/2016:19:17:38 -0700] "GET /patient/test HTTP/1.1" 500 704
0:0:0:0:0:0:0:1 - - [11/Jul/2016:19:17:38 -0700] "GET /css/weui.min.css HTTP/1.1" 304 -
0:0:0:0:0:0:0:1 - - [11/Jul/2016:19:17:38 -0700] "GET /css/weixin.css HTTP/1.1" 304 -
0:0:0:0:0:0:0:1 - - [11/Jul/2016:19:17:38 -0700] "GET /clinic-test/js/js_adaption.js HTTP/1.1" 404 144
0:0:0:0:0:0:0:1 - - [11/Jul/2016:19:17:38 -0700] "GET /clinic-test/image/404.png HTTP/1.1" 404 140
0:0:0:0:0:0:0:1 - - [11/Jul/2016:19:17:38 -0700] "GET /favicon.ico HTTP/1.1" 200 946
0:0:0:0:0:0:0:1 - - [11/Jul/2016:19:17:39 -0700] "GET /patient/test HTTP/1.1" 500 704
0:0:0:0:0:0:0:1 - - [11/Jul/2016:19:17:39 -0700] "GET /css/weixin.css HTTP/1.1" 304 -
0:0:0:0:0:0:0:1 - - [11/Jul/2016:19:17:39 -0700] "GET /css/weui.min.css HTTP/1.1" 304 -
0:0:0:0:0:0:0:1 - - [11/Jul/2016:19:17:39 -0700] "GET /clinic-test/js/js_adaption.js HTTP/1.1" 404 144
0:0:0:0:0:0:0:1 - - [11/Jul/2016:19:17:39 -0700] "GET /clinic-test/image/404.png HTTP/1.1" 404 140
0:0:0:0:0:0:0:1 - - [11/Jul/2016:19:17:39 -0700] "GET /favicon.ico HTTP/1.1" 200 946
0:0:0:0:0:0:0:1 - - [11/Jul/2016:19:17:39 -0700] "GET /patient/test HTTP/1.1" 500 704
0:0:0:0:0:0:0:1 - - [11/Jul/2016:19:17:39 -0700] "GET /css/weixin.css HTTP/1.1" 304 -
0:0:0:0:0:0:0:1 - - [11/Jul/2016:19:17:39 -0700] "GET /clinic-test/image/404.png HTTP/1.1" 404 140
0:0:0:0:0:0:0:1 - - [11/Jul/2016:19:17:39 -0700] "GET /clinic-test/js/js_adaption.js HTTP/1.1" 404 144
0:0:0:0:0:0:0:1 - - [11/Jul/2016:19:17:39 -0700] "GET /css/weui.min.css HTTP/1.1" 304 -
0:0:0:0:0:0:0:1 - - [11/Jul/2016:19:17:39 -0700] "GET /clinic-test/image/404.png HTTP/1.1" 404 140
0:0:0:0:0:0:0:1 - - [11/Jul/2016:19:17:39 -0700] "GET /favicon.ico HTTP/1.1" 200 946
0:0:0:0:0:0:0:1 - - [11/Jul/2016:19:19:02 -0700] "GET /patient/test HTTP/1.1" 500 704
0:0:0:0:0:0:0:1 - - [11/Jul/2016:19:19:02 -0700] "GET /css/weui.min.css HTTP/1.1" 304 -
0:0:0:0:0:0:0:1 - - [11/Jul/2016:19:19:02 -0700] "GET /clinic-test/js/js_adaption.js HTTP/1.1" 404 144
0:0:0:0:0:0:0:1 - - [11/Jul/2016:19:19:02 -0700] "GET /css/weixin.css HTTP/1.1" 304 -
0:0:0:0:0:0:0:1 - - [11/Jul/2016:19:19:02 -0700] "GET /clinic-test/image/404.png HTTP/1.1" 404 140
0:0:0:0:0:0:0:1 - - [11/Jul/2016:19:19:02 -0700] "GET /favicon.ico HTTP/1.1" 200 946
0:0:0:0:0:0:0:1 - - [11/Jul/2016:19:19:03 -0700] "GET /patient/test HTTP/1.1" 500 704
0:0:0:0:0:0:0:1 - - [11/Jul/2016:19:19:03 -0700] "GET /css/weui.min.css HTTP/1.1" 304 -
0:0:0:0:0:0:0:1 - - [11/Jul/2016:19:19:03 -0700] "GET /css/weixin.css HTTP/1.1" 304 -
0:0:0:0:0:0:0:1 - - [11/Jul/2016:19:19:03 -0700] "GET /clinic-test/js/js_adaption.js HTTP/1.1" 404 144
0:0:0:0:0:0:0:1 - - [11/Jul/2016:19:19:03 -0700] "GET /clinic-test/image/404.png HTTP/1.1" 404 140
0:0:0:0:0:0:0:1 - - [11/Jul/2016:19:19:03 -0700] "GET /favicon.ico HTTP/1.1" 200 946
0:0:0:0:0:0:0:1 - - [11/Jul/2016:19:19:03 -0700] "GET /patient/test HTTP/1.1" 500 704
0:0:0:0:0:0:0:1 - - [11/Jul/2016:19:19:03 -0700] "GET /css/weui.min.css HTTP/1.1" 304 -
0:0:0:0:0:0:0:1 - - [11/Jul/2016:19:19:03 -0700] "GET /css/weixin.css HTTP/1.1" 304 -
0:0:0:0:0:0:0:1 - - [11/Jul/2016:19:19:03 -0700] "GET /clinic-test/js/js_adaption.js HTTP/1.1" 404 144
0:0:0:0:0:0:0:1 - - [11/Jul/2016:19:19:03 -0700] "GET /clinic-test/image/404.png HTTP/1.1" 404 140
0:0:0:0:0:0:0:1 - - [11/Jul/2016:19:19:03 -0700] "GET /favicon.ico HTTP/1.1" 200 946
0:0:0:0:0:0:0:1 - - [11/Jul/2016:19:28:12 -0700] "GET /patient/test HTTP/1.1" 500 704
0:0:0:0:0:0:0:1 - - [11/Jul/2016:19:28:12 -0700] "GET /css/weui.min.css HTTP/1.1" 304 -
0:0:0:0:0:0:0:1 - - [11/Jul/2016:19:28:12 -0700] "GET /css/weixin.css HTTP/1.1" 304 -
0:0:0:0:0:0:0:1 - - [11/Jul/2016:19:28:12 -0700] "GET /clinic-test/js/js_adaption.js HTTP/1.1" 404 144
0:0:0:0:0:0:0:1 - - [11/Jul/2016:19:28:12 -0700] "GET /clinic-test/image/404.png HTTP/1.1" 404 140
0:0:0:0:0:0:0:1 - - [11/Jul/2016:19:28:13 -0700] "GET /favicon.ico HTTP/1.1" 200 946
0:0:0:0:0:0:0:1 - - [11/Jul/2016:19:28:13 -0700] "GET /patient/test HTTP/1.1" 500 704
0:0:0:0:0:0:0:1 - - [11/Jul/2016:19:28:13 -0700] "GET /css/weui.min.css HTTP/1.1" 304 -
0:0:0:0:0:0:0:1 - - [11/Jul/2016:19:28:13 -0700] "GET /css/weixin.css HTTP/1.1" 304 -
0:0:0:0:0:0:0:1 - - [11/Jul/2016:19:28:13 -0700] "GET /clinic-test/js/js_adaption.js HTTP/1.1" 404 144
0:0:0:0:0:0:0:1 - - [11/Jul/2016:19:28:13 -0700] "GET /clinic-test/image/404.png HTTP/1.1" 404 140
0:0:0:0:0:0:0:1 - - [11/Jul/2016:19:28:13 -0700] "GET /favicon.ico HTTP/1.1" 200 946
0:0:0:0:0:0:0:1 - - [11/Jul/2016:19:28:14 -0700] "GET /patient/test HTTP/1.1" 500 704
0:0:0:0:0:0:0:1 - - [11/Jul/2016:19:28:14 -0700] "GET /css/weui.min.css HTTP/1.1" 304 -
0:0:0:0:0:0:0:1 - - [11/Jul/2016:19:28:14 -0700] "GET /css/weixin.css HTTP/1.1" 304 -
0:0:0:0:0:0:0:1 - - [11/Jul/2016:19:28:14 -0700] "GET /clinic-test/image/404.png HTTP/1.1" 404 140
0:0:0:0:0:0:0:1 - - [11/Jul/2016:19:28:14 -0700] "GET /clinic-test/js/js_adaption.js HTTP/1.1" 404 144
0:0:0:0:0:0:0:1 - - [11/Jul/2016:19:28:14 -0700] "GET /clinic-test/image/404.png HTTP/1.1" 404 140
0:0:0:0:0:0:0:1 - - [11/Jul/2016:19:28:14 -0700] "GET /favicon.ico HTTP/1.1" 200 946
0:0:0:0:0:0:0:1 - - [11/Jul/2016:19:28:20 -0700] "GET /patient/test HTTP/1.1" 500 704
0:0:0:0:0:0:0:1 - - [11/Jul/2016:19:28:20 -0700] "GET /css/weixin.css HTTP/1.1" 304 -
0:0:0:0:0:0:0:1 - - [11/Jul/2016:19:28:20 -0700] "GET /clinic-test/image/404.png HTTP/1.1" 404 140
0:0:0:0:0:0:0:1 - - [11/Jul/2016:19:28:20 -0700] "GET /clinic-test/js/js_adaption.js HTTP/1.1" 404 144
0:0:0:0:0:0:0:1 - - [11/Jul/2016:19:28:20 -0700] "GET /css/weui.min.css HTTP/1.1" 304 -
0:0:0:0:0:0:0:1 - - [11/Jul/2016:19:28:20 -0700] "GET /clinic-test/image/404.png HTTP/1.1" 404 140
0:0:0:0:0:0:0:1 - - [11/Jul/2016:19:28:21 -0700] "GET /favicon.ico HTTP/1.1" 200 946
0:0:0:0:0:0:0:1 - - [11/Jul/2016:19:30:45 -0700] "GET /patient/test HTTP/1.1" 500 704
0:0:0:0:0:0:0:1 - - [11/Jul/2016:19:30:45 -0700] "GET /css/weui.min.css HTTP/1.1" 304 -
0:0:0:0:0:0:0:1 - - [11/Jul/2016:19:30:45 -0700] "GET /css/weixin.css HTTP/1.1" 304 -
0:0:0:0:0:0:0:1 - - [11/Jul/2016:19:30:45 -0700] "GET /clinic-test/js/js_adaption.js HTTP/1.1" 404 144
0:0:0:0:0:0:0:1 - - [11/Jul/2016:19:30:45 -0700] "GET /clinic-test/image/404.png HTTP/1.1" 404 140
0:0:0:0:0:0:0:1 - - [11/Jul/2016:19:30:45 -0700] "GET /favicon.ico HTTP/1.1" 200 946
0:0:0:0:0:0:0:1 - - [11/Jul/2016:19:30:46 -0700] "GET /patient/test HTTP/1.1" 500 704
0:0:0:0:0:0:0:1 - - [11/Jul/2016:19:30:46 -0700] "GET /css/weui.min.css HTTP/1.1" 304 -
0:0:0:0:0:0:0:1 - - [11/Jul/2016:19:30:46 -0700] "GET /css/weixin.css HTTP/1.1" 304 -
0:0:0:0:0:0:0:1 - - [11/Jul/2016:19:30:46 -0700] "GET /clinic-test/image/404.png HTTP/1.1" 404 140
0:0:0:0:0:0:0:1 - - [11/Jul/2016:19:30:46 -0700] "GET /clinic-test/js/js_adaption.js HTTP/1.1" 404 144
0:0:0:0:0:0:0:1 - - [11/Jul/2016:19:30:46 -0700] "GET /clinic-test/image/404.png HTTP/1.1" 404 140
0:0:0:0:0:0:0:1 - - [11/Jul/2016:19:30:46 -0700] "GET /favicon.ico HTTP/1.1" 200 946
0:0:0:0:0:0:0:1 - - [11/Jul/2016:19:31:14 -0700] "GET /patient/test HTTP/1.1" 500 704
0:0:0:0:0:0:0:1 - - [11/Jul/2016:19:31:14 -0700] "GET /css/weixin.css HTTP/1.1" 304 -
0:0:0:0:0:0:0:1 - - [11/Jul/2016:19:31:14 -0700] "GET /css/weui.min.css HTTP/1.1" 304 -
0:0:0:0:0:0:0:1 - - [11/Jul/2016:19:31:14 -0700] "GET /clinic-test/js/js_adaption.js HTTP/1.1" 404 144
0:0:0:0:0:0:0:1 - - [11/Jul/2016:19:31:14 -0700] "GET /clinic-test/image/404.png HTTP/1.1" 404 140
0:0:0:0:0:0:0:1 - - [11/Jul/2016:19:31:14 -0700] "GET /favicon.ico HTTP/1.1" 200 946
0:0:0:0:0:0:0:1 - - [11/Jul/2016:19:31:15 -0700] "GET /patient/test HTTP/1.1" 500 704
0:0:0:0:0:0:0:1 - - [11/Jul/2016:19:31:15 -0700] "GET /css/weui.min.css HTTP/1.1" 304 -
0:0:0:0:0:0:0:1 - - [11/Jul/2016:19:31:15 -0700] "GET /css/weixin.css HTTP/1.1" 304 -
0:0:0:0:0:0:0:1 - - [11/Jul/2016:19:31:15 -0700] "GET /clinic-test/js/js_adaption.js HTTP/1.1" 404 144
0:0:0:0:0:0:0:1 - - [11/Jul/2016:19:31:15 -0700] "GET /clinic-test/image/404.png HTTP/1.1" 404 140
0:0:0:0:0:0:0:1 - - [11/Jul/2016:19:31:15 -0700] "GET /favicon.ico HTTP/1.1" 200 946
0:0:0:0:0:0:0:1 - - [11/Jul/2016:19:31:45 -0700] "GET /patient/test HTTP/1.1" 500 704
0:0:0:0:0:0:0:1 - - [11/Jul/2016:19:31:45 -0700] "GET /css/weixin.css HTTP/1.1" 304 -
0:0:0:0:0:0:0:1 - - [11/Jul/2016:19:31:45 -0700] "GET /css/weui.min.css HTTP/1.1" 304 -
0:0:0:0:0:0:0:1 - - [11/Jul/2016:19:31:45 -0700] "GET /clinic-test/js/js_adaption.js HTTP/1.1" 404 144
0:0:0:0:0:0:0:1 - - [11/Jul/2016:19:31:45 -0700] "GET /clinic-test/image/404.png HTTP/1.1" 404 140
0:0:0:0:0:0:0:1 - - [11/Jul/2016:19:31:45 -0700] "GET /favicon.ico HTTP/1.1" 200 946
0:0:0:0:0:0:0:1 - - [11/Jul/2016:19:31:45 -0700] "GET /patient/test HTTP/1.1" 500 704
0:0:0:0:0:0:0:1 - - [11/Jul/2016:19:31:46 -0700] "GET /css/weui.min.css HTTP/1.1" 304 -
0:0:0:0:0:0:0:1 - - [11/Jul/2016:19:31:46 -0700] "GET /css/weixin.css HTTP/1.1" 304 -
0:0:0:0:0:0:0:1 - - [11/Jul/2016:19:31:46 -0700] "GET /clinic-test/js/js_adaption.js HTTP/1.1" 404 144
0:0:0:0:0:0:0:1 - - [11/Jul/2016:19:31:46 -0700] "GET /clinic-test/image/404.png HTTP/1.1" 404 140
0:0:0:0:0:0:0:1 - - [11/Jul/2016:19:31:46 -0700] "GET /favicon.ico HTTP/1.1" 200 946
0:0:0:0:0:0:0:1 - - [11/Jul/2016:19:33:40 -0700] "GET /patient/test HTTP/1.1" 200 838
0:0:0:0:0:0:0:1 - - [11/Jul/2016:19:33:40 -0700] "GET /css/weui.min.css HTTP/1.1" 304 -
0:0:0:0:0:0:0:1 - - [11/Jul/2016:19:33:40 -0700] "GET /css/weixin.css HTTP/1.1" 304 -
0:0:0:0:0:0:0:1 - - [11/Jul/2016:19:33:40 -0700] "GET /clinic-test/js/js_adaption.js HTTP/1.1" 404 144
0:0:0:0:0:0:0:1 - - [11/Jul/2016:19:33:40 -0700] "GET /clinic-test/image/nopermission.png HTTP/1.1" 404 149
0:0:0:0:0:0:0:1 - - [11/Jul/2016:19:33:40 -0700] "GET /favicon.ico HTTP/1.1" 200 946
0:0:0:0:0:0:0:1 - - [11/Jul/2016:19:33:41 -0700] "GET /patient/test HTTP/1.1" 200 838
0:0:0:0:0:0:0:1 - - [11/Jul/2016:19:33:41 -0700] "GET /css/weixin.css HTTP/1.1" 304 -
0:0:0:0:0:0:0:1 - - [11/Jul/2016:19:33:41 -0700] "GET /clinic-test/image/nopermission.png HTTP/1.1" 404 149
0:0:0:0:0:0:0:1 - - [11/Jul/2016:19:33:41 -0700] "GET /css/weui.min.css HTTP/1.1" 304 -
0:0:0:0:0:0:0:1 - - [11/Jul/2016:19:33:41 -0700] "GET /clinic-test/js/js_adaption.js HTTP/1.1" 404 144
0:0:0:0:0:0:0:1 - - [11/Jul/2016:19:33:41 -0700] "GET /clinic-test/image/nopermission.png HTTP/1.1" 404 149
0:0:0:0:0:0:0:1 - - [11/Jul/2016:19:33:42 -0700] "GET /favicon.ico HTTP/1.1" 200 946
0:0:0:0:0:0:0:1 - - [11/Jul/2016:19:33:42 -0700] "GET /patient/test HTTP/1.1" 200 838
0:0:0:0:0:0:0:1 - - [11/Jul/2016:19:33:42 -0700] "GET /css/weui.min.css HTTP/1.1" 304 -
0:0:0:0:0:0:0:1 - - [11/Jul/2016:19:33:42 -0700] "GET /clinic-test/js/js_adaption.js HTTP/1.1" 404 144
0:0:0:0:0:0:0:1 - - [11/Jul/2016:19:33:42 -0700] "GET /css/weixin.css HTTP/1.1" 304 -
0:0:0:0:0:0:0:1 - - [11/Jul/2016:19:33:42 -0700] "GET /clinic-test/image/nopermission.png HTTP/1.1" 404 149
0:0:0:0:0:0:0:1 - - [11/Jul/2016:19:33:42 -0700] "GET /clinic-test/image/nopermission.png HTTP/1.1" 404 149
0:0:0:0:0:0:0:1 - - [11/Jul/2016:19:33:42 -0700] "GET /favicon.ico HTTP/1.1" 200 946
0:0:0:0:0:0:0:1 - - [11/Jul/2016:19:33:52 -0700] "GET /patient/test HTTP/1.1" 200 838
0:0:0:0:0:0:0:1 - - [11/Jul/2016:19:33:52 -0700] "GET /css/weui.min.css HTTP/1.1" 304 -
0:0:0:0:0:0:0:1 - - [11/Jul/2016:19:33:52 -0700] "GET /css/weixin.css HTTP/1.1" 304 -
0:0:0:0:0:0:0:1 - - [11/Jul/2016:19:33:52 -0700] "GET /clinic-test/js/js_adaption.js HTTP/1.1" 404 144
0:0:0:0:0:0:0:1 - - [11/Jul/2016:19:33:52 -0700] "GET /clinic-test/image/nopermission.png HTTP/1.1" 404 149
0:0:0:0:0:0:0:1 - - [11/Jul/2016:19:33:52 -0700] "GET /favicon.ico HTTP/1.1" 200 946
0:0:0:0:0:0:0:1 - - [11/Jul/2016:19:33:53 -0700] "GET /patient/test HTTP/1.1" 200 838
0:0:0:0:0:0:0:1 - - [11/Jul/2016:19:33:53 -0700] "GET /css/weui.min.css HTTP/1.1" 304 -
0:0:0:0:0:0:0:1 - - [11/Jul/2016:19:33:53 -0700] "GET /css/weixin.css HTTP/1.1" 304 -
0:0:0:0:0:0:0:1 - - [11/Jul/2016:19:33:53 -0700] "GET /clinic-test/image/nopermission.png HTTP/1.1" 404 149
0:0:0:0:0:0:0:1 - - [11/Jul/2016:19:33:53 -0700] "GET /clinic-test/js/js_adaption.js HTTP/1.1" 404 144
0:0:0:0:0:0:0:1 - - [11/Jul/2016:19:33:53 -0700] "GET /clinic-test/image/nopermission.png HTTP/1.1" 404 149
0:0:0:0:0:0:0:1 - - [11/Jul/2016:19:33:53 -0700] "GET /favicon.ico HTTP/1.1" 200 946
0:0:0:0:0:0:0:1 - - [11/Jul/2016:19:33:53 -0700] "GET /patient/test HTTP/1.1" 200 838
0:0:0:0:0:0:0:1 - - [11/Jul/2016:19:33:53 -0700] "GET /css/weui.min.css HTTP/1.1" 304 -
0:0:0:0:0:0:0:1 - - [11/Jul/2016:19:33:53 -0700] "GET /css/weixin.css HTTP/1.1" 304 -
0:0:0:0:0:0:0:1 - - [11/Jul/2016:19:33:53 -0700] "GET /clinic-test/js/js_adaption.js HTTP/1.1" 404 144
0:0:0:0:0:0:0:1 - - [11/Jul/2016:19:33:53 -0700] "GET /clinic-test/image/nopermission.png HTTP/1.1" 404 149
0:0:0:0:0:0:0:1 - - [11/Jul/2016:19:33:53 -0700] "GET /favicon.ico HTTP/1.1" 200 946
0:0:0:0:0:0:0:1 - - [11/Jul/2016:19:36:49 -0700] "GET /patient/test HTTP/1.1" 200 838
0:0:0:0:0:0:0:1 - - [11/Jul/2016:19:36:49 -0700] "GET /clinic-test/image/nopermission.png HTTP/1.1" 404 149
0:0:0:0:0:0:0:1 - - [11/Jul/2016:19:36:49 -0700] "GET /clinic-test/js/js_adaption.js HTTP/1.1" 404 144
0:0:0:0:0:0:0:1 - - [11/Jul/2016:19:36:49 -0700] "GET /css/weui.min.css HTTP/1.1" 304 -
0:0:0:0:0:0:0:1 - - [11/Jul/2016:19:36:49 -0700] "GET /css/weixin.css HTTP/1.1" 304 -
0:0:0:0:0:0:0:1 - - [11/Jul/2016:19:36:49 -0700] "GET /clinic-test/image/nopermission.png HTTP/1.1" 404 149
0:0:0:0:0:0:0:1 - - [11/Jul/2016:19:36:49 -0700] "GET /favicon.ico HTTP/1.1" 200 946
0:0:0:0:0:0:0:1 - - [11/Jul/2016:19:36:50 -0700] "GET /patient/test HTTP/1.1" 200 838
0:0:0:0:0:0:0:1 - - [11/Jul/2016:19:36:50 -0700] "GET /css/weui.min.css HTTP/1.1" 304 -
0:0:0:0:0:0:0:1 - - [11/Jul/2016:19:36:50 -0700] "GET /clinic-test/js/js_adaption.js HTTP/1.1" 404 144
0:0:0:0:0:0:0:1 - - [11/Jul/2016:19:36:50 -0700] "GET /css/weixin.css HTTP/1.1" 304 -
0:0:0:0:0:0:0:1 - - [11/Jul/2016:19:36:50 -0700] "GET /clinic-test/image/nopermission.png HTTP/1.1" 404 149
0:0:0:0:0:0:0:1 - - [11/Jul/2016:19:36:50 -0700] "GET /clinic-test/image/nopermission.png HTTP/1.1" 404 149
0:0:0:0:0:0:0:1 - - [11/Jul/2016:19:36:50 -0700] "GET /favicon.ico HTTP/1.1" 200 946
0:0:0:0:0:0:0:1 - - [11/Jul/2016:19:37:47 -0700] "GET /patient/test HTTP/1.1" 200 847
0:0:0:0:0:0:0:1 - - [11/Jul/2016:19:37:47 -0700] "GET /css/weui.min.css HTTP/1.1" 304 -
0:0:0:0:0:0:0:1 - - [11/Jul/2016:19:37:47 -0700] "GET /clinic-test/image/nopermission.png HTTP/1.1" 404 149
0:0:0:0:0:0:0:1 - - [11/Jul/2016:19:37:47 -0700] "GET /css/weixin.css HTTP/1.1" 304 -
0:0:0:0:0:0:0:1 - - [11/Jul/2016:19:37:47 -0700] "GET /clinic-test/image/nopermission.png HTTP/1.1" 404 149
0:0:0:0:0:0:0:1 - - [11/Jul/2016:19:37:47 -0700] "GET /clinic-test/js/js_adaption.js HTTP/1.1" 404 137
0:0:0:0:0:0:0:1 - - [11/Jul/2016:19:37:47 -0700] "GET /favicon.ico HTTP/1.1" 200 946
0:0:0:0:0:0:0:1 - - [11/Jul/2016:19:37:48 -0700] "GET /patient/test HTTP/1.1" 200 847
0:0:0:0:0:0:0:1 - - [11/Jul/2016:19:37:48 -0700] "GET /css/weui.min.css HTTP/1.1" 304 -
0:0:0:0:0:0:0:1 - - [11/Jul/2016:19:37:48 -0700] "GET /css/weixin.css HTTP/1.1" 304 -
0:0:0:0:0:0:0:1 - - [11/Jul/2016:19:37:48 -0700] "GET /clinic-test/image/nopermission.png HTTP/1.1" 404 149
0:0:0:0:0:0:0:1 - - [11/Jul/2016:19:37:48 -0700] "GET /clinic-test/js/js_adaption.js HTTP/1.1" 404 144
0:0:0:0:0:0:0:1 - - [11/Jul/2016:19:37:48 -0700] "GET /clinic-test/image/nopermission.png HTTP/1.1" 404 149
0:0:0:0:0:0:0:1 - - [11/Jul/2016:19:37:48 -0700] "GET /favicon.ico HTTP/1.1" 200 946
0:0:0:0:0:0:0:1 - - [11/Jul/2016:19:37:48 -0700] "GET /patient/test HTTP/1.1" 200 847
0:0:0:0:0:0:0:1 - - [11/Jul/2016:19:37:48 -0700] "GET /css/weixin.css HTTP/1.1" 304 -
0:0:0:0:0:0:0:1 - - [11/Jul/2016:19:37:48 -0700] "GET /clinic-test/js/js_adaption.js HTTP/1.1" 404 144
0:0:0:0:0:0:0:1 - - [11/Jul/2016:19:37:49 -0700] "GET /clinic-test/image/nopermission.png HTTP/1.1" 404 149
0:0:0:0:0:0:0:1 - - [11/Jul/2016:19:37:49 -0700] "GET /css/weui.min.css HTTP/1.1" 304 -
0:0:0:0:0:0:0:1 - - [11/Jul/2016:19:37:49 -0700] "GET /clinic-test/image/nopermission.png HTTP/1.1" 404 149
0:0:0:0:0:0:0:1 - - [11/Jul/2016:19:37:49 -0700] "GET /favicon.ico HTTP/1.1" 200 946
0:0:0:0:0:0:0:1 - - [11/Jul/2016:19:40:20 -0700] "GET /patient/test HTTP/1.1" 500 704
0:0:0:0:0:0:0:1 - - [11/Jul/2016:19:40:20 -0700] "GET /css/weui.min.css HTTP/1.1" 304 -
0:0:0:0:0:0:0:1 - - [11/Jul/2016:19:40:20 -0700] "GET /css/weixin.css HTTP/1.1" 304 -
0:0:0:0:0:0:0:1 - - [11/Jul/2016:19:40:20 -0700] "GET /clinic-test/image/404.png HTTP/1.1" 404 140
0:0:0:0:0:0:0:1 - - [11/Jul/2016:19:40:20 -0700] "GET /clinic-test/js/js_adaption.js HTTP/1.1" 404 144
0:0:0:0:0:0:0:1 - - [11/Jul/2016:19:40:20 -0700] "GET /clinic-test/image/404.png HTTP/1.1" 404 140
0:0:0:0:0:0:0:1 - - [11/Jul/2016:19:40:20 -0700] "GET /favicon.ico HTTP/1.1" 200 946
0:0:0:0:0:0:0:1 - - [11/Jul/2016:19:41:00 -0700] "GET /patient/test HTTP/1.1" 200 838
0:0:0:0:0:0:0:1 - - [11/Jul/2016:19:41:01 -0700] "GET /css/weui.min.css HTTP/1.1" 304 -
0:0:0:0:0:0:0:1 - - [11/Jul/2016:19:41:01 -0700] "GET /css/weixin.css HTTP/1.1" 304 -
0:0:0:0:0:0:0:1 - - [11/Jul/2016:19:41:01 -0700] "GET /clinic-test/js/js_adaption.js HTTP/1.1" 404 144
0:0:0:0:0:0:0:1 - - [11/Jul/2016:19:41:01 -0700] "GET /clinic-test/image/nopermission.png HTTP/1.1" 404 149
0:0:0:0:0:0:0:1 - - [11/Jul/2016:19:41:01 -0700] "GET /favicon.ico HTTP/1.1" 200 946
0:0:0:0:0:0:0:1 - - [11/Jul/2016:19:41:24 -0700] "GET /patient/test HTTP/1.1" 200 836
0:0:0:0:0:0:0:1 - - [11/Jul/2016:19:41:24 -0700] "GET /css/weixin.css HTTP/1.1" 304 -
0:0:0:0:0:0:0:1 - - [11/Jul/2016:19:41:24 -0700] "GET /clinic-test/js/js_adaption.js HTTP/1.1" 404 144
0:0:0:0:0:0:0:1 - - [11/Jul/2016:19:41:24 -0700] "GET /css/weui.min.css HTTP/1.1" 304 -
0:0:0:0:0:0:0:1 - - [11/Jul/2016:19:41:24 -0700] "GET /clinic-test/image/nopermission.png HTTP/1.1" 404 149
0:0:0:0:0:0:0:1 - - [11/Jul/2016:19:41:24 -0700] "GET /clinic-test/image/nopermission.png HTTP/1.1" 404 149
0:0:0:0:0:0:0:1 - - [11/Jul/2016:19:41:24 -0700] "GET /favicon.ico HTTP/1.1" 200 946
0:0:0:0:0:0:0:1 - - [11/Jul/2016:19:41:25 -0700] "GET /patient/test HTTP/1.1" 200 836
0:0:0:0:0:0:0:1 - - [11/Jul/2016:19:41:25 -0700] "GET /css/weui.min.css HTTP/1.1" 304 -
0:0:0:0:0:0:0:1 - - [11/Jul/2016:19:41:25 -0700] "GET /clinic-test/js/js_adaption.js HTTP/1.1" 404 144
0:0:0:0:0:0:0:1 - - [11/Jul/2016:19:41:25 -0700] "GET /css/weixin.css HTTP/1.1" 304 -
0:0:0:0:0:0:0:1 - - [11/Jul/2016:19:41:25 -0700] "GET /clinic-test/image/nopermission.png HTTP/1.1" 404 149
0:0:0:0:0:0:0:1 - - [11/Jul/2016:19:41:25 -0700] "GET /favicon.ico HTTP/1.1" 200 946
0:0:0:0:0:0:0:1 - - [11/Jul/2016:19:41:34 -0700] "GET /patient/test HTTP/1.1" 200 733
0:0:0:0:0:0:0:1 - - [11/Jul/2016:19:41:34 -0700] "GET /css/weui.min.css HTTP/1.1" 304 -
0:0:0:0:0:0:0:1 - - [11/Jul/2016:19:41:34 -0700] "GET /clinic-test/js/js_adaption.js HTTP/1.1" 404 144
0:0:0:0:0:0:0:1 - - [11/Jul/2016:19:41:34 -0700] "GET /css/weixin.css HTTP/1.1" 304 -
0:0:0:0:0:0:0:1 - - [11/Jul/2016:19:41:34 -0700] "GET /clinic-test/image/nopermission.png HTTP/1.1" 404 149
0:0:0:0:0:0:0:1 - - [11/Jul/2016:19:41:34 -0700] "GET /favicon.ico HTTP/1.1" 200 946
0:0:0:0:0:0:0:1 - - [11/Jul/2016:19:50:48 -0700] "GET /patient/test HTTP/1.1" 500 704
0:0:0:0:0:0:0:1 - - [11/Jul/2016:19:50:48 -0700] "GET /css/weui.min.css HTTP/1.1" 304 -
0:0:0:0:0:0:0:1 - - [11/Jul/2016:19:50:48 -0700] "GET /clinic-test/image/404.png HTTP/1.1" 404 140
0:0:0:0:0:0:0:1 - - [11/Jul/2016:19:50:48 -0700] "GET /clinic-test/js/js_adaption.js HTTP/1.1" 404 144
0:0:0:0:0:0:0:1 - - [11/Jul/2016:19:50:48 -0700] "GET /css/weixin.css HTTP/1.1" 304 -
0:0:0:0:0:0:0:1 - - [11/Jul/2016:19:50:48 -0700] "GET /clinic-test/image/404.png HTTP/1.1" 404 140
0:0:0:0:0:0:0:1 - - [11/Jul/2016:19:50:49 -0700] "GET /favicon.ico HTTP/1.1" 200 946
0:0:0:0:0:0:0:1 - - [11/Jul/2016:19:50:59 -0700] "GET /patient/test HTTP/1.1" 500 704
0:0:0:0:0:0:0:1 - - [11/Jul/2016:19:50:59 -0700] "GET /css/weixin.css HTTP/1.1" 304 -
0:0:0:0:0:0:0:1 - - [11/Jul/2016:19:50:59 -0700] "GET /css/weui.min.css HTTP/1.1" 304 -
0:0:0:0:0:0:0:1 - - [11/Jul/2016:19:50:59 -0700] "GET /clinic-test/js/js_adaption.js HTTP/1.1" 404 144
0:0:0:0:0:0:0:1 - - [11/Jul/2016:19:50:59 -0700] "GET /clinic-test/image/404.png HTTP/1.1" 404 140
0:0:0:0:0:0:0:1 - - [11/Jul/2016:19:51:00 -0700] "GET /favicon.ico HTTP/1.1" 200 946
0:0:0:0:0:0:0:1 - - [11/Jul/2016:19:51:31 -0700] "GET /patient/test HTTP/1.1" 500 704
0:0:0:0:0:0:0:1 - - [11/Jul/2016:19:51:31 -0700] "GET /css/weixin.css HTTP/1.1" 304 -
0:0:0:0:0:0:0:1 - - [11/Jul/2016:19:51:31 -0700] "GET /clinic-test/image/404.png HTTP/1.1" 404 140
0:0:0:0:0:0:0:1 - - [11/Jul/2016:19:51:31 -0700] "GET /css/weui.min.css HTTP/1.1" 304 -
0:0:0:0:0:0:0:1 - - [11/Jul/2016:19:51:31 -0700] "GET /clinic-test/js/js_adaption.js HTTP/1.1" 404 144
0:0:0:0:0:0:0:1 - - [11/Jul/2016:19:51:31 -0700] "GET /clinic-test/image/404.png HTTP/1.1" 404 140
0:0:0:0:0:0:0:1 - - [11/Jul/2016:19:51:32 -0700] "GET /favicon.ico HTTP/1.1" 200 946
0:0:0:0:0:0:0:1 - - [11/Jul/2016:19:53:55 -0700] "GET /patient/test HTTP/1.1" 200 700
0:0:0:0:0:0:0:1 - - [11/Jul/2016:19:53:55 -0700] "GET /clinic-test/js/js_adaption.js HTTP/1.1" 404 144
0:0:0:0:0:0:0:1 - - [11/Jul/2016:19:53:55 -0700] "GET /clinic-test/image/nopermission.png HTTP/1.1" 404 149
0:0:0:0:0:0:0:1 - - [11/Jul/2016:19:54:05 -0700] "GET /patient/test HTTP/1.1" 200 700
0:0:0:0:0:0:0:1 - - [11/Jul/2016:19:54:05 -0700] "GET /clinic-test/js/js_adaption.js HTTP/1.1" 404 144
0:0:0:0:0:0:0:1 - - [11/Jul/2016:19:54:05 -0700] "GET /clinic-test/image/nopermission.png HTTP/1.1" 404 149
0:0:0:0:0:0:0:1 - - [11/Jul/2016:19:54:05 -0700] "GET /css/weui.min.css HTTP/1.1" 304 -
0:0:0:0:0:0:0:1 - - [11/Jul/2016:19:54:05 -0700] "GET /css/weixin.css HTTP/1.1" 304 -
0:0:0:0:0:0:0:1 - - [11/Jul/2016:19:54:05 -0700] "GET /favicon.ico HTTP/1.1" 200 946
