0:0:0:0:0:0:0:1 - - [20/Jun/2016:00:40:48 -0700] "GET / HTTP/1.1" 404 306
0:0:0:0:0:0:0:1 - - [20/Jun/2016:00:40:48 -0700] "GET /favicon.ico HTTP/1.1" 200 946
0:0:0:0:0:0:0:1 - - [20/Jun/2016:00:40:58 -0700] "GET /code/form HTTP/1.1" 200 2526
0:0:0:0:0:0:0:1 - - [20/Jun/2016:00:40:58 -0700] "GET /css/bootstrap.min.css HTTP/1.1" 200 83054
0:0:0:0:0:0:0:1 - - [20/Jun/2016:00:40:58 -0700] "GET /css/example.css HTTP/1.1" 200 3396
0:0:0:0:0:0:0:1 - - [20/Jun/2016:00:40:58 -0700] "GET /css/weui.css HTTP/1.1" 200 201330
0:0:0:0:0:0:0:1 - - [20/Jun/2016:00:41:10 -0700] "POST /code/send HTTP/1.1" 500 -
0:0:0:0:0:0:0:1 - - [20/Jun/2016:00:41:10 -0700] "POST /code/send HTTP/1.1" 500 851
0:0:0:0:0:0:0:1 - - [20/Jun/2016:18:57:23 -0700] "GET /code/form HTTP/1.1" 200 2526
0:0:0:0:0:0:0:1 - - [20/Jun/2016:18:57:23 -0700] "GET /css/example.css HTTP/1.1" 200 3396
0:0:0:0:0:0:0:1 - - [20/Jun/2016:18:57:23 -0700] "GET /css/weui.css HTTP/1.1" 200 201330
0:0:0:0:0:0:0:1 - - [20/Jun/2016:18:57:23 -0700] "GET /css/bootstrap.min.css HTTP/1.1" 200 83054
0:0:0:0:0:0:0:1 - - [20/Jun/2016:18:57:23 -0700] "GET /favicon.ico HTTP/1.1" 304 -
0:0:0:0:0:0:0:1 - - [20/Jun/2016:20:42:29 -0700] "GET / HTTP/1.1" 404 306
0:0:0:0:0:0:0:1 - - [20/Jun/2016:20:43:08 -0700] "GET /code/form HTTP/1.1" 200 2526
0:0:0:0:0:0:0:1 - - [20/Jun/2016:20:43:08 -0700] "GET /css/weui.css HTTP/1.1" 304 -
0:0:0:0:0:0:0:1 - - [20/Jun/2016:20:43:08 -0700] "GET /css/example.css HTTP/1.1" 304 -
0:0:0:0:0:0:0:1 - - [20/Jun/2016:20:43:08 -0700] "GET /css/bootstrap.min.css HTTP/1.1" 304 -
0:0:0:0:0:0:0:1 - - [20/Jun/2016:20:43:22 -0700] "GET /code/card HTTP/1.1" 404 306
0:0:0:0:0:0:0:1 - - [20/Jun/2016:20:43:27 -0700] "GET /card HTTP/1.1" 404 306
0:0:0:0:0:0:0:1 - - [20/Jun/2016:20:49:57 -0700] "GET /code/form HTTP/1.1" 200 2526
0:0:0:0:0:0:0:1 - - [20/Jun/2016:20:50:02 -0700] "GET /code/input HTTP/1.1" 404 306
0:0:0:0:0:0:0:1 - - [20/Jun/2016:22:41:44 -0700] "GET /code/form HTTP/1.1" 200 2526
0:0:0:0:0:0:0:1 - - [20/Jun/2016:22:41:44 -0700] "GET /css/bootstrap.min.css HTTP/1.1" 304 -
0:0:0:0:0:0:0:1 - - [20/Jun/2016:22:41:44 -0700] "GET /css/weui.css HTTP/1.1" 304 -
0:0:0:0:0:0:0:1 - - [20/Jun/2016:22:41:44 -0700] "GET /css/example.css HTTP/1.1" 304 -
0:0:0:0:0:0:0:1 - - [20/Jun/2016:22:41:44 -0700] "GET /favicon.ico HTTP/1.1" 304 -
0:0:0:0:0:0:0:1 - - [20/Jun/2016:22:42:09 -0700] "POST /code/send HTTP/1.1" 200 1750
0:0:0:0:0:0:0:1 - - [20/Jun/2016:22:44:16 -0700] "GET /hello HTTP/1.1" 500 371
