0:0:0:0:0:0:0:1 - - [01/Aug/2016:17:33:28 -0700] "GET /code/form?code=1 HTTP/1.1" 200 3394
0:0:0:0:0:0:0:1 - - [01/Aug/2016:17:33:29 -0700] "GET /js/jquery-1.7.2.js HTTP/1.1" 200 283887
0:0:0:0:0:0:0:1 - - [01/Aug/2016:17:33:29 -0700] "GET /css/weui.min.css HTTP/1.1" 200 48819
0:0:0:0:0:0:0:1 - - [01/Aug/2016:17:33:29 -0700] "GET /css/weixin.css HTTP/1.1" 200 2424
0:0:0:0:0:0:0:1 - - [01/Aug/2016:17:33:29 -0700] "GET /image/mzfw.png HTTP/1.1" 200 42767
0:0:0:0:0:0:0:1 - - [01/Aug/2016:17:33:29 -0700] "GET /js/js_adaption.js HTTP/1.1" 200 235
0:0:0:0:0:0:0:1 - - [01/Aug/2016:17:33:29 -0700] "GET /image/mzfw_icon1.png HTTP/1.1" 200 14694
0:0:0:0:0:0:0:1 - - [01/Aug/2016:17:33:29 -0700] "GET /image/mzfw_icon2.png HTTP/1.1" 200 13421
0:0:0:0:0:0:0:1 - - [01/Aug/2016:17:33:29 -0700] "GET /image/mzfw_icon3.png HTTP/1.1" 200 5562
0:0:0:0:0:0:0:1 - - [01/Aug/2016:17:33:29 -0700] "GET /image/right_arrow.png HTTP/1.1" 200 1201
0:0:0:0:0:0:0:1 - - [01/Aug/2016:17:33:29 -0700] "GET /image/left_arrow.png HTTP/1.1" 404 135
0:0:0:0:0:0:0:1 - - [01/Aug/2016:17:33:29 -0700] "GET /favicon.ico HTTP/1.1" 200 946
0:0:0:0:0:0:0:1 - - [01/Aug/2016:17:34:58 -0700] "GET /card/form?type=1&uid=18 HTTP/1.1" 200 3886
0:0:0:0:0:0:0:1 - - [01/Aug/2016:17:34:58 -0700] "GET /css/weui.min.css HTTP/1.1" 304 -
0:0:0:0:0:0:0:1 - - [01/Aug/2016:17:34:58 -0700] "GET /css/weixin.css HTTP/1.1" 304 -
0:0:0:0:0:0:0:1 - - [01/Aug/2016:17:34:58 -0700] "GET /js/js_adaption.js HTTP/1.1" 304 -
0:0:0:0:0:0:0:1 - - [01/Aug/2016:17:34:58 -0700] "GET /js/jquery-1.7.2.js HTTP/1.1" 304 -
0:0:0:0:0:0:0:1 - - [01/Aug/2016:17:34:58 -0700] "GET /image/0003-1.png HTTP/1.1" 200 1321
0:0:0:0:0:0:0:1 - - [01/Aug/2016:17:38:19 -0700] "GET /image/0003-2.png HTTP/1.1" 200 3502
0:0:0:0:0:0:0:1 - - [01/Aug/2016:17:38:20 -0700] "POST /card/input HTTP/1.1" 200 4027
0:0:0:0:0:0:0:1 - - [01/Aug/2016:17:38:20 -0700] "GET /css/weui.min.css HTTP/1.1" 304 -
0:0:0:0:0:0:0:1 - - [01/Aug/2016:17:38:20 -0700] "GET /css/weixin.css HTTP/1.1" 304 -
0:0:0:0:0:0:0:1 - - [01/Aug/2016:17:38:20 -0700] "GET /js/jquery-1.7.2.js HTTP/1.1" 304 -
0:0:0:0:0:0:0:1 - - [01/Aug/2016:17:38:20 -0700] "GET /js/js_adaption.js HTTP/1.1" 304 -
0:0:0:0:0:0:0:1 - - [01/Aug/2016:17:38:20 -0700] "GET /image/0003-1.png HTTP/1.1" 304 -
0:0:0:0:0:0:0:1 - - [01/Aug/2016:17:38:58 -0700] "POST /card/input HTTP/1.1" 200 4042
0:0:0:0:0:0:0:1 - - [01/Aug/2016:17:39:08 -0700] "GET /card/form?type=3&uid=18 HTTP/1.1" 200 3886
0:0:0:0:0:0:0:1 - - [01/Aug/2016:17:39:14 -0700] "POST /card/input HTTP/1.1" 302 -
0:0:0:0:0:0:0:1 - - [01/Aug/2016:17:39:14 -0700] "GET /card/tocard?cid=4&type=3 HTTP/1.1" 302 -
0:0:0:0:0:0:0:1 - - [01/Aug/2016:17:39:14 -0700] "GET /patient/anzhentong_form?cid=4&type=3 HTTP/1.1" 200 10189
0:0:0:0:0:0:0:1 - - [01/Aug/2016:17:40:00 -0700] "POST /patient/input HTTP/1.1" 200 1461
0:0:0:0:0:0:0:1 - - [01/Aug/2016:17:40:00 -0700] "GET /css/weui.css HTTP/1.1" 200 201384
0:0:0:0:0:0:0:1 - - [01/Aug/2016:17:40:00 -0700] "GET /css/weixin.css HTTP/1.1" 304 -
0:0:0:0:0:0:0:1 - - [01/Aug/2016:17:40:00 -0700] "GET /js/js_adaption.js HTTP/1.1" 304 -
0:0:0:0:0:0:0:1 - - [01/Aug/2016:17:40:00 -0700] "GET /clinic-test/image/bohao.png HTTP/1.1" 404 142
0:0:0:0:0:0:0:1 - - [01/Aug/2016:17:40:00 -0700] "GET /clinic-test/image/submit.png HTTP/1.1" 404 143
0:0:0:0:0:0:0:1 - - [01/Aug/2016:17:44:24 -0700] "POST /patient/input HTTP/1.1" 200 694
0:0:0:0:0:0:0:1 - - [01/Aug/2016:17:44:24 -0700] "GET /css/weixin.css HTTP/1.1" 304 -
0:0:0:0:0:0:0:1 - - [01/Aug/2016:17:44:24 -0700] "GET /css/weui.min.css HTTP/1.1" 304 -
0:0:0:0:0:0:0:1 - - [01/Aug/2016:17:44:25 -0700] "GET /clinic/image/404.png HTTP/1.1" 404 135
0:0:0:0:0:0:0:1 - - [01/Aug/2016:17:44:25 -0700] "GET /clinic/js/js_adaption.js HTTP/1.1" 404 139
0:0:0:0:0:0:0:1 - - [01/Aug/2016:17:50:14 -0700] "GET /code/form?code=1 HTTP/1.1" 200 3394
0:0:0:0:0:0:0:1 - - [01/Aug/2016:17:50:14 -0700] "GET /image/mzfw.png HTTP/1.1" 304 -
0:0:0:0:0:0:0:1 - - [01/Aug/2016:17:50:14 -0700] "GET /css/weui.min.css HTTP/1.1" 304 -
0:0:0:0:0:0:0:1 - - [01/Aug/2016:17:50:14 -0700] "GET /js/js_adaption.js HTTP/1.1" 304 -
0:0:0:0:0:0:0:1 - - [01/Aug/2016:17:50:14 -0700] "GET /css/weixin.css HTTP/1.1" 304 -
0:0:0:0:0:0:0:1 - - [01/Aug/2016:17:50:14 -0700] "GET /js/jquery-1.7.2.js HTTP/1.1" 304 -
0:0:0:0:0:0:0:1 - - [01/Aug/2016:17:50:14 -0700] "GET /image/mzfw_icon2.png HTTP/1.1" 304 -
0:0:0:0:0:0:0:1 - - [01/Aug/2016:17:50:14 -0700] "GET /image/mzfw_icon1.png HTTP/1.1" 304 -
0:0:0:0:0:0:0:1 - - [01/Aug/2016:17:50:14 -0700] "GET /image/mzfw_icon3.png HTTP/1.1" 304 -
0:0:0:0:0:0:0:1 - - [01/Aug/2016:17:50:14 -0700] "GET /image/right_arrow.png HTTP/1.1" 304 -
0:0:0:0:0:0:0:1 - - [01/Aug/2016:17:50:15 -0700] "GET /image/left_arrow.png HTTP/1.1" 404 135
0:0:0:0:0:0:0:1 - - [01/Aug/2016:17:50:27 -0700] "GET /card/form?type=3&uid=18 HTTP/1.1" 200 3886
0:0:0:0:0:0:0:1 - - [01/Aug/2016:17:50:27 -0700] "GET /image/0003-1.png HTTP/1.1" 304 -
0:0:0:0:0:0:0:1 - - [01/Aug/2016:17:50:32 -0700] "GET /image/0003-2.png HTTP/1.1" 304 -
0:0:0:0:0:0:0:1 - - [01/Aug/2016:17:50:34 -0700] "POST /card/input HTTP/1.1" 302 -
0:0:0:0:0:0:0:1 - - [01/Aug/2016:17:50:34 -0700] "GET /card/tocard?cid=4&type=3 HTTP/1.1" 302 -
0:0:0:0:0:0:0:1 - - [01/Aug/2016:17:50:34 -0700] "GET /patient/anzhentong_form?cid=4 HTTP/1.1" 400 694
0:0:0:0:0:0:0:1 - - [01/Aug/2016:17:50:34 -0700] "GET /clinic/image/404.png HTTP/1.1" 404 135
0:0:0:0:0:0:0:1 - - [01/Aug/2016:17:50:34 -0700] "GET /clinic/js/js_adaption.js HTTP/1.1" 404 139
0:0:0:0:0:0:0:1 - - [01/Aug/2016:17:51:39 -0700] "GET /patient/anzhentong_form?cid=4 HTTP/1.1" 400 694
0:0:0:0:0:0:0:1 - - [01/Aug/2016:17:51:39 -0700] "GET /css/weui.min.css HTTP/1.1" 304 -
0:0:0:0:0:0:0:1 - - [01/Aug/2016:17:51:39 -0700] "GET /css/weixin.css HTTP/1.1" 304 -
0:0:0:0:0:0:0:1 - - [01/Aug/2016:17:51:39 -0700] "GET /clinic/image/404.png HTTP/1.1" 404 135
0:0:0:0:0:0:0:1 - - [01/Aug/2016:17:51:39 -0700] "GET /clinic/js/js_adaption.js HTTP/1.1" 404 139
0:0:0:0:0:0:0:1 - - [01/Aug/2016:17:51:40 -0700] "GET /favicon.ico HTTP/1.1" 200 946
0:0:0:0:0:0:0:1 - - [01/Aug/2016:17:51:42 -0700] "GET /patient/anzhentong_form?cid=4 HTTP/1.1" 400 694
0:0:0:0:0:0:0:1 - - [01/Aug/2016:17:51:42 -0700] "GET /css/weui.min.css HTTP/1.1" 304 -
0:0:0:0:0:0:0:1 - - [01/Aug/2016:17:51:42 -0700] "GET /clinic/js/js_adaption.js HTTP/1.1" 404 139
0:0:0:0:0:0:0:1 - - [01/Aug/2016:17:51:42 -0700] "GET /clinic/image/404.png HTTP/1.1" 404 135
0:0:0:0:0:0:0:1 - - [01/Aug/2016:17:51:42 -0700] "GET /css/weixin.css HTTP/1.1" 304 -
0:0:0:0:0:0:0:1 - - [01/Aug/2016:17:51:42 -0700] "GET /favicon.ico HTTP/1.1" 200 946
0:0:0:0:0:0:0:1 - - [01/Aug/2016:17:52:02 -0700] "GET /code/form?code=1 HTTP/1.1" 200 3394
0:0:0:0:0:0:0:1 - - [01/Aug/2016:17:52:02 -0700] "GET /image/left_arrow.png HTTP/1.1" 404 135
0:0:0:0:0:0:0:1 - - [01/Aug/2016:17:52:06 -0700] "GET /card/form?type=3&uid=18 HTTP/1.1" 200 3886
0:0:0:0:0:0:0:1 - - [01/Aug/2016:17:52:11 -0700] "POST /card/input HTTP/1.1" 302 -
0:0:0:0:0:0:0:1 - - [01/Aug/2016:17:52:11 -0700] "GET /card/tocard?cid=4&type=3 HTTP/1.1" 302 -
0:0:0:0:0:0:0:1 - - [01/Aug/2016:17:52:11 -0700] "GET /patient/anzhentong_form?cid=4&productType=3 HTTP/1.1" 200 10189
0:0:0:0:0:0:0:1 - - [01/Aug/2016:17:52:31 -0700] "POST /patient/input HTTP/1.1" 200 1461
0:0:0:0:0:0:0:1 - - [01/Aug/2016:17:52:31 -0700] "GET /css/weui.css HTTP/1.1" 304 -
0:0:0:0:0:0:0:1 - - [01/Aug/2016:17:52:31 -0700] "GET /clinic-test/image/bohao.png HTTP/1.1" 404 142
0:0:0:0:0:0:0:1 - - [01/Aug/2016:17:52:31 -0700] "GET /clinic-test/image/submit.png HTTP/1.1" 404 143
0:0:0:0:0:0:0:1 - - [01/Aug/2016:17:52:31 -0700] "GET /clinic-test/image/bohao.png HTTP/1.1" 404 142
0:0:0:0:0:0:0:1 - - [01/Aug/2016:17:52:31 -0700] "GET /clinic-test/image/submit.png HTTP/1.1" 404 143
0:0:0:0:0:0:0:1 - - [01/Aug/2016:17:57:49 -0700] "GET /image/0003-2.png HTTP/1.1" 304 -
0:0:0:0:0:0:0:1 - - [01/Aug/2016:17:57:58 -0700] "POST /card/input HTTP/1.1" 200 4027
0:0:0:0:0:0:0:1 - - [01/Aug/2016:17:57:58 -0700] "POST /card/input HTTP/1.1" 200 -
0:0:0:0:0:0:0:1 - - [01/Aug/2016:17:57:58 -0700] "GET /css/weui.min.css HTTP/1.1" 304 -
0:0:0:0:0:0:0:1 - - [01/Aug/2016:17:57:58 -0700] "GET /js/jquery-1.7.2.js HTTP/1.1" 304 -
0:0:0:0:0:0:0:1 - - [01/Aug/2016:17:57:58 -0700] "GET /css/weixin.css HTTP/1.1" 304 -
0:0:0:0:0:0:0:1 - - [01/Aug/2016:17:57:58 -0700] "GET /js/js_adaption.js HTTP/1.1" 304 -
0:0:0:0:0:0:0:1 - - [01/Aug/2016:17:57:58 -0700] "GET /image/0003-1.png HTTP/1.1" 304 -
0:0:0:0:0:0:0:1 - - [01/Aug/2016:18:00:54 -0700] "GET /code/form?code=1 HTTP/1.1" 302 -
0:0:0:0:0:0:0:1 - - [01/Aug/2016:18:00:55 -0700] "GET /code/input?openid=111112 HTTP/1.1" 200 3960
0:0:0:0:0:0:0:1 - - [01/Aug/2016:18:01:01 -0700] "GET /clinic/code/send?param=18616288051%20111112 HTTP/1.1" 404 131
0:0:0:0:0:0:0:1 - - [01/Aug/2016:18:01:57 -0700] "GET /code/input?openid=111112 HTTP/1.1" 200 3960
0:0:0:0:0:0:0:1 - - [01/Aug/2016:18:01:57 -0700] "GET /css/weui.min.css HTTP/1.1" 304 -
0:0:0:0:0:0:0:1 - - [01/Aug/2016:18:01:57 -0700] "GET /css/weixin.css HTTP/1.1" 304 -
0:0:0:0:0:0:0:1 - - [01/Aug/2016:18:01:57 -0700] "GET /js/jquery-1.7.2.js HTTP/1.1" 304 -
0:0:0:0:0:0:0:1 - - [01/Aug/2016:18:01:57 -0700] "GET /js/js_adaption.js HTTP/1.1" 304 -
0:0:0:0:0:0:0:1 - - [01/Aug/2016:18:01:57 -0700] "GET /favicon.ico HTTP/1.1" 200 946
0:0:0:0:0:0:0:1 - - [01/Aug/2016:18:02:04 -0700] "GET /clinic/code/send?param=18616288051%20111112 HTTP/1.1" 404 131
0:0:0:0:0:0:0:1 - - [01/Aug/2016:18:08:54 -0700] "GET /code/input?openid=111112 HTTP/1.1" 200 3960
0:0:0:0:0:0:0:1 - - [01/Aug/2016:18:08:54 -0700] "GET /css/weui.min.css HTTP/1.1" 304 -
0:0:0:0:0:0:0:1 - - [01/Aug/2016:18:08:54 -0700] "GET /css/weixin.css HTTP/1.1" 304 -
0:0:0:0:0:0:0:1 - - [01/Aug/2016:18:08:54 -0700] "GET /js/js_adaption.js HTTP/1.1" 304 -
0:0:0:0:0:0:0:1 - - [01/Aug/2016:18:08:54 -0700] "GET /js/jquery-1.7.2.js HTTP/1.1" 304 -
0:0:0:0:0:0:0:1 - - [01/Aug/2016:18:08:55 -0700] "GET /favicon.ico HTTP/1.1" 200 946
0:0:0:0:0:0:0:1 - - [01/Aug/2016:18:08:59 -0700] "GET /clinic/code/send?param=18616288051%20111112 HTTP/1.1" 404 131
0:0:0:0:0:0:0:1 - - [01/Aug/2016:18:11:52 -0700] "GET /code/input?openid=111112 HTTP/1.1" 200 3960
0:0:0:0:0:0:0:1 - - [01/Aug/2016:18:11:52 -0700] "GET /css/weui.min.css HTTP/1.1" 304 -
0:0:0:0:0:0:0:1 - - [01/Aug/2016:18:11:52 -0700] "GET /css/weixin.css HTTP/1.1" 304 -
0:0:0:0:0:0:0:1 - - [01/Aug/2016:18:11:52 -0700] "GET /js/js_adaption.js HTTP/1.1" 304 -
0:0:0:0:0:0:0:1 - - [01/Aug/2016:18:11:52 -0700] "GET /js/jquery-1.7.2.js HTTP/1.1" 304 -
0:0:0:0:0:0:0:1 - - [01/Aug/2016:18:11:53 -0700] "GET /favicon.ico HTTP/1.1" 200 946
0:0:0:0:0:0:0:1 - - [01/Aug/2016:18:11:57 -0700] "GET /clinic/code/send?param=18616288051%20111112 HTTP/1.1" 404 131
0:0:0:0:0:0:0:1 - - [01/Aug/2016:18:15:47 -0700] "GET /code/input?openid=111112 HTTP/1.1" 200 3976
0:0:0:0:0:0:0:1 - - [01/Aug/2016:18:15:47 -0700] "GET /css/weui.min.css HTTP/1.1" 304 -
0:0:0:0:0:0:0:1 - - [01/Aug/2016:18:15:47 -0700] "GET /css/weixin.css HTTP/1.1" 304 -
0:0:0:0:0:0:0:1 - - [01/Aug/2016:18:15:47 -0700] "GET /js/jquery-1.7.2.js HTTP/1.1" 304 -
0:0:0:0:0:0:0:1 - - [01/Aug/2016:18:15:47 -0700] "GET /js/js_adaption.js HTTP/1.1" 304 -
0:0:0:0:0:0:0:1 - - [01/Aug/2016:18:15:48 -0700] "GET /favicon.ico HTTP/1.1" 200 946
0:0:0:0:0:0:0:1 - - [01/Aug/2016:18:15:53 -0700] "GET /clinic/code/send?param=18616288051%20111112 HTTP/1.1" 404 131
0:0:0:0:0:0:0:1 - - [01/Aug/2016:18:17:04 -0700] "GET /code/input?openid=111112 HTTP/1.1" 200 3976
0:0:0:0:0:0:0:1 - - [01/Aug/2016:18:17:04 -0700] "GET /css/weixin.css HTTP/1.1" 304 -
0:0:0:0:0:0:0:1 - - [01/Aug/2016:18:17:04 -0700] "GET /css/weui.min.css HTTP/1.1" 304 -
0:0:0:0:0:0:0:1 - - [01/Aug/2016:18:17:04 -0700] "GET /js/js_adaption.js HTTP/1.1" 304 -
0:0:0:0:0:0:0:1 - - [01/Aug/2016:18:17:04 -0700] "GET /js/jquery-1.7.2.js HTTP/1.1" 304 -
0:0:0:0:0:0:0:1 - - [01/Aug/2016:18:17:04 -0700] "GET /favicon.ico HTTP/1.1" 200 946
0:0:0:0:0:0:0:1 - - [01/Aug/2016:18:17:10 -0700] "GET /clinic/code/send?param=18616288051%20111112 HTTP/1.1" 404 131
0:0:0:0:0:0:0:1 - - [01/Aug/2016:18:17:28 -0700] "GET /code/input?openid=111112 HTTP/1.1" 200 3969
0:0:0:0:0:0:0:1 - - [01/Aug/2016:18:17:28 -0700] "GET /css/weui.min.css HTTP/1.1" 304 -
0:0:0:0:0:0:0:1 - - [01/Aug/2016:18:17:28 -0700] "GET /css/weixin.css HTTP/1.1" 304 -
0:0:0:0:0:0:0:1 - - [01/Aug/2016:18:17:28 -0700] "GET /js/js_adaption.js HTTP/1.1" 304 -
0:0:0:0:0:0:0:1 - - [01/Aug/2016:18:17:28 -0700] "GET /js/jquery-1.7.2.js HTTP/1.1" 304 -
0:0:0:0:0:0:0:1 - - [01/Aug/2016:18:17:28 -0700] "GET /favicon.ico HTTP/1.1" 200 946
0:0:0:0:0:0:0:1 - - [01/Aug/2016:18:17:35 -0700] "GET /code/send?param=18616288051%20111112 HTTP/1.1" 200 1
0:0:0:0:0:0:0:1 - - [01/Aug/2016:18:17:53 -0700] "POST /code/save HTTP/1.1" 200 3392
0:0:0:0:0:0:0:1 - - [01/Aug/2016:18:17:53 -0700] "GET /image/mzfw.png HTTP/1.1" 304 -
0:0:0:0:0:0:0:1 - - [01/Aug/2016:18:17:53 -0700] "GET /image/mzfw_icon1.png HTTP/1.1" 304 -
0:0:0:0:0:0:0:1 - - [01/Aug/2016:18:17:53 -0700] "GET /image/mzfw_icon2.png HTTP/1.1" 304 -
0:0:0:0:0:0:0:1 - - [01/Aug/2016:18:17:53 -0700] "GET /image/mzfw_icon3.png HTTP/1.1" 304 -
0:0:0:0:0:0:0:1 - - [01/Aug/2016:18:17:53 -0700] "GET /image/right_arrow.png HTTP/1.1" 304 -
0:0:0:0:0:0:0:1 - - [01/Aug/2016:18:17:53 -0700] "GET /image/left_arrow.png HTTP/1.1" 404 135
0:0:0:0:0:0:0:1 - - [01/Aug/2016:18:18:04 -0700] "GET /card/form?type=3&uid= HTTP/1.1" 400 694
0:0:0:0:0:0:0:1 - - [01/Aug/2016:18:18:05 -0700] "GET /clinic/image/404.png HTTP/1.1" 404 135
0:0:0:0:0:0:0:1 - - [01/Aug/2016:18:18:05 -0700] "GET /clinic/js/js_adaption.js HTTP/1.1" 404 139
0:0:0:0:0:0:0:1 - - [01/Aug/2016:18:18:05 -0700] "GET /clinic/image/404.png HTTP/1.1" 404 135
0:0:0:0:0:0:0:1 - - [01/Aug/2016:18:20:22 -0700] "POST /code/save HTTP/1.1" 200 3394
0:0:0:0:0:0:0:1 - - [01/Aug/2016:18:20:22 -0700] "GET /css/weui.min.css HTTP/1.1" 304 -
0:0:0:0:0:0:0:1 - - [01/Aug/2016:18:20:22 -0700] "GET /js/jquery-1.7.2.js HTTP/1.1" 304 -
0:0:0:0:0:0:0:1 - - [01/Aug/2016:18:20:22 -0700] "GET /image/mzfw.png HTTP/1.1" 304 -
0:0:0:0:0:0:0:1 - - [01/Aug/2016:18:20:22 -0700] "GET /js/js_adaption.js HTTP/1.1" 304 -
0:0:0:0:0:0:0:1 - - [01/Aug/2016:18:20:22 -0700] "GET /css/weixin.css HTTP/1.1" 304 -
0:0:0:0:0:0:0:1 - - [01/Aug/2016:18:20:22 -0700] "GET /image/mzfw_icon3.png HTTP/1.1" 304 -
0:0:0:0:0:0:0:1 - - [01/Aug/2016:18:20:22 -0700] "GET /image/mzfw_icon2.png HTTP/1.1" 304 -
0:0:0:0:0:0:0:1 - - [01/Aug/2016:18:20:22 -0700] "GET /image/mzfw_icon1.png HTTP/1.1" 304 -
0:0:0:0:0:0:0:1 - - [01/Aug/2016:18:20:22 -0700] "GET /image/right_arrow.png HTTP/1.1" 304 -
0:0:0:0:0:0:0:1 - - [01/Aug/2016:18:20:22 -0700] "GET /image/left_arrow.png HTTP/1.1" 404 135
0:0:0:0:0:0:0:1 - - [01/Aug/2016:18:20:22 -0700] "GET /favicon.ico HTTP/1.1" 200 946
0:0:0:0:0:0:0:1 - - [01/Aug/2016:18:20:23 -0700] "GET /card/form?type=3&uid=18 HTTP/1.1" 200 3886
0:0:0:0:0:0:0:1 - - [01/Aug/2016:18:20:23 -0700] "GET /image/0003-1.png HTTP/1.1" 304 -
0:0:0:0:0:0:0:1 - - [01/Aug/2016:18:20:31 -0700] "GET /image/0003-2.png HTTP/1.1" 304 -
0:0:0:0:0:0:0:1 - - [01/Aug/2016:18:20:32 -0700] "POST /card/input HTTP/1.1" 200 4027
0:0:0:0:0:0:0:1 - - [01/Aug/2016:18:21:02 -0700] "POST /card/input HTTP/1.1" 302 -
0:0:0:0:0:0:0:1 - - [01/Aug/2016:18:21:02 -0700] "GET /card/tocard?cid=4&type=3 HTTP/1.1" 302 -
0:0:0:0:0:0:0:1 - - [01/Aug/2016:18:21:02 -0700] "GET /patient/anzhentong_form?cid=4&productType=3 HTTP/1.1" 200 10189
0:0:0:0:0:0:0:1 - - [01/Aug/2016:18:21:23 -0700] "POST /patient/input HTTP/1.1" 200 1461
0:0:0:0:0:0:0:1 - - [01/Aug/2016:18:21:23 -0700] "GET /css/weui.css HTTP/1.1" 304 -
0:0:0:0:0:0:0:1 - - [01/Aug/2016:18:21:23 -0700] "GET /clinic-test/image/submit.png HTTP/1.1" 404 143
0:0:0:0:0:0:0:1 - - [01/Aug/2016:18:21:23 -0700] "GET /clinic-test/image/bohao.png HTTP/1.1" 404 142
0:0:0:0:0:0:0:1 - - [01/Aug/2016:18:21:23 -0700] "GET /clinic-test/image/submit.png HTTP/1.1" 404 143
0:0:0:0:0:0:0:1 - - [01/Aug/2016:18:22:09 -0700] "GET /code/form?code=1 HTTP/1.1" 200 3394
0:0:0:0:0:0:0:1 - - [01/Aug/2016:18:22:09 -0700] "GET /image/left_arrow.png HTTP/1.1" 404 135
0:0:0:0:0:0:0:1 - - [01/Aug/2016:18:22:12 -0700] "GET /card/form?type=3&uid=18 HTTP/1.1" 200 3886
0:0:0:0:0:0:0:1 - - [01/Aug/2016:18:22:31 -0700] "POST /card/input HTTP/1.1" 302 -
0:0:0:0:0:0:0:1 - - [01/Aug/2016:18:22:31 -0700] "GET /card/tocard?cid=4&type=3 HTTP/1.1" 302 -
0:0:0:0:0:0:0:1 - - [01/Aug/2016:18:22:32 -0700] "GET /patient/anzhentong_form?cid=4&productType=3 HTTP/1.1" 200 10189
0:0:0:0:0:0:0:1 - - [01/Aug/2016:18:25:04 -0700] "GET /card/form?type=3&uid=18 HTTP/1.1" 200 3863
0:0:0:0:0:0:0:1 - - [01/Aug/2016:18:25:04 -0700] "GET /js/jquery-1.7.2.js HTTP/1.1" 304 -
0:0:0:0:0:0:0:1 - - [01/Aug/2016:18:25:04 -0700] "GET /css/weui.min.css HTTP/1.1" 304 -
0:0:0:0:0:0:0:1 - - [01/Aug/2016:18:25:04 -0700] "GET /js/js_adaption.js HTTP/1.1" 304 -
0:0:0:0:0:0:0:1 - - [01/Aug/2016:18:25:04 -0700] "GET /css/weixin.css HTTP/1.1" 304 -
0:0:0:0:0:0:0:1 - - [01/Aug/2016:18:25:04 -0700] "GET /image/0003-1.png HTTP/1.1" 304 -
0:0:0:0:0:0:0:1 - - [01/Aug/2016:18:25:04 -0700] "GET /favicon.ico HTTP/1.1" 200 946
0:0:0:0:0:0:0:1 - - [01/Aug/2016:18:25:17 -0700] "POST /card/input HTTP/1.1" 302 -
0:0:0:0:0:0:0:1 - - [01/Aug/2016:18:25:17 -0700] "GET /card/tocard?cid=4&type=3 HTTP/1.1" 302 -
0:0:0:0:0:0:0:1 - - [01/Aug/2016:18:25:17 -0700] "GET /patient/anzhentong_form?cid=4&productType=3 HTTP/1.1" 200 10189
0:0:0:0:0:0:0:1 - - [01/Aug/2016:18:25:46 -0700] "POST /card/input HTTP/1.1" 302 -
0:0:0:0:0:0:0:1 - - [01/Aug/2016:18:25:46 -0700] "GET /card/tocard?cid=4&type=3 HTTP/1.1" 302 -
0:0:0:0:0:0:0:1 - - [01/Aug/2016:18:25:46 -0700] "GET /patient/anzhentong_form?cid=4&productType=3 HTTP/1.1" 200 10189
0:0:0:0:0:0:0:1 - - [01/Aug/2016:18:26:55 -0700] "GET /patient/anzhentong_form?cid=4&productType=3 HTTP/1.1" 200 10189
0:0:0:0:0:0:0:1 - - [01/Aug/2016:18:26:55 -0700] "GET /css/weui.min.css HTTP/1.1" 304 -
0:0:0:0:0:0:0:1 - - [01/Aug/2016:18:26:55 -0700] "GET /js/jquery-1.7.2.js HTTP/1.1" 304 -
0:0:0:0:0:0:0:1 - - [01/Aug/2016:18:26:55 -0700] "GET /js/js_adaption.js HTTP/1.1" 304 -
0:0:0:0:0:0:0:1 - - [01/Aug/2016:18:26:55 -0700] "GET /css/weixin.css HTTP/1.1" 304 -
0:0:0:0:0:0:0:1 - - [01/Aug/2016:18:26:55 -0700] "GET /favicon.ico HTTP/1.1" 200 946
0:0:0:0:0:0:0:1 - - [01/Aug/2016:18:26:56 -0700] "GET /patient/anzhentong_form?cid=4&productType=3 HTTP/1.1" 200 10189
0:0:0:0:0:0:0:1 - - [01/Aug/2016:18:26:56 -0700] "GET /css/weui.min.css HTTP/1.1" 304 -
0:0:0:0:0:0:0:1 - - [01/Aug/2016:18:26:56 -0700] "GET /css/weixin.css HTTP/1.1" 304 -
0:0:0:0:0:0:0:1 - - [01/Aug/2016:18:26:56 -0700] "GET /js/jquery-1.7.2.js HTTP/1.1" 304 -
0:0:0:0:0:0:0:1 - - [01/Aug/2016:18:26:56 -0700] "GET /js/js_adaption.js HTTP/1.1" 304 -
0:0:0:0:0:0:0:1 - - [01/Aug/2016:18:26:56 -0700] "GET /favicon.ico HTTP/1.1" 200 946
0:0:0:0:0:0:0:1 - - [01/Aug/2016:18:27:44 -0700] "GET /patient/anzhentong_form?cid=4&productType=3 HTTP/1.1" 200 10189
0:0:0:0:0:0:0:1 - - [01/Aug/2016:18:27:44 -0700] "GET /css/weui.min.css HTTP/1.1" 304 -
0:0:0:0:0:0:0:1 - - [01/Aug/2016:18:27:44 -0700] "GET /css/weixin.css HTTP/1.1" 304 -
0:0:0:0:0:0:0:1 - - [01/Aug/2016:18:27:44 -0700] "GET /js/jquery-1.7.2.js HTTP/1.1" 304 -
0:0:0:0:0:0:0:1 - - [01/Aug/2016:18:27:44 -0700] "GET /js/js_adaption.js HTTP/1.1" 304 -
0:0:0:0:0:0:0:1 - - [01/Aug/2016:18:27:44 -0700] "GET /favicon.ico HTTP/1.1" 200 946
0:0:0:0:0:0:0:1 - - [01/Aug/2016:18:27:45 -0700] "GET /patient/anzhentong_form?cid=4&productType=3 HTTP/1.1" 200 10189
0:0:0:0:0:0:0:1 - - [01/Aug/2016:18:27:45 -0700] "GET /css/weui.min.css HTTP/1.1" 304 -
0:0:0:0:0:0:0:1 - - [01/Aug/2016:18:27:45 -0700] "GET /css/weixin.css HTTP/1.1" 304 -
0:0:0:0:0:0:0:1 - - [01/Aug/2016:18:27:45 -0700] "GET /js/jquery-1.7.2.js HTTP/1.1" 304 -
0:0:0:0:0:0:0:1 - - [01/Aug/2016:18:27:45 -0700] "GET /js/js_adaption.js HTTP/1.1" 304 -
0:0:0:0:0:0:0:1 - - [01/Aug/2016:18:27:46 -0700] "GET /favicon.ico HTTP/1.1" 200 946
0:0:0:0:0:0:0:1 - - [01/Aug/2016:18:27:46 -0700] "GET /patient/anzhentong_form?cid=4&productType=3 HTTP/1.1" 200 10189
0:0:0:0:0:0:0:1 - - [01/Aug/2016:18:27:46 -0700] "GET /css/weui.min.css HTTP/1.1" 304 -
0:0:0:0:0:0:0:1 - - [01/Aug/2016:18:27:46 -0700] "GET /css/weixin.css HTTP/1.1" 304 -
0:0:0:0:0:0:0:1 - - [01/Aug/2016:18:27:46 -0700] "GET /js/jquery-1.7.2.js HTTP/1.1" 304 -
0:0:0:0:0:0:0:1 - - [01/Aug/2016:18:27:46 -0700] "GET /js/js_adaption.js HTTP/1.1" 304 -
0:0:0:0:0:0:0:1 - - [01/Aug/2016:18:27:46 -0700] "GET /favicon.ico HTTP/1.1" 200 946
0:0:0:0:0:0:0:1 - - [01/Aug/2016:18:27:46 -0700] "GET /patient/anzhentong_form?cid=4&productType=3 HTTP/1.1" 200 10189
0:0:0:0:0:0:0:1 - - [01/Aug/2016:18:27:46 -0700] "GET /css/weui.min.css HTTP/1.1" 304 -
0:0:0:0:0:0:0:1 - - [01/Aug/2016:18:27:46 -0700] "GET /js/jquery-1.7.2.js HTTP/1.1" 304 -
0:0:0:0:0:0:0:1 - - [01/Aug/2016:18:27:46 -0700] "GET /css/weixin.css HTTP/1.1" 304 -
0:0:0:0:0:0:0:1 - - [01/Aug/2016:18:27:46 -0700] "GET /js/js_adaption.js HTTP/1.1" 304 -
0:0:0:0:0:0:0:1 - - [01/Aug/2016:18:27:47 -0700] "GET /favicon.ico HTTP/1.1" 200 946
0:0:0:0:0:0:0:1 - - [01/Aug/2016:18:27:47 -0700] "GET /patient/anzhentong_form?cid=4&productType=3 HTTP/1.1" 200 10189
0:0:0:0:0:0:0:1 - - [01/Aug/2016:18:27:47 -0700] "GET /css/weui.min.css HTTP/1.1" 304 -
0:0:0:0:0:0:0:1 - - [01/Aug/2016:18:27:47 -0700] "GET /css/weixin.css HTTP/1.1" 304 -
0:0:0:0:0:0:0:1 - - [01/Aug/2016:18:27:47 -0700] "GET /js/jquery-1.7.2.js HTTP/1.1" 304 -
0:0:0:0:0:0:0:1 - - [01/Aug/2016:18:27:47 -0700] "GET /js/js_adaption.js HTTP/1.1" 304 -
0:0:0:0:0:0:0:1 - - [01/Aug/2016:18:27:47 -0700] "GET /favicon.ico HTTP/1.1" 200 946
0:0:0:0:0:0:0:1 - - [01/Aug/2016:18:27:47 -0700] "GET /patient/anzhentong_form?cid=4&productType=3 HTTP/1.1" 200 10189
0:0:0:0:0:0:0:1 - - [01/Aug/2016:18:27:47 -0700] "GET /css/weui.min.css HTTP/1.1" 304 -
0:0:0:0:0:0:0:1 - - [01/Aug/2016:18:27:47 -0700] "GET /css/weixin.css HTTP/1.1" 304 -
0:0:0:0:0:0:0:1 - - [01/Aug/2016:18:27:47 -0700] "GET /js/jquery-1.7.2.js HTTP/1.1" 304 -
0:0:0:0:0:0:0:1 - - [01/Aug/2016:18:27:47 -0700] "GET /js/js_adaption.js HTTP/1.1" 304 -
0:0:0:0:0:0:0:1 - - [01/Aug/2016:18:27:47 -0700] "GET /favicon.ico HTTP/1.1" 200 946
0:0:0:0:0:0:0:1 - - [01/Aug/2016:18:27:48 -0700] "GET /patient/anzhentong_form?cid=4&productType=3 HTTP/1.1" 200 10189
0:0:0:0:0:0:0:1 - - [01/Aug/2016:18:27:48 -0700] "GET /css/weui.min.css HTTP/1.1" 304 -
0:0:0:0:0:0:0:1 - - [01/Aug/2016:18:27:48 -0700] "GET /css/weixin.css HTTP/1.1" 304 -
0:0:0:0:0:0:0:1 - - [01/Aug/2016:18:27:48 -0700] "GET /js/js_adaption.js HTTP/1.1" 304 -
0:0:0:0:0:0:0:1 - - [01/Aug/2016:18:27:48 -0700] "GET /js/jquery-1.7.2.js HTTP/1.1" 304 -
0:0:0:0:0:0:0:1 - - [01/Aug/2016:18:27:48 -0700] "GET /favicon.ico HTTP/1.1" 200 946
0:0:0:0:0:0:0:1 - - [01/Aug/2016:18:28:42 -0700] "GET /patient/anzhentong_form?cid=4&productType=3 HTTP/1.1" 200 10189
0:0:0:0:0:0:0:1 - - [01/Aug/2016:18:28:42 -0700] "GET /js/js_adaption.js HTTP/1.1" 304 -
0:0:0:0:0:0:0:1 - - [01/Aug/2016:18:28:42 -0700] "GET /css/weui.min.css HTTP/1.1" 304 -
0:0:0:0:0:0:0:1 - - [01/Aug/2016:18:28:42 -0700] "GET /js/jquery-1.7.2.js HTTP/1.1" 304 -
0:0:0:0:0:0:0:1 - - [01/Aug/2016:18:28:42 -0700] "GET /css/weixin.css HTTP/1.1" 304 -
0:0:0:0:0:0:0:1 - - [01/Aug/2016:18:28:42 -0700] "GET /favicon.ico HTTP/1.1" 200 946
0:0:0:0:0:0:0:1 - - [01/Aug/2016:18:28:43 -0700] "GET /patient/anzhentong_form?cid=4&productType=3 HTTP/1.1" 200 10189
0:0:0:0:0:0:0:1 - - [01/Aug/2016:18:28:43 -0700] "GET /css/weui.min.css HTTP/1.1" 304 -
0:0:0:0:0:0:0:1 - - [01/Aug/2016:18:28:43 -0700] "GET /css/weixin.css HTTP/1.1" 304 -
0:0:0:0:0:0:0:1 - - [01/Aug/2016:18:28:43 -0700] "GET /js/jquery-1.7.2.js HTTP/1.1" 304 -
0:0:0:0:0:0:0:1 - - [01/Aug/2016:18:28:43 -0700] "GET /js/js_adaption.js HTTP/1.1" 304 -
0:0:0:0:0:0:0:1 - - [01/Aug/2016:18:28:43 -0700] "GET /favicon.ico HTTP/1.1" 200 946
0:0:0:0:0:0:0:1 - - [01/Aug/2016:18:28:43 -0700] "GET /patient/anzhentong_form?cid=4&productType=3 HTTP/1.1" 200 10189
0:0:0:0:0:0:0:1 - - [01/Aug/2016:18:28:43 -0700] "GET /css/weui.min.css HTTP/1.1" 304 -
0:0:0:0:0:0:0:1 - - [01/Aug/2016:18:28:43 -0700] "GET /css/weixin.css HTTP/1.1" 304 -
0:0:0:0:0:0:0:1 - - [01/Aug/2016:18:28:43 -0700] "GET /js/jquery-1.7.2.js HTTP/1.1" 304 -
0:0:0:0:0:0:0:1 - - [01/Aug/2016:18:28:43 -0700] "GET /js/js_adaption.js HTTP/1.1" 304 -
0:0:0:0:0:0:0:1 - - [01/Aug/2016:18:28:44 -0700] "GET /favicon.ico HTTP/1.1" 200 946
0:0:0:0:0:0:0:1 - - [01/Aug/2016:18:28:44 -0700] "GET /patient/anzhentong_form?cid=4&productType=3 HTTP/1.1" 200 10189
0:0:0:0:0:0:0:1 - - [01/Aug/2016:18:28:44 -0700] "GET /js/jquery-1.7.2.js HTTP/1.1" 304 -
0:0:0:0:0:0:0:1 - - [01/Aug/2016:18:28:44 -0700] "GET /css/weixin.css HTTP/1.1" 304 -
0:0:0:0:0:0:0:1 - - [01/Aug/2016:18:28:44 -0700] "GET /js/js_adaption.js HTTP/1.1" 304 -
0:0:0:0:0:0:0:1 - - [01/Aug/2016:18:28:44 -0700] "GET /css/weui.min.css HTTP/1.1" 304 -
0:0:0:0:0:0:0:1 - - [01/Aug/2016:18:28:44 -0700] "GET /patient/anzhentong_form?cid=4&productType=3 HTTP/1.1" 200 10189
0:0:0:0:0:0:0:1 - - [01/Aug/2016:18:28:44 -0700] "GET /css/weui.min.css HTTP/1.1" 304 -
0:0:0:0:0:0:0:1 - - [01/Aug/2016:18:28:44 -0700] "GET /css/weixin.css HTTP/1.1" 304 -
0:0:0:0:0:0:0:1 - - [01/Aug/2016:18:28:44 -0700] "GET /js/jquery-1.7.2.js HTTP/1.1" 304 -
0:0:0:0:0:0:0:1 - - [01/Aug/2016:18:28:44 -0700] "GET /js/js_adaption.js HTTP/1.1" 304 -
0:0:0:0:0:0:0:1 - - [01/Aug/2016:18:28:44 -0700] "GET /favicon.ico HTTP/1.1" 200 946
0:0:0:0:0:0:0:1 - - [01/Aug/2016:18:28:44 -0700] "GET /patient/anzhentong_form?cid=4&productType=3 HTTP/1.1" 200 10189
0:0:0:0:0:0:0:1 - - [01/Aug/2016:18:28:44 -0700] "GET /css/weixin.css HTTP/1.1" 304 -
0:0:0:0:0:0:0:1 - - [01/Aug/2016:18:28:44 -0700] "GET /js/jquery-1.7.2.js HTTP/1.1" 304 -
0:0:0:0:0:0:0:1 - - [01/Aug/2016:18:28:44 -0700] "GET /js/js_adaption.js HTTP/1.1" 304 -
0:0:0:0:0:0:0:1 - - [01/Aug/2016:18:28:44 -0700] "GET /css/weui.min.css HTTP/1.1" 304 -
0:0:0:0:0:0:0:1 - - [01/Aug/2016:18:28:45 -0700] "GET /patient/anzhentong_form?cid=4&productType=3 HTTP/1.1" 200 10189
0:0:0:0:0:0:0:1 - - [01/Aug/2016:18:28:45 -0700] "GET /css/weui.min.css HTTP/1.1" 200 48819
0:0:0:0:0:0:0:1 - - [01/Aug/2016:18:28:45 -0700] "GET /css/weixin.css HTTP/1.1" 200 2424
0:0:0:0:0:0:0:1 - - [01/Aug/2016:18:28:45 -0700] "GET /js/js_adaption.js HTTP/1.1" 200 235
0:0:0:0:0:0:0:1 - - [01/Aug/2016:18:28:45 -0700] "GET /js/jquery-1.7.2.js HTTP/1.1" 200 283887
0:0:0:0:0:0:0:1 - - [01/Aug/2016:18:28:45 -0700] "GET /favicon.ico HTTP/1.1" 200 946
0:0:0:0:0:0:0:1 - - [01/Aug/2016:18:28:50 -0700] "GET /patient/anzhentong_form?cid=4&productType=3 HTTP/1.1" 200 10189
0:0:0:0:0:0:0:1 - - [01/Aug/2016:18:28:50 -0700] "GET /css/weui.min.css HTTP/1.1" 304 -
0:0:0:0:0:0:0:1 - - [01/Aug/2016:18:28:50 -0700] "GET /css/weixin.css HTTP/1.1" 304 -
0:0:0:0:0:0:0:1 - - [01/Aug/2016:18:28:50 -0700] "GET /js/jquery-1.7.2.js HTTP/1.1" 304 -
0:0:0:0:0:0:0:1 - - [01/Aug/2016:18:28:50 -0700] "GET /js/js_adaption.js HTTP/1.1" 304 -
0:0:0:0:0:0:0:1 - - [01/Aug/2016:18:28:50 -0700] "GET /favicon.ico HTTP/1.1" 200 946
0:0:0:0:0:0:0:1 - - [01/Aug/2016:18:30:02 -0700] "GET /patient/anzhentong_form?cid=4&productType=3 HTTP/1.1" 200 10189
0:0:0:0:0:0:0:1 - - [01/Aug/2016:18:30:02 -0700] "GET /css/weui.min.css HTTP/1.1" 304 -
0:0:0:0:0:0:0:1 - - [01/Aug/2016:18:30:02 -0700] "GET /css/weixin.css HTTP/1.1" 304 -
0:0:0:0:0:0:0:1 - - [01/Aug/2016:18:30:02 -0700] "GET /js/jquery-1.7.2.js HTTP/1.1" 304 -
0:0:0:0:0:0:0:1 - - [01/Aug/2016:18:30:02 -0700] "GET /js/js_adaption.js HTTP/1.1" 304 -
0:0:0:0:0:0:0:1 - - [01/Aug/2016:18:30:02 -0700] "GET /favicon.ico HTTP/1.1" 200 946
0:0:0:0:0:0:0:1 - - [01/Aug/2016:18:30:03 -0700] "GET /patient/anzhentong_form?cid=4&productType=3 HTTP/1.1" 200 10189
0:0:0:0:0:0:0:1 - - [01/Aug/2016:18:30:03 -0700] "GET /css/weui.min.css HTTP/1.1" 304 -
0:0:0:0:0:0:0:1 - - [01/Aug/2016:18:30:03 -0700] "GET /js/jquery-1.7.2.js HTTP/1.1" 304 -
0:0:0:0:0:0:0:1 - - [01/Aug/2016:18:30:03 -0700] "GET /css/weixin.css HTTP/1.1" 304 -
0:0:0:0:0:0:0:1 - - [01/Aug/2016:18:30:03 -0700] "GET /js/js_adaption.js HTTP/1.1" 304 -
0:0:0:0:0:0:0:1 - - [01/Aug/2016:18:30:03 -0700] "GET /favicon.ico HTTP/1.1" 200 946
0:0:0:0:0:0:0:1 - - [01/Aug/2016:18:30:28 -0700] "GET /patient/anzhentong_form?cid=4&productType=3 HTTP/1.1" 200 10189
0:0:0:0:0:0:0:1 - - [01/Aug/2016:18:30:28 -0700] "GET /js/jquery-1.7.2.js HTTP/1.1" 304 -
0:0:0:0:0:0:0:1 - - [01/Aug/2016:18:30:28 -0700] "GET /css/weui.min.css HTTP/1.1" 304 -
0:0:0:0:0:0:0:1 - - [01/Aug/2016:18:30:28 -0700] "GET /js/js_adaption.js HTTP/1.1" 304 -
0:0:0:0:0:0:0:1 - - [01/Aug/2016:18:30:28 -0700] "GET /css/weixin.css HTTP/1.1" 304 -
0:0:0:0:0:0:0:1 - - [01/Aug/2016:18:30:28 -0700] "GET /favicon.ico HTTP/1.1" 200 946
0:0:0:0:0:0:0:1 - - [01/Aug/2016:18:30:29 -0700] "GET /patient/anzhentong_form?cid=4&productType=3 HTTP/1.1" 200 10189
0:0:0:0:0:0:0:1 - - [01/Aug/2016:18:30:29 -0700] "GET /css/weixin.css HTTP/1.1" 304 -
0:0:0:0:0:0:0:1 - - [01/Aug/2016:18:30:29 -0700] "GET /js/js_adaption.js HTTP/1.1" 304 -
0:0:0:0:0:0:0:1 - - [01/Aug/2016:18:30:29 -0700] "GET /js/jquery-1.7.2.js HTTP/1.1" 304 -
0:0:0:0:0:0:0:1 - - [01/Aug/2016:18:30:29 -0700] "GET /css/weui.min.css HTTP/1.1" 304 -
0:0:0:0:0:0:0:1 - - [01/Aug/2016:18:30:29 -0700] "GET /favicon.ico HTTP/1.1" 200 946
0:0:0:0:0:0:0:1 - - [01/Aug/2016:18:30:45 -0700] "GET /code/form?code=1 HTTP/1.1" 200 3394
0:0:0:0:0:0:0:1 - - [01/Aug/2016:18:30:45 -0700] "GET /image/mzfw.png HTTP/1.1" 304 -
0:0:0:0:0:0:0:1 - - [01/Aug/2016:18:30:45 -0700] "GET /image/mzfw_icon3.png HTTP/1.1" 304 -
0:0:0:0:0:0:0:1 - - [01/Aug/2016:18:30:45 -0700] "GET /image/mzfw_icon2.png HTTP/1.1" 304 -
0:0:0:0:0:0:0:1 - - [01/Aug/2016:18:30:45 -0700] "GET /image/mzfw_icon1.png HTTP/1.1" 304 -
0:0:0:0:0:0:0:1 - - [01/Aug/2016:18:30:45 -0700] "GET /image/right_arrow.png HTTP/1.1" 304 -
0:0:0:0:0:0:0:1 - - [01/Aug/2016:18:30:45 -0700] "GET /image/left_arrow.png HTTP/1.1" 404 135
0:0:0:0:0:0:0:1 - - [01/Aug/2016:18:30:49 -0700] "GET /card/form?type=3&uid=18 HTTP/1.1" 200 3863
0:0:0:0:0:0:0:1 - - [01/Aug/2016:18:30:54 -0700] "GET /image/0003-2.png HTTP/1.1" 304 -
0:0:0:0:0:0:0:1 - - [01/Aug/2016:18:30:55 -0700] "POST /card/input HTTP/1.1" 302 -
0:0:0:0:0:0:0:1 - - [01/Aug/2016:18:30:55 -0700] "GET /card/tocard?cid=4&type=3 HTTP/1.1" 302 -
0:0:0:0:0:0:0:1 - - [01/Aug/2016:18:30:55 -0700] "GET /patient/anzhentong_form?cid=4&productType=3 HTTP/1.1" 200 10189
0:0:0:0:0:0:0:1 - - [01/Aug/2016:18:31:33 -0700] "GET /patient/anzhentong_form?cid=4&productType=3 HTTP/1.1" 200 10170
0:0:0:0:0:0:0:1 - - [01/Aug/2016:18:31:33 -0700] "GET /css/weui.min.css HTTP/1.1" 304 -
0:0:0:0:0:0:0:1 - - [01/Aug/2016:18:31:33 -0700] "GET /css/weixin.css HTTP/1.1" 304 -
0:0:0:0:0:0:0:1 - - [01/Aug/2016:18:31:33 -0700] "GET /js/jquery-1.7.2.js HTTP/1.1" 304 -
0:0:0:0:0:0:0:1 - - [01/Aug/2016:18:31:33 -0700] "GET /js/js_adaption.js HTTP/1.1" 304 -
0:0:0:0:0:0:0:1 - - [01/Aug/2016:18:31:33 -0700] "GET /favicon.ico HTTP/1.1" 200 946
0:0:0:0:0:0:0:1 - - [01/Aug/2016:18:31:52 -0700] "GET /patient/anzhentong_form?cid=4&productType=3 HTTP/1.1" 200 10205
0:0:0:0:0:0:0:1 - - [01/Aug/2016:18:31:52 -0700] "GET /css/weui.min.css HTTP/1.1" 304 -
0:0:0:0:0:0:0:1 - - [01/Aug/2016:18:31:52 -0700] "GET /css/weixin.css HTTP/1.1" 304 -
0:0:0:0:0:0:0:1 - - [01/Aug/2016:18:31:52 -0700] "GET /js/jquery-1.7.2.js HTTP/1.1" 304 -
0:0:0:0:0:0:0:1 - - [01/Aug/2016:18:31:52 -0700] "GET /js/js_adaption.js HTTP/1.1" 304 -
0:0:0:0:0:0:0:1 - - [01/Aug/2016:18:31:53 -0700] "GET /favicon.ico HTTP/1.1" 200 946
0:0:0:0:0:0:0:1 - - [01/Aug/2016:18:31:58 -0700] "GET /patient/anzhentong_form?cid=4&productType=3 HTTP/1.1" 200 10205
0:0:0:0:0:0:0:1 - - [01/Aug/2016:18:31:58 -0700] "GET /css/weui.min.css HTTP/1.1" 304 -
0:0:0:0:0:0:0:1 - - [01/Aug/2016:18:31:58 -0700] "GET /css/weixin.css HTTP/1.1" 304 -
0:0:0:0:0:0:0:1 - - [01/Aug/2016:18:31:58 -0700] "GET /js/js_adaption.js HTTP/1.1" 304 -
0:0:0:0:0:0:0:1 - - [01/Aug/2016:18:31:58 -0700] "GET /js/jquery-1.7.2.js HTTP/1.1" 304 -
0:0:0:0:0:0:0:1 - - [01/Aug/2016:18:31:59 -0700] "GET /favicon.ico HTTP/1.1" 200 946
0:0:0:0:0:0:0:1 - - [01/Aug/2016:18:32:09 -0700] "GET /patient/anzhentong_form?cid=4&productType=3 HTTP/1.1" 500 694
0:0:0:0:0:0:0:1 - - [01/Aug/2016:18:32:09 -0700] "GET /css/weui.min.css HTTP/1.1" 304 -
0:0:0:0:0:0:0:1 - - [01/Aug/2016:18:32:09 -0700] "GET /clinic/image/404.png HTTP/1.1" 404 135
0:0:0:0:0:0:0:1 - - [01/Aug/2016:18:32:09 -0700] "GET /clinic/js/js_adaption.js HTTP/1.1" 404 139
0:0:0:0:0:0:0:1 - - [01/Aug/2016:18:32:09 -0700] "GET /css/weixin.css HTTP/1.1" 304 -
0:0:0:0:0:0:0:1 - - [01/Aug/2016:18:32:10 -0700] "GET /favicon.ico HTTP/1.1" 200 946
0:0:0:0:0:0:0:1 - - [01/Aug/2016:18:32:18 -0700] "GET /patient/anzhentong_form?cid=4&productType=3 HTTP/1.1" 200 10193
0:0:0:0:0:0:0:1 - - [01/Aug/2016:18:32:18 -0700] "GET /css/weui.min.css HTTP/1.1" 304 -
0:0:0:0:0:0:0:1 - - [01/Aug/2016:18:32:18 -0700] "GET /css/weixin.css HTTP/1.1" 304 -
0:0:0:0:0:0:0:1 - - [01/Aug/2016:18:32:18 -0700] "GET /js/jquery-1.7.2.js HTTP/1.1" 304 -
0:0:0:0:0:0:0:1 - - [01/Aug/2016:18:32:18 -0700] "GET /js/js_adaption.js HTTP/1.1" 304 -
0:0:0:0:0:0:0:1 - - [01/Aug/2016:18:32:18 -0700] "GET /favicon.ico HTTP/1.1" 200 946
0:0:0:0:0:0:0:1 - - [01/Aug/2016:18:32:42 -0700] "GET /patient/anzhentong_form?cid=4&productType=3 HTTP/1.1" 200 10191
0:0:0:0:0:0:0:1 - - [01/Aug/2016:18:32:42 -0700] "GET /css/weui.min.css HTTP/1.1" 304 -
0:0:0:0:0:0:0:1 - - [01/Aug/2016:18:32:42 -0700] "GET /js/jquery-1.7.2.js HTTP/1.1" 304 -
0:0:0:0:0:0:0:1 - - [01/Aug/2016:18:32:42 -0700] "GET /js/js_adaption.js HTTP/1.1" 304 -
0:0:0:0:0:0:0:1 - - [01/Aug/2016:18:32:42 -0700] "GET /css/weixin.css HTTP/1.1" 304 -
0:0:0:0:0:0:0:1 - - [01/Aug/2016:18:32:42 -0700] "GET /favicon.ico HTTP/1.1" 200 946
0:0:0:0:0:0:0:1 - - [01/Aug/2016:18:35:47 -0700] "GET /patient/anzhentong_form?cid=4&productType=3 HTTP/1.1" 200 10281
0:0:0:0:0:0:0:1 - - [01/Aug/2016:18:35:47 -0700] "GET /css/weui.min.css HTTP/1.1" 304 -
0:0:0:0:0:0:0:1 - - [01/Aug/2016:18:35:47 -0700] "GET /css/weixin.css HTTP/1.1" 304 -
0:0:0:0:0:0:0:1 - - [01/Aug/2016:18:35:47 -0700] "GET /js/jquery-1.7.2.js HTTP/1.1" 304 -
0:0:0:0:0:0:0:1 - - [01/Aug/2016:18:35:47 -0700] "GET /js/js_adaption.js HTTP/1.1" 304 -
0:0:0:0:0:0:0:1 - - [01/Aug/2016:18:35:47 -0700] "GET /favicon.ico HTTP/1.1" 200 946
0:0:0:0:0:0:0:1 - - [01/Aug/2016:18:45:14 -0700] "GET /patient/anzhentong_form?cid=4&productType=3 HTTP/1.1" 200 10281
0:0:0:0:0:0:0:1 - - [01/Aug/2016:18:45:14 -0700] "GET /css/weui.min.css HTTP/1.1" 304 -
0:0:0:0:0:0:0:1 - - [01/Aug/2016:18:45:14 -0700] "GET /css/weixin.css HTTP/1.1" 304 -
0:0:0:0:0:0:0:1 - - [01/Aug/2016:18:45:14 -0700] "GET /js/jquery-1.7.2.js HTTP/1.1" 304 -
0:0:0:0:0:0:0:1 - - [01/Aug/2016:18:45:14 -0700] "GET /js/js_adaption.js HTTP/1.1" 304 -
0:0:0:0:0:0:0:1 - - [01/Aug/2016:18:45:14 -0700] "GET /favicon.ico HTTP/1.1" 200 946
0:0:0:0:0:0:0:1 - - [01/Aug/2016:18:46:05 -0700] "GET /patient/anzhentong_form?cid=4&productType=3 HTTP/1.1" 200 10322
0:0:0:0:0:0:0:1 - - [01/Aug/2016:18:46:05 -0700] "GET /css/weui.min.css HTTP/1.1" 304 -
0:0:0:0:0:0:0:1 - - [01/Aug/2016:18:46:05 -0700] "GET /css/weixin.css HTTP/1.1" 304 -
0:0:0:0:0:0:0:1 - - [01/Aug/2016:18:46:05 -0700] "GET /js/jquery-1.7.2.js HTTP/1.1" 304 -
0:0:0:0:0:0:0:1 - - [01/Aug/2016:18:46:05 -0700] "GET /js/js_adaption.js HTTP/1.1" 304 -
0:0:0:0:0:0:0:1 - - [01/Aug/2016:18:46:05 -0700] "GET /favicon.ico HTTP/1.1" 200 946
0:0:0:0:0:0:0:1 - - [01/Aug/2016:18:52:54 -0700] "GET /patient/anzhentong_form?cid=4&productType=3 HTTP/1.1" 200 10322
0:0:0:0:0:0:0:1 - - [01/Aug/2016:18:52:55 -0700] "GET /js/jquery-1.7.2.js HTTP/1.1" 304 -
0:0:0:0:0:0:0:1 - - [01/Aug/2016:18:52:55 -0700] "GET /css/weui.min.css HTTP/1.1" 304 -
0:0:0:0:0:0:0:1 - - [01/Aug/2016:18:52:55 -0700] "GET /js/js_adaption.js HTTP/1.1" 304 -
0:0:0:0:0:0:0:1 - - [01/Aug/2016:18:52:55 -0700] "GET /css/weixin.css HTTP/1.1" 304 -
0:0:0:0:0:0:0:1 - - [01/Aug/2016:18:52:55 -0700] "GET /favicon.ico HTTP/1.1" 200 946
0:0:0:0:0:0:0:1 - - [01/Aug/2016:18:53:02 -0700] "GET /code/form?code=1 HTTP/1.1" 200 3394
0:0:0:0:0:0:0:1 - - [01/Aug/2016:18:53:02 -0700] "GET /image/mzfw.png HTTP/1.1" 304 -
0:0:0:0:0:0:0:1 - - [01/Aug/2016:18:53:02 -0700] "GET /image/mzfw_icon3.png HTTP/1.1" 304 -
0:0:0:0:0:0:0:1 - - [01/Aug/2016:18:53:02 -0700] "GET /image/mzfw_icon2.png HTTP/1.1" 304 -
0:0:0:0:0:0:0:1 - - [01/Aug/2016:18:53:02 -0700] "GET /image/mzfw_icon1.png HTTP/1.1" 304 -
0:0:0:0:0:0:0:1 - - [01/Aug/2016:18:53:02 -0700] "GET /image/right_arrow.png HTTP/1.1" 304 -
0:0:0:0:0:0:0:1 - - [01/Aug/2016:18:53:02 -0700] "GET /image/left_arrow.png HTTP/1.1" 404 135
0:0:0:0:0:0:0:1 - - [01/Aug/2016:18:53:31 -0700] "GET /card/form?type=3&uid=18 HTTP/1.1" 200 3863
0:0:0:0:0:0:0:1 - - [01/Aug/2016:18:53:31 -0700] "GET /image/0003-1.png HTTP/1.1" 304 -
0:0:0:0:0:0:0:1 - - [01/Aug/2016:18:53:39 -0700] "GET /image/0003-2.png HTTP/1.1" 304 -
0:0:0:0:0:0:0:1 - - [01/Aug/2016:18:53:40 -0700] "POST /card/input HTTP/1.1" 302 -
0:0:0:0:0:0:0:1 - - [01/Aug/2016:18:53:40 -0700] "GET /card/tocard?cid=4&type=3 HTTP/1.1" 302 -
0:0:0:0:0:0:0:1 - - [01/Aug/2016:18:53:40 -0700] "GET /patient/anzhentong_form?cid=4&productType=3 HTTP/1.1" 200 10322
0:0:0:0:0:0:0:1 - - [01/Aug/2016:18:53:52 -0700] "GET /card/form?type=2&uid=18 HTTP/1.1" 200 3863
0:0:0:0:0:0:0:1 - - [01/Aug/2016:18:54:00 -0700] "POST /card/input HTTP/1.1" 200 4019
0:0:0:0:0:0:0:1 - - [01/Aug/2016:18:54:10 -0700] "POST /card/input HTTP/1.1" 200 4019
0:0:0:0:0:0:0:1 - - [01/Aug/2016:18:54:25 -0700] "POST /card/input HTTP/1.1" 302 -
0:0:0:0:0:0:0:1 - - [01/Aug/2016:18:54:25 -0700] "GET /card/tocard?cid=4&type=2 HTTP/1.1" 302 -
0:0:0:0:0:0:0:1 - - [01/Aug/2016:18:54:25 -0700] "GET /patient/form?cid=4&productType=2 HTTP/1.1" 200 13717
0:0:0:0:0:0:0:1 - - [01/Aug/2016:18:54:46 -0700] "GET /card/form?type=1&uid=18 HTTP/1.1" 200 3863
0:0:0:0:0:0:0:1 - - [01/Aug/2016:18:54:52 -0700] "POST /card/input HTTP/1.1" 302 -
0:0:0:0:0:0:0:1 - - [01/Aug/2016:18:54:52 -0700] "GET /card/tocard?cid=4&type=1 HTTP/1.1" 302 -
0:0:0:0:0:0:0:1 - - [01/Aug/2016:18:54:52 -0700] "GET /patient/zhenwuyou_form?cid=4&productType=1 HTTP/1.1" 200 14998
0:0:0:0:0:0:0:1 - - [01/Aug/2016:18:54:52 -0700] "GET /clinic-test/js/jquery-1.7.2.js HTTP/1.1" 404 145
0:0:0:0:0:0:0:1 - - [01/Aug/2016:18:55:32 -0700] "GET /patient/zhenwuyou_form?cid=4&productType=1 HTTP/1.1" 200 14998
0:0:0:0:0:0:0:1 - - [01/Aug/2016:18:55:32 -0700] "GET /css/weui.min.css HTTP/1.1" 304 -
0:0:0:0:0:0:0:1 - - [01/Aug/2016:18:55:32 -0700] "GET /css/weixin.css HTTP/1.1" 304 -
0:0:0:0:0:0:0:1 - - [01/Aug/2016:18:55:32 -0700] "GET /clinic-test/js/jquery-1.7.2.js HTTP/1.1" 404 145
0:0:0:0:0:0:0:1 - - [01/Aug/2016:18:55:32 -0700] "GET /js/js_adaption.js HTTP/1.1" 304 -
0:0:0:0:0:0:0:1 - - [01/Aug/2016:18:55:32 -0700] "GET /favicon.ico HTTP/1.1" 200 946
0:0:0:0:0:0:0:1 - - [01/Aug/2016:18:55:33 -0700] "GET /patient/zhenwuyou_form?cid=4&productType=1 HTTP/1.1" 200 14998
0:0:0:0:0:0:0:1 - - [01/Aug/2016:18:55:33 -0700] "GET /css/weui.min.css HTTP/1.1" 304 -
0:0:0:0:0:0:0:1 - - [01/Aug/2016:18:55:33 -0700] "GET /js/js_adaption.js HTTP/1.1" 304 -
0:0:0:0:0:0:0:1 - - [01/Aug/2016:18:55:33 -0700] "GET /clinic-test/js/jquery-1.7.2.js HTTP/1.1" 404 145
0:0:0:0:0:0:0:1 - - [01/Aug/2016:18:55:33 -0700] "GET /css/weixin.css HTTP/1.1" 304 -
0:0:0:0:0:0:0:1 - - [01/Aug/2016:18:55:33 -0700] "GET /favicon.ico HTTP/1.1" 200 946
0:0:0:0:0:0:0:1 - - [01/Aug/2016:18:55:34 -0700] "GET /patient/zhenwuyou_form?cid=4&productType=1 HTTP/1.1" 200 14998
0:0:0:0:0:0:0:1 - - [01/Aug/2016:18:55:34 -0700] "GET /css/weixin.css HTTP/1.1" 304 -
0:0:0:0:0:0:0:1 - - [01/Aug/2016:18:55:34 -0700] "GET /clinic-test/js/jquery-1.7.2.js HTTP/1.1" 404 145
0:0:0:0:0:0:0:1 - - [01/Aug/2016:18:55:34 -0700] "GET /js/js_adaption.js HTTP/1.1" 304 -
0:0:0:0:0:0:0:1 - - [01/Aug/2016:18:55:34 -0700] "GET /css/weui.min.css HTTP/1.1" 304 -
0:0:0:0:0:0:0:1 - - [01/Aug/2016:18:55:34 -0700] "GET /favicon.ico HTTP/1.1" 200 946
0:0:0:0:0:0:0:1 - - [01/Aug/2016:18:56:09 -0700] "GET /patient/zhenwuyou_form?cid=4&productType=1 HTTP/1.1" 200 14998
0:0:0:0:0:0:0:1 - - [01/Aug/2016:18:56:09 -0700] "GET /css/weui.min.css HTTP/1.1" 304 -
0:0:0:0:0:0:0:1 - - [01/Aug/2016:18:56:09 -0700] "GET /css/weixin.css HTTP/1.1" 304 -
0:0:0:0:0:0:0:1 - - [01/Aug/2016:18:56:09 -0700] "GET /js/js_adaption.js HTTP/1.1" 304 -
0:0:0:0:0:0:0:1 - - [01/Aug/2016:18:56:09 -0700] "GET /clinic-test/js/jquery-1.7.2.js HTTP/1.1" 404 145
0:0:0:0:0:0:0:1 - - [01/Aug/2016:18:56:09 -0700] "GET /favicon.ico HTTP/1.1" 200 946
0:0:0:0:0:0:0:1 - - [01/Aug/2016:18:56:51 -0700] "GET /patient/zhenwuyou_form?cid=4&productType=1 HTTP/1.1" 500 694
0:0:0:0:0:0:0:1 - - [01/Aug/2016:18:56:51 -0700] "GET /css/weui.min.css HTTP/1.1" 304 -
0:0:0:0:0:0:0:1 - - [01/Aug/2016:18:56:51 -0700] "GET /clinic/image/404.png HTTP/1.1" 404 135
0:0:0:0:0:0:0:1 - - [01/Aug/2016:18:56:51 -0700] "GET /clinic/js/js_adaption.js HTTP/1.1" 404 139
0:0:0:0:0:0:0:1 - - [01/Aug/2016:18:56:51 -0700] "GET /css/weixin.css HTTP/1.1" 304 -
0:0:0:0:0:0:0:1 - - [01/Aug/2016:18:56:52 -0700] "GET /favicon.ico HTTP/1.1" 200 946
0:0:0:0:0:0:0:1 - - [01/Aug/2016:18:57:02 -0700] "GET /patient/zhenwuyou_form?cid=4&productType=1 HTTP/1.1" 200 15047
0:0:0:0:0:0:0:1 - - [01/Aug/2016:18:57:02 -0700] "GET /css/weui.min.css HTTP/1.1" 304 -
0:0:0:0:0:0:0:1 - - [01/Aug/2016:18:57:02 -0700] "GET /css/weixin.css HTTP/1.1" 304 -
0:0:0:0:0:0:0:1 - - [01/Aug/2016:18:57:02 -0700] "GET /js/js_adaption.js HTTP/1.1" 304 -
0:0:0:0:0:0:0:1 - - [01/Aug/2016:18:57:02 -0700] "GET /clinic-test/js/jquery-1.7.2.js HTTP/1.1" 404 145
0:0:0:0:0:0:0:1 - - [01/Aug/2016:18:57:02 -0700] "GET /favicon.ico HTTP/1.1" 200 946
0:0:0:0:0:0:0:1 - - [01/Aug/2016:18:57:29 -0700] "GET /card/form?type=3&uid=18 HTTP/1.1" 200 3863
0:0:0:0:0:0:0:1 - - [01/Aug/2016:18:57:35 -0700] "POST /card/input HTTP/1.1" 200 4019
0:0:0:0:0:0:0:1 - - [01/Aug/2016:18:57:42 -0700] "POST /card/input HTTP/1.1" 302 -
0:0:0:0:0:0:0:1 - - [01/Aug/2016:18:57:42 -0700] "GET /card/tocard?cid=4&type=3 HTTP/1.1" 302 -
0:0:0:0:0:0:0:1 - - [01/Aug/2016:18:57:42 -0700] "GET /patient/anzhentong_form?cid=4&productType=3 HTTP/1.1" 200 10386
0:0:0:0:0:0:0:1 - - [01/Aug/2016:18:57:55 -0700] "POST /card/input HTTP/1.1" 302 -
0:0:0:0:0:0:0:1 - - [01/Aug/2016:18:57:55 -0700] "GET /card/tocard?cid=4&type=3 HTTP/1.1" 302 -
0:0:0:0:0:0:0:1 - - [01/Aug/2016:18:57:55 -0700] "GET /patient/anzhentong_form?cid=4&productType=3 HTTP/1.1" 200 10386
0:0:0:0:0:0:0:1 - - [01/Aug/2016:18:58:00 -0700] "GET /card/form?type=2&uid=18 HTTP/1.1" 200 3863
0:0:0:0:0:0:0:1 - - [01/Aug/2016:18:58:10 -0700] "POST /card/input HTTP/1.1" 302 -
0:0:0:0:0:0:0:1 - - [01/Aug/2016:18:58:10 -0700] "GET /card/tocard?cid=4&type=2 HTTP/1.1" 302 -
0:0:0:0:0:0:0:1 - - [01/Aug/2016:18:58:10 -0700] "GET /patient/form?cid=4&productType=2 HTTP/1.1" 200 13717
0:0:0:0:0:0:0:1 - - [01/Aug/2016:18:58:29 -0700] "POST /patient/input HTTP/1.1" 200 1461
0:0:0:0:0:0:0:1 - - [01/Aug/2016:18:58:29 -0700] "GET /clinic-test/image/submit.png HTTP/1.1" 404 143
0:0:0:0:0:0:0:1 - - [01/Aug/2016:18:58:29 -0700] "GET /clinic-test/image/bohao.png HTTP/1.1" 404 142
0:0:0:0:0:0:0:1 - - [01/Aug/2016:18:58:29 -0700] "GET /css/weui.css HTTP/1.1" 304 -
0:0:0:0:0:0:0:1 - - [01/Aug/2016:18:58:29 -0700] "GET /clinic-test/image/submit.png HTTP/1.1" 404 143
0:0:0:0:0:0:0:1 - - [01/Aug/2016:18:58:29 -0700] "GET /clinic-test/image/bohao.png HTTP/1.1" 404 142
0:0:0:0:0:0:0:1 - - [01/Aug/2016:19:02:29 -0700] "GET /code/form?code=1 HTTP/1.1" 200 3394
0:0:0:0:0:0:0:1 - - [01/Aug/2016:19:02:29 -0700] "GET /js/jquery-1.7.2.js HTTP/1.1" 304 -
0:0:0:0:0:0:0:1 - - [01/Aug/2016:19:02:29 -0700] "GET /image/mzfw.png HTTP/1.1" 304 -
0:0:0:0:0:0:0:1 - - [01/Aug/2016:19:02:29 -0700] "GET /image/mzfw_icon3.png HTTP/1.1" 304 -
0:0:0:0:0:0:0:1 - - [01/Aug/2016:19:02:29 -0700] "GET /image/mzfw_icon2.png HTTP/1.1" 304 -
0:0:0:0:0:0:0:1 - - [01/Aug/2016:19:02:29 -0700] "GET /image/mzfw_icon1.png HTTP/1.1" 304 -
0:0:0:0:0:0:0:1 - - [01/Aug/2016:19:02:29 -0700] "GET /image/right_arrow.png HTTP/1.1" 304 -
0:0:0:0:0:0:0:1 - - [01/Aug/2016:19:02:30 -0700] "GET /image/left_arrow.png HTTP/1.1" 404 135
0:0:0:0:0:0:0:1 - - [01/Aug/2016:19:02:32 -0700] "GET /card/form?type=2&uid=18 HTTP/1.1" 200 3863
0:0:0:0:0:0:0:1 - - [01/Aug/2016:19:02:32 -0700] "GET /image/0003-1.png HTTP/1.1" 304 -
0:0:0:0:0:0:0:1 - - [01/Aug/2016:19:02:38 -0700] "GET /image/0003-2.png HTTP/1.1" 304 -
0:0:0:0:0:0:0:1 - - [01/Aug/2016:19:02:38 -0700] "POST /card/input HTTP/1.1" 200 4004
0:0:0:0:0:0:0:1 - - [01/Aug/2016:19:02:49 -0700] "POST /card/input HTTP/1.1" 302 -
0:0:0:0:0:0:0:1 - - [01/Aug/2016:19:02:49 -0700] "GET /card/tocard?cid=4&type=2 HTTP/1.1" 302 -
0:0:0:0:0:0:0:1 - - [01/Aug/2016:19:02:49 -0700] "GET /patient/form?cid=4&productType=2 HTTP/1.1" 200 13717
0:0:0:0:0:0:0:1 - - [01/Aug/2016:19:03:08 -0700] "POST /patient/input HTTP/1.1" 200 1461
0:0:0:0:0:0:0:1 - - [01/Aug/2016:19:03:08 -0700] "GET /clinic-test/image/submit.png HTTP/1.1" 404 143
0:0:0:0:0:0:0:1 - - [01/Aug/2016:19:03:08 -0700] "GET /clinic-test/image/bohao.png HTTP/1.1" 404 142
0:0:0:0:0:0:0:1 - - [01/Aug/2016:19:03:34 -0700] "GET /card/form?type=1&uid=18 HTTP/1.1" 200 3863
0:0:0:0:0:0:0:1 - - [01/Aug/2016:19:03:41 -0700] "POST /card/input HTTP/1.1" 302 -
0:0:0:0:0:0:0:1 - - [01/Aug/2016:19:03:41 -0700] "GET /card/tocard?cid=4&type=1 HTTP/1.1" 302 -
0:0:0:0:0:0:0:1 - - [01/Aug/2016:19:03:42 -0700] "GET /patient/zwy_form?cid=4&productType=1 HTTP/1.1" 200 15047
0:0:0:0:0:0:0:1 - - [01/Aug/2016:19:03:42 -0700] "GET /clinic-test/js/jquery-1.7.2.js HTTP/1.1" 404 145
0:0:0:0:0:0:0:1 - - [01/Aug/2016:19:03:57 -0700] "POST /patient/input HTTP/1.1" 200 1461
0:0:0:0:0:0:0:1 - - [01/Aug/2016:19:03:57 -0700] "GET /clinic-test/image/submit.png HTTP/1.1" 404 143
0:0:0:0:0:0:0:1 - - [01/Aug/2016:19:03:57 -0700] "GET /clinic-test/image/bohao.png HTTP/1.1" 404 142
0:0:0:0:0:0:0:1 - - [01/Aug/2016:19:03:57 -0700] "GET /clinic-test/image/submit.png HTTP/1.1" 404 143
0:0:0:0:0:0:0:1 - - [01/Aug/2016:19:04:28 -0700] "GET /card/describe HTTP/1.1" 200 2377
0:0:0:0:0:0:0:1 - - [01/Aug/2016:19:04:28 -0700] "GET /clinic-test/js/js_adaption.js HTTP/1.1" 404 144
0:0:0:0:0:0:0:1 - - [01/Aug/2016:19:04:28 -0700] "GET /clinic-test/image/servicenote.png HTTP/1.1" 404 148
0:0:0:0:0:0:0:1 - - [01/Aug/2016:19:04:30 -0700] "GET /card/describe HTTP/1.1" 200 2377
0:0:0:0:0:0:0:1 - - [01/Aug/2016:19:04:30 -0700] "GET /css/weui.min.css HTTP/1.1" 304 -
0:0:0:0:0:0:0:1 - - [01/Aug/2016:19:04:30 -0700] "GET /css/weixin.css HTTP/1.1" 304 -
0:0:0:0:0:0:0:1 - - [01/Aug/2016:19:04:30 -0700] "GET /clinic-test/js/js_adaption.js HTTP/1.1" 404 144
0:0:0:0:0:0:0:1 - - [01/Aug/2016:19:04:30 -0700] "GET /clinic-test/image/servicenote.png HTTP/1.1" 404 148
0:0:0:0:0:0:0:1 - - [01/Aug/2016:19:04:30 -0700] "GET /favicon.ico HTTP/1.1" 200 946
0:0:0:0:0:0:0:1 - - [01/Aug/2016:19:04:31 -0700] "GET /card/describe HTTP/1.1" 200 2377
0:0:0:0:0:0:0:1 - - [01/Aug/2016:19:04:31 -0700] "GET /css/weui.min.css HTTP/1.1" 304 -
0:0:0:0:0:0:0:1 - - [01/Aug/2016:19:04:31 -0700] "GET /css/weixin.css HTTP/1.1" 304 -
0:0:0:0:0:0:0:1 - - [01/Aug/2016:19:04:31 -0700] "GET /clinic-test/image/servicenote.png HTTP/1.1" 404 148
0:0:0:0:0:0:0:1 - - [01/Aug/2016:19:04:31 -0700] "GET /clinic-test/js/js_adaption.js HTTP/1.1" 404 144
0:0:0:0:0:0:0:1 - - [01/Aug/2016:19:04:32 -0700] "GET /clinic-test/image/servicenote.png HTTP/1.1" 404 148
0:0:0:0:0:0:0:1 - - [01/Aug/2016:19:04:32 -0700] "GET /favicon.ico HTTP/1.1" 200 946
0:0:0:0:0:0:0:1 - - [01/Aug/2016:19:04:36 -0700] "GET /card/form?type=3&uid=18 HTTP/1.1" 200 3863
0:0:0:0:0:0:0:1 - - [01/Aug/2016:19:04:37 -0700] "GET /card/describe HTTP/1.1" 200 2377
0:0:0:0:0:0:0:1 - - [01/Aug/2016:19:04:37 -0700] "GET /clinic-test/js/js_adaption.js HTTP/1.1" 404 144
0:0:0:0:0:0:0:1 - - [01/Aug/2016:19:04:37 -0700] "GET /clinic-test/image/servicenote.png HTTP/1.1" 404 148
0:0:0:0:0:0:0:1 - - [01/Aug/2016:19:04:42 -0700] "GET /card/form?type=1&uid=18 HTTP/1.1" 200 3863
0:0:0:0:0:0:0:1 - - [01/Aug/2016:19:04:43 -0700] "GET /card/describe HTTP/1.1" 200 2377
0:0:0:0:0:0:0:1 - - [01/Aug/2016:19:04:43 -0700] "GET /clinic-test/js/js_adaption.js HTTP/1.1" 404 144
0:0:0:0:0:0:0:1 - - [01/Aug/2016:19:04:43 -0700] "GET /clinic-test/image/servicenote.png HTTP/1.1" 404 148
0:0:0:0:0:0:0:1 - - [01/Aug/2016:19:04:47 -0700] "GET /card/form?type=2&uid=18 HTTP/1.1" 200 3863
0:0:0:0:0:0:0:1 - - [01/Aug/2016:19:04:48 -0700] "GET /card/describe HTTP/1.1" 200 2377
0:0:0:0:0:0:0:1 - - [01/Aug/2016:19:04:48 -0700] "GET /clinic-test/js/js_adaption.js HTTP/1.1" 404 144
0:0:0:0:0:0:0:1 - - [01/Aug/2016:19:04:48 -0700] "GET /clinic-test/image/servicenote.png HTTP/1.1" 404 148
0:0:0:0:0:0:0:1 - - [01/Aug/2016:19:04:48 -0700] "GET /clinic-test/image/servicenote.png HTTP/1.1" 404 148
0:0:0:0:0:0:0:1 - - [01/Aug/2016:19:04:51 -0700] "GET /card/form?type=1&uid=18 HTTP/1.1" 200 3863
0:0:0:0:0:0:0:1 - - [01/Aug/2016:19:04:52 -0700] "GET /card/describe HTTP/1.1" 200 2377
0:0:0:0:0:0:0:1 - - [01/Aug/2016:19:04:52 -0700] "GET /clinic-test/js/js_adaption.js HTTP/1.1" 404 144
0:0:0:0:0:0:0:1 - - [01/Aug/2016:19:04:52 -0700] "GET /clinic-test/image/servicenote.png HTTP/1.1" 404 148
0:0:0:0:0:0:0:1 - - [01/Aug/2016:19:05:01 -0700] "POST /card/input HTTP/1.1" 200 4004
0:0:0:0:0:0:0:1 - - [01/Aug/2016:19:05:09 -0700] "GET /card/describe HTTP/1.1" 200 2377
0:0:0:0:0:0:0:1 - - [01/Aug/2016:19:05:09 -0700] "GET /clinic-test/image/servicenote.png HTTP/1.1" 404 148
0:0:0:0:0:0:0:1 - - [01/Aug/2016:19:05:09 -0700] "GET /clinic-test/js/js_adaption.js HTTP/1.1" 404 144
0:0:0:0:0:0:0:1 - - [01/Aug/2016:19:05:09 -0700] "GET /clinic-test/image/servicenote.png HTTP/1.1" 404 148
0:0:0:0:0:0:0:1 - - [01/Aug/2016:19:05:14 -0700] "POST /card/input HTTP/1.1" 302 -
0:0:0:0:0:0:0:1 - - [01/Aug/2016:19:05:14 -0700] "GET /card/tocard?cid=4&type=1 HTTP/1.1" 302 -
0:0:0:0:0:0:0:1 - - [01/Aug/2016:19:05:14 -0700] "GET /patient/zwy_form?cid=4&productType=1 HTTP/1.1" 200 15047
0:0:0:0:0:0:0:1 - - [01/Aug/2016:19:05:14 -0700] "GET /clinic-test/js/jquery-1.7.2.js HTTP/1.1" 404 145
0:0:0:0:0:0:0:1 - - [01/Aug/2016:20:54:01 -0700] "GET /evalute/form?code=1 HTTP/1.1" 404 694
0:0:0:0:0:0:0:1 - - [01/Aug/2016:20:54:01 -0700] "GET /css/weui.min.css HTTP/1.1" 304 -
0:0:0:0:0:0:0:1 - - [01/Aug/2016:20:54:01 -0700] "GET /css/weixin.css HTTP/1.1" 304 -
0:0:0:0:0:0:0:1 - - [01/Aug/2016:20:54:01 -0700] "GET /clinic/js/js_adaption.js HTTP/1.1" 404 139
0:0:0:0:0:0:0:1 - - [01/Aug/2016:20:54:01 -0700] "GET /clinic/image/404.png HTTP/1.1" 404 135
0:0:0:0:0:0:0:1 - - [01/Aug/2016:20:54:25 -0700] "GET /evaluate/form?code=1 HTTP/1.1" 200 695
0:0:0:0:0:0:0:1 - - [01/Aug/2016:20:54:25 -0700] "GET /clinic/image/nopermission.png HTTP/1.1" 404 144
0:0:0:0:0:0:0:1 - - [01/Aug/2016:20:54:25 -0700] "GET /clinic-test/js/js_adaption.js HTTP/1.1" 404 144
0:0:0:0:0:0:0:1 - - [01/Aug/2016:20:54:25 -0700] "GET /clinic/image/nopermission.png HTTP/1.1" 404 144
0:0:0:0:0:0:0:1 - - [01/Aug/2016:20:55:58 -0700] "GET /evaluate/form?code=1 HTTP/1.1" 200 676
0:0:0:0:0:0:0:1 - - [01/Aug/2016:20:55:59 -0700] "GET /css/weui.min.css HTTP/1.1" 304 -
0:0:0:0:0:0:0:1 - - [01/Aug/2016:20:55:59 -0700] "GET /css/weixin.css HTTP/1.1" 304 -
0:0:0:0:0:0:0:1 - - [01/Aug/2016:20:55:59 -0700] "GET /js/js_adaption.js HTTP/1.1" 304 -
0:0:0:0:0:0:0:1 - - [01/Aug/2016:20:55:59 -0700] "GET /image/nopermission.png HTTP/1.1" 200 40058
0:0:0:0:0:0:0:1 - - [01/Aug/2016:20:55:59 -0700] "GET /favicon.ico HTTP/1.1" 200 946
0:0:0:0:0:0:0:1 - - [01/Aug/2016:21:15:25 -0700] "GET /patient/list HTTP/1.1" 200 676
0:0:0:0:0:0:0:1 - - [01/Aug/2016:21:15:41 -0700] "GET /code/form?code=1 HTTP/1.1" 200 3394
0:0:0:0:0:0:0:1 - - [01/Aug/2016:21:15:41 -0700] "GET /image/mzfw.png HTTP/1.1" 304 -
0:0:0:0:0:0:0:1 - - [01/Aug/2016:21:15:41 -0700] "GET /js/jquery-1.7.2.js HTTP/1.1" 304 -
0:0:0:0:0:0:0:1 - - [01/Aug/2016:21:15:41 -0700] "GET /image/mzfw_icon1.png HTTP/1.1" 304 -
0:0:0:0:0:0:0:1 - - [01/Aug/2016:21:15:41 -0700] "GET /image/mzfw_icon2.png HTTP/1.1" 304 -
0:0:0:0:0:0:0:1 - - [01/Aug/2016:21:15:41 -0700] "GET /image/mzfw_icon3.png HTTP/1.1" 304 -
0:0:0:0:0:0:0:1 - - [01/Aug/2016:21:15:41 -0700] "GET /image/right_arrow.png HTTP/1.1" 304 -
0:0:0:0:0:0:0:1 - - [01/Aug/2016:21:15:41 -0700] "GET /image/left_arrow.png HTTP/1.1" 404 135
0:0:0:0:0:0:0:1 - - [01/Aug/2016:21:15:43 -0700] "GET /card/form?type=2&uid=18 HTTP/1.1" 200 3863
0:0:0:0:0:0:0:1 - - [01/Aug/2016:21:15:43 -0700] "GET /image/0003-1.png HTTP/1.1" 304 -
0:0:0:0:0:0:0:1 - - [01/Aug/2016:21:15:48 -0700] "GET /image/0003-2.png HTTP/1.1" 304 -
0:0:0:0:0:0:0:1 - - [01/Aug/2016:21:15:48 -0700] "POST /card/input HTTP/1.1" 200 4019
0:0:0:0:0:0:0:1 - - [01/Aug/2016:21:15:53 -0700] "GET /card/form?type=3&uid=18 HTTP/1.1" 200 3863
0:0:0:0:0:0:0:1 - - [01/Aug/2016:21:15:58 -0700] "POST /card/input HTTP/1.1" 200 4019
0:0:0:0:0:0:0:1 - - [01/Aug/2016:21:16:03 -0700] "GET /card/form?type=1&uid=18 HTTP/1.1" 200 3863
0:0:0:0:0:0:0:1 - - [01/Aug/2016:21:16:09 -0700] "POST /card/input HTTP/1.1" 302 -
0:0:0:0:0:0:0:1 - - [01/Aug/2016:21:16:09 -0700] "GET /card/tocard?cid=4&type=1 HTTP/1.1" 302 -
0:0:0:0:0:0:0:1 - - [01/Aug/2016:21:16:10 -0700] "GET /patient/zwy_form?cid=4&productType=1 HTTP/1.1" 200 15047
0:0:0:0:0:0:0:1 - - [01/Aug/2016:21:16:10 -0700] "GET /clinic-test/js/jquery-1.7.2.js HTTP/1.1" 404 145
0:0:0:0:0:0:0:1 - - [01/Aug/2016:21:17:18 -0700] "POST /patient/input HTTP/1.1" 200 1461
0:0:0:0:0:0:0:1 - - [01/Aug/2016:21:17:18 -0700] "GET /css/weui.css HTTP/1.1" 304 -
0:0:0:0:0:0:0:1 - - [01/Aug/2016:21:17:18 -0700] "GET /js/js_adaption.js HTTP/1.1" 304 -
0:0:0:0:0:0:0:1 - - [01/Aug/2016:21:17:18 -0700] "GET /css/weixin.css HTTP/1.1" 304 -
0:0:0:0:0:0:0:1 - - [01/Aug/2016:21:17:18 -0700] "GET /clinic-test/image/submit.png HTTP/1.1" 404 143
0:0:0:0:0:0:0:1 - - [01/Aug/2016:21:17:18 -0700] "GET /clinic-test/image/bohao.png HTTP/1.1" 404 142
0:0:0:0:0:0:0:1 - - [01/Aug/2016:21:17:18 -0700] "GET /clinic-test/image/submit.png HTTP/1.1" 404 143
0:0:0:0:0:0:0:1 - - [01/Aug/2016:21:17:19 -0700] "GET /clinic-test/image/submit.png HTTP/1.1" 404 143
0:0:0:0:0:0:0:1 - - [01/Aug/2016:21:36:16 -0700] "GET /patient/list HTTP/1.1" 200 7766
0:0:0:0:0:0:0:1 - - [01/Aug/2016:21:36:16 -0700] "GET /css/weui.min.css HTTP/1.1" 304 -
0:0:0:0:0:0:0:1 - - [01/Aug/2016:21:36:16 -0700] "GET /clinic-test/image/true.png HTTP/1.1" 404 141
0:0:0:0:0:0:0:1 - - [01/Aug/2016:21:36:16 -0700] "GET /clinic-test/image/yes.png HTTP/1.1" 404 140
0:0:0:0:0:0:0:1 - - [01/Aug/2016:21:36:46 -0700] "GET /patient/list?code=1 HTTP/1.1" 200 7766
0:0:0:0:0:0:0:1 - - [01/Aug/2016:21:36:46 -0700] "GET /clinic-test/image/true.png HTTP/1.1" 404 141
0:0:0:0:0:0:0:1 - - [01/Aug/2016:21:36:46 -0700] "GET /clinic-test/image/yes.png HTTP/1.1" 404 140
0:0:0:0:0:0:0:1 - - [01/Aug/2016:21:36:48 -0700] "GET /patient/list?code=1 HTTP/1.1" 200 7766
0:0:0:0:0:0:0:1 - - [01/Aug/2016:21:36:48 -0700] "GET /clinic-test/image/yes.png HTTP/1.1" 404 140
0:0:0:0:0:0:0:1 - - [01/Aug/2016:21:36:48 -0700] "GET /clinic-test/image/true.png HTTP/1.1" 404 141
0:0:0:0:0:0:0:1 - - [01/Aug/2016:21:36:50 -0700] "GET /patient/list?code=1 HTTP/1.1" 200 7766
0:0:0:0:0:0:0:1 - - [01/Aug/2016:21:36:51 -0700] "GET /clinic-test/image/true.png HTTP/1.1" 404 141
0:0:0:0:0:0:0:1 - - [01/Aug/2016:21:36:51 -0700] "GET /clinic-test/image/yes.png HTTP/1.1" 404 140
0:0:0:0:0:0:0:1 - - [01/Aug/2016:21:36:52 -0700] "GET /patient/list?code=1 HTTP/1.1" 200 7766
0:0:0:0:0:0:0:1 - - [01/Aug/2016:21:36:52 -0700] "GET /clinic-test/image/true.png HTTP/1.1" 404 141
0:0:0:0:0:0:0:1 - - [01/Aug/2016:21:36:52 -0700] "GET /clinic-test/image/yes.png HTTP/1.1" 404 140
0:0:0:0:0:0:0:1 - - [01/Aug/2016:21:38:32 -0700] "GET /patient/list?code=1 HTTP/1.1" 200 7766
0:0:0:0:0:0:0:1 - - [01/Aug/2016:21:38:32 -0700] "GET /css/weixin.css HTTP/1.1" 304 -
0:0:0:0:0:0:0:1 - - [01/Aug/2016:21:38:32 -0700] "GET /js/js_adaption.js HTTP/1.1" 304 -
0:0:0:0:0:0:0:1 - - [01/Aug/2016:21:38:32 -0700] "GET /clinic-test/image/true.png HTTP/1.1" 404 141
0:0:0:0:0:0:0:1 - - [01/Aug/2016:21:38:32 -0700] "GET /css/weui.min.css HTTP/1.1" 304 -
0:0:0:0:0:0:0:1 - - [01/Aug/2016:21:38:32 -0700] "GET /clinic-test/image/yes.png HTTP/1.1" 404 140
0:0:0:0:0:0:0:1 - - [01/Aug/2016:21:38:32 -0700] "GET /clinic-test/image/true.png HTTP/1.1" 404 141
0:0:0:0:0:0:0:1 - - [01/Aug/2016:21:38:32 -0700] "GET /favicon.ico HTTP/1.1" 200 946
0:0:0:0:0:0:0:1 - - [01/Aug/2016:21:38:32 -0700] "GET /clinic-test/image/true.png HTTP/1.1" 404 141
0:0:0:0:0:0:0:1 - - [01/Aug/2016:21:38:40 -0700] "GET /patient/list HTTP/1.1" 200 7766
0:0:0:0:0:0:0:1 - - [01/Aug/2016:21:38:40 -0700] "GET /clinic-test/image/true.png HTTP/1.1" 404 141
0:0:0:0:0:0:0:1 - - [01/Aug/2016:21:38:40 -0700] "GET /clinic-test/image/yes.png HTTP/1.1" 404 140
0:0:0:0:0:0:0:1 - - [01/Aug/2016:22:46:19 -0700] "GET /without.html HTTP/1.1" 404 694
0:0:0:0:0:0:0:1 - - [01/Aug/2016:22:46:20 -0700] "GET /css/weixin.css HTTP/1.1" 304 -
0:0:0:0:0:0:0:1 - - [01/Aug/2016:22:46:20 -0700] "GET /css/weui.min.css HTTP/1.1" 304 -
0:0:0:0:0:0:0:1 - - [01/Aug/2016:22:46:20 -0700] "GET /clinic/image/404.png HTTP/1.1" 404 135
0:0:0:0:0:0:0:1 - - [01/Aug/2016:22:46:20 -0700] "GET /clinic/js/js_adaption.js HTTP/1.1" 404 139
0:0:0:0:0:0:0:1 - - [01/Aug/2016:22:46:51 -0700] "GET /evaluate/form HTTP/1.1" 302 -
0:0:0:0:0:0:0:1 - - [01/Aug/2016:22:46:51 -0700] "GET /evaluate/input?evaluate.uid=18 HTTP/1.1" 200 1107
0:0:0:0:0:0:0:1 - - [01/Aug/2016:22:46:51 -0700] "GET /js/js_adaption.js HTTP/1.1" 304 -
0:0:0:0:0:0:0:1 - - [01/Aug/2016:22:48:46 -0700] "GET /evaluate/getwithout HTTP/1.1" 200 675
0:0:0:0:0:0:0:1 - - [01/Aug/2016:22:48:46 -0700] "GET /image/nopermission.png HTTP/1.1" 304 -
0:0:0:0:0:0:0:1 - - [01/Aug/2016:22:50:21 -0700] "GET /evaluate/getwithout HTTP/1.1" 200 678
0:0:0:0:0:0:0:1 - - [01/Aug/2016:22:50:21 -0700] "GET /image/nopermission.png HTTP/1.1" 304 -
0:0:0:0:0:0:0:1 - - [01/Aug/2016:22:50:21 -0700] "GET /js/js_adaption.js HTTP/1.1" 304 -
0:0:0:0:0:0:0:1 - - [01/Aug/2016:22:50:21 -0700] "GET /css/weui.min.css HTTP/1.1" 304 -
0:0:0:0:0:0:0:1 - - [01/Aug/2016:22:50:21 -0700] "GET /css/weixin.css HTTP/1.1" 304 -
0:0:0:0:0:0:0:1 - - [01/Aug/2016:22:50:21 -0700] "GET /favicon.ico HTTP/1.1" 200 946
0:0:0:0:0:0:0:1 - - [01/Aug/2016:22:50:32 -0700] "GET /evaluate/getwithout HTTP/1.1" 200 675
0:0:0:0:0:0:0:1 - - [01/Aug/2016:22:50:32 -0700] "GET /css/weui.min.css HTTP/1.1" 304 -
0:0:0:0:0:0:0:1 - - [01/Aug/2016:22:50:32 -0700] "GET /css/weixin.css HTTP/1.1" 304 -
0:0:0:0:0:0:0:1 - - [01/Aug/2016:22:50:32 -0700] "GET /image/nopermission.png HTTP/1.1" 304 -
0:0:0:0:0:0:0:1 - - [01/Aug/2016:22:50:32 -0700] "GET /js/js_adaption.js HTTP/1.1" 304 -
0:0:0:0:0:0:0:1 - - [01/Aug/2016:22:50:33 -0700] "GET /favicon.ico HTTP/1.1" 200 946
0:0:0:0:0:0:0:1 - - [01/Aug/2016:22:52:03 -0700] "GET /evaluate/getwithout HTTP/1.1" 200 675
0:0:0:0:0:0:0:1 - - [01/Aug/2016:22:52:03 -0700] "GET /css/weui.min.css HTTP/1.1" 304 -
0:0:0:0:0:0:0:1 - - [01/Aug/2016:22:52:03 -0700] "GET /js/js_adaption.js HTTP/1.1" 304 -
0:0:0:0:0:0:0:1 - - [01/Aug/2016:22:52:03 -0700] "GET /image/nopermission.png HTTP/1.1" 304 -
0:0:0:0:0:0:0:1 - - [01/Aug/2016:22:52:03 -0700] "GET /css/weixin.css HTTP/1.1" 304 -
0:0:0:0:0:0:0:1 - - [01/Aug/2016:22:52:03 -0700] "GET /favicon.ico HTTP/1.1" 200 946
0:0:0:0:0:0:0:1 - - [01/Aug/2016:22:52:04 -0700] "GET /evaluate/getwithout HTTP/1.1" 200 675
0:0:0:0:0:0:0:1 - - [01/Aug/2016:22:52:04 -0700] "GET /image/nopermission.png HTTP/1.1" 304 -
0:0:0:0:0:0:0:1 - - [01/Aug/2016:22:52:04 -0700] "GET /css/weui.min.css HTTP/1.1" 304 -
0:0:0:0:0:0:0:1 - - [01/Aug/2016:22:52:04 -0700] "GET /js/js_adaption.js HTTP/1.1" 304 -
0:0:0:0:0:0:0:1 - - [01/Aug/2016:22:52:04 -0700] "GET /css/weixin.css HTTP/1.1" 304 -
0:0:0:0:0:0:0:1 - - [01/Aug/2016:22:52:04 -0700] "GET /favicon.ico HTTP/1.1" 200 946
0:0:0:0:0:0:0:1 - - [01/Aug/2016:22:52:05 -0700] "GET /evaluate/getwithout HTTP/1.1" 200 675
0:0:0:0:0:0:0:1 - - [01/Aug/2016:22:52:05 -0700] "GET /css/weixin.css HTTP/1.1" 304 -
0:0:0:0:0:0:0:1 - - [01/Aug/2016:22:52:05 -0700] "GET /js/js_adaption.js HTTP/1.1" 304 -
0:0:0:0:0:0:0:1 - - [01/Aug/2016:22:52:05 -0700] "GET /image/nopermission.png HTTP/1.1" 304 -
0:0:0:0:0:0:0:1 - - [01/Aug/2016:22:52:05 -0700] "GET /css/weui.min.css HTTP/1.1" 304 -
0:0:0:0:0:0:0:1 - - [01/Aug/2016:22:52:05 -0700] "GET /favicon.ico HTTP/1.1" 200 946
0:0:0:0:0:0:0:1 - - [01/Aug/2016:22:52:05 -0700] "GET /evaluate/getwithout HTTP/1.1" 200 675
0:0:0:0:0:0:0:1 - - [01/Aug/2016:22:52:06 -0700] "GET /css/weui.min.css HTTP/1.1" 304 -
0:0:0:0:0:0:0:1 - - [01/Aug/2016:22:52:06 -0700] "GET /css/weixin.css HTTP/1.1" 304 -
0:0:0:0:0:0:0:1 - - [01/Aug/2016:22:52:06 -0700] "GET /js/js_adaption.js HTTP/1.1" 304 -
0:0:0:0:0:0:0:1 - - [01/Aug/2016:22:52:06 -0700] "GET /image/nopermission.png HTTP/1.1" 304 -
0:0:0:0:0:0:0:1 - - [01/Aug/2016:22:52:06 -0700] "GET /favicon.ico HTTP/1.1" 200 946
0:0:0:0:0:0:0:1 - - [01/Aug/2016:22:52:13 -0700] "GET /evaluate/getwithout HTTP/1.1" 200 675
0:0:0:0:0:0:0:1 - - [01/Aug/2016:22:52:13 -0700] "GET /css/weui.min.css HTTP/1.1" 304 -
0:0:0:0:0:0:0:1 - - [01/Aug/2016:22:52:13 -0700] "GET /js/js_adaption.js HTTP/1.1" 304 -
0:0:0:0:0:0:0:1 - - [01/Aug/2016:22:52:13 -0700] "GET /image/nopermission.png HTTP/1.1" 304 -
0:0:0:0:0:0:0:1 - - [01/Aug/2016:22:52:13 -0700] "GET /css/weixin.css HTTP/1.1" 304 -
0:0:0:0:0:0:0:1 - - [01/Aug/2016:22:52:13 -0700] "GET /favicon.ico HTTP/1.1" 200 946
0:0:0:0:0:0:0:1 - - [01/Aug/2016:22:52:29 -0700] "GET /evaluate/getwithout HTTP/1.1" 200 671
0:0:0:0:0:0:0:1 - - [01/Aug/2016:22:52:29 -0700] "GET /css/weui.min.css HTTP/1.1" 304 -
0:0:0:0:0:0:0:1 - - [01/Aug/2016:22:52:29 -0700] "GET /css/weixin.css HTTP/1.1" 304 -
0:0:0:0:0:0:0:1 - - [01/Aug/2016:22:52:29 -0700] "GET /js/js_adaption.js HTTP/1.1" 304 -
0:0:0:0:0:0:0:1 - - [01/Aug/2016:22:52:29 -0700] "GET /image/nopermission.png HTTP/1.1" 304 -
0:0:0:0:0:0:0:1 - - [01/Aug/2016:22:52:29 -0700] "GET /favicon.ico HTTP/1.1" 200 946
0:0:0:0:0:0:0:1 - - [01/Aug/2016:22:52:49 -0700] "GET /evaluate/getwithout HTTP/1.1" 200 671
0:0:0:0:0:0:0:1 - - [01/Aug/2016:22:52:49 -0700] "GET /css/weui.min.css HTTP/1.1" 304 -
0:0:0:0:0:0:0:1 - - [01/Aug/2016:22:52:49 -0700] "GET /css/weixin.css HTTP/1.1" 304 -
0:0:0:0:0:0:0:1 - - [01/Aug/2016:22:52:49 -0700] "GET /js/js_adaption.js HTTP/1.1" 304 -
0:0:0:0:0:0:0:1 - - [01/Aug/2016:22:52:49 -0700] "GET /image/nopermission.png HTTP/1.1" 304 -
0:0:0:0:0:0:0:1 - - [01/Aug/2016:22:52:49 -0700] "GET /favicon.ico HTTP/1.1" 200 946
0:0:0:0:0:0:0:1 - - [01/Aug/2016:22:53:10 -0700] "GET /evaluate/getwithout HTTP/1.1" 200 719
0:0:0:0:0:0:0:1 - - [01/Aug/2016:22:53:10 -0700] "GET /js/js_adaption.js HTTP/1.1" 304 -
0:0:0:0:0:0:0:1 - - [01/Aug/2016:22:53:10 -0700] "GET /css/weixin.css HTTP/1.1" 304 -
0:0:0:0:0:0:0:1 - - [01/Aug/2016:22:53:10 -0700] "GET /css/weui.min.css HTTP/1.1" 304 -
0:0:0:0:0:0:0:1 - - [01/Aug/2016:22:53:10 -0700] "GET /image/nopermission.png HTTP/1.1" 304 -
0:0:0:0:0:0:0:1 - - [01/Aug/2016:22:53:11 -0700] "GET /favicon.ico HTTP/1.1" 200 946
