0:0:0:0:0:0:0:1 - - [03/Aug/2016:00:26:31 -0700] "GET /code/form?code=1 HTTP/1.1" 500 694
0:0:0:0:0:0:0:1 - - [03/Aug/2016:00:26:31 -0700] "GET /css/weui.min.css HTTP/1.1" 304 -
0:0:0:0:0:0:0:1 - - [03/Aug/2016:00:26:31 -0700] "GET /clinic/js/js_adaption.js HTTP/1.1" 404 139
0:0:0:0:0:0:0:1 - - [03/Aug/2016:00:26:31 -0700] "GET /css/weixin.css HTTP/1.1" 304 -
0:0:0:0:0:0:0:1 - - [03/Aug/2016:00:26:31 -0700] "GET /clinic/image/404.png HTTP/1.1" 404 135
0:0:0:0:0:0:0:1 - - [03/Aug/2016:00:26:58 -0700] "GET /code/form?code=1 HTTP/1.1" 500 694
0:0:0:0:0:0:0:1 - - [03/Aug/2016:00:26:58 -0700] "GET /clinic/js/js_adaption.js HTTP/1.1" 404 139
0:0:0:0:0:0:0:1 - - [03/Aug/2016:00:26:58 -0700] "GET /clinic/image/404.png HTTP/1.1" 404 135
0:0:0:0:0:0:0:1 - - [03/Aug/2016:00:27:57 -0700] "GET /code/form?code=1 HTTP/1.1" 200 3464
0:0:0:0:0:0:0:1 - - [03/Aug/2016:00:27:57 -0700] "GET /clinic/js/js_adaption.js HTTP/1.1" 404 139
0:0:0:0:0:0:0:1 - - [03/Aug/2016:00:27:57 -0700] "GET /clinic/image/mzfw.png HTTP/1.1" 404 136
0:0:0:0:0:0:0:1 - - [03/Aug/2016:00:27:57 -0700] "GET /clinic/js/jquery-1.7.2.js HTTP/1.1" 404 140
0:0:0:0:0:0:0:1 - - [03/Aug/2016:00:27:57 -0700] "GET /clinic/image/mzfw_icon3.png HTTP/1.1" 404 142
0:0:0:0:0:0:0:1 - - [03/Aug/2016:00:27:57 -0700] "GET /clinic/image/mzfw_icon2.png HTTP/1.1" 404 142
0:0:0:0:0:0:0:1 - - [03/Aug/2016:00:27:57 -0700] "GET /clinic/image/mzfw_icon1.png HTTP/1.1" 404 142
0:0:0:0:0:0:0:1 - - [03/Aug/2016:00:27:57 -0700] "GET /clinic/image/right_arrow.png HTTP/1.1" 404 143
0:0:0:0:0:0:0:1 - - [03/Aug/2016:00:27:57 -0700] "GET /clinic/image/left_arrow.png HTTP/1.1" 404 142
0:0:0:0:0:0:0:1 - - [03/Aug/2016:00:31:36 -0700] "GET /code/form?code=1 HTTP/1.1" 302 -
0:0:0:0:0:0:0:1 - - [03/Aug/2016:00:31:37 -0700] "GET /code/input?openid=11111122 HTTP/1.1" 200 3953
0:0:0:0:0:0:0:1 - - [03/Aug/2016:00:31:37 -0700] "GET /js/js_adaption.js HTTP/1.1" 304 -
0:0:0:0:0:0:0:1 - - [03/Aug/2016:00:31:37 -0700] "GET /css/weixin.css HTTP/1.1" 304 -
0:0:0:0:0:0:0:1 - - [03/Aug/2016:00:31:37 -0700] "GET /css/weui.min.css HTTP/1.1" 304 -
0:0:0:0:0:0:0:1 - - [03/Aug/2016:00:31:37 -0700] "GET /js/jquery-1.7.2.js HTTP/1.1" 304 -
0:0:0:0:0:0:0:1 - - [03/Aug/2016:00:32:00 -0700] "GET /code/send?param=18616288051%2011111122 HTTP/1.1" 200 1
0:0:0:0:0:0:0:1 - - [03/Aug/2016:00:32:42 -0700] "POST /code/save HTTP/1.1" 200 3464
0:0:0:0:0:0:0:1 - - [03/Aug/2016:00:32:42 -0700] "GET /clinic/image/mzfw.png HTTP/1.1" 404 136
0:0:0:0:0:0:0:1 - - [03/Aug/2016:00:32:42 -0700] "GET /clinic/js/jquery-1.7.2.js HTTP/1.1" 404 140
0:0:0:0:0:0:0:1 - - [03/Aug/2016:00:32:42 -0700] "GET /clinic/js/js_adaption.js HTTP/1.1" 404 139
0:0:0:0:0:0:0:1 - - [03/Aug/2016:00:32:42 -0700] "GET /clinic/image/mzfw_icon1.png HTTP/1.1" 404 142
0:0:0:0:0:0:0:1 - - [03/Aug/2016:00:32:42 -0700] "GET /clinic/image/mzfw_icon2.png HTTP/1.1" 404 142
0:0:0:0:0:0:0:1 - - [03/Aug/2016:00:32:42 -0700] "GET /clinic/image/mzfw_icon3.png HTTP/1.1" 404 142
0:0:0:0:0:0:0:1 - - [03/Aug/2016:00:32:42 -0700] "GET /clinic/image/left_arrow.png HTTP/1.1" 404 142
0:0:0:0:0:0:0:1 - - [03/Aug/2016:00:32:42 -0700] "GET /clinic/image/right_arrow.png HTTP/1.1" 404 143
0:0:0:0:0:0:0:1 - - [03/Aug/2016:00:32:45 -0700] "GET /card/form?type=1&uid=18 HTTP/1.1" 200 3868
0:0:0:0:0:0:0:1 - - [03/Aug/2016:00:32:45 -0700] "GET /image/0003-1.png HTTP/1.1" 304 -
0:0:0:0:0:0:0:1 - - [03/Aug/2016:00:32:49 -0700] "GET /image/0003-2.png HTTP/1.1" 304 -
0:0:0:0:0:0:0:1 - - [03/Aug/2016:00:32:49 -0700] "POST /card/input HTTP/1.1" 200 4009
0:0:0:0:0:0:0:1 - - [03/Aug/2016:00:33:05 -0700] "POST /card/input HTTP/1.1" 200 4009
0:0:0:0:0:0:0:1 - - [03/Aug/2016:00:33:14 -0700] "POST /card/input HTTP/1.1" 302 -
0:0:0:0:0:0:0:1 - - [03/Aug/2016:00:33:14 -0700] "GET /card/tocard?cid=4&type=1 HTTP/1.1" 302 -
0:0:0:0:0:0:0:1 - - [03/Aug/2016:00:33:14 -0700] "GET /patient/zwy_form?cid=4&productType=1 HTTP/1.1" 200 15079
0:0:0:0:0:0:0:1 - - [03/Aug/2016:00:33:37 -0700] "POST /patient/input HTTP/1.1" 200 1451
0:0:0:0:0:0:0:1 - - [03/Aug/2016:00:33:37 -0700] "GET /css/weui.css HTTP/1.1" 304 -
0:0:0:0:0:0:0:1 - - [03/Aug/2016:00:33:37 -0700] "GET /clinic/image/submit.png HTTP/1.1" 404 138
0:0:0:0:0:0:0:1 - - [03/Aug/2016:00:33:37 -0700] "GET /clinic/image/bohao.png HTTP/1.1" 404 137
0:0:0:0:0:0:0:1 - - [03/Aug/2016:00:33:37 -0700] "GET /clinic/image/submit.png HTTP/1.1" 404 138
0:0:0:0:0:0:0:1 - - [03/Aug/2016:00:36:26 -0700] "GET /code/form?code=1 HTTP/1.1" 302 -
0:0:0:0:0:0:0:1 - - [03/Aug/2016:00:36:26 -0700] "GET /code/input?openid=11111122 HTTP/1.1" 200 3953
0:0:0:0:0:0:0:1 - - [03/Aug/2016:00:36:41 -0700] "GET /code/send?param=18616288051%2011111122 HTTP/1.1" 200 1
0:0:0:0:0:0:0:1 - - [03/Aug/2016:00:36:54 -0700] "POST /code/save HTTP/1.1" 200 3464
0:0:0:0:0:0:0:1 - - [03/Aug/2016:00:36:54 -0700] "GET /clinic/js/js_adaption.js HTTP/1.1" 404 139
0:0:0:0:0:0:0:1 - - [03/Aug/2016:00:36:54 -0700] "GET /clinic/js/jquery-1.7.2.js HTTP/1.1" 404 140
0:0:0:0:0:0:0:1 - - [03/Aug/2016:00:36:54 -0700] "GET /clinic/image/mzfw.png HTTP/1.1" 404 136
0:0:0:0:0:0:0:1 - - [03/Aug/2016:00:36:55 -0700] "GET /clinic/image/mzfw_icon1.png HTTP/1.1" 404 142
0:0:0:0:0:0:0:1 - - [03/Aug/2016:00:36:55 -0700] "GET /clinic/image/mzfw_icon2.png HTTP/1.1" 404 142
0:0:0:0:0:0:0:1 - - [03/Aug/2016:00:36:55 -0700] "GET /clinic/image/mzfw_icon3.png HTTP/1.1" 404 142
0:0:0:0:0:0:0:1 - - [03/Aug/2016:00:36:55 -0700] "GET /clinic/image/left_arrow.png HTTP/1.1" 404 142
0:0:0:0:0:0:0:1 - - [03/Aug/2016:00:36:55 -0700] "GET /clinic/image/right_arrow.png HTTP/1.1" 404 143
0:0:0:0:0:0:0:1 - - [03/Aug/2016:00:36:56 -0700] "GET /card/form?type=1&uid=18 HTTP/1.1" 200 3868
0:0:0:0:0:0:0:1 - - [03/Aug/2016:00:36:58 -0700] "GET /card/form?type=2&uid=18 HTTP/1.1" 200 3868
0:0:0:0:0:0:0:1 - - [03/Aug/2016:00:37:03 -0700] "POST /card/input HTTP/1.1" 200 4024
0:0:0:0:0:0:0:1 - - [03/Aug/2016:00:37:09 -0700] "GET /card/form?type=1&uid=18 HTTP/1.1" 200 3868
0:0:0:0:0:0:0:1 - - [03/Aug/2016:00:37:14 -0700] "POST /card/input HTTP/1.1" 302 -
0:0:0:0:0:0:0:1 - - [03/Aug/2016:00:37:14 -0700] "GET /card/tocard?cid=4&type=1 HTTP/1.1" 302 -
0:0:0:0:0:0:0:1 - - [03/Aug/2016:00:37:14 -0700] "GET /patient/zwy_form?cid=4&productType=1 HTTP/1.1" 200 15079
0:0:0:0:0:0:0:1 - - [03/Aug/2016:00:37:31 -0700] "POST /patient/input HTTP/1.1" 200 1451
0:0:0:0:0:0:0:1 - - [03/Aug/2016:00:37:31 -0700] "GET /clinic/image/submit.png HTTP/1.1" 404 138
0:0:0:0:0:0:0:1 - - [03/Aug/2016:00:37:31 -0700] "GET /clinic/image/bohao.png HTTP/1.1" 404 137
0:0:0:0:0:0:0:1 - - [03/Aug/2016:17:40:20 -0700] "GET /patient/list HTTP/1.1" 200 751
0:0:0:0:0:0:0:1 - - [03/Aug/2016:17:40:20 -0700] "GET /css/weui.min.css HTTP/1.1" 304 -
0:0:0:0:0:0:0:1 - - [03/Aug/2016:17:40:20 -0700] "GET /css/weixin.css HTTP/1.1" 304 -
0:0:0:0:0:0:0:1 - - [03/Aug/2016:17:40:20 -0700] "GET /clinic/js/js_adaption.js HTTP/1.1" 404 139
0:0:0:0:0:0:0:1 - - [03/Aug/2016:17:40:20 -0700] "GET /clinic/image/nopermission.png HTTP/1.1" 404 144
0:0:0:0:0:0:0:1 - - [03/Aug/2016:17:43:37 -0700] "GET /patient/list HTTP/1.1" 500 694
0:0:0:0:0:0:0:1 - - [03/Aug/2016:17:43:37 -0700] "GET /clinic/js/js_adaption.js HTTP/1.1" 404 139
0:0:0:0:0:0:0:1 - - [03/Aug/2016:17:43:37 -0700] "GET /clinic/image/404.png HTTP/1.1" 404 135
0:0:0:0:0:0:0:1 - - [03/Aug/2016:17:45:33 -0700] "GET /patient/list HTTP/1.1" 500 694
0:0:0:0:0:0:0:1 - - [03/Aug/2016:17:45:33 -0700] "GET /css/weui.min.css HTTP/1.1" 304 -
0:0:0:0:0:0:0:1 - - [03/Aug/2016:17:45:33 -0700] "GET /css/weixin.css HTTP/1.1" 304 -
0:0:0:0:0:0:0:1 - - [03/Aug/2016:17:45:33 -0700] "GET /clinic/js/js_adaption.js HTTP/1.1" 404 139
0:0:0:0:0:0:0:1 - - [03/Aug/2016:17:45:33 -0700] "GET /clinic/image/404.png HTTP/1.1" 404 135
0:0:0:0:0:0:0:1 - - [03/Aug/2016:17:45:33 -0700] "GET /favicon.ico HTTP/1.1" 200 946
0:0:0:0:0:0:0:1 - - [03/Aug/2016:17:53:18 -0700] "GET /patient/list HTTP/1.1" 500 694
0:0:0:0:0:0:0:1 - - [03/Aug/2016:17:53:18 -0700] "GET /clinic/js/js_adaption.js HTTP/1.1" 404 139
0:0:0:0:0:0:0:1 - - [03/Aug/2016:17:53:18 -0700] "GET /clinic/image/404.png HTTP/1.1" 404 135
0:0:0:0:0:0:0:1 - - [03/Aug/2016:17:53:56 -0700] "GET /patient/list HTTP/1.1" 200 16951
0:0:0:0:0:0:0:1 - - [03/Aug/2016:17:53:56 -0700] "GET /css/weixin.css HTTP/1.1" 304 -
0:0:0:0:0:0:0:1 - - [03/Aug/2016:17:53:56 -0700] "GET /css/weui.min.css HTTP/1.1" 304 -
0:0:0:0:0:0:0:1 - - [03/Aug/2016:17:53:56 -0700] "GET /js/js_adaption.js HTTP/1.1" 304 -
0:0:0:0:0:0:0:1 - - [03/Aug/2016:17:53:56 -0700] "GET /clinic/image/true.png HTTP/1.1" 404 136
0:0:0:0:0:0:0:1 - - [03/Aug/2016:17:53:56 -0700] "GET /clinic/image/yes.png HTTP/1.1" 404 135
0:0:0:0:0:0:0:1 - - [03/Aug/2016:17:53:56 -0700] "GET /favicon.ico HTTP/1.1" 200 946
0:0:0:0:0:0:0:1 - - [03/Aug/2016:18:02:33 -0700] "GET /patient/list HTTP/1.1" 200 16502
0:0:0:0:0:0:0:1 - - [03/Aug/2016:18:02:33 -0700] "GET /clinic/image/true.png HTTP/1.1" 404 136
0:0:0:0:0:0:0:1 - - [03/Aug/2016:18:02:33 -0700] "GET /clinic/image/yes.png HTTP/1.1" 404 135
0:0:0:0:0:0:0:1 - - [03/Aug/2016:18:26:50 -0700] "GET /code/form?code=1 HTTP/1.1" 200 3464
0:0:0:0:0:0:0:1 - - [03/Aug/2016:18:26:51 -0700] "GET /clinic/image/mzfw.png HTTP/1.1" 404 136
0:0:0:0:0:0:0:1 - - [03/Aug/2016:18:26:51 -0700] "GET /clinic/js/js_adaption.js HTTP/1.1" 404 139
0:0:0:0:0:0:0:1 - - [03/Aug/2016:18:26:51 -0700] "GET /clinic/image/mzfw.png HTTP/1.1" 404 136
0:0:0:0:0:0:0:1 - - [03/Aug/2016:18:26:51 -0700] "GET /clinic/image/mzfw_icon3.png HTTP/1.1" 404 142
0:0:0:0:0:0:0:1 - - [03/Aug/2016:18:26:51 -0700] "GET /clinic/image/mzfw_icon1.png HTTP/1.1" 404 142
0:0:0:0:0:0:0:1 - - [03/Aug/2016:18:26:51 -0700] "GET /clinic/image/left_arrow.png HTTP/1.1" 404 142
0:0:0:0:0:0:0:1 - - [03/Aug/2016:18:26:51 -0700] "GET /clinic/image/mzfw_icon2.png HTTP/1.1" 404 142
0:0:0:0:0:0:0:1 - - [03/Aug/2016:18:26:51 -0700] "GET /clinic/image/right_arrow.png HTTP/1.1" 404 143
0:0:0:0:0:0:0:1 - - [03/Aug/2016:18:26:51 -0700] "GET /clinic/js/jquery-1.7.2.js HTTP/1.1" 404 4
0:0:0:0:0:0:0:1 - - [03/Aug/2016:18:27:03 -0700] "GET /card/form?type=2&uid=18 HTTP/1.1" 200 3868
0:0:0:0:0:0:0:1 - - [03/Aug/2016:18:27:03 -0700] "GET /js/jquery-1.7.2.js HTTP/1.1" 304 -
0:0:0:0:0:0:0:1 - - [03/Aug/2016:18:27:03 -0700] "GET /image/0003-1.png HTTP/1.1" 304 -
0:0:0:0:0:0:0:1 - - [03/Aug/2016:18:28:03 -0700] "GET /image/0003-2.png HTTP/1.1" 304 -
0:0:0:0:0:0:0:1 - - [03/Aug/2016:18:28:03 -0700] "POST /card/input HTTP/1.1" 302 -
0:0:0:0:0:0:0:1 - - [03/Aug/2016:18:28:04 -0700] "GET /card/tocard?cid=4&type=2 HTTP/1.1" 302 -
0:0:0:0:0:0:0:1 - - [03/Aug/2016:18:28:04 -0700] "GET /patient/form?cid=4&productType=2 HTTP/1.1" 200 13719
0:0:0:0:0:0:0:1 - - [03/Aug/2016:18:28:27 -0700] "POST /patient/input HTTP/1.1" 200 1451
0:0:0:0:0:0:0:1 - - [03/Aug/2016:18:28:27 -0700] "GET /css/weui.css HTTP/1.1" 304 -
0:0:0:0:0:0:0:1 - - [03/Aug/2016:18:28:27 -0700] "GET /clinic/image/submit.png HTTP/1.1" 404 138
0:0:0:0:0:0:0:1 - - [03/Aug/2016:18:28:27 -0700] "GET /clinic/image/submit.png HTTP/1.1" 404 138
0:0:0:0:0:0:0:1 - - [03/Aug/2016:18:28:27 -0700] "GET /clinic/image/bohao.png HTTP/1.1" 404 137
0:0:0:0:0:0:0:1 - - [03/Aug/2016:18:34:49 -0700] "GET /code/form?code=1 HTTP/1.1" 200 3464
0:0:0:0:0:0:0:1 - - [03/Aug/2016:18:34:49 -0700] "GET /clinic/js/jquery-1.7.2.js HTTP/1.1" 404 140
0:0:0:0:0:0:0:1 - - [03/Aug/2016:18:34:49 -0700] "GET /clinic/js/js_adaption.js HTTP/1.1" 404 139
0:0:0:0:0:0:0:1 - - [03/Aug/2016:18:34:49 -0700] "GET /clinic/image/mzfw.png HTTP/1.1" 404 136
0:0:0:0:0:0:0:1 - - [03/Aug/2016:18:34:50 -0700] "GET /clinic/image/mzfw_icon1.png HTTP/1.1" 404 142
0:0:0:0:0:0:0:1 - - [03/Aug/2016:18:34:50 -0700] "GET /clinic/image/mzfw_icon3.png HTTP/1.1" 404 142
0:0:0:0:0:0:0:1 - - [03/Aug/2016:18:34:50 -0700] "GET /clinic/image/mzfw_icon2.png HTTP/1.1" 404 142
0:0:0:0:0:0:0:1 - - [03/Aug/2016:18:34:50 -0700] "GET /clinic/image/left_arrow.png HTTP/1.1" 404 142
0:0:0:0:0:0:0:1 - - [03/Aug/2016:18:34:50 -0700] "GET /clinic/image/right_arrow.png HTTP/1.1" 404 143
0:0:0:0:0:0:0:1 - - [03/Aug/2016:18:35:01 -0700] "GET /card/form?type=2&uid=18 HTTP/1.1" 200 3868
0:0:0:0:0:0:0:1 - - [03/Aug/2016:18:35:10 -0700] "POST /card/input HTTP/1.1" 302 -
0:0:0:0:0:0:0:1 - - [03/Aug/2016:18:35:10 -0700] "GET /card/tocard?cid=4&type=2 HTTP/1.1" 302 -
0:0:0:0:0:0:0:1 - - [03/Aug/2016:18:35:10 -0700] "GET /patient/form?cid=4&productType=2 HTTP/1.1" 200 13719
0:0:0:0:0:0:0:1 - - [03/Aug/2016:18:35:39 -0700] "POST /patient/input HTTP/1.1" 200 1451
0:0:0:0:0:0:0:1 - - [03/Aug/2016:18:35:39 -0700] "GET /clinic/image/bohao.png HTTP/1.1" 404 137
0:0:0:0:0:0:0:1 - - [03/Aug/2016:18:35:39 -0700] "GET /clinic/image/submit.png HTTP/1.1" 404 138
0:0:0:0:0:0:0:1 - - [03/Aug/2016:18:40:35 -0700] "GET /code/form?code=1 HTTP/1.1" 200 3464
0:0:0:0:0:0:0:1 - - [03/Aug/2016:18:40:35 -0700] "GET /clinic/js/jquery-1.7.2.js HTTP/1.1" 404 140
0:0:0:0:0:0:0:1 - - [03/Aug/2016:18:40:35 -0700] "GET /clinic/image/mzfw.png HTTP/1.1" 404 136
0:0:0:0:0:0:0:1 - - [03/Aug/2016:18:40:35 -0700] "GET /clinic/js/js_adaption.js HTTP/1.1" 404 139
0:0:0:0:0:0:0:1 - - [03/Aug/2016:18:40:35 -0700] "GET /clinic/image/mzfw_icon2.png HTTP/1.1" 404 142
0:0:0:0:0:0:0:1 - - [03/Aug/2016:18:40:35 -0700] "GET /clinic/image/mzfw_icon1.png HTTP/1.1" 404 142
0:0:0:0:0:0:0:1 - - [03/Aug/2016:18:40:35 -0700] "GET /clinic/image/mzfw_icon3.png HTTP/1.1" 404 142
0:0:0:0:0:0:0:1 - - [03/Aug/2016:18:40:35 -0700] "GET /clinic/image/mzfw.png HTTP/1.1" 404 136
0:0:0:0:0:0:0:1 - - [03/Aug/2016:18:40:35 -0700] "GET /clinic/image/right_arrow.png HTTP/1.1" 404 143
0:0:0:0:0:0:0:1 - - [03/Aug/2016:18:40:35 -0700] "GET /clinic/image/left_arrow.png HTTP/1.1" 404 142
0:0:0:0:0:0:0:1 - - [03/Aug/2016:18:40:38 -0700] "GET /card/form?type=2&uid=18 HTTP/1.1" 200 3868
0:0:0:0:0:0:0:1 - - [03/Aug/2016:18:40:52 -0700] "POST /card/input HTTP/1.1" 200 4009
0:0:0:0:0:0:0:1 - - [03/Aug/2016:18:41:07 -0700] "POST /card/input HTTP/1.1" 200 4009
0:0:0:0:0:0:0:1 - - [03/Aug/2016:18:41:59 -0700] "POST /card/input HTTP/1.1" 302 -
0:0:0:0:0:0:0:1 - - [03/Aug/2016:18:41:59 -0700] "GET /card/tocard?cid=4&type=2 HTTP/1.1" 302 -
0:0:0:0:0:0:0:1 - - [03/Aug/2016:18:41:59 -0700] "GET /patient/form?cid=4&productType=2 HTTP/1.1" 200 13719
0:0:0:0:0:0:0:1 - - [03/Aug/2016:18:42:34 -0700] "POST /patient/input HTTP/1.1" 200 1451
0:0:0:0:0:0:0:1 - - [03/Aug/2016:18:42:34 -0700] "GET /clinic/image/submit.png HTTP/1.1" 404 138
0:0:0:0:0:0:0:1 - - [03/Aug/2016:18:42:34 -0700] "GET /clinic/image/bohao.png HTTP/1.1" 404 137
0:0:0:0:0:0:0:1 - - [03/Aug/2016:18:46:31 -0700] "POST /patient/input HTTP/1.1" 200 699
0:0:0:0:0:0:0:1 - - [03/Aug/2016:18:46:31 -0700] "GET /css/weui.min.css HTTP/1.1" 304 -
0:0:0:0:0:0:0:1 - - [03/Aug/2016:18:46:31 -0700] "GET /css/weixin.css HTTP/1.1" 304 -
0:0:0:0:0:0:0:1 - - [03/Aug/2016:18:46:31 -0700] "GET /clinic/image/nopermission.png HTTP/1.1" 404 144
0:0:0:0:0:0:0:1 - - [03/Aug/2016:18:46:31 -0700] "GET /clinic/js/js_adaption.js HTTP/1.1" 404 139
0:0:0:0:0:0:0:1 - - [03/Aug/2016:18:46:31 -0700] "GET /clinic/image/nopermission.png HTTP/1.1" 404 144
0:0:0:0:0:0:0:1 - - [03/Aug/2016:18:46:31 -0700] "GET /favicon.ico HTTP/1.1" 200 946
0:0:0:0:0:0:0:1 - - [03/Aug/2016:18:46:38 -0700] "GET /code/form?code=1 HTTP/1.1" 200 3464
0:0:0:0:0:0:0:1 - - [03/Aug/2016:18:46:38 -0700] "GET /clinic/js/js_adaption.js HTTP/1.1" 404 139
0:0:0:0:0:0:0:1 - - [03/Aug/2016:18:46:38 -0700] "GET /clinic/js/jquery-1.7.2.js HTTP/1.1" 404 140
0:0:0:0:0:0:0:1 - - [03/Aug/2016:18:46:38 -0700] "GET /clinic/image/mzfw.png HTTP/1.1" 404 136
0:0:0:0:0:0:0:1 - - [03/Aug/2016:18:46:38 -0700] "GET /clinic/image/mzfw_icon2.png HTTP/1.1" 404 142
0:0:0:0:0:0:0:1 - - [03/Aug/2016:18:46:38 -0700] "GET /clinic/image/left_arrow.png HTTP/1.1" 404 142
0:0:0:0:0:0:0:1 - - [03/Aug/2016:18:46:38 -0700] "GET /clinic/image/mzfw_icon1.png HTTP/1.1" 404 142
0:0:0:0:0:0:0:1 - - [03/Aug/2016:18:46:38 -0700] "GET /clinic/image/right_arrow.png HTTP/1.1" 404 143
0:0:0:0:0:0:0:1 - - [03/Aug/2016:18:46:38 -0700] "GET /clinic/image/mzfw_icon3.png HTTP/1.1" 404 142
0:0:0:0:0:0:0:1 - - [03/Aug/2016:18:46:42 -0700] "GET /card/form?type=2&uid=18 HTTP/1.1" 200 3868
0:0:0:0:0:0:0:1 - - [03/Aug/2016:18:47:18 -0700] "POST /card/input HTTP/1.1" 200 4009
0:0:0:0:0:0:0:1 - - [03/Aug/2016:18:47:37 -0700] "POST /card/input HTTP/1.1" 302 -
0:0:0:0:0:0:0:1 - - [03/Aug/2016:18:47:37 -0700] "GET /card/tocard?cid=4&type=2 HTTP/1.1" 302 -
0:0:0:0:0:0:0:1 - - [03/Aug/2016:18:47:37 -0700] "GET /patient/form?cid=4&productType=2 HTTP/1.1" 200 13719
0:0:0:0:0:0:0:1 - - [03/Aug/2016:18:48:13 -0700] "POST /patient/input HTTP/1.1" 200 1451
0:0:0:0:0:0:0:1 - - [03/Aug/2016:18:48:13 -0700] "GET /clinic/image/submit.png HTTP/1.1" 404 138
0:0:0:0:0:0:0:1 - - [03/Aug/2016:18:48:13 -0700] "GET /clinic/image/bohao.png HTTP/1.1" 404 137
0:0:0:0:0:0:0:1 - - [03/Aug/2016:23:44:54 -0700] "GET /code/form?code=1 HTTP/1.1" 500 694
0:0:0:0:0:0:0:1 - - [03/Aug/2016:23:44:54 -0700] "GET /css/weui.min.css HTTP/1.1" 304 -
0:0:0:0:0:0:0:1 - - [03/Aug/2016:23:44:54 -0700] "GET /clinic/image/404.png HTTP/1.1" 404 135
0:0:0:0:0:0:0:1 - - [03/Aug/2016:23:44:54 -0700] "GET /css/weixin.css HTTP/1.1" 304 -
0:0:0:0:0:0:0:1 - - [03/Aug/2016:23:44:54 -0700] "GET /clinic/js/js_adaption.js HTTP/1.1" 404 139
0:0:0:0:0:0:0:1 - - [03/Aug/2016:23:44:55 -0700] "GET /clinic/image/404.png HTTP/1.1" 404 135
0:0:0:0:0:0:0:1 - - [03/Aug/2016:23:48:09 -0700] "GET /cp HTTP/1.1" 404 694
0:0:0:0:0:0:0:1 - - [03/Aug/2016:23:48:10 -0700] "GET /css/weixin.css HTTP/1.1" 304 -
0:0:0:0:0:0:0:1 - - [03/Aug/2016:23:48:10 -0700] "GET /css/weui.min.css HTTP/1.1" 304 -
0:0:0:0:0:0:0:1 - - [03/Aug/2016:23:48:10 -0700] "GET /clinic/image/404.png HTTP/1.1" 404 135
0:0:0:0:0:0:0:1 - - [03/Aug/2016:23:48:10 -0700] "GET /clinic/js/js_adaption.js HTTP/1.1" 404 139
0:0:0:0:0:0:0:1 - - [03/Aug/2016:23:48:18 -0700] "GET /code/form?code=1 HTTP/1.1" 302 -
0:0:0:0:0:0:0:1 - - [03/Aug/2016:23:48:19 -0700] "GET /code/input?openid=1 HTTP/1.1" 200 3946
0:0:0:0:0:0:0:1 - - [03/Aug/2016:23:48:20 -0700] "GET /js/js_adaption.js HTTP/1.1" 304 -
0:0:0:0:0:0:0:1 - - [03/Aug/2016:23:48:20 -0700] "GET /js/jquery-1.7.2.js HTTP/1.1" 304 -
0:0:0:0:0:0:0:1 - - [03/Aug/2016:23:48:30 -0700] "GET /code/send?param=18616288051%201 HTTP/1.1" 200 1
0:0:0:0:0:0:0:1 - - [03/Aug/2016:23:48:47 -0700] "POST /code/save HTTP/1.1" 200 3464
0:0:0:0:0:0:0:1 - - [03/Aug/2016:23:48:47 -0700] "GET /clinic/js/js_adaption.js HTTP/1.1" 404 139
0:0:0:0:0:0:0:1 - - [03/Aug/2016:23:48:47 -0700] "GET /clinic/image/mzfw.png HTTP/1.1" 404 136
0:0:0:0:0:0:0:1 - - [03/Aug/2016:23:48:47 -0700] "GET /clinic/image/mzfw_icon1.png HTTP/1.1" 404 142
0:0:0:0:0:0:0:1 - - [03/Aug/2016:23:48:47 -0700] "GET /clinic/image/mzfw_icon2.png HTTP/1.1" 404 142
0:0:0:0:0:0:0:1 - - [03/Aug/2016:23:48:47 -0700] "GET /clinic/image/mzfw_icon3.png HTTP/1.1" 404 142
0:0:0:0:0:0:0:1 - - [03/Aug/2016:23:48:47 -0700] "GET /clinic/js/jquery-1.7.2.js HTTP/1.1" 404 140
0:0:0:0:0:0:0:1 - - [03/Aug/2016:23:48:47 -0700] "GET /clinic/image/mzfw_icon1.png HTTP/1.1" 404 142
0:0:0:0:0:0:0:1 - - [03/Aug/2016:23:48:47 -0700] "GET /clinic/image/mzfw.png HTTP/1.1" 404 136
0:0:0:0:0:0:0:1 - - [03/Aug/2016:23:48:47 -0700] "GET /clinic/image/mzfw_icon3.png HTTP/1.1" 404 142
0:0:0:0:0:0:0:1 - - [03/Aug/2016:23:48:47 -0700] "GET /clinic/image/mzfw_icon2.png HTTP/1.1" 404 142
0:0:0:0:0:0:0:1 - - [03/Aug/2016:23:48:47 -0700] "GET /clinic/image/left_arrow.png HTTP/1.1" 404 142
0:0:0:0:0:0:0:1 - - [03/Aug/2016:23:48:47 -0700] "GET /clinic/image/right_arrow.png HTTP/1.1" 404 143
0:0:0:0:0:0:0:1 - - [03/Aug/2016:23:48:48 -0700] "GET /card/form?type=1&uid=18 HTTP/1.1" 200 3868
0:0:0:0:0:0:0:1 - - [03/Aug/2016:23:48:48 -0700] "GET /image/0003-1.png HTTP/1.1" 304 -
0:0:0:0:0:0:0:1 - - [03/Aug/2016:23:48:56 -0700] "GET /image/0003-2.png HTTP/1.1" 304 -
0:0:0:0:0:0:0:1 - - [03/Aug/2016:23:48:56 -0700] "POST /card/input HTTP/1.1" 200 4024
0:0:0:0:0:0:0:1 - - [03/Aug/2016:23:49:17 -0700] "POST /card/input HTTP/1.1" 302 -
0:0:0:0:0:0:0:1 - - [03/Aug/2016:23:49:17 -0700] "GET /card/tocard?cid=4&type=1 HTTP/1.1" 302 -
0:0:0:0:0:0:0:1 - - [03/Aug/2016:23:49:17 -0700] "GET /patient/zwy_form?cid=4&productType=1 HTTP/1.1" 200 15079
