0:0:0:0:0:0:0:1 - - [12/Aug/2016:02:00:34 -0700] "GET /code/form?code=1 HTTP/1.1" 302 -
0:0:0:0:0:0:0:1 - - [12/Aug/2016:02:00:35 -0700] "GET /code/input?openid=1 HTTP/1.1" 200 3949
0:0:0:0:0:0:0:1 - - [12/Aug/2016:02:00:35 -0700] "GET /js/js_adaption.js HTTP/1.1" 200 235
0:0:0:0:0:0:0:1 - - [12/Aug/2016:02:00:35 -0700] "GET /css/weixin.css HTTP/1.1" 200 2424
0:0:0:0:0:0:0:1 - - [12/Aug/2016:02:00:35 -0700] "GET /css/weui.min.css HTTP/1.1" 200 48819
0:0:0:0:0:0:0:1 - - [12/Aug/2016:02:00:35 -0700] "GET /js/jquery-1.7.2.js HTTP/1.1" 200 283887
0:0:0:0:0:0:0:1 - - [12/Aug/2016:02:00:35 -0700] "GET /favicon.ico HTTP/1.1" 200 946
0:0:0:0:0:0:0:1 - - [12/Aug/2016:02:00:44 -0700] "GET /code/input?openid=1 HTTP/1.1" 200 3949
0:0:0:0:0:0:0:1 - - [12/Aug/2016:02:00:44 -0700] "GET /css/weui.min.css HTTP/1.1" 304 -
0:0:0:0:0:0:0:1 - - [12/Aug/2016:02:00:44 -0700] "GET /js/jquery-1.7.2.js HTTP/1.1" 304 -
0:0:0:0:0:0:0:1 - - [12/Aug/2016:02:00:44 -0700] "GET /css/weixin.css HTTP/1.1" 304 -
0:0:0:0:0:0:0:1 - - [12/Aug/2016:02:00:44 -0700] "GET /js/js_adaption.js HTTP/1.1" 304 -
0:0:0:0:0:0:0:1 - - [12/Aug/2016:02:00:44 -0700] "GET /favicon.ico HTTP/1.1" 200 946
0:0:0:0:0:0:0:1 - - [12/Aug/2016:02:00:52 -0700] "GET /code/send?param=18616288051%201 HTTP/1.1" 200 1
0:0:0:0:0:0:0:1 - - [12/Aug/2016:02:01:08 -0700] "POST /code/save HTTP/1.1" 200 3464
0:0:0:0:0:0:0:1 - - [12/Aug/2016:02:01:09 -0700] "GET /clinic/js/js_adaption.js HTTP/1.1" 404 139
0:0:0:0:0:0:0:1 - - [12/Aug/2016:02:01:09 -0700] "GET /clinic/js/jquery-1.7.2.js HTTP/1.1" 404 140
0:0:0:0:0:0:0:1 - - [12/Aug/2016:02:01:09 -0700] "GET /clinic/image/mzfw.png HTTP/1.1" 404 136
0:0:0:0:0:0:0:1 - - [12/Aug/2016:02:01:09 -0700] "GET /clinic/image/mzfw_icon1.png HTTP/1.1" 404 142
0:0:0:0:0:0:0:1 - - [12/Aug/2016:02:01:09 -0700] "GET /clinic/image/mzfw_icon3.png HTTP/1.1" 404 142
0:0:0:0:0:0:0:1 - - [12/Aug/2016:02:01:09 -0700] "GET /clinic/image/left_arrow.png HTTP/1.1" 404 142
0:0:0:0:0:0:0:1 - - [12/Aug/2016:02:01:09 -0700] "GET /clinic/image/mzfw_icon2.png HTTP/1.1" 404 142
0:0:0:0:0:0:0:1 - - [12/Aug/2016:02:01:09 -0700] "GET /clinic/image/right_arrow.png HTTP/1.1" 404 143
0:0:0:0:0:0:0:1 - - [12/Aug/2016:02:01:12 -0700] "GET /card/form?type=1&uid=29 HTTP/1.1" 200 3868
0:0:0:0:0:0:0:1 - - [12/Aug/2016:02:01:13 -0700] "GET /image/0003-1.png HTTP/1.1" 200 1321
0:0:0:0:0:0:0:1 - - [12/Aug/2016:02:01:41 -0700] "GET /image/0003-2.png HTTP/1.1" 200 3502
0:0:0:0:0:0:0:1 - - [12/Aug/2016:02:01:42 -0700] "POST /card/input HTTP/1.1" 302 -
0:0:0:0:0:0:0:1 - - [12/Aug/2016:02:01:42 -0700] "GET /card/tocard?cid=4&type=1 HTTP/1.1" 302 -
0:0:0:0:0:0:0:1 - - [12/Aug/2016:02:01:42 -0700] "GET /patient/zwy_form?cid=4&productType=1 HTTP/1.1" 200 15077
0:0:0:0:0:0:0:1 - - [12/Aug/2016:02:26:50 -0700] "GET /css/weui.min.css HTTP/1.1" 304 -
0:0:0:0:0:0:0:1 - - [12/Aug/2016:02:26:50 -0700] "GET /css/weixin.css HTTP/1.1" 304 -
0:0:0:0:0:0:0:1 - - [12/Aug/2016:02:26:53 -0700] "POST /code/save HTTP/1.1" 200 4064
0:0:0:0:0:0:0:1 - - [12/Aug/2016:02:26:53 -0700] "GET /css/weixin.css HTTP/1.1" 304 -
0:0:0:0:0:0:0:1 - - [12/Aug/2016:02:26:53 -0700] "GET /js/jquery-1.7.2.js HTTP/1.1" 304 -
0:0:0:0:0:0:0:1 - - [12/Aug/2016:02:26:53 -0700] "GET /js/js_adaption.js HTTP/1.1" 304 -
0:0:0:0:0:0:0:1 - - [12/Aug/2016:02:26:53 -0700] "GET /css/weui.min.css HTTP/1.1" 304 -
0:0:0:0:0:0:0:1 - - [12/Aug/2016:02:26:54 -0700] "GET /favicon.ico HTTP/1.1" 200 946
0:0:0:0:0:0:0:1 - - [12/Aug/2016:02:26:55 -0700] "POST /code/save HTTP/1.1" 200 4064
0:0:0:0:0:0:0:1 - - [12/Aug/2016:02:26:57 -0700] "GET /code/send?param=18616288051%201 HTTP/1.1" 200 1
0:0:0:0:0:0:0:1 - - [12/Aug/2016:02:27:27 -0700] "POST /code/save HTTP/1.1" 500 694
0:0:0:0:0:0:0:1 - - [12/Aug/2016:02:27:27 -0700] "GET /clinic/js/js_adaption.js HTTP/1.1" 404 139
0:0:0:0:0:0:0:1 - - [12/Aug/2016:02:27:27 -0700] "GET /clinic/image/404.png HTTP/1.1" 404 135
0:0:0:0:0:0:0:1 - - [12/Aug/2016:02:29:09 -0700] "GET /code/form?code=1 HTTP/1.1" 302 -
0:0:0:0:0:0:0:1 - - [12/Aug/2016:02:29:10 -0700] "GET /code/input?openid=1 HTTP/1.1" 200 3949
0:0:0:0:0:0:0:1 - - [12/Aug/2016:02:29:16 -0700] "GET /code/send?param=18616288051%201 HTTP/1.1" 200 1
0:0:0:0:0:0:0:1 - - [12/Aug/2016:02:29:30 -0700] "POST /code/save HTTP/1.1" 500 694
0:0:0:0:0:0:0:1 - - [12/Aug/2016:02:29:31 -0700] "GET /clinic/js/js_adaption.js HTTP/1.1" 404 139
0:0:0:0:0:0:0:1 - - [12/Aug/2016:02:29:31 -0700] "GET /clinic/image/404.png HTTP/1.1" 404 135
0:0:0:0:0:0:0:1 - - [12/Aug/2016:02:30:24 -0700] "GET /code/form?code=1 HTTP/1.1" 302 -
0:0:0:0:0:0:0:1 - - [12/Aug/2016:02:30:25 -0700] "GET /code/input?openid=1 HTTP/1.1" 200 3949
0:0:0:0:0:0:0:1 - - [12/Aug/2016:02:30:30 -0700] "GET /code/send?param=18616288051%201 HTTP/1.1" 200 1
0:0:0:0:0:0:0:1 - - [12/Aug/2016:02:30:42 -0700] "POST /code/save HTTP/1.1" 500 694
0:0:0:0:0:0:0:1 - - [12/Aug/2016:02:30:42 -0700] "GET /clinic/image/404.png HTTP/1.1" 404 135
0:0:0:0:0:0:0:1 - - [12/Aug/2016:02:30:42 -0700] "GET /clinic/js/js_adaption.js HTTP/1.1" 404 139
0:0:0:0:0:0:0:1 - - [12/Aug/2016:02:31:38 -0700] "POST /code/save HTTP/1.1" 200 3480
0:0:0:0:0:0:0:1 - - [12/Aug/2016:02:31:38 -0700] "GET /clinic/js/js_adaption.js HTTP/1.1" 404 139
0:0:0:0:0:0:0:1 - - [12/Aug/2016:02:31:38 -0700] "GET /css/weui.min.css HTTP/1.1" 304 -
0:0:0:0:0:0:0:1 - - [12/Aug/2016:02:31:38 -0700] "GET /css/weixin.css HTTP/1.1" 304 -
0:0:0:0:0:0:0:1 - - [12/Aug/2016:02:31:38 -0700] "GET /clinic/image/mzfw.png HTTP/1.1" 404 136
0:0:0:0:0:0:0:1 - - [12/Aug/2016:02:31:38 -0700] "GET /clinic/js/jquery-1.7.2.js HTTP/1.1" 404 140
0:0:0:0:0:0:0:1 - - [12/Aug/2016:02:31:38 -0700] "GET /clinic/image/mzfw_icon1.png HTTP/1.1" 404 142
0:0:0:0:0:0:0:1 - - [12/Aug/2016:02:31:38 -0700] "GET /clinic/image/mzfw_icon3.png HTTP/1.1" 404 142
0:0:0:0:0:0:0:1 - - [12/Aug/2016:02:31:38 -0700] "GET /clinic/image/mzfw_icon2.png HTTP/1.1" 404 142
0:0:0:0:0:0:0:1 - - [12/Aug/2016:02:31:38 -0700] "GET /clinic/image/mzfw.png HTTP/1.1" 404 136
0:0:0:0:0:0:0:1 - - [12/Aug/2016:02:31:38 -0700] "GET /clinic/image/left_arrow.png HTTP/1.1" 404 142
0:0:0:0:0:0:0:1 - - [12/Aug/2016:02:31:38 -0700] "GET /clinic/image/right_arrow.png HTTP/1.1" 404 143
0:0:0:0:0:0:0:1 - - [12/Aug/2016:02:31:38 -0700] "GET /favicon.ico HTTP/1.1" 200 946
0:0:0:0:0:0:0:1 - - [12/Aug/2016:02:31:41 -0700] "GET /card/form?type=1&uid=29 HTTP/1.1" 200 3868
0:0:0:0:0:0:0:1 - - [12/Aug/2016:02:31:41 -0700] "GET /image/0003-1.png HTTP/1.1" 304 -
0:0:0:0:0:0:0:1 - - [12/Aug/2016:02:39:22 -0700] "GET /image/0003-2.png HTTP/1.1" 304 -
0:0:0:0:0:0:0:1 - - [12/Aug/2016:02:39:23 -0700] "POST /card/input HTTP/1.1" 200 4024
0:0:0:0:0:0:0:1 - - [12/Aug/2016:02:39:23 -0700] "GET /css/weui.min.css HTTP/1.1" 304 -
0:0:0:0:0:0:0:1 - - [12/Aug/2016:02:39:23 -0700] "GET /css/weixin.css HTTP/1.1" 304 -
0:0:0:0:0:0:0:1 - - [12/Aug/2016:02:39:23 -0700] "GET /js/jquery-1.7.2.js HTTP/1.1" 304 -
0:0:0:0:0:0:0:1 - - [12/Aug/2016:02:39:23 -0700] "GET /js/js_adaption.js HTTP/1.1" 304 -
0:0:0:0:0:0:0:1 - - [12/Aug/2016:02:39:23 -0700] "GET /image/0003-1.png HTTP/1.1" 304 -
0:0:0:0:0:0:0:1 - - [12/Aug/2016:02:39:37 -0700] "POST /card/input HTTP/1.1" 302 -
0:0:0:0:0:0:0:1 - - [12/Aug/2016:02:39:37 -0700] "GET /card/tocard?cid=4&type=1 HTTP/1.1" 302 -
0:0:0:0:0:0:0:1 - - [12/Aug/2016:02:39:38 -0700] "GET /patient/zwy_form?cid=4&productType=1 HTTP/1.1" 200 15077
