0:0:0:0:0:0:0:1 - - [08/Jul/2016:00:00:00 -0700] "GET /patient/form?uid=9&cid=4 HTTP/1.1" 200 10336
0:0:0:0:0:0:0:1 - - [08/Jul/2016:00:00:01 -0700] "GET /js/jquery-1.7.2.js HTTP/1.1" 304 -
0:0:0:0:0:0:0:1 - - [08/Jul/2016:00:00:01 -0700] "GET /js/js_adaption.js HTTP/1.1" 304 -
0:0:0:0:0:0:0:1 - - [08/Jul/2016:00:00:01 -0700] "GET /css/weui.min.css HTTP/1.1" 304 -
0:0:0:0:0:0:0:1 - - [08/Jul/2016:00:00:01 -0700] "GET /css/weixin.css HTTP/1.1" 304 -
0:0:0:0:0:0:0:1 - - [08/Jul/2016:00:00:01 -0700] "GET /favicon.ico HTTP/1.1" 200 946
0:0:0:0:0:0:0:1 - - [08/Jul/2016:00:03:20 -0700] "GET /patient/form?uid=9&cid=4 HTTP/1.1" 200 10371
0:0:0:0:0:0:0:1 - - [08/Jul/2016:00:03:20 -0700] "GET /css/weixin.css HTTP/1.1" 304 -
0:0:0:0:0:0:0:1 - - [08/Jul/2016:00:03:20 -0700] "GET /css/weui.min.css HTTP/1.1" 304 -
0:0:0:0:0:0:0:1 - - [08/Jul/2016:00:03:20 -0700] "GET /js/js_adaption.js HTTP/1.1" 304 -
0:0:0:0:0:0:0:1 - - [08/Jul/2016:00:03:20 -0700] "GET /js/jquery-1.7.2.js HTTP/1.1" 304 -
0:0:0:0:0:0:0:1 - - [08/Jul/2016:00:03:20 -0700] "GET /js/js5.js HTTP/1.1" 304 -
0:0:0:0:0:0:0:1 - - [08/Jul/2016:00:03:20 -0700] "GET /favicon.ico HTTP/1.1" 200 946
0:0:0:0:0:0:0:1 - - [08/Jul/2016:00:11:20 -0700] "GET /patient/form?uid=9&cid=4 HTTP/1.1" 500 504
0:0:0:0:0:0:0:1 - - [08/Jul/2016:00:11:20 -0700] "GET /css/example.css HTTP/1.1" 304 -
0:0:0:0:0:0:0:1 - - [08/Jul/2016:00:11:20 -0700] "GET /css/weui.css HTTP/1.1" 304 -
0:0:0:0:0:0:0:1 - - [08/Jul/2016:00:11:20 -0700] "GET /css/bootstrap.min.css HTTP/1.1" 304 -
0:0:0:0:0:0:0:1 - - [08/Jul/2016:00:11:20 -0700] "GET /favicon.ico HTTP/1.1" 200 946
0:0:0:0:0:0:0:1 - - [08/Jul/2016:00:11:33 -0700] "GET /patient/form?uid=9&cid=4 HTTP/1.1" 200 10111
0:0:0:0:0:0:0:1 - - [08/Jul/2016:00:11:33 -0700] "GET /css/weui.min.css HTTP/1.1" 304 -
0:0:0:0:0:0:0:1 - - [08/Jul/2016:00:11:33 -0700] "GET /css/weixin.css HTTP/1.1" 304 -
0:0:0:0:0:0:0:1 - - [08/Jul/2016:00:11:33 -0700] "GET /js/jquery-1.7.2.js HTTP/1.1" 304 -
0:0:0:0:0:0:0:1 - - [08/Jul/2016:00:11:33 -0700] "GET /js/js_adaption.js HTTP/1.1" 304 -
0:0:0:0:0:0:0:1 - - [08/Jul/2016:00:11:33 -0700] "GET /favicon.ico HTTP/1.1" 200 946
0:0:0:0:0:0:0:1 - - [08/Jul/2016:00:12:20 -0700] "GET /patient/form?uid=9&cid=4 HTTP/1.1" 200 10158
0:0:0:0:0:0:0:1 - - [08/Jul/2016:00:12:20 -0700] "GET /css/weui.min.css HTTP/1.1" 304 -
0:0:0:0:0:0:0:1 - - [08/Jul/2016:00:12:20 -0700] "GET /css/weixin.css HTTP/1.1" 304 -
0:0:0:0:0:0:0:1 - - [08/Jul/2016:00:12:20 -0700] "GET /js/jquery-1.7.2.js HTTP/1.1" 304 -
0:0:0:0:0:0:0:1 - - [08/Jul/2016:00:12:20 -0700] "GET /js/js_adaption.js HTTP/1.1" 304 -
0:0:0:0:0:0:0:1 - - [08/Jul/2016:00:12:20 -0700] "GET /favicon.ico HTTP/1.1" 200 946
0:0:0:0:0:0:0:1 - - [08/Jul/2016:00:12:52 -0700] "GET /patient/form?uid=9&cid=4 HTTP/1.1" 200 10159
0:0:0:0:0:0:0:1 - - [08/Jul/2016:00:12:52 -0700] "GET /css/weui.min.css HTTP/1.1" 304 -
0:0:0:0:0:0:0:1 - - [08/Jul/2016:00:12:52 -0700] "GET /css/weixin.css HTTP/1.1" 304 -
0:0:0:0:0:0:0:1 - - [08/Jul/2016:00:12:52 -0700] "GET /js/jquery-1.7.2.js HTTP/1.1" 304 -
0:0:0:0:0:0:0:1 - - [08/Jul/2016:00:12:52 -0700] "GET /js/js_adaption.js HTTP/1.1" 304 -
0:0:0:0:0:0:0:1 - - [08/Jul/2016:00:12:52 -0700] "GET /favicon.ico HTTP/1.1" 200 946
0:0:0:0:0:0:0:1 - - [08/Jul/2016:00:13:32 -0700] "GET /patient/form?uid=9&cid=4 HTTP/1.1" 200 10159
0:0:0:0:0:0:0:1 - - [08/Jul/2016:00:13:32 -0700] "GET /css/weixin.css HTTP/1.1" 304 -
0:0:0:0:0:0:0:1 - - [08/Jul/2016:00:13:32 -0700] "GET /css/weui.min.css HTTP/1.1" 304 -
0:0:0:0:0:0:0:1 - - [08/Jul/2016:00:13:32 -0700] "GET /js/jquery-1.7.2.js HTTP/1.1" 304 -
0:0:0:0:0:0:0:1 - - [08/Jul/2016:00:13:32 -0700] "GET /js/js_adaption.js HTTP/1.1" 304 -
0:0:0:0:0:0:0:1 - - [08/Jul/2016:00:13:32 -0700] "GET /favicon.ico HTTP/1.1" 200 946
0:0:0:0:0:0:0:1 - - [08/Jul/2016:00:13:36 -0700] "GET /patient/form?uid=9&cid=4 HTTP/1.1" 200 10213
0:0:0:0:0:0:0:1 - - [08/Jul/2016:00:13:37 -0700] "GET /css/weui.min.css HTTP/1.1" 304 -
0:0:0:0:0:0:0:1 - - [08/Jul/2016:00:13:37 -0700] "GET /css/weixin.css HTTP/1.1" 304 -
0:0:0:0:0:0:0:1 - - [08/Jul/2016:00:13:37 -0700] "GET /js/jquery-1.7.2.js HTTP/1.1" 304 -
0:0:0:0:0:0:0:1 - - [08/Jul/2016:00:13:37 -0700] "GET /js/js_adaption.js HTTP/1.1" 304 -
0:0:0:0:0:0:0:1 - - [08/Jul/2016:00:13:37 -0700] "GET /favicon.ico HTTP/1.1" 200 946
0:0:0:0:0:0:0:1 - - [08/Jul/2016:00:14:21 -0700] "GET /patient/form?uid=9&cid=4 HTTP/1.1" 200 10254
0:0:0:0:0:0:0:1 - - [08/Jul/2016:00:14:22 -0700] "GET /css/weui.min.css HTTP/1.1" 304 -
0:0:0:0:0:0:0:1 - - [08/Jul/2016:00:14:22 -0700] "GET /js/jquery-1.7.2.js HTTP/1.1" 304 -
0:0:0:0:0:0:0:1 - - [08/Jul/2016:00:14:22 -0700] "GET /css/weixin.css HTTP/1.1" 304 -
0:0:0:0:0:0:0:1 - - [08/Jul/2016:00:14:22 -0700] "GET /js/js_adaption.js HTTP/1.1" 304 -
0:0:0:0:0:0:0:1 - - [08/Jul/2016:00:14:22 -0700] "GET /favicon.ico HTTP/1.1" 200 946
0:0:0:0:0:0:0:1 - - [08/Jul/2016:00:24:55 -0700] "GET /patient/form?uid=9&cid=4 HTTP/1.1" 200 10273
0:0:0:0:0:0:0:1 - - [08/Jul/2016:00:24:55 -0700] "GET /css/weui.min.css HTTP/1.1" 304 -
0:0:0:0:0:0:0:1 - - [08/Jul/2016:00:24:55 -0700] "GET /css/weixin.css HTTP/1.1" 304 -
0:0:0:0:0:0:0:1 - - [08/Jul/2016:00:24:55 -0700] "GET /js/js_adaption.js HTTP/1.1" 304 -
0:0:0:0:0:0:0:1 - - [08/Jul/2016:00:24:55 -0700] "GET /js/jquery-1.7.2.js HTTP/1.1" 304 -
0:0:0:0:0:0:0:1 - - [08/Jul/2016:00:24:55 -0700] "GET /favicon.ico HTTP/1.1" 200 946
0:0:0:0:0:0:0:1 - - [08/Jul/2016:00:25:06 -0700] "GET /patient/form?uid=9&cid=4 HTTP/1.1" 200 10254
0:0:0:0:0:0:0:1 - - [08/Jul/2016:00:25:06 -0700] "GET /css/weui.min.css HTTP/1.1" 304 -
0:0:0:0:0:0:0:1 - - [08/Jul/2016:00:25:06 -0700] "GET /css/weixin.css HTTP/1.1" 304 -
0:0:0:0:0:0:0:1 - - [08/Jul/2016:00:25:06 -0700] "GET /js/js_adaption.js HTTP/1.1" 304 -
0:0:0:0:0:0:0:1 - - [08/Jul/2016:00:25:06 -0700] "GET /js/jquery-1.7.2.js HTTP/1.1" 304 -
0:0:0:0:0:0:0:1 - - [08/Jul/2016:00:25:06 -0700] "GET /favicon.ico HTTP/1.1" 200 946
0:0:0:0:0:0:0:1 - - [08/Jul/2016:00:27:04 -0700] "GET /patient/form?uid=9&cid=4 HTTP/1.1" 200 10279
0:0:0:0:0:0:0:1 - - [08/Jul/2016:00:27:04 -0700] "GET /css/weixin.css HTTP/1.1" 304 -
0:0:0:0:0:0:0:1 - - [08/Jul/2016:00:27:04 -0700] "GET /css/weui.min.css HTTP/1.1" 304 -
0:0:0:0:0:0:0:1 - - [08/Jul/2016:00:27:04 -0700] "GET /js/jquery-1.7.2.js HTTP/1.1" 304 -
0:0:0:0:0:0:0:1 - - [08/Jul/2016:00:27:04 -0700] "GET /js/js_adaption.js HTTP/1.1" 304 -
0:0:0:0:0:0:0:1 - - [08/Jul/2016:00:27:04 -0700] "GET /favicon.ico HTTP/1.1" 200 946
0:0:0:0:0:0:0:1 - - [08/Jul/2016:00:27:12 -0700] "GET /patient/form?uid=9&cid=4 HTTP/1.1" 200 10279
0:0:0:0:0:0:0:1 - - [08/Jul/2016:00:27:12 -0700] "GET /css/weixin.css HTTP/1.1" 304 -
0:0:0:0:0:0:0:1 - - [08/Jul/2016:00:27:12 -0700] "GET /css/weui.min.css HTTP/1.1" 304 -
0:0:0:0:0:0:0:1 - - [08/Jul/2016:00:27:12 -0700] "GET /js/jquery-1.7.2.js HTTP/1.1" 304 -
0:0:0:0:0:0:0:1 - - [08/Jul/2016:00:27:12 -0700] "GET /js/js_adaption.js HTTP/1.1" 304 -
0:0:0:0:0:0:0:1 - - [08/Jul/2016:00:27:13 -0700] "GET /favicon.ico HTTP/1.1" 200 946
0:0:0:0:0:0:0:1 - - [08/Jul/2016:00:28:07 -0700] "GET /patient/form?uid=9&cid=4 HTTP/1.1" 200 10293
0:0:0:0:0:0:0:1 - - [08/Jul/2016:00:28:07 -0700] "GET /css/weui.min.css HTTP/1.1" 304 -
0:0:0:0:0:0:0:1 - - [08/Jul/2016:00:28:07 -0700] "GET /css/weixin.css HTTP/1.1" 304 -
0:0:0:0:0:0:0:1 - - [08/Jul/2016:00:28:07 -0700] "GET /js/jquery-1.7.2.js HTTP/1.1" 304 -
0:0:0:0:0:0:0:1 - - [08/Jul/2016:00:28:07 -0700] "GET /js/js_adaption.js HTTP/1.1" 304 -
0:0:0:0:0:0:0:1 - - [08/Jul/2016:00:28:07 -0700] "GET /favicon.ico HTTP/1.1" 200 946
0:0:0:0:0:0:0:1 - - [08/Jul/2016:00:28:51 -0700] "GET /patient/form?uid=9&cid=4 HTTP/1.1" 200 10308
0:0:0:0:0:0:0:1 - - [08/Jul/2016:00:28:51 -0700] "GET /css/weui.min.css HTTP/1.1" 304 -
0:0:0:0:0:0:0:1 - - [08/Jul/2016:00:28:51 -0700] "GET /css/weixin.css HTTP/1.1" 304 -
0:0:0:0:0:0:0:1 - - [08/Jul/2016:00:28:51 -0700] "GET /js/jquery-1.7.2.js HTTP/1.1" 304 -
0:0:0:0:0:0:0:1 - - [08/Jul/2016:00:28:51 -0700] "GET /js/js_adaption.js HTTP/1.1" 304 -
0:0:0:0:0:0:0:1 - - [08/Jul/2016:00:28:51 -0700] "GET /favicon.ico HTTP/1.1" 200 946
0:0:0:0:0:0:0:1 - - [08/Jul/2016:00:30:27 -0700] "GET /patient/form?uid=9&cid=4 HTTP/1.1" 200 10444
0:0:0:0:0:0:0:1 - - [08/Jul/2016:00:30:27 -0700] "GET /css/weui.min.css HTTP/1.1" 304 -
0:0:0:0:0:0:0:1 - - [08/Jul/2016:00:30:27 -0700] "GET /css/weixin.css HTTP/1.1" 304 -
0:0:0:0:0:0:0:1 - - [08/Jul/2016:00:30:27 -0700] "GET /js/jquery-1.7.2.js HTTP/1.1" 304 -
0:0:0:0:0:0:0:1 - - [08/Jul/2016:00:30:27 -0700] "GET /js/js_adaption.js HTTP/1.1" 304 -
0:0:0:0:0:0:0:1 - - [08/Jul/2016:00:30:27 -0700] "GET /favicon.ico HTTP/1.1" 200 946
0:0:0:0:0:0:0:1 - - [08/Jul/2016:00:30:51 -0700] "GET /patient/form?uid=9&cid=4 HTTP/1.1" 200 10444
0:0:0:0:0:0:0:1 - - [08/Jul/2016:00:30:51 -0700] "GET /css/weui.min.css HTTP/1.1" 304 -
0:0:0:0:0:0:0:1 - - [08/Jul/2016:00:30:51 -0700] "GET /css/weixin.css HTTP/1.1" 304 -
0:0:0:0:0:0:0:1 - - [08/Jul/2016:00:30:51 -0700] "GET /js/js_adaption.js HTTP/1.1" 304 -
0:0:0:0:0:0:0:1 - - [08/Jul/2016:00:30:51 -0700] "GET /js/jquery-1.7.2.js HTTP/1.1" 304 -
0:0:0:0:0:0:0:1 - - [08/Jul/2016:00:30:51 -0700] "GET /favicon.ico HTTP/1.1" 200 946
0:0:0:0:0:0:0:1 - - [08/Jul/2016:00:31:58 -0700] "GET /patient/form?uid=9&cid=4 HTTP/1.1" 200 10444
0:0:0:0:0:0:0:1 - - [08/Jul/2016:00:31:58 -0700] "GET /css/weui.min.css HTTP/1.1" 304 -
0:0:0:0:0:0:0:1 - - [08/Jul/2016:00:31:58 -0700] "GET /css/weixin.css HTTP/1.1" 304 -
0:0:0:0:0:0:0:1 - - [08/Jul/2016:00:31:58 -0700] "GET /js/jquery-1.7.2.js HTTP/1.1" 304 -
0:0:0:0:0:0:0:1 - - [08/Jul/2016:00:31:58 -0700] "GET /js/js_adaption.js HTTP/1.1" 304 -
0:0:0:0:0:0:0:1 - - [08/Jul/2016:00:31:58 -0700] "GET /favicon.ico HTTP/1.1" 200 946
0:0:0:0:0:0:0:1 - - [08/Jul/2016:00:32:34 -0700] "GET /patient/form?uid=9&cid=4 HTTP/1.1" 200 10444
0:0:0:0:0:0:0:1 - - [08/Jul/2016:00:32:34 -0700] "GET /js/js_adaption.js HTTP/1.1" 304 -
0:0:0:0:0:0:0:1 - - [08/Jul/2016:00:32:34 -0700] "GET /css/weixin.css HTTP/1.1" 304 -
0:0:0:0:0:0:0:1 - - [08/Jul/2016:00:32:34 -0700] "GET /css/weui.min.css HTTP/1.1" 304 -
0:0:0:0:0:0:0:1 - - [08/Jul/2016:00:32:34 -0700] "GET /js/jquery-1.7.2.js HTTP/1.1" 304 -
0:0:0:0:0:0:0:1 - - [08/Jul/2016:00:32:34 -0700] "GET /favicon.ico HTTP/1.1" 200 946
0:0:0:0:0:0:0:1 - - [08/Jul/2016:00:33:05 -0700] "GET /patient/form?uid=9&cid=4 HTTP/1.1" 200 10444
0:0:0:0:0:0:0:1 - - [08/Jul/2016:00:33:05 -0700] "GET /css/weui.min.css HTTP/1.1" 304 -
0:0:0:0:0:0:0:1 - - [08/Jul/2016:00:33:05 -0700] "GET /css/weixin.css HTTP/1.1" 304 -
0:0:0:0:0:0:0:1 - - [08/Jul/2016:00:33:05 -0700] "GET /js/jquery-1.7.2.js HTTP/1.1" 304 -
0:0:0:0:0:0:0:1 - - [08/Jul/2016:00:33:05 -0700] "GET /js/js_adaption.js HTTP/1.1" 304 -
0:0:0:0:0:0:0:1 - - [08/Jul/2016:00:33:06 -0700] "GET /favicon.ico HTTP/1.1" 200 946
0:0:0:0:0:0:0:1 - - [08/Jul/2016:00:33:34 -0700] "GET /patient/form?uid=9&cid=4 HTTP/1.1" 200 10448
0:0:0:0:0:0:0:1 - - [08/Jul/2016:00:33:34 -0700] "GET /css/weui.min.css HTTP/1.1" 304 -
0:0:0:0:0:0:0:1 - - [08/Jul/2016:00:33:34 -0700] "GET /js/jquery-1.7.2.js HTTP/1.1" 304 -
0:0:0:0:0:0:0:1 - - [08/Jul/2016:00:33:34 -0700] "GET /js/js_adaption.js HTTP/1.1" 304 -
0:0:0:0:0:0:0:1 - - [08/Jul/2016:00:33:34 -0700] "GET /css/weixin.css HTTP/1.1" 304 -
0:0:0:0:0:0:0:1 - - [08/Jul/2016:00:33:34 -0700] "GET /favicon.ico HTTP/1.1" 200 946
0:0:0:0:0:0:0:1 - - [08/Jul/2016:00:38:02 -0700] "GET /patient/form?uid=9&cid=4 HTTP/1.1" 200 10671
0:0:0:0:0:0:0:1 - - [08/Jul/2016:00:38:02 -0700] "GET /css/weui.min.css HTTP/1.1" 304 -
0:0:0:0:0:0:0:1 - - [08/Jul/2016:00:38:02 -0700] "GET /css/weixin.css HTTP/1.1" 304 -
0:0:0:0:0:0:0:1 - - [08/Jul/2016:00:38:02 -0700] "GET /js/jquery-1.7.2.js HTTP/1.1" 304 -
0:0:0:0:0:0:0:1 - - [08/Jul/2016:00:38:02 -0700] "GET /js/js_adaption.js HTTP/1.1" 304 -
0:0:0:0:0:0:0:1 - - [08/Jul/2016:00:38:02 -0700] "GET /favicon.ico HTTP/1.1" 200 946
0:0:0:0:0:0:0:1 - - [08/Jul/2016:00:38:06 -0700] "POST /patient/input HTTP/1.1" 500 504
0:0:0:0:0:0:0:1 - - [08/Jul/2016:00:41:18 -0700] "POST /patient/input HTTP/1.1" 500 504
0:0:0:0:0:0:0:1 - - [08/Jul/2016:00:41:19 -0700] "GET /css/bootstrap.min.css HTTP/1.1" 304 -
0:0:0:0:0:0:0:1 - - [08/Jul/2016:00:41:19 -0700] "GET /css/example.css HTTP/1.1" 304 -
0:0:0:0:0:0:0:1 - - [08/Jul/2016:00:41:19 -0700] "GET /css/weui.css HTTP/1.1" 304 -
0:0:0:0:0:0:0:1 - - [08/Jul/2016:00:41:19 -0700] "GET /favicon.ico HTTP/1.1" 200 946
0:0:0:0:0:0:0:1 - - [08/Jul/2016:00:41:28 -0700] "GET /patient/form?cid=111 HTTP/1.1" 200 10673
0:0:0:0:0:0:0:1 - - [08/Jul/2016:00:41:32 -0700] "POST /patient/input HTTP/1.1" 500 504
0:0:0:0:0:0:0:1 - - [08/Jul/2016:00:42:41 -0700] "GET /patient/form?cid=111 HTTP/1.1" 200 10673
0:0:0:0:0:0:0:1 - - [08/Jul/2016:00:42:42 -0700] "GET /js/jquery-1.7.2.js HTTP/1.1" 304 -
0:0:0:0:0:0:0:1 - - [08/Jul/2016:00:42:42 -0700] "GET /js/js_adaption.js HTTP/1.1" 304 -
0:0:0:0:0:0:0:1 - - [08/Jul/2016:00:42:42 -0700] "GET /css/weixin.css HTTP/1.1" 304 -
0:0:0:0:0:0:0:1 - - [08/Jul/2016:00:42:42 -0700] "GET /css/weui.min.css HTTP/1.1" 304 -
0:0:0:0:0:0:0:1 - - [08/Jul/2016:00:42:42 -0700] "GET /favicon.ico HTTP/1.1" 200 946
0:0:0:0:0:0:0:1 - - [08/Jul/2016:00:43:24 -0700] "GET /patient/form?cid=111 HTTP/1.1" 200 10742
0:0:0:0:0:0:0:1 - - [08/Jul/2016:00:43:24 -0700] "GET /css/weui.min.css HTTP/1.1" 304 -
0:0:0:0:0:0:0:1 - - [08/Jul/2016:00:43:24 -0700] "GET /css/weixin.css HTTP/1.1" 304 -
0:0:0:0:0:0:0:1 - - [08/Jul/2016:00:43:24 -0700] "GET /js/jquery-1.7.2.js HTTP/1.1" 304 -
0:0:0:0:0:0:0:1 - - [08/Jul/2016:00:43:24 -0700] "GET /js/js_adaption.js HTTP/1.1" 304 -
0:0:0:0:0:0:0:1 - - [08/Jul/2016:00:43:25 -0700] "GET /favicon.ico HTTP/1.1" 200 946
0:0:0:0:0:0:0:1 - - [08/Jul/2016:00:44:26 -0700] "GET /patient/form?cid=111 HTTP/1.1" 200 10855
0:0:0:0:0:0:0:1 - - [08/Jul/2016:00:44:26 -0700] "GET /css/weui.min.css HTTP/1.1" 304 -
0:0:0:0:0:0:0:1 - - [08/Jul/2016:00:44:26 -0700] "GET /js/js_adaption.js HTTP/1.1" 304 -
0:0:0:0:0:0:0:1 - - [08/Jul/2016:00:44:26 -0700] "GET /js/jquery-1.7.2.js HTTP/1.1" 304 -
0:0:0:0:0:0:0:1 - - [08/Jul/2016:00:44:26 -0700] "GET /css/weixin.css HTTP/1.1" 304 -
0:0:0:0:0:0:0:1 - - [08/Jul/2016:00:44:26 -0700] "GET /favicon.ico HTTP/1.1" 200 946
0:0:0:0:0:0:0:1 - - [08/Jul/2016:00:44:45 -0700] "GET /patient/form?cid=111 HTTP/1.1" 200 10839
0:0:0:0:0:0:0:1 - - [08/Jul/2016:00:44:45 -0700] "GET /css/weui.min.css HTTP/1.1" 304 -
0:0:0:0:0:0:0:1 - - [08/Jul/2016:00:44:45 -0700] "GET /js/jquery-1.7.2.js HTTP/1.1" 304 -
0:0:0:0:0:0:0:1 - - [08/Jul/2016:00:44:45 -0700] "GET /css/weixin.css HTTP/1.1" 304 -
0:0:0:0:0:0:0:1 - - [08/Jul/2016:00:44:45 -0700] "GET /js/js_adaption.js HTTP/1.1" 304 -
0:0:0:0:0:0:0:1 - - [08/Jul/2016:00:44:45 -0700] "GET /favicon.ico HTTP/1.1" 200 946
0:0:0:0:0:0:0:1 - - [08/Jul/2016:00:45:16 -0700] "GET /patient/form?cid=111 HTTP/1.1" 200 10853
0:0:0:0:0:0:0:1 - - [08/Jul/2016:00:45:16 -0700] "GET /css/weixin.css HTTP/1.1" 304 -
0:0:0:0:0:0:0:1 - - [08/Jul/2016:00:45:16 -0700] "GET /js/jquery-1.7.2.js HTTP/1.1" 304 -
0:0:0:0:0:0:0:1 - - [08/Jul/2016:00:45:16 -0700] "GET /js/js_adaption.js HTTP/1.1" 304 -
0:0:0:0:0:0:0:1 - - [08/Jul/2016:00:45:16 -0700] "GET /css/weui.min.css HTTP/1.1" 304 -
0:0:0:0:0:0:0:1 - - [08/Jul/2016:00:45:17 -0700] "GET /favicon.ico HTTP/1.1" 200 946
0:0:0:0:0:0:0:1 - - [08/Jul/2016:00:45:23 -0700] "GET /patient/form?cid=111 HTTP/1.1" 200 10853
0:0:0:0:0:0:0:1 - - [08/Jul/2016:00:45:23 -0700] "GET /css/weui.min.css HTTP/1.1" 304 -
0:0:0:0:0:0:0:1 - - [08/Jul/2016:00:45:23 -0700] "GET /js/js_adaption.js HTTP/1.1" 304 -
0:0:0:0:0:0:0:1 - - [08/Jul/2016:00:45:23 -0700] "GET /js/jquery-1.7.2.js HTTP/1.1" 304 -
0:0:0:0:0:0:0:1 - - [08/Jul/2016:00:45:23 -0700] "GET /css/weixin.css HTTP/1.1" 304 -
0:0:0:0:0:0:0:1 - - [08/Jul/2016:00:45:24 -0700] "GET /favicon.ico HTTP/1.1" 200 946
0:0:0:0:0:0:0:1 - - [08/Jul/2016:00:45:38 -0700] "GET /patient/form?cid=111 HTTP/1.1" 200 10853
0:0:0:0:0:0:0:1 - - [08/Jul/2016:00:45:38 -0700] "GET /css/weixin.css HTTP/1.1" 304 -
0:0:0:0:0:0:0:1 - - [08/Jul/2016:00:45:38 -0700] "GET /css/weui.min.css HTTP/1.1" 304 -
0:0:0:0:0:0:0:1 - - [08/Jul/2016:00:45:38 -0700] "GET /js/js_adaption.js HTTP/1.1" 304 -
0:0:0:0:0:0:0:1 - - [08/Jul/2016:00:45:38 -0700] "GET /js/jquery-1.7.2.js HTTP/1.1" 304 -
0:0:0:0:0:0:0:1 - - [08/Jul/2016:00:45:39 -0700] "GET /favicon.ico HTTP/1.1" 200 946
0:0:0:0:0:0:0:1 - - [08/Jul/2016:00:45:51 -0700] "GET /patient/form?cid=111 HTTP/1.1" 200 10857
0:0:0:0:0:0:0:1 - - [08/Jul/2016:00:45:51 -0700] "GET /css/weui.min.css HTTP/1.1" 304 -
0:0:0:0:0:0:0:1 - - [08/Jul/2016:00:45:51 -0700] "GET /css/weixin.css HTTP/1.1" 304 -
0:0:0:0:0:0:0:1 - - [08/Jul/2016:00:45:52 -0700] "GET /js/jquery-1.7.2.js HTTP/1.1" 304 -
0:0:0:0:0:0:0:1 - - [08/Jul/2016:00:45:52 -0700] "GET /js/js_adaption.js HTTP/1.1" 304 -
0:0:0:0:0:0:0:1 - - [08/Jul/2016:00:45:52 -0700] "GET /favicon.ico HTTP/1.1" 200 946
0:0:0:0:0:0:0:1 - - [08/Jul/2016:00:47:20 -0700] "GET /patient/form?cid=111 HTTP/1.1" 500 504
0:0:0:0:0:0:0:1 - - [08/Jul/2016:00:47:20 -0700] "GET /css/weui.css HTTP/1.1" 304 -
0:0:0:0:0:0:0:1 - - [08/Jul/2016:00:47:20 -0700] "GET /css/bootstrap.min.css HTTP/1.1" 304 -
0:0:0:0:0:0:0:1 - - [08/Jul/2016:00:47:20 -0700] "GET /css/example.css HTTP/1.1" 304 -
0:0:0:0:0:0:0:1 - - [08/Jul/2016:00:47:21 -0700] "GET /favicon.ico HTTP/1.1" 200 946
0:0:0:0:0:0:0:1 - - [08/Jul/2016:00:47:38 -0700] "GET /patient/form?cid=111 HTTP/1.1" 200 11055
0:0:0:0:0:0:0:1 - - [08/Jul/2016:00:47:38 -0700] "GET /css/weui.min.css HTTP/1.1" 304 -
0:0:0:0:0:0:0:1 - - [08/Jul/2016:00:47:38 -0700] "GET /css/weixin.css HTTP/1.1" 304 -
0:0:0:0:0:0:0:1 - - [08/Jul/2016:00:47:38 -0700] "GET /js/jquery-1.7.2.js HTTP/1.1" 304 -
0:0:0:0:0:0:0:1 - - [08/Jul/2016:00:47:38 -0700] "GET /js/js_adaption.js HTTP/1.1" 304 -
0:0:0:0:0:0:0:1 - - [08/Jul/2016:00:47:38 -0700] "GET /favicon.ico HTTP/1.1" 200 946
0:0:0:0:0:0:0:1 - - [08/Jul/2016:00:48:30 -0700] "GET /patient/form?cid=111 HTTP/1.1" 200 11081
0:0:0:0:0:0:0:1 - - [08/Jul/2016:00:48:30 -0700] "GET /css/weui.min.css HTTP/1.1" 304 -
0:0:0:0:0:0:0:1 - - [08/Jul/2016:00:48:30 -0700] "GET /css/weixin.css HTTP/1.1" 304 -
0:0:0:0:0:0:0:1 - - [08/Jul/2016:00:48:30 -0700] "GET /js/js_adaption.js HTTP/1.1" 304 -
0:0:0:0:0:0:0:1 - - [08/Jul/2016:00:48:30 -0700] "GET /js/jquery-1.7.2.js HTTP/1.1" 304 -
0:0:0:0:0:0:0:1 - - [08/Jul/2016:00:48:30 -0700] "GET /favicon.ico HTTP/1.1" 200 946
0:0:0:0:0:0:0:1 - - [08/Jul/2016:00:50:08 -0700] "GET /patient/form?cid=111 HTTP/1.1" 200 11292
0:0:0:0:0:0:0:1 - - [08/Jul/2016:00:50:08 -0700] "GET /css/weui.min.css HTTP/1.1" 304 -
0:0:0:0:0:0:0:1 - - [08/Jul/2016:00:50:08 -0700] "GET /css/weixin.css HTTP/1.1" 304 -
0:0:0:0:0:0:0:1 - - [08/Jul/2016:00:50:08 -0700] "GET /js/jquery-1.7.2.js HTTP/1.1" 304 -
0:0:0:0:0:0:0:1 - - [08/Jul/2016:00:50:08 -0700] "GET /js/js_adaption.js HTTP/1.1" 304 -
0:0:0:0:0:0:0:1 - - [08/Jul/2016:00:50:08 -0700] "GET /favicon.ico HTTP/1.1" 200 946
0:0:0:0:0:0:0:1 - - [08/Jul/2016:00:50:50 -0700] "GET /patient/form?cid=111 HTTP/1.1" 200 11292
0:0:0:0:0:0:0:1 - - [08/Jul/2016:00:50:50 -0700] "GET /css/weui.min.css HTTP/1.1" 304 -
0:0:0:0:0:0:0:1 - - [08/Jul/2016:00:50:50 -0700] "GET /css/weixin.css HTTP/1.1" 304 -
0:0:0:0:0:0:0:1 - - [08/Jul/2016:00:50:50 -0700] "GET /js/js_adaption.js HTTP/1.1" 304 -
0:0:0:0:0:0:0:1 - - [08/Jul/2016:00:50:50 -0700] "GET /js/jquery-1.7.2.js HTTP/1.1" 304 -
0:0:0:0:0:0:0:1 - - [08/Jul/2016:00:50:51 -0700] "GET /favicon.ico HTTP/1.1" 200 946
0:0:0:0:0:0:0:1 - - [08/Jul/2016:00:55:32 -0700] "GET /patient/form?cid=111 HTTP/1.1" 200 11293
0:0:0:0:0:0:0:1 - - [08/Jul/2016:00:55:32 -0700] "GET /css/weui.min.css HTTP/1.1" 304 -
0:0:0:0:0:0:0:1 - - [08/Jul/2016:00:55:32 -0700] "GET /css/weixin.css HTTP/1.1" 304 -
0:0:0:0:0:0:0:1 - - [08/Jul/2016:00:55:32 -0700] "GET /js/jquery-1.7.2.js HTTP/1.1" 304 -
0:0:0:0:0:0:0:1 - - [08/Jul/2016:00:55:32 -0700] "GET /js/js_adaption.js HTTP/1.1" 304 -
0:0:0:0:0:0:0:1 - - [08/Jul/2016:00:55:32 -0700] "GET /favicon.ico HTTP/1.1" 200 946
0:0:0:0:0:0:0:1 - - [08/Jul/2016:00:57:28 -0700] "GET /patient/form?cid=111 HTTP/1.1" 200 11539
0:0:0:0:0:0:0:1 - - [08/Jul/2016:00:57:28 -0700] "GET /css/weixin.css HTTP/1.1" 304 -
0:0:0:0:0:0:0:1 - - [08/Jul/2016:00:57:28 -0700] "GET /css/weui.min.css HTTP/1.1" 304 -
0:0:0:0:0:0:0:1 - - [08/Jul/2016:00:57:28 -0700] "GET /js/jquery-1.7.2.js HTTP/1.1" 304 -
0:0:0:0:0:0:0:1 - - [08/Jul/2016:00:57:28 -0700] "GET /js/js_adaption.js HTTP/1.1" 304 -
0:0:0:0:0:0:0:1 - - [08/Jul/2016:00:57:28 -0700] "GET /favicon.ico HTTP/1.1" 200 946
0:0:0:0:0:0:0:1 - - [08/Jul/2016:01:06:11 -0700] "GET /patient/form?cid=111 HTTP/1.1" 200 12357
0:0:0:0:0:0:0:1 - - [08/Jul/2016:01:06:11 -0700] "GET /js/js_adaption.js HTTP/1.1" 304 -
0:0:0:0:0:0:0:1 - - [08/Jul/2016:01:06:11 -0700] "GET /js/jquery-1.7.2.js HTTP/1.1" 304 -
0:0:0:0:0:0:0:1 - - [08/Jul/2016:01:06:11 -0700] "GET /css/weui.min.css HTTP/1.1" 304 -
0:0:0:0:0:0:0:1 - - [08/Jul/2016:01:06:11 -0700] "GET /css/weixin.css HTTP/1.1" 304 -
0:0:0:0:0:0:0:1 - - [08/Jul/2016:01:06:11 -0700] "GET /favicon.ico HTTP/1.1" 200 946
0:0:0:0:0:0:0:1 - - [08/Jul/2016:01:06:30 -0700] "GET /patient/form?cid=111 HTTP/1.1" 200 12267
0:0:0:0:0:0:0:1 - - [08/Jul/2016:01:06:30 -0700] "GET /css/weui.min.css HTTP/1.1" 304 -
0:0:0:0:0:0:0:1 - - [08/Jul/2016:01:06:30 -0700] "GET /css/weixin.css HTTP/1.1" 304 -
0:0:0:0:0:0:0:1 - - [08/Jul/2016:01:06:30 -0700] "GET /js/jquery-1.7.2.js HTTP/1.1" 304 -
0:0:0:0:0:0:0:1 - - [08/Jul/2016:01:06:30 -0700] "GET /js/js_adaption.js HTTP/1.1" 304 -
0:0:0:0:0:0:0:1 - - [08/Jul/2016:01:06:30 -0700] "GET /favicon.ico HTTP/1.1" 200 946
0:0:0:0:0:0:0:1 - - [08/Jul/2016:01:09:00 -0700] "GET /patient/form?cid=111 HTTP/1.1" 200 12438
0:0:0:0:0:0:0:1 - - [08/Jul/2016:01:09:00 -0700] "GET /css/weui.min.css HTTP/1.1" 304 -
0:0:0:0:0:0:0:1 - - [08/Jul/2016:01:09:00 -0700] "GET /css/weixin.css HTTP/1.1" 304 -
0:0:0:0:0:0:0:1 - - [08/Jul/2016:01:09:00 -0700] "GET /js/js_adaption.js HTTP/1.1" 304 -
0:0:0:0:0:0:0:1 - - [08/Jul/2016:01:09:00 -0700] "GET /js/jquery-1.7.2.js HTTP/1.1" 304 -
0:0:0:0:0:0:0:1 - - [08/Jul/2016:01:09:00 -0700] "GET /favicon.ico HTTP/1.1" 200 946
0:0:0:0:0:0:0:1 - - [08/Jul/2016:01:11:49 -0700] "GET /patient/form?cid=111 HTTP/1.1" 200 12438
0:0:0:0:0:0:0:1 - - [08/Jul/2016:01:11:50 -0700] "GET /css/weui.min.css HTTP/1.1" 304 -
0:0:0:0:0:0:0:1 - - [08/Jul/2016:01:11:50 -0700] "GET /css/weixin.css HTTP/1.1" 304 -
0:0:0:0:0:0:0:1 - - [08/Jul/2016:01:11:50 -0700] "GET /js/jquery-1.7.2.js HTTP/1.1" 304 -
0:0:0:0:0:0:0:1 - - [08/Jul/2016:01:11:50 -0700] "GET /js/js_adaption.js HTTP/1.1" 304 -
0:0:0:0:0:0:0:1 - - [08/Jul/2016:01:11:50 -0700] "GET /favicon.ico HTTP/1.1" 200 946
0:0:0:0:0:0:0:1 - - [08/Jul/2016:01:11:53 -0700] "GET /patient/form?cid=111 HTTP/1.1" 500 504
0:0:0:0:0:0:0:1 - - [08/Jul/2016:01:11:53 -0700] "GET /css/bootstrap.min.css HTTP/1.1" 304 -
0:0:0:0:0:0:0:1 - - [08/Jul/2016:01:11:53 -0700] "GET /css/example.css HTTP/1.1" 304 -
0:0:0:0:0:0:0:1 - - [08/Jul/2016:01:11:53 -0700] "GET /css/weui.css HTTP/1.1" 304 -
0:0:0:0:0:0:0:1 - - [08/Jul/2016:01:11:53 -0700] "GET /favicon.ico HTTP/1.1" 200 946
0:0:0:0:0:0:0:1 - - [08/Jul/2016:01:12:20 -0700] "GET /patient/form?cid=111 HTTP/1.1" 200 12551
0:0:0:0:0:0:0:1 - - [08/Jul/2016:01:12:20 -0700] "GET /css/weui.min.css HTTP/1.1" 304 -
0:0:0:0:0:0:0:1 - - [08/Jul/2016:01:12:20 -0700] "GET /css/weixin.css HTTP/1.1" 304 -
0:0:0:0:0:0:0:1 - - [08/Jul/2016:01:12:20 -0700] "GET /js/jquery-1.7.2.js HTTP/1.1" 304 -
0:0:0:0:0:0:0:1 - - [08/Jul/2016:01:12:20 -0700] "GET /js/js_adaption.js HTTP/1.1" 304 -
0:0:0:0:0:0:0:1 - - [08/Jul/2016:01:12:20 -0700] "GET /favicon.ico HTTP/1.1" 200 946
0:0:0:0:0:0:0:1 - - [08/Jul/2016:01:13:16 -0700] "GET /patient/form?cid=111 HTTP/1.1" 200 12614
0:0:0:0:0:0:0:1 - - [08/Jul/2016:01:13:16 -0700] "GET /css/weixin.css HTTP/1.1" 304 -
0:0:0:0:0:0:0:1 - - [08/Jul/2016:01:13:16 -0700] "GET /css/weui.min.css HTTP/1.1" 304 -
0:0:0:0:0:0:0:1 - - [08/Jul/2016:01:13:16 -0700] "GET /js/jquery-1.7.2.js HTTP/1.1" 304 -
0:0:0:0:0:0:0:1 - - [08/Jul/2016:01:13:16 -0700] "GET /js/js_adaption.js HTTP/1.1" 304 -
0:0:0:0:0:0:0:1 - - [08/Jul/2016:01:13:16 -0700] "GET /favicon.ico HTTP/1.1" 200 946
0:0:0:0:0:0:0:1 - - [08/Jul/2016:01:14:11 -0700] "GET /patient/form?cid=111 HTTP/1.1" 200 12616
0:0:0:0:0:0:0:1 - - [08/Jul/2016:01:14:11 -0700] "GET /css/weui.min.css HTTP/1.1" 304 -
0:0:0:0:0:0:0:1 - - [08/Jul/2016:01:14:11 -0700] "GET /css/weixin.css HTTP/1.1" 304 -
0:0:0:0:0:0:0:1 - - [08/Jul/2016:01:14:11 -0700] "GET /js/jquery-1.7.2.js HTTP/1.1" 304 -
0:0:0:0:0:0:0:1 - - [08/Jul/2016:01:14:11 -0700] "GET /js/js_adaption.js HTTP/1.1" 304 -
0:0:0:0:0:0:0:1 - - [08/Jul/2016:01:14:11 -0700] "GET /favicon.ico HTTP/1.1" 200 946
0:0:0:0:0:0:0:1 - - [08/Jul/2016:01:14:53 -0700] "GET /patient/form?cid=111 HTTP/1.1" 200 12625
0:0:0:0:0:0:0:1 - - [08/Jul/2016:01:14:53 -0700] "GET /css/weui.min.css HTTP/1.1" 304 -
0:0:0:0:0:0:0:1 - - [08/Jul/2016:01:14:53 -0700] "GET /css/weixin.css HTTP/1.1" 304 -
0:0:0:0:0:0:0:1 - - [08/Jul/2016:01:14:53 -0700] "GET /js/js_adaption.js HTTP/1.1" 304 -
0:0:0:0:0:0:0:1 - - [08/Jul/2016:01:14:53 -0700] "GET /js/jquery-1.7.2.js HTTP/1.1" 304 -
0:0:0:0:0:0:0:1 - - [08/Jul/2016:01:14:53 -0700] "GET /favicon.ico HTTP/1.1" 200 946
0:0:0:0:0:0:0:1 - - [08/Jul/2016:01:16:48 -0700] "GET /patient/form?cid=111 HTTP/1.1" 200 12621
0:0:0:0:0:0:0:1 - - [08/Jul/2016:01:16:48 -0700] "GET /css/weixin.css HTTP/1.1" 304 -
0:0:0:0:0:0:0:1 - - [08/Jul/2016:01:16:48 -0700] "GET /js/js_adaption.js HTTP/1.1" 304 -
0:0:0:0:0:0:0:1 - - [08/Jul/2016:01:16:48 -0700] "GET /css/weui.min.css HTTP/1.1" 304 -
0:0:0:0:0:0:0:1 - - [08/Jul/2016:01:16:48 -0700] "GET /js/jquery-1.7.2.js HTTP/1.1" 304 -
0:0:0:0:0:0:0:1 - - [08/Jul/2016:01:16:49 -0700] "GET /favicon.ico HTTP/1.1" 200 946
0:0:0:0:0:0:0:1 - - [08/Jul/2016:01:17:53 -0700] "GET /patient/form?cid=111 HTTP/1.1" 200 12721
0:0:0:0:0:0:0:1 - - [08/Jul/2016:01:17:53 -0700] "GET /css/weui.min.css HTTP/1.1" 304 -
0:0:0:0:0:0:0:1 - - [08/Jul/2016:01:17:53 -0700] "GET /css/weixin.css HTTP/1.1" 304 -
0:0:0:0:0:0:0:1 - - [08/Jul/2016:01:17:53 -0700] "GET /js/js_adaption.js HTTP/1.1" 304 -
0:0:0:0:0:0:0:1 - - [08/Jul/2016:01:17:53 -0700] "GET /js/jquery-1.7.2.js HTTP/1.1" 304 -
0:0:0:0:0:0:0:1 - - [08/Jul/2016:01:17:53 -0700] "GET /favicon.ico HTTP/1.1" 200 946
0:0:0:0:0:0:0:1 - - [08/Jul/2016:01:18:49 -0700] "GET /patient/form?cid=111 HTTP/1.1" 200 12803
0:0:0:0:0:0:0:1 - - [08/Jul/2016:01:18:49 -0700] "GET /css/weui.min.css HTTP/1.1" 304 -
0:0:0:0:0:0:0:1 - - [08/Jul/2016:01:18:49 -0700] "GET /css/weixin.css HTTP/1.1" 304 -
0:0:0:0:0:0:0:1 - - [08/Jul/2016:01:18:49 -0700] "GET /js/jquery-1.7.2.js HTTP/1.1" 304 -
0:0:0:0:0:0:0:1 - - [08/Jul/2016:01:18:49 -0700] "GET /js/js_adaption.js HTTP/1.1" 304 -
0:0:0:0:0:0:0:1 - - [08/Jul/2016:01:18:49 -0700] "GET /favicon.ico HTTP/1.1" 200 946
0:0:0:0:0:0:0:1 - - [08/Jul/2016:01:20:59 -0700] "GET /patient/form?cid=111 HTTP/1.1" 200 12773
0:0:0:0:0:0:0:1 - - [08/Jul/2016:01:20:59 -0700] "GET /css/weixin.css HTTP/1.1" 304 -
0:0:0:0:0:0:0:1 - - [08/Jul/2016:01:20:59 -0700] "GET /js/js_adaption.js HTTP/1.1" 304 -
0:0:0:0:0:0:0:1 - - [08/Jul/2016:01:20:59 -0700] "GET /js/jquery-1.7.2.js HTTP/1.1" 304 -
0:0:0:0:0:0:0:1 - - [08/Jul/2016:01:20:59 -0700] "GET /css/weui.min.css HTTP/1.1" 304 -
0:0:0:0:0:0:0:1 - - [08/Jul/2016:01:20:59 -0700] "GET /favicon.ico HTTP/1.1" 200 946
0:0:0:0:0:0:0:1 - - [08/Jul/2016:01:21:25 -0700] "GET /patient/form?cid=111 HTTP/1.1" 200 12779
0:0:0:0:0:0:0:1 - - [08/Jul/2016:01:21:25 -0700] "GET /css/weui.min.css HTTP/1.1" 304 -
0:0:0:0:0:0:0:1 - - [08/Jul/2016:01:21:25 -0700] "GET /css/weixin.css HTTP/1.1" 304 -
0:0:0:0:0:0:0:1 - - [08/Jul/2016:01:21:25 -0700] "GET /js/js_adaption.js HTTP/1.1" 304 -
0:0:0:0:0:0:0:1 - - [08/Jul/2016:01:21:25 -0700] "GET /js/jquery-1.7.2.js HTTP/1.1" 304 -
0:0:0:0:0:0:0:1 - - [08/Jul/2016:01:21:25 -0700] "GET /favicon.ico HTTP/1.1" 200 946
0:0:0:0:0:0:0:1 - - [08/Jul/2016:01:22:10 -0700] "GET /patient/form?cid=111 HTTP/1.1" 200 12750
0:0:0:0:0:0:0:1 - - [08/Jul/2016:01:22:10 -0700] "GET /css/weixin.css HTTP/1.1" 304 -
0:0:0:0:0:0:0:1 - - [08/Jul/2016:01:22:10 -0700] "GET /js/jquery-1.7.2.js HTTP/1.1" 304 -
0:0:0:0:0:0:0:1 - - [08/Jul/2016:01:22:10 -0700] "GET /js/js_adaption.js HTTP/1.1" 304 -
0:0:0:0:0:0:0:1 - - [08/Jul/2016:01:22:10 -0700] "GET /css/weui.min.css HTTP/1.1" 304 -
0:0:0:0:0:0:0:1 - - [08/Jul/2016:01:22:10 -0700] "GET /favicon.ico HTTP/1.1" 200 946
0:0:0:0:0:0:0:1 - - [08/Jul/2016:01:23:06 -0700] "GET /patient/form?cid=111 HTTP/1.1" 200 12756
0:0:0:0:0:0:0:1 - - [08/Jul/2016:01:23:06 -0700] "GET /css/weixin.css HTTP/1.1" 304 -
0:0:0:0:0:0:0:1 - - [08/Jul/2016:01:23:06 -0700] "GET /css/weui.min.css HTTP/1.1" 304 -
0:0:0:0:0:0:0:1 - - [08/Jul/2016:01:23:06 -0700] "GET /js/jquery-1.7.2.js HTTP/1.1" 304 -
0:0:0:0:0:0:0:1 - - [08/Jul/2016:01:23:06 -0700] "GET /js/js_adaption.js HTTP/1.1" 304 -
0:0:0:0:0:0:0:1 - - [08/Jul/2016:01:23:06 -0700] "GET /favicon.ico HTTP/1.1" 200 946
0:0:0:0:0:0:0:1 - - [08/Jul/2016:01:23:16 -0700] "GET /patient/form?cid=111 HTTP/1.1" 200 12739
0:0:0:0:0:0:0:1 - - [08/Jul/2016:01:23:16 -0700] "GET /css/weui.min.css HTTP/1.1" 304 -
0:0:0:0:0:0:0:1 - - [08/Jul/2016:01:23:16 -0700] "GET /css/weixin.css HTTP/1.1" 304 -
0:0:0:0:0:0:0:1 - - [08/Jul/2016:01:23:16 -0700] "GET /js/jquery-1.7.2.js HTTP/1.1" 304 -
0:0:0:0:0:0:0:1 - - [08/Jul/2016:01:23:16 -0700] "GET /js/js_adaption.js HTTP/1.1" 304 -
0:0:0:0:0:0:0:1 - - [08/Jul/2016:01:23:16 -0700] "GET /favicon.ico HTTP/1.1" 200 946
0:0:0:0:0:0:0:1 - - [08/Jul/2016:01:23:54 -0700] "GET /patient/form?cid=111 HTTP/1.1" 200 12757
0:0:0:0:0:0:0:1 - - [08/Jul/2016:01:23:54 -0700] "GET /css/weui.min.css HTTP/1.1" 304 -
0:0:0:0:0:0:0:1 - - [08/Jul/2016:01:23:54 -0700] "GET /css/weixin.css HTTP/1.1" 304 -
0:0:0:0:0:0:0:1 - - [08/Jul/2016:01:23:54 -0700] "GET /js/jquery-1.7.2.js HTTP/1.1" 304 -
0:0:0:0:0:0:0:1 - - [08/Jul/2016:01:23:54 -0700] "GET /js/js_adaption.js HTTP/1.1" 304 -
0:0:0:0:0:0:0:1 - - [08/Jul/2016:01:23:54 -0700] "GET /favicon.ico HTTP/1.1" 200 946
0:0:0:0:0:0:0:1 - - [08/Jul/2016:01:24:27 -0700] "GET /patient/form?cid=111 HTTP/1.1" 200 12768
0:0:0:0:0:0:0:1 - - [08/Jul/2016:01:24:27 -0700] "GET /css/weui.min.css HTTP/1.1" 304 -
0:0:0:0:0:0:0:1 - - [08/Jul/2016:01:24:27 -0700] "GET /js/jquery-1.7.2.js HTTP/1.1" 304 -
0:0:0:0:0:0:0:1 - - [08/Jul/2016:01:24:27 -0700] "GET /js/js_adaption.js HTTP/1.1" 304 -
0:0:0:0:0:0:0:1 - - [08/Jul/2016:01:24:27 -0700] "GET /css/weixin.css HTTP/1.1" 304 -
0:0:0:0:0:0:0:1 - - [08/Jul/2016:01:24:27 -0700] "GET /favicon.ico HTTP/1.1" 200 946
0:0:0:0:0:0:0:1 - - [08/Jul/2016:01:24:37 -0700] "GET /patient/form?cid=111 HTTP/1.1" 200 12768
0:0:0:0:0:0:0:1 - - [08/Jul/2016:01:24:37 -0700] "GET /js/jquery-1.7.2.js HTTP/1.1" 304 -
0:0:0:0:0:0:0:1 - - [08/Jul/2016:01:24:37 -0700] "GET /css/weui.min.css HTTP/1.1" 304 -
0:0:0:0:0:0:0:1 - - [08/Jul/2016:01:24:37 -0700] "GET /js/js_adaption.js HTTP/1.1" 304 -
0:0:0:0:0:0:0:1 - - [08/Jul/2016:01:24:37 -0700] "GET /css/weixin.css HTTP/1.1" 304 -
0:0:0:0:0:0:0:1 - - [08/Jul/2016:01:24:37 -0700] "GET /favicon.ico HTTP/1.1" 200 946
0:0:0:0:0:0:0:1 - - [08/Jul/2016:01:25:07 -0700] "GET /patient/form?cid=111 HTTP/1.1" 200 12738
0:0:0:0:0:0:0:1 - - [08/Jul/2016:01:25:07 -0700] "GET /js/jquery-1.7.2.js HTTP/1.1" 304 -
0:0:0:0:0:0:0:1 - - [08/Jul/2016:01:25:07 -0700] "GET /css/weixin.css HTTP/1.1" 304 -
0:0:0:0:0:0:0:1 - - [08/Jul/2016:01:25:07 -0700] "GET /js/js_adaption.js HTTP/1.1" 304 -
0:0:0:0:0:0:0:1 - - [08/Jul/2016:01:25:07 -0700] "GET /css/weui.min.css HTTP/1.1" 304 -
0:0:0:0:0:0:0:1 - - [08/Jul/2016:01:25:08 -0700] "GET /favicon.ico HTTP/1.1" 200 946
0:0:0:0:0:0:0:1 - - [08/Jul/2016:01:25:22 -0700] "GET /patient/form?cid=111 HTTP/1.1" 200 12756
0:0:0:0:0:0:0:1 - - [08/Jul/2016:01:25:22 -0700] "GET /css/weui.min.css HTTP/1.1" 304 -
0:0:0:0:0:0:0:1 - - [08/Jul/2016:01:25:22 -0700] "GET /js/jquery-1.7.2.js HTTP/1.1" 304 -
0:0:0:0:0:0:0:1 - - [08/Jul/2016:01:25:22 -0700] "GET /js/js_adaption.js HTTP/1.1" 304 -
0:0:0:0:0:0:0:1 - - [08/Jul/2016:01:25:22 -0700] "GET /css/weixin.css HTTP/1.1" 304 -
0:0:0:0:0:0:0:1 - - [08/Jul/2016:01:25:23 -0700] "GET /favicon.ico HTTP/1.1" 200 946
0:0:0:0:0:0:0:1 - - [08/Jul/2016:01:26:08 -0700] "GET /patient/form?cid=111 HTTP/1.1" 200 12800
0:0:0:0:0:0:0:1 - - [08/Jul/2016:01:26:08 -0700] "GET /css/weui.min.css HTTP/1.1" 304 -
0:0:0:0:0:0:0:1 - - [08/Jul/2016:01:26:08 -0700] "GET /js/jquery-1.7.2.js HTTP/1.1" 304 -
0:0:0:0:0:0:0:1 - - [08/Jul/2016:01:26:08 -0700] "GET /css/weixin.css HTTP/1.1" 304 -
0:0:0:0:0:0:0:1 - - [08/Jul/2016:01:26:08 -0700] "GET /js/js_adaption.js HTTP/1.1" 304 -
0:0:0:0:0:0:0:1 - - [08/Jul/2016:01:26:08 -0700] "GET /favicon.ico HTTP/1.1" 200 946
0:0:0:0:0:0:0:1 - - [08/Jul/2016:01:26:25 -0700] "GET /patient/form?cid=111 HTTP/1.1" 200 12800
0:0:0:0:0:0:0:1 - - [08/Jul/2016:01:26:25 -0700] "GET /css/weui.min.css HTTP/1.1" 304 -
0:0:0:0:0:0:0:1 - - [08/Jul/2016:01:26:25 -0700] "GET /css/weixin.css HTTP/1.1" 304 -
0:0:0:0:0:0:0:1 - - [08/Jul/2016:01:26:25 -0700] "GET /js/js_adaption.js HTTP/1.1" 304 -
0:0:0:0:0:0:0:1 - - [08/Jul/2016:01:26:25 -0700] "GET /js/jquery-1.7.2.js HTTP/1.1" 304 -
0:0:0:0:0:0:0:1 - - [08/Jul/2016:01:26:25 -0700] "GET /favicon.ico HTTP/1.1" 200 946
0:0:0:0:0:0:0:1 - - [08/Jul/2016:01:26:25 -0700] "GET /patient/form?cid=111 HTTP/1.1" 200 12800
0:0:0:0:0:0:0:1 - - [08/Jul/2016:01:26:25 -0700] "GET /css/weui.min.css HTTP/1.1" 304 -
0:0:0:0:0:0:0:1 - - [08/Jul/2016:01:26:25 -0700] "GET /css/weixin.css HTTP/1.1" 304 -
0:0:0:0:0:0:0:1 - - [08/Jul/2016:01:26:25 -0700] "GET /js/js_adaption.js HTTP/1.1" 304 -
0:0:0:0:0:0:0:1 - - [08/Jul/2016:01:26:25 -0700] "GET /js/jquery-1.7.2.js HTTP/1.1" 304 -
0:0:0:0:0:0:0:1 - - [08/Jul/2016:01:26:26 -0700] "GET /favicon.ico HTTP/1.1" 200 946
0:0:0:0:0:0:0:1 - - [08/Jul/2016:01:26:26 -0700] "GET /patient/form?cid=111 HTTP/1.1" 200 12800
0:0:0:0:0:0:0:1 - - [08/Jul/2016:01:26:26 -0700] "GET /css/weixin.css HTTP/1.1" 304 -
0:0:0:0:0:0:0:1 - - [08/Jul/2016:01:26:26 -0700] "GET /css/weui.min.css HTTP/1.1" 304 -
0:0:0:0:0:0:0:1 - - [08/Jul/2016:01:26:26 -0700] "GET /js/jquery-1.7.2.js HTTP/1.1" 304 -
0:0:0:0:0:0:0:1 - - [08/Jul/2016:01:26:26 -0700] "GET /js/js_adaption.js HTTP/1.1" 304 -
0:0:0:0:0:0:0:1 - - [08/Jul/2016:01:26:26 -0700] "GET /favicon.ico HTTP/1.1" 200 946
0:0:0:0:0:0:0:1 - - [08/Jul/2016:01:26:26 -0700] "GET /patient/form?cid=111 HTTP/1.1" 200 12800
0:0:0:0:0:0:0:1 - - [08/Jul/2016:01:26:26 -0700] "GET /css/weui.min.css HTTP/1.1" 304 -
0:0:0:0:0:0:0:1 - - [08/Jul/2016:01:26:26 -0700] "GET /css/weixin.css HTTP/1.1" 304 -
0:0:0:0:0:0:0:1 - - [08/Jul/2016:01:26:26 -0700] "GET /js/jquery-1.7.2.js HTTP/1.1" 304 -
0:0:0:0:0:0:0:1 - - [08/Jul/2016:01:26:26 -0700] "GET /js/js_adaption.js HTTP/1.1" 304 -
0:0:0:0:0:0:0:1 - - [08/Jul/2016:01:26:26 -0700] "GET /favicon.ico HTTP/1.1" 200 946
0:0:0:0:0:0:0:1 - - [08/Jul/2016:01:27:03 -0700] "GET /patient/form?cid=111 HTTP/1.1" 200 12805
0:0:0:0:0:0:0:1 - - [08/Jul/2016:01:27:03 -0700] "GET /css/weui.min.css HTTP/1.1" 304 -
0:0:0:0:0:0:0:1 - - [08/Jul/2016:01:27:03 -0700] "GET /css/weixin.css HTTP/1.1" 304 -
0:0:0:0:0:0:0:1 - - [08/Jul/2016:01:27:03 -0700] "GET /js/jquery-1.7.2.js HTTP/1.1" 304 -
0:0:0:0:0:0:0:1 - - [08/Jul/2016:01:27:03 -0700] "GET /js/js_adaption.js HTTP/1.1" 304 -
0:0:0:0:0:0:0:1 - - [08/Jul/2016:01:27:03 -0700] "GET /favicon.ico HTTP/1.1" 200 946
0:0:0:0:0:0:0:1 - - [08/Jul/2016:01:27:10 -0700] "GET /patient/form?cid=111 HTTP/1.1" 200 12824
0:0:0:0:0:0:0:1 - - [08/Jul/2016:01:27:10 -0700] "GET /css/weui.min.css HTTP/1.1" 304 -
0:0:0:0:0:0:0:1 - - [08/Jul/2016:01:27:10 -0700] "GET /css/weixin.css HTTP/1.1" 304 -
0:0:0:0:0:0:0:1 - - [08/Jul/2016:01:27:10 -0700] "GET /js/js_adaption.js HTTP/1.1" 304 -
0:0:0:0:0:0:0:1 - - [08/Jul/2016:01:27:10 -0700] "GET /js/jquery-1.7.2.js HTTP/1.1" 304 -
0:0:0:0:0:0:0:1 - - [08/Jul/2016:01:27:10 -0700] "GET /favicon.ico HTTP/1.1" 200 946
0:0:0:0:0:0:0:1 - - [08/Jul/2016:01:27:11 -0700] "GET /patient/form?cid=111 HTTP/1.1" 200 12824
0:0:0:0:0:0:0:1 - - [08/Jul/2016:01:27:11 -0700] "GET /css/weui.min.css HTTP/1.1" 304 -
0:0:0:0:0:0:0:1 - - [08/Jul/2016:01:27:11 -0700] "GET /css/weixin.css HTTP/1.1" 304 -
0:0:0:0:0:0:0:1 - - [08/Jul/2016:01:27:11 -0700] "GET /js/js_adaption.js HTTP/1.1" 304 -
0:0:0:0:0:0:0:1 - - [08/Jul/2016:01:27:11 -0700] "GET /js/jquery-1.7.2.js HTTP/1.1" 304 -
0:0:0:0:0:0:0:1 - - [08/Jul/2016:01:27:11 -0700] "GET /favicon.ico HTTP/1.1" 200 946
0:0:0:0:0:0:0:1 - - [08/Jul/2016:01:27:11 -0700] "GET /patient/form?cid=111 HTTP/1.1" 200 12824
0:0:0:0:0:0:0:1 - - [08/Jul/2016:01:27:11 -0700] "GET /css/weixin.css HTTP/1.1" 304 -
0:0:0:0:0:0:0:1 - - [08/Jul/2016:01:27:11 -0700] "GET /css/weui.min.css HTTP/1.1" 304 -
0:0:0:0:0:0:0:1 - - [08/Jul/2016:01:27:11 -0700] "GET /js/js_adaption.js HTTP/1.1" 304 -
0:0:0:0:0:0:0:1 - - [08/Jul/2016:01:27:11 -0700] "GET /js/jquery-1.7.2.js HTTP/1.1" 304 -
0:0:0:0:0:0:0:1 - - [08/Jul/2016:01:27:11 -0700] "GET /favicon.ico HTTP/1.1" 200 946
0:0:0:0:0:0:0:1 - - [08/Jul/2016:01:27:12 -0700] "GET /patient/form?cid=111 HTTP/1.1" 200 12824
0:0:0:0:0:0:0:1 - - [08/Jul/2016:01:27:12 -0700] "GET /css/weui.min.css HTTP/1.1" 304 -
0:0:0:0:0:0:0:1 - - [08/Jul/2016:01:27:12 -0700] "GET /js/jquery-1.7.2.js HTTP/1.1" 304 -
0:0:0:0:0:0:0:1 - - [08/Jul/2016:01:27:12 -0700] "GET /js/js_adaption.js HTTP/1.1" 304 -
0:0:0:0:0:0:0:1 - - [08/Jul/2016:01:27:12 -0700] "GET /css/weixin.css HTTP/1.1" 304 -
0:0:0:0:0:0:0:1 - - [08/Jul/2016:01:27:12 -0700] "GET /favicon.ico HTTP/1.1" 200 946
0:0:0:0:0:0:0:1 - - [08/Jul/2016:01:27:30 -0700] "GET /patient/form?cid=111 HTTP/1.1" 200 12805
0:0:0:0:0:0:0:1 - - [08/Jul/2016:01:27:30 -0700] "GET /css/weixin.css HTTP/1.1" 304 -
0:0:0:0:0:0:0:1 - - [08/Jul/2016:01:27:30 -0700] "GET /css/weui.min.css HTTP/1.1" 304 -
0:0:0:0:0:0:0:1 - - [08/Jul/2016:01:27:30 -0700] "GET /js/js_adaption.js HTTP/1.1" 304 -
0:0:0:0:0:0:0:1 - - [08/Jul/2016:01:27:30 -0700] "GET /js/jquery-1.7.2.js HTTP/1.1" 304 -
0:0:0:0:0:0:0:1 - - [08/Jul/2016:01:27:31 -0700] "GET /favicon.ico HTTP/1.1" 200 946
0:0:0:0:0:0:0:1 - - [08/Jul/2016:01:27:58 -0700] "GET /patient/form?cid=111 HTTP/1.1" 200 12804
0:0:0:0:0:0:0:1 - - [08/Jul/2016:01:27:59 -0700] "GET /css/weixin.css HTTP/1.1" 304 -
0:0:0:0:0:0:0:1 - - [08/Jul/2016:01:27:59 -0700] "GET /css/weui.min.css HTTP/1.1" 304 -
0:0:0:0:0:0:0:1 - - [08/Jul/2016:01:27:59 -0700] "GET /js/jquery-1.7.2.js HTTP/1.1" 304 -
0:0:0:0:0:0:0:1 - - [08/Jul/2016:01:27:59 -0700] "GET /js/js_adaption.js HTTP/1.1" 304 -
0:0:0:0:0:0:0:1 - - [08/Jul/2016:01:27:59 -0700] "GET /favicon.ico HTTP/1.1" 200 946
0:0:0:0:0:0:0:1 - - [08/Jul/2016:01:27:59 -0700] "GET /patient/form?cid=111 HTTP/1.1" 200 12804
0:0:0:0:0:0:0:1 - - [08/Jul/2016:01:28:00 -0700] "GET /css/weui.min.css HTTP/1.1" 304 -
0:0:0:0:0:0:0:1 - - [08/Jul/2016:01:28:00 -0700] "GET /css/weixin.css HTTP/1.1" 304 -
0:0:0:0:0:0:0:1 - - [08/Jul/2016:01:28:00 -0700] "GET /js/jquery-1.7.2.js HTTP/1.1" 304 -
0:0:0:0:0:0:0:1 - - [08/Jul/2016:01:28:00 -0700] "GET /js/js_adaption.js HTTP/1.1" 304 -
0:0:0:0:0:0:0:1 - - [08/Jul/2016:01:28:00 -0700] "GET /favicon.ico HTTP/1.1" 200 946
0:0:0:0:0:0:0:1 - - [08/Jul/2016:01:28:00 -0700] "GET /patient/form?cid=111 HTTP/1.1" 200 12804
0:0:0:0:0:0:0:1 - - [08/Jul/2016:01:28:00 -0700] "GET /css/weui.min.css HTTP/1.1" 304 -
0:0:0:0:0:0:0:1 - - [08/Jul/2016:01:28:00 -0700] "GET /css/weixin.css HTTP/1.1" 304 -
0:0:0:0:0:0:0:1 - - [08/Jul/2016:01:28:00 -0700] "GET /js/jquery-1.7.2.js HTTP/1.1" 304 -
0:0:0:0:0:0:0:1 - - [08/Jul/2016:01:28:00 -0700] "GET /js/js_adaption.js HTTP/1.1" 304 -
0:0:0:0:0:0:0:1 - - [08/Jul/2016:01:28:00 -0700] "GET /favicon.ico HTTP/1.1" 200 946
0:0:0:0:0:0:0:1 - - [08/Jul/2016:01:28:10 -0700] "GET /patient/form?cid=111 HTTP/1.1" 200 12804
0:0:0:0:0:0:0:1 - - [08/Jul/2016:01:28:10 -0700] "GET /css/weixin.css HTTP/1.1" 304 -
0:0:0:0:0:0:0:1 - - [08/Jul/2016:01:28:10 -0700] "GET /js/jquery-1.7.2.js HTTP/1.1" 304 -
0:0:0:0:0:0:0:1 - - [08/Jul/2016:01:28:10 -0700] "GET /js/js_adaption.js HTTP/1.1" 304 -
0:0:0:0:0:0:0:1 - - [08/Jul/2016:01:28:10 -0700] "GET /css/weui.min.css HTTP/1.1" 304 -
0:0:0:0:0:0:0:1 - - [08/Jul/2016:01:28:10 -0700] "GET /favicon.ico HTTP/1.1" 200 946
0:0:0:0:0:0:0:1 - - [08/Jul/2016:01:28:11 -0700] "GET /patient/form?cid=111 HTTP/1.1" 200 12804
0:0:0:0:0:0:0:1 - - [08/Jul/2016:01:28:11 -0700] "GET /css/weui.min.css HTTP/1.1" 304 -
0:0:0:0:0:0:0:1 - - [08/Jul/2016:01:28:11 -0700] "GET /css/weixin.css HTTP/1.1" 304 -
0:0:0:0:0:0:0:1 - - [08/Jul/2016:01:28:11 -0700] "GET /js/jquery-1.7.2.js HTTP/1.1" 304 -
0:0:0:0:0:0:0:1 - - [08/Jul/2016:01:28:11 -0700] "GET /js/js_adaption.js HTTP/1.1" 304 -
0:0:0:0:0:0:0:1 - - [08/Jul/2016:01:28:11 -0700] "GET /favicon.ico HTTP/1.1" 200 946
0:0:0:0:0:0:0:1 - - [08/Jul/2016:01:28:15 -0700] "GET /patient/form?cid=111 HTTP/1.1" 200 12805
0:0:0:0:0:0:0:1 - - [08/Jul/2016:01:28:15 -0700] "GET /css/weui.min.css HTTP/1.1" 304 -
0:0:0:0:0:0:0:1 - - [08/Jul/2016:01:28:15 -0700] "GET /css/weixin.css HTTP/1.1" 304 -
0:0:0:0:0:0:0:1 - - [08/Jul/2016:01:28:15 -0700] "GET /js/jquery-1.7.2.js HTTP/1.1" 304 -
0:0:0:0:0:0:0:1 - - [08/Jul/2016:01:28:15 -0700] "GET /js/js_adaption.js HTTP/1.1" 304 -
0:0:0:0:0:0:0:1 - - [08/Jul/2016:01:28:15 -0700] "GET /favicon.ico HTTP/1.1" 200 946
0:0:0:0:0:0:0:1 - - [08/Jul/2016:01:37:12 -0700] "GET /patient/form?cid=111 HTTP/1.1" 200 12804
0:0:0:0:0:0:0:1 - - [08/Jul/2016:01:37:12 -0700] "GET /css/weixin.css HTTP/1.1" 304 -
0:0:0:0:0:0:0:1 - - [08/Jul/2016:01:37:12 -0700] "GET /js/jquery-1.7.2.js HTTP/1.1" 304 -
0:0:0:0:0:0:0:1 - - [08/Jul/2016:01:37:12 -0700] "GET /css/weui.min.css HTTP/1.1" 304 -
0:0:0:0:0:0:0:1 - - [08/Jul/2016:01:37:12 -0700] "GET /js/js_adaption.js HTTP/1.1" 304 -
0:0:0:0:0:0:0:1 - - [08/Jul/2016:01:37:12 -0700] "GET /favicon.ico HTTP/1.1" 200 946
0:0:0:0:0:0:0:1 - - [08/Jul/2016:01:37:53 -0700] "POST /patient/input HTTP/1.1" 500 504
0:0:0:0:0:0:0:1 - - [08/Jul/2016:01:45:21 -0700] "GET /patient/form?cid=111 HTTP/1.1" 200 12804
0:0:0:0:0:0:0:1 - - [08/Jul/2016:01:45:27 -0700] "GET /patient/form?cid=111 HTTP/1.1" 200 12804
0:0:0:0:0:0:0:1 - - [08/Jul/2016:01:45:27 -0700] "GET /js/jquery-1.7.2.js HTTP/1.1" 304 -
0:0:0:0:0:0:0:1 - - [08/Jul/2016:01:45:27 -0700] "GET /js/js_adaption.js HTTP/1.1" 304 -
0:0:0:0:0:0:0:1 - - [08/Jul/2016:01:45:27 -0700] "GET /css/weixin.css HTTP/1.1" 304 -
0:0:0:0:0:0:0:1 - - [08/Jul/2016:01:45:27 -0700] "GET /css/weui.min.css HTTP/1.1" 304 -
0:0:0:0:0:0:0:1 - - [08/Jul/2016:01:45:27 -0700] "GET /favicon.ico HTTP/1.1" 200 946
0:0:0:0:0:0:0:1 - - [08/Jul/2016:01:46:21 -0700] "POST /patient/input HTTP/1.1" 200 1313
0:0:0:0:0:0:0:1 - - [08/Jul/2016:01:46:21 -0700] "GET /image/submit.png HTTP/1.1" 304 -
0:0:0:0:0:0:0:1 - - [08/Jul/2016:01:55:27 -0700] "GET /patient/form?cid=111 HTTP/1.1" 200 13264
0:0:0:0:0:0:0:1 - - [08/Jul/2016:01:55:28 -0700] "GET /js/jquery-1.7.2.js HTTP/1.1" 304 -
0:0:0:0:0:0:0:1 - - [08/Jul/2016:01:55:28 -0700] "GET /js/js_adaption.js HTTP/1.1" 304 -
0:0:0:0:0:0:0:1 - - [08/Jul/2016:01:55:28 -0700] "GET /css/weui.min.css HTTP/1.1" 304 -
0:0:0:0:0:0:0:1 - - [08/Jul/2016:01:55:28 -0700] "GET /css/weixin.css HTTP/1.1" 304 -
0:0:0:0:0:0:0:1 - - [08/Jul/2016:01:55:28 -0700] "GET /favicon.ico HTTP/1.1" 200 946
0:0:0:0:0:0:0:1 - - [08/Jul/2016:01:56:03 -0700] "POST /patient/input HTTP/1.1" 200 1313
0:0:0:0:0:0:0:1 - - [08/Jul/2016:01:56:11 -0700] "GET /patient/form?cid=111 HTTP/1.1" 200 13264
0:0:0:0:0:0:0:1 - - [08/Jul/2016:01:56:11 -0700] "GET /css/weixin.css HTTP/1.1" 304 -
0:0:0:0:0:0:0:1 - - [08/Jul/2016:01:56:11 -0700] "GET /css/weui.min.css HTTP/1.1" 304 -
0:0:0:0:0:0:0:1 - - [08/Jul/2016:01:56:11 -0700] "GET /js/jquery-1.7.2.js HTTP/1.1" 304 -
0:0:0:0:0:0:0:1 - - [08/Jul/2016:01:56:11 -0700] "GET /js/js_adaption.js HTTP/1.1" 304 -
0:0:0:0:0:0:0:1 - - [08/Jul/2016:01:56:12 -0700] "GET /favicon.ico HTTP/1.1" 200 946
0:0:0:0:0:0:0:1 - - [08/Jul/2016:01:56:57 -0700] "GET /patient/form?cid=111 HTTP/1.1" 200 13235
0:0:0:0:0:0:0:1 - - [08/Jul/2016:01:56:57 -0700] "GET /css/weui.min.css HTTP/1.1" 304 -
0:0:0:0:0:0:0:1 - - [08/Jul/2016:01:56:57 -0700] "GET /css/weixin.css HTTP/1.1" 304 -
0:0:0:0:0:0:0:1 - - [08/Jul/2016:01:56:57 -0700] "GET /js/jquery-1.7.2.js HTTP/1.1" 304 -
0:0:0:0:0:0:0:1 - - [08/Jul/2016:01:56:57 -0700] "GET /js/js_adaption.js HTTP/1.1" 304 -
0:0:0:0:0:0:0:1 - - [08/Jul/2016:01:56:57 -0700] "GET /favicon.ico HTTP/1.1" 200 946
0:0:0:0:0:0:0:1 - - [08/Jul/2016:01:57:42 -0700] "GET /patient/form?cid=111 HTTP/1.1" 200 13246
0:0:0:0:0:0:0:1 - - [08/Jul/2016:01:57:42 -0700] "GET /css/weixin.css HTTP/1.1" 304 -
0:0:0:0:0:0:0:1 - - [08/Jul/2016:01:57:42 -0700] "GET /js/jquery-1.7.2.js HTTP/1.1" 304 -
0:0:0:0:0:0:0:1 - - [08/Jul/2016:01:57:42 -0700] "GET /css/weui.min.css HTTP/1.1" 304 -
0:0:0:0:0:0:0:1 - - [08/Jul/2016:01:57:42 -0700] "GET /js/js_adaption.js HTTP/1.1" 304 -
0:0:0:0:0:0:0:1 - - [08/Jul/2016:01:57:43 -0700] "GET /favicon.ico HTTP/1.1" 200 946
0:0:0:0:0:0:0:1 - - [08/Jul/2016:01:58:07 -0700] "GET /patient/form?cid=111 HTTP/1.1" 200 13253
0:0:0:0:0:0:0:1 - - [08/Jul/2016:01:58:07 -0700] "GET /css/weui.min.css HTTP/1.1" 304 -
0:0:0:0:0:0:0:1 - - [08/Jul/2016:01:58:07 -0700] "GET /css/weixin.css HTTP/1.1" 304 -
0:0:0:0:0:0:0:1 - - [08/Jul/2016:01:58:07 -0700] "GET /js/jquery-1.7.2.js HTTP/1.1" 304 -
0:0:0:0:0:0:0:1 - - [08/Jul/2016:01:58:07 -0700] "GET /js/js_adaption.js HTTP/1.1" 304 -
0:0:0:0:0:0:0:1 - - [08/Jul/2016:01:58:07 -0700] "GET /favicon.ico HTTP/1.1" 200 946
0:0:0:0:0:0:0:1 - - [08/Jul/2016:01:58:55 -0700] "POST /patient/input HTTP/1.1" 200 1313
0:0:0:0:0:0:0:1 - - [08/Jul/2016:02:01:30 -0700] "GET /patient/form?cid=111 HTTP/1.1" 200 13253
0:0:0:0:0:0:0:1 - - [08/Jul/2016:02:01:30 -0700] "GET /css/weixin.css HTTP/1.1" 304 -
0:0:0:0:0:0:0:1 - - [08/Jul/2016:02:01:30 -0700] "GET /js/jquery-1.7.2.js HTTP/1.1" 304 -
0:0:0:0:0:0:0:1 - - [08/Jul/2016:02:01:30 -0700] "GET /css/weui.min.css HTTP/1.1" 304 -
0:0:0:0:0:0:0:1 - - [08/Jul/2016:02:01:30 -0700] "GET /js/js_adaption.js HTTP/1.1" 304 -
0:0:0:0:0:0:0:1 - - [08/Jul/2016:02:01:31 -0700] "GET /favicon.ico HTTP/1.1" 200 946
0:0:0:0:0:0:0:1 - - [08/Jul/2016:02:02:15 -0700] "POST /patient/input HTTP/1.1" 200 1313
0:0:0:0:0:0:0:1 - - [08/Jul/2016:02:04:05 -0700] "GET /patient/form?cid=111 HTTP/1.1" 200 13316
0:0:0:0:0:0:0:1 - - [08/Jul/2016:02:04:05 -0700] "GET /css/weui.min.css HTTP/1.1" 304 -
0:0:0:0:0:0:0:1 - - [08/Jul/2016:02:04:05 -0700] "GET /css/weixin.css HTTP/1.1" 304 -
0:0:0:0:0:0:0:1 - - [08/Jul/2016:02:04:05 -0700] "GET /js/js_adaption.js HTTP/1.1" 304 -
0:0:0:0:0:0:0:1 - - [08/Jul/2016:02:04:05 -0700] "GET /js/jquery-1.7.2.js HTTP/1.1" 304 -
0:0:0:0:0:0:0:1 - - [08/Jul/2016:02:04:06 -0700] "GET /favicon.ico HTTP/1.1" 200 946
0:0:0:0:0:0:0:1 - - [08/Jul/2016:02:07:59 -0700] "GET /patient/form?cid=111 HTTP/1.1" 200 13649
0:0:0:0:0:0:0:1 - - [08/Jul/2016:02:07:59 -0700] "GET /css/weui.min.css HTTP/1.1" 304 -
0:0:0:0:0:0:0:1 - - [08/Jul/2016:02:07:59 -0700] "GET /css/weixin.css HTTP/1.1" 304 -
0:0:0:0:0:0:0:1 - - [08/Jul/2016:02:07:59 -0700] "GET /js/js_adaption.js HTTP/1.1" 304 -
0:0:0:0:0:0:0:1 - - [08/Jul/2016:02:07:59 -0700] "GET /js/jquery-1.7.2.js HTTP/1.1" 304 -
0:0:0:0:0:0:0:1 - - [08/Jul/2016:02:07:59 -0700] "GET /favicon.ico HTTP/1.1" 200 946
0:0:0:0:0:0:0:1 - - [08/Jul/2016:02:08:41 -0700] "GET /patient/form?cid=111 HTTP/1.1" 200 13641
0:0:0:0:0:0:0:1 - - [08/Jul/2016:02:08:41 -0700] "GET /css/weui.min.css HTTP/1.1" 304 -
0:0:0:0:0:0:0:1 - - [08/Jul/2016:02:08:41 -0700] "GET /css/weixin.css HTTP/1.1" 304 -
0:0:0:0:0:0:0:1 - - [08/Jul/2016:02:08:41 -0700] "GET /js/jquery-1.7.2.js HTTP/1.1" 304 -
0:0:0:0:0:0:0:1 - - [08/Jul/2016:02:08:41 -0700] "GET /js/js_adaption.js HTTP/1.1" 304 -
0:0:0:0:0:0:0:1 - - [08/Jul/2016:02:08:41 -0700] "GET /favicon.ico HTTP/1.1" 200 946
0:0:0:0:0:0:0:1 - - [08/Jul/2016:02:16:48 -0700] "GET /patient/form?cid=111 HTTP/1.1" 500 704
0:0:0:0:0:0:0:1 - - [08/Jul/2016:02:16:48 -0700] "GET /css/weui.min.css HTTP/1.1" 304 -
0:0:0:0:0:0:0:1 - - [08/Jul/2016:02:16:48 -0700] "GET /css/weixin.css HTTP/1.1" 200 2424
0:0:0:0:0:0:0:1 - - [08/Jul/2016:02:16:48 -0700] "GET /clinic-test/image/404.png HTTP/1.1" 404 140
0:0:0:0:0:0:0:1 - - [08/Jul/2016:02:16:48 -0700] "GET /clinic-test/js/js_adaption.js HTTP/1.1" 404 144
0:0:0:0:0:0:0:1 - - [08/Jul/2016:02:16:48 -0700] "GET /favicon.ico HTTP/1.1" 200 946
0:0:0:0:0:0:0:1 - - [08/Jul/2016:02:17:14 -0700] "GET /patient/form?cid=111 HTTP/1.1" 500 704
0:0:0:0:0:0:0:1 - - [08/Jul/2016:02:17:14 -0700] "GET /clinic-test/image/404.png HTTP/1.1" 404 140
0:0:0:0:0:0:0:1 - - [08/Jul/2016:02:17:14 -0700] "GET /clinic-test/js/js_adaption.js HTTP/1.1" 404 144
0:0:0:0:0:0:0:1 - - [08/Jul/2016:02:17:43 -0700] "GET /patient/form?cid=111 HTTP/1.1" 200 13648
0:0:0:0:0:0:0:1 - - [08/Jul/2016:02:17:43 -0700] "GET /css/weui.min.css HTTP/1.1" 304 -
0:0:0:0:0:0:0:1 - - [08/Jul/2016:02:17:43 -0700] "GET /js/js_adaption.js HTTP/1.1" 304 -
0:0:0:0:0:0:0:1 - - [08/Jul/2016:02:17:43 -0700] "GET /js/jquery-1.7.2.js HTTP/1.1" 304 -
0:0:0:0:0:0:0:1 - - [08/Jul/2016:02:17:43 -0700] "GET /css/weixin.css HTTP/1.1" 304 -
0:0:0:0:0:0:0:1 - - [08/Jul/2016:02:17:44 -0700] "GET /favicon.ico HTTP/1.1" 200 946
0:0:0:0:0:0:0:1 - - [08/Jul/2016:02:22:04 -0700] "GET /patient/form?cid=111 HTTP/1.1" 200 13602
0:0:0:0:0:0:0:1 - - [08/Jul/2016:02:22:04 -0700] "GET /css/weui.min.css HTTP/1.1" 304 -
0:0:0:0:0:0:0:1 - - [08/Jul/2016:02:22:04 -0700] "GET /css/weixin.css HTTP/1.1" 304 -
0:0:0:0:0:0:0:1 - - [08/Jul/2016:02:22:04 -0700] "GET /js/jquery-1.7.2.js HTTP/1.1" 304 -
0:0:0:0:0:0:0:1 - - [08/Jul/2016:02:22:04 -0700] "GET /js/js_adaption.js HTTP/1.1" 304 -
0:0:0:0:0:0:0:1 - - [08/Jul/2016:02:22:04 -0700] "GET /favicon.ico HTTP/1.1" 200 946
0:0:0:0:0:0:0:1 - - [08/Jul/2016:02:23:02 -0700] "GET /patient/form?cid=111 HTTP/1.1" 200 13602
0:0:0:0:0:0:0:1 - - [08/Jul/2016:02:23:02 -0700] "GET /css/weixin.css HTTP/1.1" 304 -
0:0:0:0:0:0:0:1 - - [08/Jul/2016:02:23:02 -0700] "GET /js/js_adaption.js HTTP/1.1" 304 -
0:0:0:0:0:0:0:1 - - [08/Jul/2016:02:23:02 -0700] "GET /js/jquery-1.7.2.js HTTP/1.1" 304 -
0:0:0:0:0:0:0:1 - - [08/Jul/2016:02:23:02 -0700] "GET /css/weui.min.css HTTP/1.1" 304 -
0:0:0:0:0:0:0:1 - - [08/Jul/2016:02:23:03 -0700] "GET /favicon.ico HTTP/1.1" 200 946
0:0:0:0:0:0:0:1 - - [08/Jul/2016:02:23:56 -0700] "GET /patient/form?cid=111 HTTP/1.1" 200 13673
0:0:0:0:0:0:0:1 - - [08/Jul/2016:02:23:56 -0700] "GET /css/weixin.css HTTP/1.1" 304 -
0:0:0:0:0:0:0:1 - - [08/Jul/2016:02:23:56 -0700] "GET /js/jquery-1.7.2.js HTTP/1.1" 304 -
0:0:0:0:0:0:0:1 - - [08/Jul/2016:02:23:56 -0700] "GET /js/js_adaption.js HTTP/1.1" 304 -
0:0:0:0:0:0:0:1 - - [08/Jul/2016:02:23:56 -0700] "GET /css/weui.min.css HTTP/1.1" 304 -
0:0:0:0:0:0:0:1 - - [08/Jul/2016:02:23:57 -0700] "GET /favicon.ico HTTP/1.1" 200 946
0:0:0:0:0:0:0:1 - - [08/Jul/2016:02:24:25 -0700] "GET /patient/form?cid=111 HTTP/1.1" 200 13677
0:0:0:0:0:0:0:1 - - [08/Jul/2016:02:24:25 -0700] "GET /css/weui.min.css HTTP/1.1" 304 -
0:0:0:0:0:0:0:1 - - [08/Jul/2016:02:24:25 -0700] "GET /css/weixin.css HTTP/1.1" 304 -
0:0:0:0:0:0:0:1 - - [08/Jul/2016:02:24:25 -0700] "GET /js/jquery-1.7.2.js HTTP/1.1" 304 -
0:0:0:0:0:0:0:1 - - [08/Jul/2016:02:24:25 -0700] "GET /js/js_adaption.js HTTP/1.1" 304 -
0:0:0:0:0:0:0:1 - - [08/Jul/2016:02:24:26 -0700] "GET /favicon.ico HTTP/1.1" 200 946
0:0:0:0:0:0:0:1 - - [08/Jul/2016:02:25:21 -0700] "GET /patient/form?cid=111 HTTP/1.1" 200 13685
0:0:0:0:0:0:0:1 - - [08/Jul/2016:02:25:21 -0700] "GET /css/weui.min.css HTTP/1.1" 304 -
0:0:0:0:0:0:0:1 - - [08/Jul/2016:02:25:21 -0700] "GET /css/weixin.css HTTP/1.1" 304 -
0:0:0:0:0:0:0:1 - - [08/Jul/2016:02:25:21 -0700] "GET /js/jquery-1.7.2.js HTTP/1.1" 304 -
0:0:0:0:0:0:0:1 - - [08/Jul/2016:02:25:21 -0700] "GET /js/js_adaption.js HTTP/1.1" 304 -
0:0:0:0:0:0:0:1 - - [08/Jul/2016:02:25:21 -0700] "GET /favicon.ico HTTP/1.1" 200 946
0:0:0:0:0:0:0:1 - - [08/Jul/2016:02:26:41 -0700] "GET /patient/form?cid=111 HTTP/1.1" 200 13635
0:0:0:0:0:0:0:1 - - [08/Jul/2016:02:26:41 -0700] "GET /css/weui.min.css HTTP/1.1" 304 -
0:0:0:0:0:0:0:1 - - [08/Jul/2016:02:26:41 -0700] "GET /css/weixin.css HTTP/1.1" 304 -
0:0:0:0:0:0:0:1 - - [08/Jul/2016:02:26:41 -0700] "GET /js/jquery-1.7.2.js HTTP/1.1" 304 -
0:0:0:0:0:0:0:1 - - [08/Jul/2016:02:26:41 -0700] "GET /js/js_adaption.js HTTP/1.1" 304 -
0:0:0:0:0:0:0:1 - - [08/Jul/2016:02:26:41 -0700] "GET /favicon.ico HTTP/1.1" 200 946
0:0:0:0:0:0:0:1 - - [08/Jul/2016:02:27:41 -0700] "GET /patient/form?cid=111 HTTP/1.1" 200 13673
0:0:0:0:0:0:0:1 - - [08/Jul/2016:02:27:41 -0700] "GET /css/weui.min.css HTTP/1.1" 304 -
0:0:0:0:0:0:0:1 - - [08/Jul/2016:02:27:41 -0700] "GET /css/weixin.css HTTP/1.1" 304 -
0:0:0:0:0:0:0:1 - - [08/Jul/2016:02:27:41 -0700] "GET /js/jquery-1.7.2.js HTTP/1.1" 304 -
0:0:0:0:0:0:0:1 - - [08/Jul/2016:02:27:41 -0700] "GET /js/js_adaption.js HTTP/1.1" 304 -
0:0:0:0:0:0:0:1 - - [08/Jul/2016:02:27:41 -0700] "GET /favicon.ico HTTP/1.1" 200 946
0:0:0:0:0:0:0:1 - - [08/Jul/2016:02:27:56 -0700] "GET /patient/form?cid=111 HTTP/1.1" 200 13673
0:0:0:0:0:0:0:1 - - [08/Jul/2016:02:27:56 -0700] "GET /css/weui.min.css HTTP/1.1" 304 -
0:0:0:0:0:0:0:1 - - [08/Jul/2016:02:27:56 -0700] "GET /css/weixin.css HTTP/1.1" 304 -
0:0:0:0:0:0:0:1 - - [08/Jul/2016:02:27:56 -0700] "GET /js/jquery-1.7.2.js HTTP/1.1" 304 -
0:0:0:0:0:0:0:1 - - [08/Jul/2016:02:27:56 -0700] "GET /js/js_adaption.js HTTP/1.1" 304 -
0:0:0:0:0:0:0:1 - - [08/Jul/2016:02:27:56 -0700] "GET /favicon.ico HTTP/1.1" 200 946
0:0:0:0:0:0:0:1 - - [08/Jul/2016:02:29:38 -0700] "GET /patient/form?cid=111 HTTP/1.1" 200 13596
0:0:0:0:0:0:0:1 - - [08/Jul/2016:02:29:38 -0700] "GET /css/weui.min.css HTTP/1.1" 304 -
0:0:0:0:0:0:0:1 - - [08/Jul/2016:02:29:38 -0700] "GET /css/weixin.css HTTP/1.1" 304 -
0:0:0:0:0:0:0:1 - - [08/Jul/2016:02:29:38 -0700] "GET /js/jquery-1.7.2.js HTTP/1.1" 304 -
0:0:0:0:0:0:0:1 - - [08/Jul/2016:02:29:38 -0700] "GET /js/js_adaption.js HTTP/1.1" 304 -
0:0:0:0:0:0:0:1 - - [08/Jul/2016:02:29:39 -0700] "GET /favicon.ico HTTP/1.1" 200 946
0:0:0:0:0:0:0:1 - - [08/Jul/2016:02:30:10 -0700] "POST /patient/input HTTP/1.1" 200 1350
0:0:0:0:0:0:0:1 - - [08/Jul/2016:02:30:10 -0700] "GET /clinic-test/image/bohao.png HTTP/1.1" 404 142
0:0:0:0:0:0:0:1 - - [08/Jul/2016:02:30:10 -0700] "GET /clinic-test/image/submit.png HTTP/1.1" 404 143
0:0:0:0:0:0:0:1 - - [08/Jul/2016:02:57:54 -0700] "GET /patient/form?cid=111 HTTP/1.1" 200 13596
0:0:0:0:0:0:0:1 - - [08/Jul/2016:02:57:54 -0700] "GET /css/weui.min.css HTTP/1.1" 304 -
0:0:0:0:0:0:0:1 - - [08/Jul/2016:02:57:54 -0700] "GET /js/jquery-1.7.2.js HTTP/1.1" 304 -
0:0:0:0:0:0:0:1 - - [08/Jul/2016:02:57:54 -0700] "GET /js/js_adaption.js HTTP/1.1" 304 -
0:0:0:0:0:0:0:1 - - [08/Jul/2016:02:57:54 -0700] "GET /css/weixin.css HTTP/1.1" 304 -
0:0:0:0:0:0:0:1 - - [08/Jul/2016:02:59:32 -0700] "GET /patient/form?cid=111 HTTP/1.1" 200 13596
0:0:0:0:0:0:0:1 - - [08/Jul/2016:02:59:32 -0700] "GET /css/weui.min.css HTTP/1.1" 304 -
0:0:0:0:0:0:0:1 - - [08/Jul/2016:02:59:32 -0700] "GET /css/weixin.css HTTP/1.1" 304 -
0:0:0:0:0:0:0:1 - - [08/Jul/2016:02:59:32 -0700] "GET /js/js_adaption.js HTTP/1.1" 304 -
0:0:0:0:0:0:0:1 - - [08/Jul/2016:02:59:32 -0700] "GET /js/jquery-1.7.2.js HTTP/1.1" 304 -
0:0:0:0:0:0:0:1 - - [08/Jul/2016:02:59:32 -0700] "GET /favicon.ico HTTP/1.1" 200 946
0:0:0:0:0:0:0:1 - - [08/Jul/2016:03:00:15 -0700] "GET /patient/form?cid=111 HTTP/1.1" 200 13596
0:0:0:0:0:0:0:1 - - [08/Jul/2016:03:00:15 -0700] "GET /css/weixin.css HTTP/1.1" 304 -
0:0:0:0:0:0:0:1 - - [08/Jul/2016:03:00:15 -0700] "GET /css/weui.min.css HTTP/1.1" 304 -
0:0:0:0:0:0:0:1 - - [08/Jul/2016:03:00:15 -0700] "GET /js/js_adaption.js HTTP/1.1" 304 -
0:0:0:0:0:0:0:1 - - [08/Jul/2016:03:00:15 -0700] "GET /js/jquery-1.7.2.js HTTP/1.1" 304 -
0:0:0:0:0:0:0:1 - - [08/Jul/2016:03:00:15 -0700] "GET /favicon.ico HTTP/1.1" 200 946
0:0:0:0:0:0:0:1 - - [08/Jul/2016:03:10:17 -0700] "GET /patient/form?cid=111 HTTP/1.1" 200 13596
0:0:0:0:0:0:0:1 - - [08/Jul/2016:03:10:17 -0700] "GET /css/weixin.css HTTP/1.1" 304 -
0:0:0:0:0:0:0:1 - - [08/Jul/2016:03:10:17 -0700] "GET /css/weui.min.css HTTP/1.1" 304 -
0:0:0:0:0:0:0:1 - - [08/Jul/2016:03:10:17 -0700] "GET /js/js_adaption.js HTTP/1.1" 304 -
0:0:0:0:0:0:0:1 - - [08/Jul/2016:03:10:17 -0700] "GET /js/jquery-1.7.2.js HTTP/1.1" 304 -
0:0:0:0:0:0:0:1 - - [08/Jul/2016:03:10:18 -0700] "GET /favicon.ico HTTP/1.1" 200 946
0:0:0:0:0:0:0:1 - - [08/Jul/2016:03:10:27 -0700] "GET /patient/form?cid=111 HTTP/1.1" 200 13594
0:0:0:0:0:0:0:1 - - [08/Jul/2016:03:10:27 -0700] "GET /css/weui.min.css HTTP/1.1" 304 -
0:0:0:0:0:0:0:1 - - [08/Jul/2016:03:10:27 -0700] "GET /css/weixin.css HTTP/1.1" 304 -
0:0:0:0:0:0:0:1 - - [08/Jul/2016:03:10:27 -0700] "GET /js/jquery-1.7.2.js HTTP/1.1" 304 -
0:0:0:0:0:0:0:1 - - [08/Jul/2016:03:10:27 -0700] "GET /js/js_adaption.js HTTP/1.1" 304 -
0:0:0:0:0:0:0:1 - - [08/Jul/2016:03:10:27 -0700] "GET /favicon.ico HTTP/1.1" 200 946
0:0:0:0:0:0:0:1 - - [08/Jul/2016:03:15:44 -0700] "GET /patient/form?cid=111 HTTP/1.1" 200 13594
0:0:0:0:0:0:0:1 - - [08/Jul/2016:03:15:44 -0700] "GET /css/weui.min.css HTTP/1.1" 304 -
0:0:0:0:0:0:0:1 - - [08/Jul/2016:03:15:44 -0700] "GET /css/weixin.css HTTP/1.1" 304 -
0:0:0:0:0:0:0:1 - - [08/Jul/2016:03:15:44 -0700] "GET /js/jquery-1.7.2.js HTTP/1.1" 304 -
0:0:0:0:0:0:0:1 - - [08/Jul/2016:03:15:44 -0700] "GET /js/js_adaption.js HTTP/1.1" 304 -
0:0:0:0:0:0:0:1 - - [08/Jul/2016:03:15:44 -0700] "GET /favicon.ico HTTP/1.1" 200 946
0:0:0:0:0:0:0:1 - - [08/Jul/2016:03:47:02 -0700] "GET /card/form HTTP/1.1" 200 3621
0:0:0:0:0:0:0:1 - - [08/Jul/2016:03:47:02 -0700] "GET /css/weixin.css HTTP/1.1" 200 2424
0:0:0:0:0:0:0:1 - - [08/Jul/2016:03:47:02 -0700] "GET /js/js_adaption.js HTTP/1.1" 200 235
0:0:0:0:0:0:0:1 - - [08/Jul/2016:03:47:02 -0700] "GET /css/weui.min.css HTTP/1.1" 200 48819
0:0:0:0:0:0:0:1 - - [08/Jul/2016:03:47:02 -0700] "GET /clinic-test/js/jquery-1.7.2.js HTTP/1.1" 404 145
0:0:0:0:0:0:0:1 - - [08/Jul/2016:03:47:03 -0700] "GET /clinic-test/image/0003-1.png HTTP/1.1" 404 143
0:0:0:0:0:0:0:1 - - [08/Jul/2016:03:47:03 -0700] "GET /favicon.ico HTTP/1.1" 200 946
0:0:0:0:0:0:0:1 - - [08/Jul/2016:03:47:50 -0700] "GET /card/form HTTP/1.1" 200 3585
0:0:0:0:0:0:0:1 - - [08/Jul/2016:03:47:50 -0700] "GET /js/js_adaption.js HTTP/1.1" 304 -
0:0:0:0:0:0:0:1 - - [08/Jul/2016:03:47:50 -0700] "GET /css/weui.min.css HTTP/1.1" 304 -
0:0:0:0:0:0:0:1 - - [08/Jul/2016:03:47:50 -0700] "GET /css/weixin.css HTTP/1.1" 304 -
0:0:0:0:0:0:0:1 - - [08/Jul/2016:03:47:50 -0700] "GET /js/jquery-1.7.2.js HTTP/1.1" 200 283887
0:0:0:0:0:0:0:1 - - [08/Jul/2016:03:47:50 -0700] "GET /clinic-test/image/0003-1.png HTTP/1.1" 404 143
0:0:0:0:0:0:0:1 - - [08/Jul/2016:03:47:50 -0700] "GET /favicon.ico HTTP/1.1" 200 946
0:0:0:0:0:0:0:1 - - [08/Jul/2016:03:48:11 -0700] "GET /card/form HTTP/1.1" 200 3573
0:0:0:0:0:0:0:1 - - [08/Jul/2016:03:48:11 -0700] "GET /js/js_adaption.js HTTP/1.1" 304 -
0:0:0:0:0:0:0:1 - - [08/Jul/2016:03:48:11 -0700] "GET /css/weui.min.css HTTP/1.1" 304 -
0:0:0:0:0:0:0:1 - - [08/Jul/2016:03:48:11 -0700] "GET /css/weixin.css HTTP/1.1" 304 -
0:0:0:0:0:0:0:1 - - [08/Jul/2016:03:48:11 -0700] "GET /js/jquery-1.7.2.js HTTP/1.1" 304 -
0:0:0:0:0:0:0:1 - - [08/Jul/2016:03:48:11 -0700] "GET /image/0003-1.png HTTP/1.1" 200 1321
0:0:0:0:0:0:0:1 - - [08/Jul/2016:03:48:11 -0700] "GET /favicon.ico HTTP/1.1" 200 946
0:0:0:0:0:0:0:1 - - [08/Jul/2016:03:48:12 -0700] "GET /image/0003-2.png HTTP/1.1" 200 3502
0:0:0:0:0:0:0:1 - - [08/Jul/2016:03:48:21 -0700] "POST /card/input HTTP/1.1" 500 704
0:0:0:0:0:0:0:1 - - [08/Jul/2016:03:48:21 -0700] "GET /clinic-test/js/js_adaption.js HTTP/1.1" 404 144
0:0:0:0:0:0:0:1 - - [08/Jul/2016:03:48:21 -0700] "GET /clinic-test/image/404.png HTTP/1.1" 404 140
0:0:0:0:0:0:0:1 - - [08/Jul/2016:03:49:12 -0700] "POST /card/input HTTP/1.1" 500 704
0:0:0:0:0:0:0:1 - - [08/Jul/2016:03:49:12 -0700] "GET /clinic-test/js/js_adaption.js HTTP/1.1" 404 144
0:0:0:0:0:0:0:1 - - [08/Jul/2016:03:49:12 -0700] "GET /clinic-test/image/404.png HTTP/1.1" 404 140
0:0:0:0:0:0:0:1 - - [08/Jul/2016:03:49:32 -0700] "POST /card/input HTTP/1.1" 500 704
0:0:0:0:0:0:0:1 - - [08/Jul/2016:03:49:32 -0700] "GET /clinic-test/image/404.png HTTP/1.1" 404 140
0:0:0:0:0:0:0:1 - - [08/Jul/2016:03:49:32 -0700] "GET /css/weui.min.css HTTP/1.1" 304 -
0:0:0:0:0:0:0:1 - - [08/Jul/2016:03:49:32 -0700] "GET /clinic-test/js/js_adaption.js HTTP/1.1" 404 144
0:0:0:0:0:0:0:1 - - [08/Jul/2016:03:49:32 -0700] "GET /css/weixin.css HTTP/1.1" 304 -
0:0:0:0:0:0:0:1 - - [08/Jul/2016:03:49:32 -0700] "GET /clinic-test/image/404.png HTTP/1.1" 404 140
0:0:0:0:0:0:0:1 - - [08/Jul/2016:03:49:32 -0700] "GET /favicon.ico HTTP/1.1" 200 946
0:0:0:0:0:0:0:1 - - [08/Jul/2016:03:49:42 -0700] "POST /card/input HTTP/1.1" 500 704
0:0:0:0:0:0:0:1 - - [08/Jul/2016:03:49:42 -0700] "GET /clinic-test/js/js_adaption.js HTTP/1.1" 404 144
0:0:0:0:0:0:0:1 - - [08/Jul/2016:03:49:42 -0700] "GET /clinic-test/image/404.png HTTP/1.1" 404 140
0:0:0:0:0:0:0:1 - - [08/Jul/2016:03:50:05 -0700] "GET /card/form HTTP/1.1" 200 3573
0:0:0:0:0:0:0:1 - - [08/Jul/2016:03:50:05 -0700] "GET /css/weixin.css HTTP/1.1" 304 -
0:0:0:0:0:0:0:1 - - [08/Jul/2016:03:50:05 -0700] "GET /js/js_adaption.js HTTP/1.1" 304 -
0:0:0:0:0:0:0:1 - - [08/Jul/2016:03:50:05 -0700] "GET /js/jquery-1.7.2.js HTTP/1.1" 304 -
0:0:0:0:0:0:0:1 - - [08/Jul/2016:03:50:05 -0700] "GET /css/weui.min.css HTTP/1.1" 304 -
0:0:0:0:0:0:0:1 - - [08/Jul/2016:03:50:05 -0700] "GET /image/0003-1.png HTTP/1.1" 304 -
0:0:0:0:0:0:0:1 - - [08/Jul/2016:03:50:05 -0700] "GET /favicon.ico HTTP/1.1" 200 946
0:0:0:0:0:0:0:1 - - [08/Jul/2016:03:50:17 -0700] "GET /image/0003-2.png HTTP/1.1" 304 -
0:0:0:0:0:0:0:1 - - [08/Jul/2016:03:50:20 -0700] "POST /card/input HTTP/1.1" 500 704
0:0:0:0:0:0:0:1 - - [08/Jul/2016:03:50:20 -0700] "GET /clinic-test/image/404.png HTTP/1.1" 404 140
0:0:0:0:0:0:0:1 - - [08/Jul/2016:03:50:20 -0700] "GET /clinic-test/js/js_adaption.js HTTP/1.1" 404 144
0:0:0:0:0:0:0:1 - - [08/Jul/2016:03:50:20 -0700] "GET /clinic-test/image/404.png HTTP/1.1" 404 140
0:0:0:0:0:0:0:1 - - [08/Jul/2016:03:50:24 -0700] "GET /card/form HTTP/1.1" 200 3573
0:0:0:0:0:0:0:1 - - [08/Jul/2016:03:50:24 -0700] "GET /css/weui.min.css HTTP/1.1" 304 -
0:0:0:0:0:0:0:1 - - [08/Jul/2016:03:50:24 -0700] "GET /css/weixin.css HTTP/1.1" 304 -
0:0:0:0:0:0:0:1 - - [08/Jul/2016:03:50:24 -0700] "GET /js/jquery-1.7.2.js HTTP/1.1" 304 -
0:0:0:0:0:0:0:1 - - [08/Jul/2016:03:50:24 -0700] "GET /js/js_adaption.js HTTP/1.1" 304 -
0:0:0:0:0:0:0:1 - - [08/Jul/2016:03:50:24 -0700] "GET /image/0003-1.png HTTP/1.1" 304 -
0:0:0:0:0:0:0:1 - - [08/Jul/2016:03:50:24 -0700] "GET /favicon.ico HTTP/1.1" 200 946
0:0:0:0:0:0:0:1 - - [08/Jul/2016:03:50:36 -0700] "POST /card/input HTTP/1.1" 500 704
0:0:0:0:0:0:0:1 - - [08/Jul/2016:03:50:36 -0700] "GET /clinic-test/js/js_adaption.js HTTP/1.1" 404 144
0:0:0:0:0:0:0:1 - - [08/Jul/2016:03:50:36 -0700] "GET /clinic-test/image/404.png HTTP/1.1" 404 140
