0:0:0:0:0:0:0:1 - - [28/Jul/2016:02:28:49 -0700] "GET /code/form?code=1 HTTP/1.1" 302 -
0:0:0:0:0:0:0:1 - - [28/Jul/2016:02:28:49 -0700] "GET /card/form?uid=18 HTTP/1.1" 200 3807
0:0:0:0:0:0:0:1 - - [28/Jul/2016:02:28:49 -0700] "GET /js/js_adaption.js HTTP/1.1" 200 235
0:0:0:0:0:0:0:1 - - [28/Jul/2016:02:28:49 -0700] "GET /css/weixin.css HTTP/1.1" 200 2424
0:0:0:0:0:0:0:1 - - [28/Jul/2016:02:28:49 -0700] "GET /css/weui.min.css HTTP/1.1" 200 48819
0:0:0:0:0:0:0:1 - - [28/Jul/2016:02:28:50 -0700] "GET /clinic-test/js/jquery-1.7.2.js HTTP/1.1" 404 145
0:0:0:0:0:0:0:1 - - [28/Jul/2016:02:28:50 -0700] "GET /image/0003-1.png HTTP/1.1" 200 1321
0:0:0:0:0:0:0:1 - - [28/Jul/2016:02:29:03 -0700] "GET /code/form?code=7 HTTP/1.1" 302 -
0:0:0:0:0:0:0:1 - - [28/Jul/2016:02:29:03 -0700] "GET /card/form?uid=18 HTTP/1.1" 200 3807
0:0:0:0:0:0:0:1 - - [28/Jul/2016:02:29:03 -0700] "GET /clinic-test/js/jquery-1.7.2.js HTTP/1.1" 404 145
0:0:0:0:0:0:0:1 - - [28/Jul/2016:02:30:34 -0700] "GET /code/form?code=1 HTTP/1.1" 302 -
0:0:0:0:0:0:0:1 - - [28/Jul/2016:02:30:35 -0700] "GET /index?uid=18 HTTP/1.1" 404 694
0:0:0:0:0:0:0:1 - - [28/Jul/2016:02:30:35 -0700] "GET /clinic/image/404.png HTTP/1.1" 404 135
0:0:0:0:0:0:0:1 - - [28/Jul/2016:02:30:35 -0700] "GET /clinic/js/js_adaption.js HTTP/1.1" 404 139
0:0:0:0:0:0:0:1 - - [28/Jul/2016:02:46:16 -0700] "GET /code/form?code=1 HTTP/1.1" 200 3365
0:0:0:0:0:0:0:1 - - [28/Jul/2016:02:46:16 -0700] "GET /image/mzfw.png HTTP/1.1" 304 -
0:0:0:0:0:0:0:1 - - [28/Jul/2016:02:46:16 -0700] "GET /clinic-test/js/js_adaption.js HTTP/1.1" 404 144
0:0:0:0:0:0:0:1 - - [28/Jul/2016:02:46:16 -0700] "GET /clinic-test/js/jquery-1.7.2.js HTTP/1.1" 404 145
0:0:0:0:0:0:0:1 - - [28/Jul/2016:02:46:16 -0700] "GET /image/mzfw_icon1.png HTTP/1.1" 304 -
0:0:0:0:0:0:0:1 - - [28/Jul/2016:02:46:16 -0700] "GET /image/right_arrow.png HTTP/1.1" 304 -
0:0:0:0:0:0:0:1 - - [28/Jul/2016:02:46:16 -0700] "GET /image/mzfw_icon3.png HTTP/1.1" 304 -
0:0:0:0:0:0:0:1 - - [28/Jul/2016:02:46:16 -0700] "GET /image/mzfw_icon2.png HTTP/1.1" 304 -
0:0:0:0:0:0:0:1 - - [28/Jul/2016:02:46:16 -0700] "GET /image/left_arrow.png HTTP/1.1" 404 135
0:0:0:0:0:0:0:1 - - [28/Jul/2016:02:46:19 -0700] "GET /code/form?code=1 HTTP/1.1" 200 3365
0:0:0:0:0:0:0:1 - - [28/Jul/2016:02:46:19 -0700] "GET /css/weixin.css HTTP/1.1" 304 -
0:0:0:0:0:0:0:1 - - [28/Jul/2016:02:46:19 -0700] "GET /css/weui.min.css HTTP/1.1" 304 -
0:0:0:0:0:0:0:1 - - [28/Jul/2016:02:46:19 -0700] "GET /image/mzfw.png HTTP/1.1" 304 -
0:0:0:0:0:0:0:1 - - [28/Jul/2016:02:46:19 -0700] "GET /clinic-test/js/js_adaption.js HTTP/1.1" 404 144
0:0:0:0:0:0:0:1 - - [28/Jul/2016:02:46:19 -0700] "GET /clinic-test/js/jquery-1.7.2.js HTTP/1.1" 404 145
0:0:0:0:0:0:0:1 - - [28/Jul/2016:02:46:19 -0700] "GET /image/mzfw_icon3.png HTTP/1.1" 304 -
0:0:0:0:0:0:0:1 - - [28/Jul/2016:02:46:19 -0700] "GET /image/mzfw_icon2.png HTTP/1.1" 304 -
0:0:0:0:0:0:0:1 - - [28/Jul/2016:02:46:19 -0700] "GET /image/mzfw_icon1.png HTTP/1.1" 304 -
0:0:0:0:0:0:0:1 - - [28/Jul/2016:02:46:19 -0700] "GET /image/right_arrow.png HTTP/1.1" 304 -
0:0:0:0:0:0:0:1 - - [28/Jul/2016:02:46:19 -0700] "GET /image/left_arrow.png HTTP/1.1" 404 135
0:0:0:0:0:0:0:1 - - [28/Jul/2016:02:46:20 -0700] "GET /favicon.ico HTTP/1.1" 200 946
0:0:0:0:0:0:0:1 - - [28/Jul/2016:02:48:54 -0700] "GET /code/form?code=1 HTTP/1.1" 200 3341
0:0:0:0:0:0:0:1 - - [28/Jul/2016:02:48:54 -0700] "GET /css/weui.min.css HTTP/1.1" 304 -
0:0:0:0:0:0:0:1 - - [28/Jul/2016:02:48:54 -0700] "GET /js/js_adaption.js HTTP/1.1" 304 -
0:0:0:0:0:0:0:1 - - [28/Jul/2016:02:48:54 -0700] "GET /css/weixin.css HTTP/1.1" 304 -
0:0:0:0:0:0:0:1 - - [28/Jul/2016:02:48:54 -0700] "GET /image/mzfw.png HTTP/1.1" 304 -
0:0:0:0:0:0:0:1 - - [28/Jul/2016:02:48:54 -0700] "GET /js/jquery-1.7.2.js HTTP/1.1" 304 -
0:0:0:0:0:0:0:1 - - [28/Jul/2016:02:48:54 -0700] "GET /image/mzfw_icon1.png HTTP/1.1" 304 -
0:0:0:0:0:0:0:1 - - [28/Jul/2016:02:48:54 -0700] "GET /image/mzfw_icon2.png HTTP/1.1" 304 -
0:0:0:0:0:0:0:1 - - [28/Jul/2016:02:48:54 -0700] "GET /image/mzfw_icon3.png HTTP/1.1" 304 -
0:0:0:0:0:0:0:1 - - [28/Jul/2016:02:48:54 -0700] "GET /image/right_arrow.png HTTP/1.1" 304 -
0:0:0:0:0:0:0:1 - - [28/Jul/2016:02:48:54 -0700] "GET /image/left_arrow.png HTTP/1.1" 404 135
0:0:0:0:0:0:0:1 - - [28/Jul/2016:02:48:54 -0700] "GET /favicon.ico HTTP/1.1" 200 946
0:0:0:0:0:0:0:1 - - [28/Jul/2016:02:49:41 -0700] "GET /code/form?code=1 HTTP/1.1" 200 3341
0:0:0:0:0:0:0:1 - - [28/Jul/2016:02:49:41 -0700] "GET /image/left_arrow.png HTTP/1.1" 404 135
0:0:0:0:0:0:0:1 - - [28/Jul/2016:02:54:31 -0700] "GET /code/form?code=1 HTTP/1.1" 200 3294
0:0:0:0:0:0:0:1 - - [28/Jul/2016:02:54:31 -0700] "GET /css/weui.min.css HTTP/1.1" 304 -
0:0:0:0:0:0:0:1 - - [28/Jul/2016:02:54:31 -0700] "GET /js/js_adaption.js HTTP/1.1" 304 -
0:0:0:0:0:0:0:1 - - [28/Jul/2016:02:54:31 -0700] "GET /js/jquery-1.7.2.js HTTP/1.1" 304 -
0:0:0:0:0:0:0:1 - - [28/Jul/2016:02:54:31 -0700] "GET /css/weixin.css HTTP/1.1" 304 -
0:0:0:0:0:0:0:1 - - [28/Jul/2016:02:54:31 -0700] "GET /image/mzfw.png HTTP/1.1" 304 -
0:0:0:0:0:0:0:1 - - [28/Jul/2016:02:54:31 -0700] "GET /image/mzfw_icon1.png HTTP/1.1" 304 -
0:0:0:0:0:0:0:1 - - [28/Jul/2016:02:54:31 -0700] "GET /image/mzfw_icon3.png HTTP/1.1" 304 -
0:0:0:0:0:0:0:1 - - [28/Jul/2016:02:54:31 -0700] "GET /image/mzfw_icon2.png HTTP/1.1" 304 -
0:0:0:0:0:0:0:1 - - [28/Jul/2016:02:54:31 -0700] "GET /image/right_arrow.png HTTP/1.1" 304 -
0:0:0:0:0:0:0:1 - - [28/Jul/2016:02:54:31 -0700] "GET /image/left_arrow.png HTTP/1.1" 404 135
0:0:0:0:0:0:0:1 - - [28/Jul/2016:02:54:31 -0700] "GET /favicon.ico HTTP/1.1" 200 946
0:0:0:0:0:0:0:1 - - [28/Jul/2016:02:54:33 -0700] "GET /card/form?type= HTTP/1.1" 400 694
0:0:0:0:0:0:0:1 - - [28/Jul/2016:02:54:33 -0700] "GET /clinic/image/404.png HTTP/1.1" 404 135
0:0:0:0:0:0:0:1 - - [28/Jul/2016:02:54:33 -0700] "GET /clinic/js/js_adaption.js HTTP/1.1" 404 139
0:0:0:0:0:0:0:1 - - [28/Jul/2016:02:55:41 -0700] "GET /code/form?code=1 HTTP/1.1" 200 3294
0:0:0:0:0:0:0:1 - - [28/Jul/2016:02:55:41 -0700] "GET /image/left_arrow.png HTTP/1.1" 404 135
0:0:0:0:0:0:0:1 - - [28/Jul/2016:02:57:55 -0700] "GET /card/form?type= HTTP/1.1" 400 694
0:0:0:0:0:0:0:1 - - [28/Jul/2016:02:57:55 -0700] "GET /clinic/js/js_adaption.js HTTP/1.1" 404 139
0:0:0:0:0:0:0:1 - - [28/Jul/2016:02:57:55 -0700] "GET /clinic/image/404.png HTTP/1.1" 404 135
0:0:0:0:0:0:0:1 - - [28/Jul/2016:02:58:26 -0700] "GET /card/form?type= HTTP/1.1" 400 694
0:0:0:0:0:0:0:1 - - [28/Jul/2016:02:58:26 -0700] "GET /clinic/js/js_adaption.js HTTP/1.1" 404 139
0:0:0:0:0:0:0:1 - - [28/Jul/2016:02:58:26 -0700] "GET /clinic/image/404.png HTTP/1.1" 404 135
0:0:0:0:0:0:0:1 - - [28/Jul/2016:02:58:27 -0700] "GET /card/form?type= HTTP/1.1" 400 694
0:0:0:0:0:0:0:1 - - [28/Jul/2016:02:58:27 -0700] "GET /css/weui.min.css HTTP/1.1" 304 -
0:0:0:0:0:0:0:1 - - [28/Jul/2016:02:58:27 -0700] "GET /css/weixin.css HTTP/1.1" 304 -
0:0:0:0:0:0:0:1 - - [28/Jul/2016:02:58:27 -0700] "GET /clinic/js/js_adaption.js HTTP/1.1" 404 139
0:0:0:0:0:0:0:1 - - [28/Jul/2016:02:58:27 -0700] "GET /clinic/image/404.png HTTP/1.1" 404 135
0:0:0:0:0:0:0:1 - - [28/Jul/2016:02:58:27 -0700] "GET /favicon.ico HTTP/1.1" 200 946
0:0:0:0:0:0:0:1 - - [28/Jul/2016:02:58:29 -0700] "GET /code/form?code=1 HTTP/1.1" 200 3390
0:0:0:0:0:0:0:1 - - [28/Jul/2016:02:58:29 -0700] "GET /css/weui.min.css HTTP/1.1" 304 -
0:0:0:0:0:0:0:1 - - [28/Jul/2016:02:58:29 -0700] "GET /js/js_adaption.js HTTP/1.1" 304 -
0:0:0:0:0:0:0:1 - - [28/Jul/2016:02:58:29 -0700] "GET /js/jquery-1.7.2.js HTTP/1.1" 304 -
0:0:0:0:0:0:0:1 - - [28/Jul/2016:02:58:29 -0700] "GET /image/mzfw.png HTTP/1.1" 304 -
0:0:0:0:0:0:0:1 - - [28/Jul/2016:02:58:29 -0700] "GET /css/weixin.css HTTP/1.1" 304 -
0:0:0:0:0:0:0:1 - - [28/Jul/2016:02:58:29 -0700] "GET /image/mzfw_icon1.png HTTP/1.1" 304 -
0:0:0:0:0:0:0:1 - - [28/Jul/2016:02:58:29 -0700] "GET /image/mzfw_icon2.png HTTP/1.1" 304 -
0:0:0:0:0:0:0:1 - - [28/Jul/2016:02:58:29 -0700] "GET /image/mzfw_icon3.png HTTP/1.1" 304 -
0:0:0:0:0:0:0:1 - - [28/Jul/2016:02:58:29 -0700] "GET /image/left_arrow.png HTTP/1.1" 404 135
0:0:0:0:0:0:0:1 - - [28/Jul/2016:02:58:29 -0700] "GET /image/right_arrow.png HTTP/1.1" 304 -
0:0:0:0:0:0:0:1 - - [28/Jul/2016:02:58:29 -0700] "GET /favicon.ico HTTP/1.1" 200 946
0:0:0:0:0:0:0:1 - - [28/Jul/2016:02:58:30 -0700] "GET /card/form?type=1 HTTP/1.1" 200 3806
0:0:0:0:0:0:0:1 - - [28/Jul/2016:02:58:30 -0700] "GET /clinic-test/js/jquery-1.7.2.js HTTP/1.1" 404 145
0:0:0:0:0:0:0:1 - - [28/Jul/2016:02:58:30 -0700] "GET /image/0003-1.png HTTP/1.1" 304 -
0:0:0:0:0:0:0:1 - - [28/Jul/2016:02:59:11 -0700] "GET /code/form?code=1 HTTP/1.1" 200 3390
0:0:0:0:0:0:0:1 - - [28/Jul/2016:02:59:11 -0700] "GET /css/weui.min.css HTTP/1.1" 304 -
0:0:0:0:0:0:0:1 - - [28/Jul/2016:02:59:11 -0700] "GET /js/js_adaption.js HTTP/1.1" 304 -
0:0:0:0:0:0:0:1 - - [28/Jul/2016:02:59:11 -0700] "GET /js/jquery-1.7.2.js HTTP/1.1" 304 -
0:0:0:0:0:0:0:1 - - [28/Jul/2016:02:59:11 -0700] "GET /image/mzfw.png HTTP/1.1" 304 -
0:0:0:0:0:0:0:1 - - [28/Jul/2016:02:59:11 -0700] "GET /css/weixin.css HTTP/1.1" 304 -
0:0:0:0:0:0:0:1 - - [28/Jul/2016:02:59:11 -0700] "GET /image/mzfw_icon1.png HTTP/1.1" 304 -
0:0:0:0:0:0:0:1 - - [28/Jul/2016:02:59:11 -0700] "GET /image/mzfw_icon3.png HTTP/1.1" 304 -
0:0:0:0:0:0:0:1 - - [28/Jul/2016:02:59:11 -0700] "GET /image/mzfw_icon2.png HTTP/1.1" 304 -
0:0:0:0:0:0:0:1 - - [28/Jul/2016:02:59:11 -0700] "GET /image/left_arrow.png HTTP/1.1" 404 135
0:0:0:0:0:0:0:1 - - [28/Jul/2016:02:59:11 -0700] "GET /image/right_arrow.png HTTP/1.1" 304 -
0:0:0:0:0:0:0:1 - - [28/Jul/2016:02:59:11 -0700] "GET /favicon.ico HTTP/1.1" 200 946
0:0:0:0:0:0:0:1 - - [28/Jul/2016:02:59:12 -0700] "GET /card/form?type=2 HTTP/1.1" 200 3806
0:0:0:0:0:0:0:1 - - [28/Jul/2016:02:59:12 -0700] "GET /clinic-test/js/jquery-1.7.2.js HTTP/1.1" 404 145
0:0:0:0:0:0:0:1 - - [28/Jul/2016:03:00:02 -0700] "GET /code/form?code=1 HTTP/1.1" 200 3394
0:0:0:0:0:0:0:1 - - [28/Jul/2016:03:00:02 -0700] "GET /css/weui.min.css HTTP/1.1" 304 -
0:0:0:0:0:0:0:1 - - [28/Jul/2016:03:00:02 -0700] "GET /js/js_adaption.js HTTP/1.1" 304 -
0:0:0:0:0:0:0:1 - - [28/Jul/2016:03:00:02 -0700] "GET /js/jquery-1.7.2.js HTTP/1.1" 304 -
0:0:0:0:0:0:0:1 - - [28/Jul/2016:03:00:02 -0700] "GET /image/mzfw.png HTTP/1.1" 304 -
0:0:0:0:0:0:0:1 - - [28/Jul/2016:03:00:02 -0700] "GET /css/weixin.css HTTP/1.1" 304 -
0:0:0:0:0:0:0:1 - - [28/Jul/2016:03:00:02 -0700] "GET /image/mzfw_icon1.png HTTP/1.1" 304 -
0:0:0:0:0:0:0:1 - - [28/Jul/2016:03:00:02 -0700] "GET /image/mzfw_icon3.png HTTP/1.1" 304 -
0:0:0:0:0:0:0:1 - - [28/Jul/2016:03:00:02 -0700] "GET /image/mzfw_icon2.png HTTP/1.1" 304 -
0:0:0:0:0:0:0:1 - - [28/Jul/2016:03:00:02 -0700] "GET /image/left_arrow.png HTTP/1.1" 404 135
0:0:0:0:0:0:0:1 - - [28/Jul/2016:03:00:02 -0700] "GET /image/right_arrow.png HTTP/1.1" 304 -
0:0:0:0:0:0:0:1 - - [28/Jul/2016:03:00:02 -0700] "GET /favicon.ico HTTP/1.1" 200 946
0:0:0:0:0:0:0:1 - - [28/Jul/2016:03:00:03 -0700] "GET /card/form?type=1&uid=18 HTTP/1.1" 200 3807
0:0:0:0:0:0:0:1 - - [28/Jul/2016:03:00:03 -0700] "GET /clinic-test/js/jquery-1.7.2.js HTTP/1.1" 404 145
0:0:0:0:0:0:0:1 - - [28/Jul/2016:03:00:05 -0700] "GET /card/form?type=2&uid=18 HTTP/1.1" 200 3807
0:0:0:0:0:0:0:1 - - [28/Jul/2016:03:00:05 -0700] "GET /clinic-test/js/jquery-1.7.2.js HTTP/1.1" 404 145
0:0:0:0:0:0:0:1 - - [28/Jul/2016:03:00:07 -0700] "GET /card/form?type=3&uid=18 HTTP/1.1" 200 3807
0:0:0:0:0:0:0:1 - - [28/Jul/2016:03:00:07 -0700] "GET /clinic-test/js/jquery-1.7.2.js HTTP/1.1" 404 145
0:0:0:0:0:0:0:1 - - [28/Jul/2016:03:00:09 -0700] "GET /card/form?type=2&uid=18 HTTP/1.1" 200 3807
0:0:0:0:0:0:0:1 - - [28/Jul/2016:03:00:09 -0700] "GET /clinic-test/js/jquery-1.7.2.js HTTP/1.1" 404 145
0:0:0:0:0:0:0:1 - - [28/Jul/2016:03:00:10 -0700] "GET /card/form?type=1&uid=18 HTTP/1.1" 200 3807
0:0:0:0:0:0:0:1 - - [28/Jul/2016:03:00:10 -0700] "GET /clinic-test/js/jquery-1.7.2.js HTTP/1.1" 404 145
0:0:0:0:0:0:0:1 - - [28/Jul/2016:03:00:12 -0700] "GET /card/form?type=2&uid=18 HTTP/1.1" 200 3807
0:0:0:0:0:0:0:1 - - [28/Jul/2016:03:00:12 -0700] "GET /clinic-test/js/jquery-1.7.2.js HTTP/1.1" 404 145
0:0:0:0:0:0:0:1 - - [28/Jul/2016:03:00:14 -0700] "GET /card/form?type=3&uid=18 HTTP/1.1" 200 3807
0:0:0:0:0:0:0:1 - - [28/Jul/2016:03:00:14 -0700] "GET /clinic-test/js/jquery-1.7.2.js HTTP/1.1" 404 145
0:0:0:0:0:0:0:1 - - [28/Jul/2016:03:17:31 -0700] "GET /code/form?code=1 HTTP/1.1" 200 3394
0:0:0:0:0:0:0:1 - - [28/Jul/2016:03:17:31 -0700] "GET /js/js_adaption.js HTTP/1.1" 304 -
0:0:0:0:0:0:0:1 - - [28/Jul/2016:03:17:31 -0700] "GET /image/mzfw.png HTTP/1.1" 304 -
0:0:0:0:0:0:0:1 - - [28/Jul/2016:03:17:31 -0700] "GET /js/jquery-1.7.2.js HTTP/1.1" 304 -
0:0:0:0:0:0:0:1 - - [28/Jul/2016:03:17:31 -0700] "GET /css/weixin.css HTTP/1.1" 304 -
0:0:0:0:0:0:0:1 - - [28/Jul/2016:03:17:31 -0700] "GET /css/weui.min.css HTTP/1.1" 304 -
0:0:0:0:0:0:0:1 - - [28/Jul/2016:03:17:32 -0700] "GET /image/mzfw_icon1.png HTTP/1.1" 304 -
0:0:0:0:0:0:0:1 - - [28/Jul/2016:03:17:32 -0700] "GET /image/mzfw_icon2.png HTTP/1.1" 304 -
0:0:0:0:0:0:0:1 - - [28/Jul/2016:03:17:32 -0700] "GET /image/mzfw_icon3.png HTTP/1.1" 304 -
0:0:0:0:0:0:0:1 - - [28/Jul/2016:03:17:32 -0700] "GET /image/right_arrow.png HTTP/1.1" 304 -
0:0:0:0:0:0:0:1 - - [28/Jul/2016:03:17:32 -0700] "GET /image/left_arrow.png HTTP/1.1" 404 135
0:0:0:0:0:0:0:1 - - [28/Jul/2016:03:17:32 -0700] "GET /favicon.ico HTTP/1.1" 200 946
0:0:0:0:0:0:0:1 - - [28/Jul/2016:03:17:50 -0700] "GET /card/form?type=1&uid=18 HTTP/1.1" 200 3704
0:0:0:0:0:0:0:1 - - [28/Jul/2016:03:17:50 -0700] "GET /clinic-test/js/jquery-1.7.2.js HTTP/1.1" 404 145
0:0:0:0:0:0:0:1 - - [28/Jul/2016:03:17:53 -0700] "GET /card/form?type=2&uid=18 HTTP/1.1" 200 3704
0:0:0:0:0:0:0:1 - - [28/Jul/2016:03:17:53 -0700] "GET /clinic-test/js/jquery-1.7.2.js HTTP/1.1" 404 145
0:0:0:0:0:0:0:1 - - [28/Jul/2016:03:19:51 -0700] "GET /code/form?code=1 HTTP/1.1" 200 3394
0:0:0:0:0:0:0:1 - - [28/Jul/2016:03:19:51 -0700] "GET /css/weui.min.css HTTP/1.1" 304 -
0:0:0:0:0:0:0:1 - - [28/Jul/2016:03:19:51 -0700] "GET /image/mzfw.png HTTP/1.1" 304 -
0:0:0:0:0:0:0:1 - - [28/Jul/2016:03:19:51 -0700] "GET /js/js_adaption.js HTTP/1.1" 304 -
0:0:0:0:0:0:0:1 - - [28/Jul/2016:03:19:51 -0700] "GET /css/weixin.css HTTP/1.1" 304 -
0:0:0:0:0:0:0:1 - - [28/Jul/2016:03:19:51 -0700] "GET /js/jquery-1.7.2.js HTTP/1.1" 304 -
0:0:0:0:0:0:0:1 - - [28/Jul/2016:03:19:51 -0700] "GET /image/mzfw_icon1.png HTTP/1.1" 304 -
0:0:0:0:0:0:0:1 - - [28/Jul/2016:03:19:51 -0700] "GET /image/mzfw_icon2.png HTTP/1.1" 304 -
0:0:0:0:0:0:0:1 - - [28/Jul/2016:03:19:51 -0700] "GET /image/mzfw_icon3.png HTTP/1.1" 304 -
0:0:0:0:0:0:0:1 - - [28/Jul/2016:03:19:51 -0700] "GET /image/right_arrow.png HTTP/1.1" 304 -
0:0:0:0:0:0:0:1 - - [28/Jul/2016:03:19:51 -0700] "GET /image/left_arrow.png HTTP/1.1" 404 135
0:0:0:0:0:0:0:1 - - [28/Jul/2016:03:19:52 -0700] "GET /favicon.ico HTTP/1.1" 200 946
0:0:0:0:0:0:0:1 - - [28/Jul/2016:03:19:53 -0700] "GET /card/form?type=2&uid=18 HTTP/1.1" 200 3704
0:0:0:0:0:0:0:1 - - [28/Jul/2016:03:19:53 -0700] "GET /clinic-test/js/jquery-1.7.2.js HTTP/1.1" 404 145
0:0:0:0:0:0:0:1 - - [28/Jul/2016:03:25:24 -0700] "GET /card/form?type=2&uid=18 HTTP/1.1" 500 694
0:0:0:0:0:0:0:1 - - [28/Jul/2016:03:25:24 -0700] "GET /css/weui.min.css HTTP/1.1" 304 -
0:0:0:0:0:0:0:1 - - [28/Jul/2016:03:25:24 -0700] "GET /css/weixin.css HTTP/1.1" 304 -
0:0:0:0:0:0:0:1 - - [28/Jul/2016:03:25:24 -0700] "GET /clinic/js/js_adaption.js HTTP/1.1" 404 139
0:0:0:0:0:0:0:1 - - [28/Jul/2016:03:25:24 -0700] "GET /clinic/image/404.png HTTP/1.1" 404 135
0:0:0:0:0:0:0:1 - - [28/Jul/2016:03:25:24 -0700] "GET /favicon.ico HTTP/1.1" 200 946
0:0:0:0:0:0:0:1 - - [28/Jul/2016:03:26:02 -0700] "GET /card/form?type=2&uid=18 HTTP/1.1" 200 3726
0:0:0:0:0:0:0:1 - - [28/Jul/2016:03:26:02 -0700] "GET /css/weui.min.css HTTP/1.1" 304 -
0:0:0:0:0:0:0:1 - - [28/Jul/2016:03:26:02 -0700] "GET /css/weixin.css HTTP/1.1" 304 -
0:0:0:0:0:0:0:1 - - [28/Jul/2016:03:26:02 -0700] "GET /clinic-test/js/jquery-1.7.2.js HTTP/1.1" 404 145
0:0:0:0:0:0:0:1 - - [28/Jul/2016:03:26:02 -0700] "GET /js/js_adaption.js HTTP/1.1" 304 -
0:0:0:0:0:0:0:1 - - [28/Jul/2016:03:26:02 -0700] "GET /image/0003-1.png HTTP/1.1" 304 -
0:0:0:0:0:0:0:1 - - [28/Jul/2016:03:26:02 -0700] "GET /favicon.ico HTTP/1.1" 200 946
0:0:0:0:0:0:0:1 - - [28/Jul/2016:03:30:32 -0700] "GET /card/form?type=2&uid=18 HTTP/1.1" 200 3834
0:0:0:0:0:0:0:1 - - [28/Jul/2016:03:30:32 -0700] "GET /css/weui.min.css HTTP/1.1" 304 -
0:0:0:0:0:0:0:1 - - [28/Jul/2016:03:30:32 -0700] "GET /js/js_adaption.js HTTP/1.1" 304 -
0:0:0:0:0:0:0:1 - - [28/Jul/2016:03:30:32 -0700] "GET /css/weixin.css HTTP/1.1" 304 -
0:0:0:0:0:0:0:1 - - [28/Jul/2016:03:30:32 -0700] "GET /clinic-test/js/jquery-1.7.2.js HTTP/1.1" 404 145
0:0:0:0:0:0:0:1 - - [28/Jul/2016:03:30:33 -0700] "GET /image/0003-1.png HTTP/1.1" 304 -
0:0:0:0:0:0:0:1 - - [28/Jul/2016:03:30:33 -0700] "GET /favicon.ico HTTP/1.1" 200 946
0:0:0:0:0:0:0:1 - - [28/Jul/2016:03:30:40 -0700] "GET /card/form?type=1&uid=18 HTTP/1.1" 200 3726
0:0:0:0:0:0:0:1 - - [28/Jul/2016:03:30:40 -0700] "GET /clinic-test/js/jquery-1.7.2.js HTTP/1.1" 404 145
0:0:0:0:0:0:0:1 - - [28/Jul/2016:03:30:42 -0700] "GET /card/form?type=3&uid=18 HTTP/1.1" 200 3834
0:0:0:0:0:0:0:1 - - [28/Jul/2016:03:30:42 -0700] "GET /clinic-test/js/jquery-1.7.2.js HTTP/1.1" 404 145
0:0:0:0:0:0:0:1 - - [28/Jul/2016:03:32:25 -0700] "GET /code/form?code=1 HTTP/1.1" 200 3394
0:0:0:0:0:0:0:1 - - [28/Jul/2016:03:32:25 -0700] "GET /image/mzfw.png HTTP/1.1" 304 -
0:0:0:0:0:0:0:1 - - [28/Jul/2016:03:32:25 -0700] "GET /js/js_adaption.js HTTP/1.1" 304 -
0:0:0:0:0:0:0:1 - - [28/Jul/2016:03:32:25 -0700] "GET /css/weixin.css HTTP/1.1" 304 -
0:0:0:0:0:0:0:1 - - [28/Jul/2016:03:32:25 -0700] "GET /js/jquery-1.7.2.js HTTP/1.1" 304 -
0:0:0:0:0:0:0:1 - - [28/Jul/2016:03:32:25 -0700] "GET /css/weui.min.css HTTP/1.1" 304 -
0:0:0:0:0:0:0:1 - - [28/Jul/2016:03:32:25 -0700] "GET /image/mzfw_icon1.png HTTP/1.1" 304 -
0:0:0:0:0:0:0:1 - - [28/Jul/2016:03:32:25 -0700] "GET /image/mzfw_icon3.png HTTP/1.1" 304 -
0:0:0:0:0:0:0:1 - - [28/Jul/2016:03:32:25 -0700] "GET /image/mzfw_icon2.png HTTP/1.1" 304 -
0:0:0:0:0:0:0:1 - - [28/Jul/2016:03:32:25 -0700] "GET /image/right_arrow.png HTTP/1.1" 304 -
0:0:0:0:0:0:0:1 - - [28/Jul/2016:03:32:25 -0700] "GET /image/left_arrow.png HTTP/1.1" 404 135
0:0:0:0:0:0:0:1 - - [28/Jul/2016:03:32:25 -0700] "GET /favicon.ico HTTP/1.1" 200 946
0:0:0:0:0:0:0:1 - - [28/Jul/2016:03:32:26 -0700] "GET /card/form?type=2&uid=18 HTTP/1.1" 200 3834
0:0:0:0:0:0:0:1 - - [28/Jul/2016:03:32:26 -0700] "GET /clinic-test/js/jquery-1.7.2.js HTTP/1.1" 404 145
0:0:0:0:0:0:0:1 - - [28/Jul/2016:03:32:28 -0700] "GET /card/describe HTTP/1.1" 200 2437
0:0:0:0:0:0:0:1 - - [28/Jul/2016:03:32:28 -0700] "GET /clinic-test/js/js_adaption.js HTTP/1.1" 404 144
0:0:0:0:0:0:0:1 - - [28/Jul/2016:03:32:28 -0700] "GET /clinic-test/image/servicenote.png HTTP/1.1" 404 148
0:0:0:0:0:0:0:1 - - [28/Jul/2016:03:32:30 -0700] "GET /card/describe HTTP/1.1" 200 2437
0:0:0:0:0:0:0:1 - - [28/Jul/2016:03:32:30 -0700] "GET /css/weui.min.css HTTP/1.1" 304 -
0:0:0:0:0:0:0:1 - - [28/Jul/2016:03:32:30 -0700] "GET /clinic-test/js/js_adaption.js HTTP/1.1" 404 144
0:0:0:0:0:0:0:1 - - [28/Jul/2016:03:32:30 -0700] "GET /css/weixin.css HTTP/1.1" 304 -
0:0:0:0:0:0:0:1 - - [28/Jul/2016:03:32:30 -0700] "GET /clinic-test/image/servicenote.png HTTP/1.1" 404 148
0:0:0:0:0:0:0:1 - - [28/Jul/2016:03:32:30 -0700] "GET /clinic-test/image/servicenote.png HTTP/1.1" 404 148
0:0:0:0:0:0:0:1 - - [28/Jul/2016:03:32:30 -0700] "GET /favicon.ico HTTP/1.1" 200 946
0:0:0:0:0:0:0:1 - - [28/Jul/2016:03:32:36 -0700] "GET /card/form?type=3&uid=18 HTTP/1.1" 200 3834
0:0:0:0:0:0:0:1 - - [28/Jul/2016:03:32:36 -0700] "GET /clinic-test/js/jquery-1.7.2.js HTTP/1.1" 404 145
0:0:0:0:0:0:0:1 - - [28/Jul/2016:03:32:37 -0700] "GET /card/describe HTTP/1.1" 200 2437
0:0:0:0:0:0:0:1 - - [28/Jul/2016:03:32:37 -0700] "GET /clinic-test/js/js_adaption.js HTTP/1.1" 404 144
0:0:0:0:0:0:0:1 - - [28/Jul/2016:03:32:37 -0700] "GET /clinic-test/image/servicenote.png HTTP/1.1" 404 148
0:0:0:0:0:0:0:1 - - [28/Jul/2016:23:21:39 -0700] "GET /code/form?code=1 HTTP/1.1" 200 3394
0:0:0:0:0:0:0:1 - - [28/Jul/2016:23:21:39 -0700] "GET /js/js_adaption.js HTTP/1.1" 200 235
0:0:0:0:0:0:0:1 - - [28/Jul/2016:23:21:39 -0700] "GET /image/mzfw.png HTTP/1.1" 200 42767
0:0:0:0:0:0:0:1 - - [28/Jul/2016:23:21:39 -0700] "GET /js/jquery-1.7.2.js HTTP/1.1" 200 283887
0:0:0:0:0:0:0:1 - - [28/Jul/2016:23:21:39 -0700] "GET /css/weixin.css HTTP/1.1" 200 2424
0:0:0:0:0:0:0:1 - - [28/Jul/2016:23:21:39 -0700] "GET /css/weui.min.css HTTP/1.1" 200 48819
0:0:0:0:0:0:0:1 - - [28/Jul/2016:23:21:40 -0700] "GET /image/mzfw_icon2.png HTTP/1.1" 200 13421
0:0:0:0:0:0:0:1 - - [28/Jul/2016:23:21:40 -0700] "GET /image/mzfw_icon1.png HTTP/1.1" 200 14694
0:0:0:0:0:0:0:1 - - [28/Jul/2016:23:21:40 -0700] "GET /image/mzfw_icon3.png HTTP/1.1" 200 5562
0:0:0:0:0:0:0:1 - - [28/Jul/2016:23:21:40 -0700] "GET /image/right_arrow.png HTTP/1.1" 200 1201
0:0:0:0:0:0:0:1 - - [28/Jul/2016:23:21:40 -0700] "GET /image/left_arrow.png HTTP/1.1" 404 135
0:0:0:0:0:0:0:1 - - [28/Jul/2016:23:22:17 -0700] "GET /card/form?type=1&uid=18 HTTP/1.1" 200 3726
0:0:0:0:0:0:0:1 - - [28/Jul/2016:23:22:17 -0700] "GET /clinic-test/js/jquery-1.7.2.js HTTP/1.1" 404 145
0:0:0:0:0:0:0:1 - - [28/Jul/2016:23:22:17 -0700] "GET /image/0003-1.png HTTP/1.1" 200 1321
0:0:0:0:0:0:0:1 - - [28/Jul/2016:23:22:29 -0700] "GET /card/form?type=2&uid=18 HTTP/1.1" 200 3834
0:0:0:0:0:0:0:1 - - [28/Jul/2016:23:22:29 -0700] "GET /clinic-test/js/jquery-1.7.2.js HTTP/1.1" 404 145
0:0:0:0:0:0:0:1 - - [28/Jul/2016:23:38:23 -0700] "GET /code/form?code=1 HTTP/1.1" 200 3394
0:0:0:0:0:0:0:1 - - [28/Jul/2016:23:38:24 -0700] "GET /js/jquery-1.7.2.js HTTP/1.1" 304 -
0:0:0:0:0:0:0:1 - - [28/Jul/2016:23:38:24 -0700] "GET /image/mzfw.png HTTP/1.1" 304 -
0:0:0:0:0:0:0:1 - - [28/Jul/2016:23:38:24 -0700] "GET /css/weixin.css HTTP/1.1" 304 -
0:0:0:0:0:0:0:1 - - [28/Jul/2016:23:38:24 -0700] "GET /css/weui.min.css HTTP/1.1" 304 -
0:0:0:0:0:0:0:1 - - [28/Jul/2016:23:38:24 -0700] "GET /image/mzfw_icon1.png HTTP/1.1" 304 -
0:0:0:0:0:0:0:1 - - [28/Jul/2016:23:38:24 -0700] "GET /js/js_adaption.js HTTP/1.1" 304 -
0:0:0:0:0:0:0:1 - - [28/Jul/2016:23:38:24 -0700] "GET /image/mzfw_icon3.png HTTP/1.1" 304 -
0:0:0:0:0:0:0:1 - - [28/Jul/2016:23:38:24 -0700] "GET /image/mzfw_icon2.png HTTP/1.1" 304 -
0:0:0:0:0:0:0:1 - - [28/Jul/2016:23:38:24 -0700] "GET /image/right_arrow.png HTTP/1.1" 304 -
0:0:0:0:0:0:0:1 - - [28/Jul/2016:23:38:24 -0700] "GET /image/left_arrow.png HTTP/1.1" 404 135
0:0:0:0:0:0:0:1 - - [28/Jul/2016:23:38:26 -0700] "GET /card/form?type=3&uid=18 HTTP/1.1" 200 3834
0:0:0:0:0:0:0:1 - - [28/Jul/2016:23:38:26 -0700] "GET /clinic-test/js/jquery-1.7.2.js HTTP/1.1" 404 145
0:0:0:0:0:0:0:1 - - [28/Jul/2016:23:38:26 -0700] "GET /image/0003-1.png HTTP/1.1" 304 -
0:0:0:0:0:0:0:1 - - [28/Jul/2016:23:39:19 -0700] "GET /card/form?type=3&uid=18 HTTP/1.1" 200 3822
0:0:0:0:0:0:0:1 - - [28/Jul/2016:23:39:19 -0700] "GET /css/weui.min.css HTTP/1.1" 304 -
0:0:0:0:0:0:0:1 - - [28/Jul/2016:23:39:19 -0700] "GET /css/weixin.css HTTP/1.1" 304 -
0:0:0:0:0:0:0:1 - - [28/Jul/2016:23:39:19 -0700] "GET /js/jquery-1.7.2.js HTTP/1.1" 304 -
0:0:0:0:0:0:0:1 - - [28/Jul/2016:23:39:19 -0700] "GET /js/js_adaption.js HTTP/1.1" 304 -
0:0:0:0:0:0:0:1 - - [28/Jul/2016:23:39:20 -0700] "GET /image/0003-1.png HTTP/1.1" 304 -
0:0:0:0:0:0:0:1 - - [28/Jul/2016:23:39:20 -0700] "GET /favicon.ico HTTP/1.1" 200 946
0:0:0:0:0:0:0:1 - - [28/Jul/2016:23:39:25 -0700] "GET /image/0003-2.png HTTP/1.1" 200 3502
0:0:0:0:0:0:0:1 - - [28/Jul/2016:23:39:26 -0700] "POST /card/input HTTP/1.1" 200 3392
0:0:0:0:0:0:0:1 - - [28/Jul/2016:23:39:26 -0700] "GET /image/left_arrow.png HTTP/1.1" 404 135
0:0:0:0:0:0:0:1 - - [28/Jul/2016:23:39:36 -0700] "GET /card/form?type=3&uid= HTTP/1.1" 400 694
0:0:0:0:0:0:0:1 - - [28/Jul/2016:23:39:36 -0700] "GET /clinic/image/404.png HTTP/1.1" 404 135
0:0:0:0:0:0:0:1 - - [28/Jul/2016:23:39:36 -0700] "GET /clinic/js/js_adaption.js HTTP/1.1" 404 139
0:0:0:0:0:0:0:1 - - [28/Jul/2016:23:39:49 -0700] "POST /card/input HTTP/1.1" 200 3392
0:0:0:0:0:0:0:1 - - [28/Jul/2016:23:39:50 -0700] "GET /image/left_arrow.png HTTP/1.1" 404 135
0:0:0:0:0:0:0:1 - - [28/Jul/2016:23:40:24 -0700] "GET /code/form?code=1 HTTP/1.1" 200 3394
0:0:0:0:0:0:0:1 - - [28/Jul/2016:23:40:24 -0700] "GET /image/left_arrow.png HTTP/1.1" 404 135
0:0:0:0:0:0:0:1 - - [28/Jul/2016:23:40:26 -0700] "GET /card/form?type=2&uid=18 HTTP/1.1" 200 3822
