0:0:0:0:0:0:0:1 - - [30/Jul/2016:00:51:19 -0700] "GET /code/form?code=1 HTTP/1.1" 200 3394
0:0:0:0:0:0:0:1 - - [30/Jul/2016:00:51:19 -0700] "GET /css/weui.min.css HTTP/1.1" 304 -
0:0:0:0:0:0:0:1 - - [30/Jul/2016:00:51:19 -0700] "GET /css/weixin.css HTTP/1.1" 304 -
0:0:0:0:0:0:0:1 - - [30/Jul/2016:00:51:19 -0700] "GET /js/js_adaption.js HTTP/1.1" 304 -
0:0:0:0:0:0:0:1 - - [30/Jul/2016:00:51:19 -0700] "GET /js/jquery-1.7.2.js HTTP/1.1" 304 -
0:0:0:0:0:0:0:1 - - [30/Jul/2016:00:51:19 -0700] "GET /image/mzfw.png HTTP/1.1" 304 -
0:0:0:0:0:0:0:1 - - [30/Jul/2016:00:51:19 -0700] "GET /image/mzfw_icon1.png HTTP/1.1" 304 -
0:0:0:0:0:0:0:1 - - [30/Jul/2016:00:51:19 -0700] "GET /image/mzfw_icon2.png HTTP/1.1" 304 -
0:0:0:0:0:0:0:1 - - [30/Jul/2016:00:51:19 -0700] "GET /image/mzfw_icon3.png HTTP/1.1" 304 -
0:0:0:0:0:0:0:1 - - [30/Jul/2016:00:51:20 -0700] "GET /image/right_arrow.png HTTP/1.1" 304 -
0:0:0:0:0:0:0:1 - - [30/Jul/2016:00:51:20 -0700] "GET /image/left_arrow.png HTTP/1.1" 404 135
0:0:0:0:0:0:0:1 - - [30/Jul/2016:00:52:34 -0700] "GET /card/form?type=2&uid=18 HTTP/1.1" 200 3886
0:0:0:0:0:0:0:1 - - [30/Jul/2016:00:52:34 -0700] "GET /image/0003-1.png HTTP/1.1" 304 -
0:0:0:0:0:0:0:1 - - [30/Jul/2016:00:54:12 -0700] "GET /image/0003-2.png HTTP/1.1" 304 -
0:0:0:0:0:0:0:1 - - [30/Jul/2016:00:54:13 -0700] "POST /card/input HTTP/1.1" 500 694
0:0:0:0:0:0:0:1 - - [30/Jul/2016:00:54:13 -0700] "GET /clinic/image/404.png HTTP/1.1" 404 135
0:0:0:0:0:0:0:1 - - [30/Jul/2016:00:54:13 -0700] "GET /clinic/js/js_adaption.js HTTP/1.1" 404 139
0:0:0:0:0:0:0:1 - - [30/Jul/2016:00:54:13 -0700] "GET /clinic/image/404.png HTTP/1.1" 404 135
0:0:0:0:0:0:0:1 - - [30/Jul/2016:00:56:03 -0700] "GET /code/form?code=1 HTTP/1.1" 200 3394
0:0:0:0:0:0:0:1 - - [30/Jul/2016:00:56:03 -0700] "GET /image/left_arrow.png HTTP/1.1" 404 135
0:0:0:0:0:0:0:1 - - [30/Jul/2016:00:56:26 -0700] "GET /card/form?type=1&uid=18 HTTP/1.1" 200 3886
0:0:0:0:0:0:0:1 - - [30/Jul/2016:00:56:31 -0700] "POST /card/input HTTP/1.1" 500 694
0:0:0:0:0:0:0:1 - - [30/Jul/2016:00:56:31 -0700] "GET /clinic/image/404.png HTTP/1.1" 404 135
0:0:0:0:0:0:0:1 - - [30/Jul/2016:00:56:31 -0700] "GET /clinic/js/js_adaption.js HTTP/1.1" 404 139
0:0:0:0:0:0:0:1 - - [30/Jul/2016:00:56:31 -0700] "GET /clinic/image/404.png HTTP/1.1" 404 135
0:0:0:0:0:0:0:1 - - [30/Jul/2016:00:57:17 -0700] "GET /card/form?type=1&uid=18 HTTP/1.1" 200 3886
0:0:0:0:0:0:0:1 - - [30/Jul/2016:00:57:17 -0700] "GET /css/weui.min.css HTTP/1.1" 304 -
0:0:0:0:0:0:0:1 - - [30/Jul/2016:00:57:17 -0700] "GET /js/jquery-1.7.2.js HTTP/1.1" 304 -
0:0:0:0:0:0:0:1 - - [30/Jul/2016:00:57:17 -0700] "GET /js/js_adaption.js HTTP/1.1" 304 -
0:0:0:0:0:0:0:1 - - [30/Jul/2016:00:57:17 -0700] "GET /css/weixin.css HTTP/1.1" 304 -
0:0:0:0:0:0:0:1 - - [30/Jul/2016:00:57:17 -0700] "GET /image/0003-1.png HTTP/1.1" 304 -
0:0:0:0:0:0:0:1 - - [30/Jul/2016:00:57:17 -0700] "GET /favicon.ico HTTP/1.1" 200 946
0:0:0:0:0:0:0:1 - - [30/Jul/2016:00:57:26 -0700] "POST /card/input HTTP/1.1" 200 4027
0:0:0:0:0:0:0:1 - - [30/Jul/2016:00:57:38 -0700] "GET /card/form?type=1&uid=18 HTTP/1.1" 200 3886
0:0:0:0:0:0:0:1 - - [30/Jul/2016:00:57:39 -0700] "GET /css/weui.min.css HTTP/1.1" 304 -
0:0:0:0:0:0:0:1 - - [30/Jul/2016:00:57:39 -0700] "GET /js/jquery-1.7.2.js HTTP/1.1" 304 -
0:0:0:0:0:0:0:1 - - [30/Jul/2016:00:57:39 -0700] "GET /css/weixin.css HTTP/1.1" 304 -
0:0:0:0:0:0:0:1 - - [30/Jul/2016:00:57:39 -0700] "GET /js/js_adaption.js HTTP/1.1" 304 -
0:0:0:0:0:0:0:1 - - [30/Jul/2016:00:57:39 -0700] "GET /image/0003-1.png HTTP/1.1" 304 -
0:0:0:0:0:0:0:1 - - [30/Jul/2016:00:57:39 -0700] "GET /favicon.ico HTTP/1.1" 200 946
0:0:0:0:0:0:0:1 - - [30/Jul/2016:00:57:46 -0700] "POST /card/input HTTP/1.1" 200 4042
0:0:0:0:0:0:0:1 - - [30/Jul/2016:00:57:57 -0700] "GET /card/form?type=3&uid=18 HTTP/1.1" 200 3886
0:0:0:0:0:0:0:1 - - [30/Jul/2016:00:58:02 -0700] "POST /card/input HTTP/1.1" 302 -
0:0:0:0:0:0:0:1 - - [30/Jul/2016:00:58:02 -0700] "GET /card/tocard?cid=4&type=3 HTTP/1.1" 302 -
0:0:0:0:0:0:0:1 - - [30/Jul/2016:00:58:02 -0700] "GET /patient/anzhentong_form?cid=4&type=3 HTTP/1.1" 200 10175
0:0:0:0:0:0:0:1 - - [30/Jul/2016:01:00:23 -0700] "POST /patient/input HTTP/1.1" 500 694
0:0:0:0:0:0:0:1 - - [30/Jul/2016:01:00:23 -0700] "GET /clinic/js/js_adaption.js HTTP/1.1" 404 139
0:0:0:0:0:0:0:1 - - [30/Jul/2016:01:00:23 -0700] "GET /clinic/image/404.png HTTP/1.1" 404 135
0:0:0:0:0:0:0:1 - - [30/Jul/2016:01:06:43 -0700] "GET /code/form?code=1 HTTP/1.1" 200 3394
0:0:0:0:0:0:0:1 - - [30/Jul/2016:01:06:44 -0700] "GET /image/left_arrow.png HTTP/1.1" 404 135
0:0:0:0:0:0:0:1 - - [30/Jul/2016:01:06:47 -0700] "GET /card/form?type=3&uid=18 HTTP/1.1" 200 3886
0:0:0:0:0:0:0:1 - - [30/Jul/2016:01:09:54 -0700] "POST /card/input HTTP/1.1" 302 -
0:0:0:0:0:0:0:1 - - [30/Jul/2016:01:09:54 -0700] "GET /card/tocard?cid=4&type=3 HTTP/1.1" 302 -
0:0:0:0:0:0:0:1 - - [30/Jul/2016:01:09:54 -0700] "GET /patient/anzhentong_form?cid=4&type=3 HTTP/1.1" 200 10189
0:0:0:0:0:0:0:1 - - [30/Jul/2016:01:10:11 -0700] "POST /patient/input HTTP/1.1" 200 1461
0:0:0:0:0:0:0:1 - - [30/Jul/2016:01:10:11 -0700] "GET /clinic-test/image/submit.png HTTP/1.1" 404 143
0:0:0:0:0:0:0:1 - - [30/Jul/2016:01:10:11 -0700] "GET /css/weui.css HTTP/1.1" 304 -
0:0:0:0:0:0:0:1 - - [30/Jul/2016:01:10:11 -0700] "GET /clinic-test/image/bohao.png HTTP/1.1" 404 142
0:0:0:0:0:0:0:1 - - [30/Jul/2016:01:10:11 -0700] "GET /clinic-test/image/submit.png HTTP/1.1" 404 143
0:0:0:0:0:0:0:1 - - [30/Jul/2016:01:10:11 -0700] "GET /clinic-test/image/bohao.png HTTP/1.1" 404 142
0:0:0:0:0:0:0:1 - - [30/Jul/2016:01:33:13 -0700] "GET /code/form?code=1 HTTP/1.1" 200 3394
0:0:0:0:0:0:0:1 - - [30/Jul/2016:01:33:13 -0700] "GET /image/left_arrow.png HTTP/1.1" 404 135
0:0:0:0:0:0:0:1 - - [30/Jul/2016:01:33:16 -0700] "GET /card/form?type=3&uid=18 HTTP/1.1" 200 3886
0:0:0:0:0:0:0:1 - - [30/Jul/2016:01:34:05 -0700] "POST /card/input HTTP/1.1" 302 -
0:0:0:0:0:0:0:1 - - [30/Jul/2016:01:34:05 -0700] "GET /card/tocard?cid=4&type=3 HTTP/1.1" 302 -
0:0:0:0:0:0:0:1 - - [30/Jul/2016:01:34:05 -0700] "GET /patient/anzhentong_form?cid=4&type=3 HTTP/1.1" 200 10189
0:0:0:0:0:0:0:1 - - [30/Jul/2016:01:34:20 -0700] "POST /patient/input HTTP/1.1" 200 1461
0:0:0:0:0:0:0:1 - - [30/Jul/2016:01:34:21 -0700] "GET /clinic-test/image/bohao.png HTTP/1.1" 404 142
0:0:0:0:0:0:0:1 - - [30/Jul/2016:01:34:21 -0700] "GET /clinic-test/image/submit.png HTTP/1.1" 404 143
