0:0:0:0:0:0:0:1 - - [30/Jun/2016:19:48:13 -0700] "GET / HTTP/1.1" 404 504
0:0:0:0:0:0:0:1 - - [30/Jun/2016:19:48:13 -0700] "GET /css/example.css HTTP/1.1" 200 3396
0:0:0:0:0:0:0:1 - - [30/Jun/2016:19:48:56 -0700] "GET /hello HTTP/1.1" 500 504
0:0:0:0:0:0:0:1 - - [30/Jun/2016:19:48:56 -0700] "GET /css/example.css HTTP/1.1" 304 -
0:0:0:0:0:0:0:1 - - [30/Jun/2016:19:49:45 -0700] "GET /card HTTP/1.1" 404 504
0:0:0:0:0:0:0:1 - - [30/Jun/2016:19:49:45 -0700] "GET /css/example.css HTTP/1.1" 304 -
0:0:0:0:0:0:0:1 - - [30/Jun/2016:19:50:03 -0700] "GET /patient/form HTTP/1.1" 400 504
0:0:0:0:0:0:0:1 - - [30/Jun/2016:19:50:03 -0700] "GET /css/example.css HTTP/1.1" 304 -
0:0:0:0:0:0:0:1 - - [30/Jun/2016:19:50:11 -0700] "GET /patient/form HTTP/1.1" 400 504
0:0:0:0:0:0:0:1 - - [30/Jun/2016:19:50:29 -0700] "GET /patient/list HTTP/1.1" 500 504
0:0:0:0:0:0:0:1 - - [30/Jun/2016:19:50:29 -0700] "GET /css/example.css HTTP/1.1" 304 -
0:0:0:0:0:0:0:1 - - [30/Jun/2016:20:03:56 -0700] "GET /code/form?code=111111 HTTP/1.1" 302 -
0:0:0:0:0:0:0:1 - - [30/Jun/2016:20:03:56 -0700] "GET /code/form HTTP/1.1" 302 -
0:0:0:0:0:0:0:1 - - [30/Jun/2016:20:03:56 -0700] "GET /card/describe?uid=8 HTTP/1.1" 200 3713
0:0:0:0:0:0:0:1 - - [30/Jun/2016:20:03:56 -0700] "GET /css/example.css HTTP/1.1" 304 -
0:0:0:0:0:0:0:1 - - [30/Jun/2016:20:03:56 -0700] "GET /js/jquery.validate.js HTTP/1.1" 200 43676
0:0:0:0:0:0:0:1 - - [30/Jun/2016:20:03:57 -0700] "GET /js/jquery-1.7.2.js HTTP/1.1" 200 283887
0:0:0:0:0:0:0:1 - - [30/Jun/2016:20:05:42 -0700] "GET /code/form?code=111111 HTTP/1.1" 302 -
0:0:0:0:0:0:0:1 - - [30/Jun/2016:20:05:42 -0700] "GET /card/describe?uid=8 HTTP/1.1" 200 3713
0:0:0:0:0:0:0:1 - - [30/Jun/2016:20:05:42 -0700] "GET /css/example.css HTTP/1.1" 304 -
0:0:0:0:0:0:0:1 - - [30/Jun/2016:20:05:42 -0700] "GET /js/jquery-1.7.2.js HTTP/1.1" 304 -
0:0:0:0:0:0:0:1 - - [30/Jun/2016:20:05:42 -0700] "GET /js/jquery.validate.js HTTP/1.1" 304 -
0:0:0:0:0:0:0:1 - - [30/Jun/2016:20:08:44 -0700] "GET /patient/form?cid=0&uid=8 HTTP/1.1" 200 8746
0:0:0:0:0:0:0:1 - - [30/Jun/2016:20:08:45 -0700] "GET /css/example.css HTTP/1.1" 304 -
0:0:0:0:0:0:0:1 - - [30/Jun/2016:20:08:45 -0700] "GET /js/jquery-1.7.2.js HTTP/1.1" 304 -
0:0:0:0:0:0:0:1 - - [30/Jun/2016:20:09:09 -0700] "POST /patient/input HTTP/1.1" 500 504
