0:0:0:0:0:0:0:1 - - [10/Jul/2016:23:00:53 -0700] "GET /patient/form?cid=11 HTTP/1.1" 200 13593
0:0:0:0:0:0:0:1 - - [10/Jul/2016:23:00:53 -0700] "GET /css/weixin.css HTTP/1.1" 200 2424
0:0:0:0:0:0:0:1 - - [10/Jul/2016:23:00:53 -0700] "GET /js/js_adaption.js HTTP/1.1" 200 235
0:0:0:0:0:0:0:1 - - [10/Jul/2016:23:00:53 -0700] "GET /css/weui.min.css HTTP/1.1" 200 48819
0:0:0:0:0:0:0:1 - - [10/Jul/2016:23:00:59 -0700] "GET /patient/form?cid=11 HTTP/1.1" 200 13593
0:0:0:0:0:0:0:1 - - [10/Jul/2016:23:00:59 -0700] "GET /css/weixin.css HTTP/1.1" 304 -
0:0:0:0:0:0:0:1 - - [10/Jul/2016:23:00:59 -0700] "GET /css/weui.min.css HTTP/1.1" 304 -
0:0:0:0:0:0:0:1 - - [10/Jul/2016:23:00:59 -0700] "GET /js/js_adaption.js HTTP/1.1" 304 -
0:0:0:0:0:0:0:1 - - [10/Jul/2016:23:00:59 -0700] "GET /js/jquery-1.7.2.js HTTP/1.1" 200 283887
0:0:0:0:0:0:0:1 - - [10/Jul/2016:23:00:59 -0700] "GET /favicon.ico HTTP/1.1" 200 946
0:0:0:0:0:0:0:1 - - [10/Jul/2016:23:02:12 -0700] "GET /patient/form?cid=11 HTTP/1.1" 200 13593
0:0:0:0:0:0:0:1 - - [10/Jul/2016:23:02:12 -0700] "GET /css/weixin.css HTTP/1.1" 304 -
0:0:0:0:0:0:0:1 - - [10/Jul/2016:23:02:12 -0700] "GET /js/jquery-1.7.2.js HTTP/1.1" 304 -
0:0:0:0:0:0:0:1 - - [10/Jul/2016:23:02:12 -0700] "GET /js/js_adaption.js HTTP/1.1" 304 -
0:0:0:0:0:0:0:1 - - [10/Jul/2016:23:02:12 -0700] "GET /css/weui.min.css HTTP/1.1" 304 -
0:0:0:0:0:0:0:1 - - [10/Jul/2016:23:02:13 -0700] "GET /favicon.ico HTTP/1.1" 200 946
0:0:0:0:0:0:0:1 - - [10/Jul/2016:23:02:23 -0700] "GET /patient/form?cid=11 HTTP/1.1" 200 13593
0:0:0:0:0:0:0:1 - - [10/Jul/2016:23:02:23 -0700] "GET /css/weui.min.css HTTP/1.1" 304 -
0:0:0:0:0:0:0:1 - - [10/Jul/2016:23:02:23 -0700] "GET /css/weixin.css HTTP/1.1" 304 -
0:0:0:0:0:0:0:1 - - [10/Jul/2016:23:02:23 -0700] "GET /js/jquery-1.7.2.js HTTP/1.1" 304 -
0:0:0:0:0:0:0:1 - - [10/Jul/2016:23:02:23 -0700] "GET /js/js_adaption.js HTTP/1.1" 304 -
0:0:0:0:0:0:0:1 - - [10/Jul/2016:23:02:23 -0700] "GET /favicon.ico HTTP/1.1" 200 946
0:0:0:0:0:0:0:1 - - [10/Jul/2016:23:02:34 -0700] "GET /patient/form?cid=11 HTTP/1.1" 200 13593
0:0:0:0:0:0:0:1 - - [10/Jul/2016:23:02:34 -0700] "GET /css/weui.min.css HTTP/1.1" 304 -
0:0:0:0:0:0:0:1 - - [10/Jul/2016:23:02:34 -0700] "GET /css/weixin.css HTTP/1.1" 304 -
0:0:0:0:0:0:0:1 - - [10/Jul/2016:23:02:34 -0700] "GET /js/js_adaption.js HTTP/1.1" 304 -
0:0:0:0:0:0:0:1 - - [10/Jul/2016:23:02:34 -0700] "GET /js/jquery-1.7.2.js HTTP/1.1" 304 -
0:0:0:0:0:0:0:1 - - [10/Jul/2016:23:02:34 -0700] "GET /favicon.ico HTTP/1.1" 200 946
0:0:0:0:0:0:0:1 - - [10/Jul/2016:23:02:49 -0700] "GET /patient/form?cid=11 HTTP/1.1" 200 13612
0:0:0:0:0:0:0:1 - - [10/Jul/2016:23:02:49 -0700] "GET /css/weixin.css HTTP/1.1" 304 -
0:0:0:0:0:0:0:1 - - [10/Jul/2016:23:02:50 -0700] "GET /js/js_adaption.js HTTP/1.1" 304 -
0:0:0:0:0:0:0:1 - - [10/Jul/2016:23:02:50 -0700] "GET /js/jquery-1.7.2.js HTTP/1.1" 304 -
0:0:0:0:0:0:0:1 - - [10/Jul/2016:23:02:50 -0700] "GET /css/weui.min.css HTTP/1.1" 304 -
0:0:0:0:0:0:0:1 - - [10/Jul/2016:23:02:50 -0700] "GET /favicon.ico HTTP/1.1" 200 946
0:0:0:0:0:0:0:1 - - [10/Jul/2016:23:02:51 -0700] "GET /patient/form?cid=11 HTTP/1.1" 200 13612
0:0:0:0:0:0:0:1 - - [10/Jul/2016:23:02:51 -0700] "GET /css/weixin.css HTTP/1.1" 304 -
0:0:0:0:0:0:0:1 - - [10/Jul/2016:23:02:51 -0700] "GET /js/jquery-1.7.2.js HTTP/1.1" 304 -
0:0:0:0:0:0:0:1 - - [10/Jul/2016:23:02:51 -0700] "GET /js/js_adaption.js HTTP/1.1" 304 -
0:0:0:0:0:0:0:1 - - [10/Jul/2016:23:02:51 -0700] "GET /css/weui.min.css HTTP/1.1" 304 -
0:0:0:0:0:0:0:1 - - [10/Jul/2016:23:02:52 -0700] "GET /favicon.ico HTTP/1.1" 200 946
0:0:0:0:0:0:0:1 - - [10/Jul/2016:23:03:05 -0700] "GET /patient/form?cid=11 HTTP/1.1" 200 13611
0:0:0:0:0:0:0:1 - - [10/Jul/2016:23:03:05 -0700] "GET /css/weui.min.css HTTP/1.1" 304 -
0:0:0:0:0:0:0:1 - - [10/Jul/2016:23:03:05 -0700] "GET /css/weixin.css HTTP/1.1" 304 -
0:0:0:0:0:0:0:1 - - [10/Jul/2016:23:03:05 -0700] "GET /js/jquery-1.7.2.js HTTP/1.1" 304 -
0:0:0:0:0:0:0:1 - - [10/Jul/2016:23:03:05 -0700] "GET /js/js_adaption.js HTTP/1.1" 304 -
0:0:0:0:0:0:0:1 - - [10/Jul/2016:23:03:05 -0700] "GET /favicon.ico HTTP/1.1" 200 946
0:0:0:0:0:0:0:1 - - [10/Jul/2016:23:03:13 -0700] "GET /patient/form?cid=11 HTTP/1.1" 200 13611
0:0:0:0:0:0:0:1 - - [10/Jul/2016:23:03:13 -0700] "GET /js/jquery-1.7.2.js HTTP/1.1" 304 -
0:0:0:0:0:0:0:1 - - [10/Jul/2016:23:03:13 -0700] "GET /css/weixin.css HTTP/1.1" 304 -
0:0:0:0:0:0:0:1 - - [10/Jul/2016:23:03:13 -0700] "GET /js/js_adaption.js HTTP/1.1" 304 -
0:0:0:0:0:0:0:1 - - [10/Jul/2016:23:03:13 -0700] "GET /css/weui.min.css HTTP/1.1" 304 -
0:0:0:0:0:0:0:1 - - [10/Jul/2016:23:03:14 -0700] "GET /favicon.ico HTTP/1.1" 200 946
0:0:0:0:0:0:0:1 - - [10/Jul/2016:23:03:19 -0700] "GET /patient/form?cid=11 HTTP/1.1" 200 13611
0:0:0:0:0:0:0:1 - - [10/Jul/2016:23:03:19 -0700] "GET /css/weui.min.css HTTP/1.1" 304 -
0:0:0:0:0:0:0:1 - - [10/Jul/2016:23:03:19 -0700] "GET /css/weixin.css HTTP/1.1" 304 -
0:0:0:0:0:0:0:1 - - [10/Jul/2016:23:03:19 -0700] "GET /js/js_adaption.js HTTP/1.1" 304 -
0:0:0:0:0:0:0:1 - - [10/Jul/2016:23:03:19 -0700] "GET /js/jquery-1.7.2.js HTTP/1.1" 304 -
0:0:0:0:0:0:0:1 - - [10/Jul/2016:23:03:19 -0700] "GET /favicon.ico HTTP/1.1" 200 946
0:0:0:0:0:0:0:1 - - [10/Jul/2016:23:03:25 -0700] "GET /patient/form?cid=11 HTTP/1.1" 200 13613
0:0:0:0:0:0:0:1 - - [10/Jul/2016:23:03:25 -0700] "GET /css/weui.min.css HTTP/1.1" 304 -
0:0:0:0:0:0:0:1 - - [10/Jul/2016:23:03:25 -0700] "GET /css/weixin.css HTTP/1.1" 304 -
0:0:0:0:0:0:0:1 - - [10/Jul/2016:23:03:25 -0700] "GET /js/jquery-1.7.2.js HTTP/1.1" 304 -
0:0:0:0:0:0:0:1 - - [10/Jul/2016:23:03:25 -0700] "GET /js/js_adaption.js HTTP/1.1" 304 -
0:0:0:0:0:0:0:1 - - [10/Jul/2016:23:03:25 -0700] "GET /favicon.ico HTTP/1.1" 200 946
0:0:0:0:0:0:0:1 - - [10/Jul/2016:23:03:44 -0700] "GET /patient/form?cid=11 HTTP/1.1" 200 13615
0:0:0:0:0:0:0:1 - - [10/Jul/2016:23:03:44 -0700] "GET /css/weui.min.css HTTP/1.1" 304 -
0:0:0:0:0:0:0:1 - - [10/Jul/2016:23:03:44 -0700] "GET /css/weixin.css HTTP/1.1" 304 -
0:0:0:0:0:0:0:1 - - [10/Jul/2016:23:03:44 -0700] "GET /js/js_adaption.js HTTP/1.1" 304 -
0:0:0:0:0:0:0:1 - - [10/Jul/2016:23:03:44 -0700] "GET /js/jquery-1.7.2.js HTTP/1.1" 304 -
0:0:0:0:0:0:0:1 - - [10/Jul/2016:23:03:44 -0700] "GET /favicon.ico HTTP/1.1" 200 946
0:0:0:0:0:0:0:1 - - [10/Jul/2016:23:04:05 -0700] "GET /patient/form?cid=11 HTTP/1.1" 200 13611
0:0:0:0:0:0:0:1 - - [10/Jul/2016:23:04:05 -0700] "GET /css/weixin.css HTTP/1.1" 304 -
0:0:0:0:0:0:0:1 - - [10/Jul/2016:23:04:05 -0700] "GET /css/weui.min.css HTTP/1.1" 304 -
0:0:0:0:0:0:0:1 - - [10/Jul/2016:23:04:05 -0700] "GET /js/js_adaption.js HTTP/1.1" 304 -
0:0:0:0:0:0:0:1 - - [10/Jul/2016:23:04:05 -0700] "GET /js/jquery-1.7.2.js HTTP/1.1" 304 -
0:0:0:0:0:0:0:1 - - [10/Jul/2016:23:04:06 -0700] "GET /favicon.ico HTTP/1.1" 200 946
0:0:0:0:0:0:0:1 - - [10/Jul/2016:23:04:55 -0700] "GET /patient/form?cid=11 HTTP/1.1" 200 13576
0:0:0:0:0:0:0:1 - - [10/Jul/2016:23:04:55 -0700] "GET /js/jquery-1.7.2.js HTTP/1.1" 304 -
0:0:0:0:0:0:0:1 - - [10/Jul/2016:23:04:55 -0700] "GET /css/weixin.css HTTP/1.1" 304 -
0:0:0:0:0:0:0:1 - - [10/Jul/2016:23:04:55 -0700] "GET /css/weui.min.css HTTP/1.1" 304 -
0:0:0:0:0:0:0:1 - - [10/Jul/2016:23:04:55 -0700] "GET /js/js_adaption.js HTTP/1.1" 304 -
0:0:0:0:0:0:0:1 - - [10/Jul/2016:23:04:56 -0700] "GET /favicon.ico HTTP/1.1" 200 946
0:0:0:0:0:0:0:1 - - [10/Jul/2016:23:04:56 -0700] "GET /patient/form?cid=11 HTTP/1.1" 200 13576
0:0:0:0:0:0:0:1 - - [10/Jul/2016:23:04:56 -0700] "GET /css/weixin.css HTTP/1.1" 304 -
0:0:0:0:0:0:0:1 - - [10/Jul/2016:23:04:56 -0700] "GET /js/jquery-1.7.2.js HTTP/1.1" 304 -
0:0:0:0:0:0:0:1 - - [10/Jul/2016:23:04:56 -0700] "GET /css/weui.min.css HTTP/1.1" 304 -
0:0:0:0:0:0:0:1 - - [10/Jul/2016:23:04:56 -0700] "GET /js/js_adaption.js HTTP/1.1" 304 -
0:0:0:0:0:0:0:1 - - [10/Jul/2016:23:04:57 -0700] "GET /favicon.ico HTTP/1.1" 200 946
0:0:0:0:0:0:0:1 - - [10/Jul/2016:23:04:57 -0700] "GET /patient/form?cid=11 HTTP/1.1" 200 13576
0:0:0:0:0:0:0:1 - - [10/Jul/2016:23:04:58 -0700] "GET /css/weui.min.css HTTP/1.1" 304 -
0:0:0:0:0:0:0:1 - - [10/Jul/2016:23:04:58 -0700] "GET /js/jquery-1.7.2.js HTTP/1.1" 304 -
0:0:0:0:0:0:0:1 - - [10/Jul/2016:23:04:58 -0700] "GET /css/weixin.css HTTP/1.1" 304 -
0:0:0:0:0:0:0:1 - - [10/Jul/2016:23:04:58 -0700] "GET /js/js_adaption.js HTTP/1.1" 304 -
0:0:0:0:0:0:0:1 - - [10/Jul/2016:23:04:58 -0700] "GET /favicon.ico HTTP/1.1" 200 946
0:0:0:0:0:0:0:1 - - [10/Jul/2016:23:05:24 -0700] "GET /patient/form?cid=11 HTTP/1.1" 200 13526
0:0:0:0:0:0:0:1 - - [10/Jul/2016:23:05:25 -0700] "GET /css/weixin.css HTTP/1.1" 304 -
0:0:0:0:0:0:0:1 - - [10/Jul/2016:23:05:25 -0700] "GET /css/weui.min.css HTTP/1.1" 304 -
0:0:0:0:0:0:0:1 - - [10/Jul/2016:23:05:25 -0700] "GET /js/jquery-1.7.2.js HTTP/1.1" 304 -
0:0:0:0:0:0:0:1 - - [10/Jul/2016:23:05:25 -0700] "GET /js/js_adaption.js HTTP/1.1" 304 -
0:0:0:0:0:0:0:1 - - [10/Jul/2016:23:05:25 -0700] "GET /favicon.ico HTTP/1.1" 200 946
0:0:0:0:0:0:0:1 - - [10/Jul/2016:23:06:30 -0700] "GET /patient/form?cid=11 HTTP/1.1" 200 13537
0:0:0:0:0:0:0:1 - - [10/Jul/2016:23:06:30 -0700] "GET /css/weui.min.css HTTP/1.1" 304 -
0:0:0:0:0:0:0:1 - - [10/Jul/2016:23:06:30 -0700] "GET /js/jquery-1.7.2.js HTTP/1.1" 304 -
0:0:0:0:0:0:0:1 - - [10/Jul/2016:23:06:30 -0700] "GET /js/js_adaption.js HTTP/1.1" 304 -
0:0:0:0:0:0:0:1 - - [10/Jul/2016:23:06:30 -0700] "GET /css/weixin.css HTTP/1.1" 304 -
0:0:0:0:0:0:0:1 - - [10/Jul/2016:23:06:31 -0700] "GET /favicon.ico HTTP/1.1" 200 946
0:0:0:0:0:0:0:1 - - [10/Jul/2016:23:07:09 -0700] "GET /patient/form?cid=11 HTTP/1.1" 200 13537
0:0:0:0:0:0:0:1 - - [10/Jul/2016:23:07:10 -0700] "GET /css/weui.min.css HTTP/1.1" 304 -
0:0:0:0:0:0:0:1 - - [10/Jul/2016:23:07:10 -0700] "GET /css/weixin.css HTTP/1.1" 304 -
0:0:0:0:0:0:0:1 - - [10/Jul/2016:23:07:10 -0700] "GET /js/js_adaption.js HTTP/1.1" 304 -
0:0:0:0:0:0:0:1 - - [10/Jul/2016:23:07:10 -0700] "GET /js/jquery-1.7.2.js HTTP/1.1" 304 -
0:0:0:0:0:0:0:1 - - [10/Jul/2016:23:07:10 -0700] "GET /favicon.ico HTTP/1.1" 200 946
0:0:0:0:0:0:0:1 - - [10/Jul/2016:23:07:10 -0700] "GET /patient/form?cid=11 HTTP/1.1" 200 13537
0:0:0:0:0:0:0:1 - - [10/Jul/2016:23:07:10 -0700] "GET /css/weui.min.css HTTP/1.1" 304 -
0:0:0:0:0:0:0:1 - - [10/Jul/2016:23:07:10 -0700] "GET /js/jquery-1.7.2.js HTTP/1.1" 304 -
0:0:0:0:0:0:0:1 - - [10/Jul/2016:23:07:10 -0700] "GET /css/weixin.css HTTP/1.1" 304 -
0:0:0:0:0:0:0:1 - - [10/Jul/2016:23:07:10 -0700] "GET /js/js_adaption.js HTTP/1.1" 304 -
0:0:0:0:0:0:0:1 - - [10/Jul/2016:23:07:11 -0700] "GET /favicon.ico HTTP/1.1" 200 946
0:0:0:0:0:0:0:1 - - [10/Jul/2016:23:07:33 -0700] "GET /patient/form?cid=11 HTTP/1.1" 200 13526
0:0:0:0:0:0:0:1 - - [10/Jul/2016:23:07:33 -0700] "GET /css/weixin.css HTTP/1.1" 304 -
0:0:0:0:0:0:0:1 - - [10/Jul/2016:23:07:33 -0700] "GET /css/weui.min.css HTTP/1.1" 304 -
0:0:0:0:0:0:0:1 - - [10/Jul/2016:23:07:33 -0700] "GET /js/jquery-1.7.2.js HTTP/1.1" 304 -
0:0:0:0:0:0:0:1 - - [10/Jul/2016:23:07:33 -0700] "GET /js/js_adaption.js HTTP/1.1" 304 -
0:0:0:0:0:0:0:1 - - [10/Jul/2016:23:07:33 -0700] "GET /favicon.ico HTTP/1.1" 200 946
0:0:0:0:0:0:0:1 - - [10/Jul/2016:23:07:39 -0700] "GET /patient/form?cid=11 HTTP/1.1" 200 13526
0:0:0:0:0:0:0:1 - - [10/Jul/2016:23:07:39 -0700] "GET /css/weui.min.css HTTP/1.1" 304 -
0:0:0:0:0:0:0:1 - - [10/Jul/2016:23:07:39 -0700] "GET /css/weixin.css HTTP/1.1" 304 -
0:0:0:0:0:0:0:1 - - [10/Jul/2016:23:07:39 -0700] "GET /js/jquery-1.7.2.js HTTP/1.1" 304 -
0:0:0:0:0:0:0:1 - - [10/Jul/2016:23:07:39 -0700] "GET /js/js_adaption.js HTTP/1.1" 304 -
0:0:0:0:0:0:0:1 - - [10/Jul/2016:23:07:40 -0700] "GET /favicon.ico HTTP/1.1" 200 946
0:0:0:0:0:0:0:1 - - [10/Jul/2016:23:07:46 -0700] "GET /patient/form?cid=11 HTTP/1.1" 200 13526
0:0:0:0:0:0:0:1 - - [10/Jul/2016:23:07:46 -0700] "GET /css/weui.min.css HTTP/1.1" 304 -
0:0:0:0:0:0:0:1 - - [10/Jul/2016:23:07:46 -0700] "GET /css/weixin.css HTTP/1.1" 304 -
0:0:0:0:0:0:0:1 - - [10/Jul/2016:23:07:46 -0700] "GET /js/js_adaption.js HTTP/1.1" 304 -
0:0:0:0:0:0:0:1 - - [10/Jul/2016:23:07:46 -0700] "GET /js/jquery-1.7.2.js HTTP/1.1" 304 -
0:0:0:0:0:0:0:1 - - [10/Jul/2016:23:07:47 -0700] "GET /favicon.ico HTTP/1.1" 200 946
0:0:0:0:0:0:0:1 - - [10/Jul/2016:23:07:54 -0700] "GET /patient/form?cid=11 HTTP/1.1" 200 13528
0:0:0:0:0:0:0:1 - - [10/Jul/2016:23:07:54 -0700] "GET /css/weui.min.css HTTP/1.1" 304 -
0:0:0:0:0:0:0:1 - - [10/Jul/2016:23:07:54 -0700] "GET /css/weixin.css HTTP/1.1" 304 -
0:0:0:0:0:0:0:1 - - [10/Jul/2016:23:07:54 -0700] "GET /js/jquery-1.7.2.js HTTP/1.1" 304 -
0:0:0:0:0:0:0:1 - - [10/Jul/2016:23:07:54 -0700] "GET /js/js_adaption.js HTTP/1.1" 304 -
0:0:0:0:0:0:0:1 - - [10/Jul/2016:23:07:55 -0700] "GET /favicon.ico HTTP/1.1" 200 946
0:0:0:0:0:0:0:1 - - [10/Jul/2016:23:09:27 -0700] "GET /patient/form?cid=11 HTTP/1.1" 200 13530
0:0:0:0:0:0:0:1 - - [10/Jul/2016:23:09:27 -0700] "GET /css/weui.min.css HTTP/1.1" 304 -
0:0:0:0:0:0:0:1 - - [10/Jul/2016:23:09:27 -0700] "GET /css/weixin.css HTTP/1.1" 304 -
0:0:0:0:0:0:0:1 - - [10/Jul/2016:23:09:27 -0700] "GET /js/jquery-1.7.2.js HTTP/1.1" 304 -
0:0:0:0:0:0:0:1 - - [10/Jul/2016:23:09:27 -0700] "GET /js/js_adaption.js HTTP/1.1" 304 -
0:0:0:0:0:0:0:1 - - [10/Jul/2016:23:09:27 -0700] "GET /favicon.ico HTTP/1.1" 200 946
0:0:0:0:0:0:0:1 - - [10/Jul/2016:23:15:51 -0700] "GET /patient/form?cid=11 HTTP/1.1" 500 704
0:0:0:0:0:0:0:1 - - [10/Jul/2016:23:15:51 -0700] "GET /css/weui.min.css HTTP/1.1" 304 -
0:0:0:0:0:0:0:1 - - [10/Jul/2016:23:15:51 -0700] "GET /css/weixin.css HTTP/1.1" 304 -
0:0:0:0:0:0:0:1 - - [10/Jul/2016:23:15:51 -0700] "GET /clinic-test/image/404.png HTTP/1.1" 404 140
0:0:0:0:0:0:0:1 - - [10/Jul/2016:23:15:51 -0700] "GET /clinic-test/js/js_adaption.js HTTP/1.1" 404 144
0:0:0:0:0:0:0:1 - - [10/Jul/2016:23:15:51 -0700] "GET /favicon.ico HTTP/1.1" 200 946
0:0:0:0:0:0:0:1 - - [10/Jul/2016:23:15:57 -0700] "GET /patient/form?cid=11 HTTP/1.1" 500 704
0:0:0:0:0:0:0:1 - - [10/Jul/2016:23:15:57 -0700] "GET /css/weui.min.css HTTP/1.1" 304 -
0:0:0:0:0:0:0:1 - - [10/Jul/2016:23:15:57 -0700] "GET /css/weixin.css HTTP/1.1" 304 -
0:0:0:0:0:0:0:1 - - [10/Jul/2016:23:15:57 -0700] "GET /clinic-test/js/js_adaption.js HTTP/1.1" 404 144
0:0:0:0:0:0:0:1 - - [10/Jul/2016:23:15:57 -0700] "GET /clinic-test/image/404.png HTTP/1.1" 404 140
0:0:0:0:0:0:0:1 - - [10/Jul/2016:23:15:58 -0700] "GET /favicon.ico HTTP/1.1" 200 946
0:0:0:0:0:0:0:1 - - [10/Jul/2016:23:15:58 -0700] "GET /patient/form?cid=11 HTTP/1.1" 500 704
0:0:0:0:0:0:0:1 - - [10/Jul/2016:23:15:58 -0700] "GET /css/weixin.css HTTP/1.1" 304 -
0:0:0:0:0:0:0:1 - - [10/Jul/2016:23:15:58 -0700] "GET /css/weui.min.css HTTP/1.1" 304 -
0:0:0:0:0:0:0:1 - - [10/Jul/2016:23:15:58 -0700] "GET /clinic-test/js/js_adaption.js HTTP/1.1" 404 144
0:0:0:0:0:0:0:1 - - [10/Jul/2016:23:15:58 -0700] "GET /clinic-test/image/404.png HTTP/1.1" 404 140
0:0:0:0:0:0:0:1 - - [10/Jul/2016:23:15:58 -0700] "GET /favicon.ico HTTP/1.1" 200 946
0:0:0:0:0:0:0:1 - - [10/Jul/2016:23:16:10 -0700] "GET /patient/form?cid=11 HTTP/1.1" 200 13552
0:0:0:0:0:0:0:1 - - [10/Jul/2016:23:16:10 -0700] "GET /css/weui.min.css HTTP/1.1" 304 -
0:0:0:0:0:0:0:1 - - [10/Jul/2016:23:16:10 -0700] "GET /css/weixin.css HTTP/1.1" 304 -
0:0:0:0:0:0:0:1 - - [10/Jul/2016:23:16:10 -0700] "GET /js/js_adaption.js HTTP/1.1" 304 -
0:0:0:0:0:0:0:1 - - [10/Jul/2016:23:16:10 -0700] "GET /js/jquery-1.7.2.js HTTP/1.1" 304 -
0:0:0:0:0:0:0:1 - - [10/Jul/2016:23:16:11 -0700] "GET /favicon.ico HTTP/1.1" 200 946
0:0:0:0:0:0:0:1 - - [10/Jul/2016:23:16:19 -0700] "GET /patient/form?cid=11 HTTP/1.1" 200 13554
0:0:0:0:0:0:0:1 - - [10/Jul/2016:23:16:19 -0700] "GET /css/weui.min.css HTTP/1.1" 304 -
0:0:0:0:0:0:0:1 - - [10/Jul/2016:23:16:19 -0700] "GET /js/jquery-1.7.2.js HTTP/1.1" 304 -
0:0:0:0:0:0:0:1 - - [10/Jul/2016:23:16:19 -0700] "GET /js/js_adaption.js HTTP/1.1" 304 -
0:0:0:0:0:0:0:1 - - [10/Jul/2016:23:16:19 -0700] "GET /css/weixin.css HTTP/1.1" 304 -
0:0:0:0:0:0:0:1 - - [10/Jul/2016:23:16:19 -0700] "GET /favicon.ico HTTP/1.1" 200 946
0:0:0:0:0:0:0:1 - - [10/Jul/2016:23:16:41 -0700] "GET /patient/form?cid=11 HTTP/1.1" 200 13574
0:0:0:0:0:0:0:1 - - [10/Jul/2016:23:16:41 -0700] "GET /css/weui.min.css HTTP/1.1" 304 -
0:0:0:0:0:0:0:1 - - [10/Jul/2016:23:16:41 -0700] "GET /css/weixin.css HTTP/1.1" 304 -
0:0:0:0:0:0:0:1 - - [10/Jul/2016:23:16:41 -0700] "GET /js/jquery-1.7.2.js HTTP/1.1" 304 -
0:0:0:0:0:0:0:1 - - [10/Jul/2016:23:16:41 -0700] "GET /js/js_adaption.js HTTP/1.1" 304 -
0:0:0:0:0:0:0:1 - - [10/Jul/2016:23:16:41 -0700] "GET /favicon.ico HTTP/1.1" 200 946
0:0:0:0:0:0:0:1 - - [10/Jul/2016:23:16:52 -0700] "GET /patient/form?cid=11 HTTP/1.1" 200 13541
0:0:0:0:0:0:0:1 - - [10/Jul/2016:23:16:52 -0700] "GET /css/weixin.css HTTP/1.1" 304 -
0:0:0:0:0:0:0:1 - - [10/Jul/2016:23:16:52 -0700] "GET /js/jquery-1.7.2.js HTTP/1.1" 304 -
0:0:0:0:0:0:0:1 - - [10/Jul/2016:23:16:52 -0700] "GET /css/weui.min.css HTTP/1.1" 304 -
0:0:0:0:0:0:0:1 - - [10/Jul/2016:23:16:52 -0700] "GET /js/js_adaption.js HTTP/1.1" 304 -
0:0:0:0:0:0:0:1 - - [10/Jul/2016:23:16:53 -0700] "GET /favicon.ico HTTP/1.1" 200 946
0:0:0:0:0:0:0:1 - - [10/Jul/2016:23:17:08 -0700] "GET /patient/form?cid=11 HTTP/1.1" 200 13541
0:0:0:0:0:0:0:1 - - [10/Jul/2016:23:17:08 -0700] "GET /css/weui.min.css HTTP/1.1" 304 -
0:0:0:0:0:0:0:1 - - [10/Jul/2016:23:17:08 -0700] "GET /js/js_adaption.js HTTP/1.1" 304 -
0:0:0:0:0:0:0:1 - - [10/Jul/2016:23:17:08 -0700] "GET /js/jquery-1.7.2.js HTTP/1.1" 304 -
0:0:0:0:0:0:0:1 - - [10/Jul/2016:23:17:08 -0700] "GET /css/weixin.css HTTP/1.1" 304 -
0:0:0:0:0:0:0:1 - - [10/Jul/2016:23:17:08 -0700] "GET /favicon.ico HTTP/1.1" 200 946
0:0:0:0:0:0:0:1 - - [10/Jul/2016:23:17:15 -0700] "GET /patient/form?cid=11 HTTP/1.1" 200 13539
0:0:0:0:0:0:0:1 - - [10/Jul/2016:23:17:15 -0700] "GET /css/weui.min.css HTTP/1.1" 304 -
0:0:0:0:0:0:0:1 - - [10/Jul/2016:23:17:15 -0700] "GET /css/weixin.css HTTP/1.1" 304 -
0:0:0:0:0:0:0:1 - - [10/Jul/2016:23:17:15 -0700] "GET /js/jquery-1.7.2.js HTTP/1.1" 304 -
0:0:0:0:0:0:0:1 - - [10/Jul/2016:23:17:15 -0700] "GET /js/js_adaption.js HTTP/1.1" 304 -
0:0:0:0:0:0:0:1 - - [10/Jul/2016:23:17:15 -0700] "GET /favicon.ico HTTP/1.1" 200 946
0:0:0:0:0:0:0:1 - - [10/Jul/2016:23:17:58 -0700] "GET /patient/form?cid=11 HTTP/1.1" 200 13554
0:0:0:0:0:0:0:1 - - [10/Jul/2016:23:17:58 -0700] "GET /css/weui.min.css HTTP/1.1" 304 -
0:0:0:0:0:0:0:1 - - [10/Jul/2016:23:17:58 -0700] "GET /js/jquery-1.7.2.js HTTP/1.1" 304 -
0:0:0:0:0:0:0:1 - - [10/Jul/2016:23:17:58 -0700] "GET /js/js_adaption.js HTTP/1.1" 304 -
0:0:0:0:0:0:0:1 - - [10/Jul/2016:23:17:58 -0700] "GET /css/weixin.css HTTP/1.1" 304 -
0:0:0:0:0:0:0:1 - - [10/Jul/2016:23:17:58 -0700] "GET /favicon.ico HTTP/1.1" 200 946
