0:0:0:0:0:0:0:1 - - [29/Jul/2016:00:02:14 -0700] "GET /code/form?code=1 HTTP/1.1" 200 3394
0:0:0:0:0:0:0:1 - - [29/Jul/2016:00:02:14 -0700] "GET /css/weixin.css HTTP/1.1" 304 -
0:0:0:0:0:0:0:1 - - [29/Jul/2016:00:02:14 -0700] "GET /js/js_adaption.js HTTP/1.1" 304 -
0:0:0:0:0:0:0:1 - - [29/Jul/2016:00:02:14 -0700] "GET /css/weui.min.css HTTP/1.1" 304 -
0:0:0:0:0:0:0:1 - - [29/Jul/2016:00:02:14 -0700] "GET /js/jquery-1.7.2.js HTTP/1.1" 304 -
0:0:0:0:0:0:0:1 - - [29/Jul/2016:00:02:14 -0700] "GET /image/mzfw.png HTTP/1.1" 304 -
0:0:0:0:0:0:0:1 - - [29/Jul/2016:00:02:14 -0700] "GET /image/mzfw_icon3.png HTTP/1.1" 304 -
0:0:0:0:0:0:0:1 - - [29/Jul/2016:00:02:14 -0700] "GET /image/mzfw_icon2.png HTTP/1.1" 304 -
0:0:0:0:0:0:0:1 - - [29/Jul/2016:00:02:14 -0700] "GET /image/mzfw_icon1.png HTTP/1.1" 304 -
0:0:0:0:0:0:0:1 - - [29/Jul/2016:00:02:14 -0700] "GET /image/right_arrow.png HTTP/1.1" 304 -
0:0:0:0:0:0:0:1 - - [29/Jul/2016:00:02:14 -0700] "GET /image/left_arrow.png HTTP/1.1" 404 135
0:0:0:0:0:0:0:1 - - [29/Jul/2016:00:02:39 -0700] "GET /card/form?type=2&uid=18 HTTP/1.1" 200 3822
0:0:0:0:0:0:0:1 - - [29/Jul/2016:00:02:40 -0700] "GET /image/0003-1.png HTTP/1.1" 304 -
0:0:0:0:0:0:0:1 - - [29/Jul/2016:00:03:14 -0700] "GET /image/0003-2.png HTTP/1.1" 304 -
0:0:0:0:0:0:0:1 - - [29/Jul/2016:00:03:15 -0700] "POST /card/input HTTP/1.1" 400 694
0:0:0:0:0:0:0:1 - - [29/Jul/2016:00:03:15 -0700] "GET /clinic/js/js_adaption.js HTTP/1.1" 404 139
0:0:0:0:0:0:0:1 - - [29/Jul/2016:00:03:15 -0700] "GET /clinic/image/404.png HTTP/1.1" 404 135
0:0:0:0:0:0:0:1 - - [29/Jul/2016:00:08:29 -0700] "GET /code/form?code=1 HTTP/1.1" 200 3394
0:0:0:0:0:0:0:1 - - [29/Jul/2016:00:08:30 -0700] "GET /image/left_arrow.png HTTP/1.1" 404 135
0:0:0:0:0:0:0:1 - - [29/Jul/2016:00:08:33 -0700] "GET /card/form?type=2&uid=18 HTTP/1.1" 500 694
0:0:0:0:0:0:0:1 - - [29/Jul/2016:00:08:33 -0700] "GET /clinic/js/js_adaption.js HTTP/1.1" 404 139
0:0:0:0:0:0:0:1 - - [29/Jul/2016:00:08:33 -0700] "GET /clinic/image/404.png HTTP/1.1" 404 135
0:0:0:0:0:0:0:1 - - [29/Jul/2016:00:08:51 -0700] "GET /code/form?code=1 HTTP/1.1" 200 3394
0:0:0:0:0:0:0:1 - - [29/Jul/2016:00:08:51 -0700] "GET /image/left_arrow.png HTTP/1.1" 404 135
0:0:0:0:0:0:0:1 - - [29/Jul/2016:00:08:52 -0700] "GET /card/form?type=2&uid=18 HTTP/1.1" 500 694
0:0:0:0:0:0:0:1 - - [29/Jul/2016:00:08:52 -0700] "GET /clinic/image/404.png HTTP/1.1" 404 135
0:0:0:0:0:0:0:1 - - [29/Jul/2016:00:08:52 -0700] "GET /clinic/js/js_adaption.js HTTP/1.1" 404 139
0:0:0:0:0:0:0:1 - - [29/Jul/2016:00:08:52 -0700] "GET /clinic/image/404.png HTTP/1.1" 404 135
0:0:0:0:0:0:0:1 - - [29/Jul/2016:00:09:03 -0700] "GET /card/form?type=2&uid=18 HTTP/1.1" 500 694
0:0:0:0:0:0:0:1 - - [29/Jul/2016:00:09:03 -0700] "GET /clinic/image/404.png HTTP/1.1" 404 135
0:0:0:0:0:0:0:1 - - [29/Jul/2016:00:09:03 -0700] "GET /clinic/js/js_adaption.js HTTP/1.1" 404 139
0:0:0:0:0:0:0:1 - - [29/Jul/2016:00:09:03 -0700] "GET /clinic/image/404.png HTTP/1.1" 404 135
0:0:0:0:0:0:0:1 - - [29/Jul/2016:00:09:16 -0700] "GET /code/form?code=1 HTTP/1.1" 200 3394
0:0:0:0:0:0:0:1 - - [29/Jul/2016:00:09:16 -0700] "GET /css/weui.min.css HTTP/1.1" 304 -
0:0:0:0:0:0:0:1 - - [29/Jul/2016:00:09:16 -0700] "GET /css/weixin.css HTTP/1.1" 304 -
0:0:0:0:0:0:0:1 - - [29/Jul/2016:00:09:16 -0700] "GET /js/js_adaption.js HTTP/1.1" 304 -
0:0:0:0:0:0:0:1 - - [29/Jul/2016:00:09:16 -0700] "GET /js/jquery-1.7.2.js HTTP/1.1" 304 -
0:0:0:0:0:0:0:1 - - [29/Jul/2016:00:09:16 -0700] "GET /image/mzfw.png HTTP/1.1" 304 -
0:0:0:0:0:0:0:1 - - [29/Jul/2016:00:09:16 -0700] "GET /image/mzfw_icon2.png HTTP/1.1" 304 -
0:0:0:0:0:0:0:1 - - [29/Jul/2016:00:09:16 -0700] "GET /image/mzfw_icon3.png HTTP/1.1" 304 -
0:0:0:0:0:0:0:1 - - [29/Jul/2016:00:09:16 -0700] "GET /image/mzfw_icon1.png HTTP/1.1" 304 -
0:0:0:0:0:0:0:1 - - [29/Jul/2016:00:09:16 -0700] "GET /image/right_arrow.png HTTP/1.1" 304 -
0:0:0:0:0:0:0:1 - - [29/Jul/2016:00:09:16 -0700] "GET /image/left_arrow.png HTTP/1.1" 404 135
0:0:0:0:0:0:0:1 - - [29/Jul/2016:00:09:16 -0700] "GET /favicon.ico HTTP/1.1" 200 946
0:0:0:0:0:0:0:1 - - [29/Jul/2016:00:09:17 -0700] "GET /card/form?type=2&uid=18 HTTP/1.1" 200 3881
0:0:0:0:0:0:0:1 - - [29/Jul/2016:00:09:23 -0700] "POST /card/input HTTP/1.1" 200 3392
0:0:0:0:0:0:0:1 - - [29/Jul/2016:00:09:24 -0700] "GET /image/left_arrow.png HTTP/1.1" 404 135
0:0:0:0:0:0:0:1 - - [29/Jul/2016:00:10:22 -0700] "POST /card/input HTTP/1.1" 200 3392
0:0:0:0:0:0:0:1 - - [29/Jul/2016:00:10:22 -0700] "GET /css/weui.min.css HTTP/1.1" 304 -
0:0:0:0:0:0:0:1 - - [29/Jul/2016:00:10:22 -0700] "GET /css/weixin.css HTTP/1.1" 304 -
0:0:0:0:0:0:0:1 - - [29/Jul/2016:00:10:22 -0700] "GET /js/js_adaption.js HTTP/1.1" 304 -
0:0:0:0:0:0:0:1 - - [29/Jul/2016:00:10:22 -0700] "GET /js/jquery-1.7.2.js HTTP/1.1" 304 -
0:0:0:0:0:0:0:1 - - [29/Jul/2016:00:10:22 -0700] "GET /image/mzfw.png HTTP/1.1" 304 -
0:0:0:0:0:0:0:1 - - [29/Jul/2016:00:10:22 -0700] "GET /image/mzfw_icon1.png HTTP/1.1" 304 -
0:0:0:0:0:0:0:1 - - [29/Jul/2016:00:10:22 -0700] "GET /image/mzfw_icon3.png HTTP/1.1" 304 -
0:0:0:0:0:0:0:1 - - [29/Jul/2016:00:10:22 -0700] "GET /image/mzfw_icon2.png HTTP/1.1" 304 -
0:0:0:0:0:0:0:1 - - [29/Jul/2016:00:10:22 -0700] "GET /image/right_arrow.png HTTP/1.1" 304 -
0:0:0:0:0:0:0:1 - - [29/Jul/2016:00:10:22 -0700] "GET /image/left_arrow.png HTTP/1.1" 404 135
0:0:0:0:0:0:0:1 - - [29/Jul/2016:00:10:22 -0700] "GET /favicon.ico HTTP/1.1" 200 946
0:0:0:0:0:0:0:1 - - [29/Jul/2016:00:10:57 -0700] "GET /code/form?code=1 HTTP/1.1" 200 3394
0:0:0:0:0:0:0:1 - - [29/Jul/2016:00:10:57 -0700] "GET /image/left_arrow.png HTTP/1.1" 404 135
0:0:0:0:0:0:0:1 - - [29/Jul/2016:00:12:33 -0700] "GET /card/form?type=3&uid=18 HTTP/1.1" 200 3881
0:0:0:0:0:0:0:1 - - [29/Jul/2016:00:12:39 -0700] "POST /card/input HTTP/1.1" 200 4037
0:0:0:0:0:0:0:1 - - [29/Jul/2016:00:28:50 -0700] "GET /code/form?code=1 HTTP/1.1" 200 3394
0:0:0:0:0:0:0:1 - - [29/Jul/2016:00:28:50 -0700] "GET /css/weui.min.css HTTP/1.1" 304 -
0:0:0:0:0:0:0:1 - - [29/Jul/2016:00:28:50 -0700] "GET /css/weixin.css HTTP/1.1" 304 -
0:0:0:0:0:0:0:1 - - [29/Jul/2016:00:28:50 -0700] "GET /js/js_adaption.js HTTP/1.1" 304 -
0:0:0:0:0:0:0:1 - - [29/Jul/2016:00:28:50 -0700] "GET /image/mzfw.png HTTP/1.1" 304 -
0:0:0:0:0:0:0:1 - - [29/Jul/2016:00:28:50 -0700] "GET /js/jquery-1.7.2.js HTTP/1.1" 304 -
0:0:0:0:0:0:0:1 - - [29/Jul/2016:00:28:50 -0700] "GET /image/mzfw_icon2.png HTTP/1.1" 304 -
0:0:0:0:0:0:0:1 - - [29/Jul/2016:00:28:50 -0700] "GET /image/mzfw_icon1.png HTTP/1.1" 304 -
0:0:0:0:0:0:0:1 - - [29/Jul/2016:00:28:50 -0700] "GET /image/mzfw_icon3.png HTTP/1.1" 304 -
0:0:0:0:0:0:0:1 - - [29/Jul/2016:00:28:51 -0700] "GET /image/right_arrow.png HTTP/1.1" 304 -
0:0:0:0:0:0:0:1 - - [29/Jul/2016:00:28:51 -0700] "GET /image/left_arrow.png HTTP/1.1" 404 135
0:0:0:0:0:0:0:1 - - [29/Jul/2016:00:29:33 -0700] "GET /card/form?type=1&uid=18 HTTP/1.1" 200 3773
0:0:0:0:0:0:0:1 - - [29/Jul/2016:00:29:33 -0700] "GET /image/0003-1.png HTTP/1.1" 304 -
0:0:0:0:0:0:0:1 - - [29/Jul/2016:00:29:36 -0700] "GET /card/form?type=2&uid=18 HTTP/1.1" 200 3881
0:0:0:0:0:0:0:1 - - [29/Jul/2016:00:29:41 -0700] "GET /image/0003-2.png HTTP/1.1" 304 -
0:0:0:0:0:0:0:1 - - [29/Jul/2016:00:29:41 -0700] "POST /card/input HTTP/1.1" 500 694
0:0:0:0:0:0:0:1 - - [29/Jul/2016:00:29:42 -0700] "GET /clinic/js/js_adaption.js HTTP/1.1" 404 139
0:0:0:0:0:0:0:1 - - [29/Jul/2016:00:29:42 -0700] "GET /clinic/image/404.png HTTP/1.1" 404 135
0:0:0:0:0:0:0:1 - - [29/Jul/2016:00:31:01 -0700] "POST /card/input HTTP/1.1" 500 694
0:0:0:0:0:0:0:1 - - [29/Jul/2016:00:31:01 -0700] "GET /clinic/js/js_adaption.js HTTP/1.1" 404 139
0:0:0:0:0:0:0:1 - - [29/Jul/2016:00:31:01 -0700] "GET /clinic/image/404.png HTTP/1.1" 404 135
0:0:0:0:0:0:0:1 - - [29/Jul/2016:00:31:19 -0700] "POST /card/input HTTP/1.1" 500 694
0:0:0:0:0:0:0:1 - - [29/Jul/2016:00:31:19 -0700] "GET /clinic/js/js_adaption.js HTTP/1.1" 404 139
0:0:0:0:0:0:0:1 - - [29/Jul/2016:00:31:19 -0700] "GET /clinic/image/404.png HTTP/1.1" 404 135
0:0:0:0:0:0:0:1 - - [29/Jul/2016:00:32:32 -0700] "POST /card/input HTTP/1.1" 200 4037
0:0:0:0:0:0:0:1 - - [29/Jul/2016:00:32:55 -0700] "GET /card/form?type=2&uid=18 HTTP/1.1" 200 3881
0:0:0:0:0:0:0:1 - - [29/Jul/2016:00:33:02 -0700] "POST /card/input HTTP/1.1" 200 4037
0:0:0:0:0:0:0:1 - - [29/Jul/2016:00:33:11 -0700] "GET /card/form?type=1&uid=18 HTTP/1.1" 200 3773
0:0:0:0:0:0:0:1 - - [29/Jul/2016:00:33:18 -0700] "POST /card/input HTTP/1.1" 302 -
0:0:0:0:0:0:0:1 - - [29/Jul/2016:00:33:18 -0700] "GET /card/tocard?cid=4&type=1 HTTP/1.1" 302 -
0:0:0:0:0:0:0:1 - - [29/Jul/2016:00:33:18 -0700] "GET /patient/zhenwuyou_form?cid=4&type=1 HTTP/1.1" 200 14964
0:0:0:0:0:0:0:1 - - [29/Jul/2016:00:33:19 -0700] "GET /clinic-test/js/jquery-1.7.2.js HTTP/1.1" 404 145
0:0:0:0:0:0:0:1 - - [29/Jul/2016:00:33:44 -0700] "POST /patient/input HTTP/1.1" 200 1461
0:0:0:0:0:0:0:1 - - [29/Jul/2016:00:33:44 -0700] "GET /css/weui.css HTTP/1.1" 200 201384
0:0:0:0:0:0:0:1 - - [29/Jul/2016:00:33:44 -0700] "GET /clinic-test/image/submit.png HTTP/1.1" 404 143
0:0:0:0:0:0:0:1 - - [29/Jul/2016:00:33:44 -0700] "GET /clinic-test/image/bohao.png HTTP/1.1" 404 142
0:0:0:0:0:0:0:1 - - [29/Jul/2016:01:03:38 -0700] "GET /code/form?code=1 HTTP/1.1" 200 3394
0:0:0:0:0:0:0:1 - - [29/Jul/2016:01:03:38 -0700] "GET /css/weui.min.css HTTP/1.1" 304 -
0:0:0:0:0:0:0:1 - - [29/Jul/2016:01:03:38 -0700] "GET /css/weixin.css HTTP/1.1" 304 -
0:0:0:0:0:0:0:1 - - [29/Jul/2016:01:03:38 -0700] "GET /js/js_adaption.js HTTP/1.1" 304 -
0:0:0:0:0:0:0:1 - - [29/Jul/2016:01:03:38 -0700] "GET /js/jquery-1.7.2.js HTTP/1.1" 304 -
0:0:0:0:0:0:0:1 - - [29/Jul/2016:01:03:38 -0700] "GET /image/mzfw.png HTTP/1.1" 304 -
0:0:0:0:0:0:0:1 - - [29/Jul/2016:01:03:38 -0700] "GET /image/mzfw_icon1.png HTTP/1.1" 304 -
0:0:0:0:0:0:0:1 - - [29/Jul/2016:01:03:38 -0700] "GET /image/mzfw_icon3.png HTTP/1.1" 304 -
0:0:0:0:0:0:0:1 - - [29/Jul/2016:01:03:38 -0700] "GET /image/mzfw_icon2.png HTTP/1.1" 304 -
0:0:0:0:0:0:0:1 - - [29/Jul/2016:01:03:38 -0700] "GET /image/right_arrow.png HTTP/1.1" 304 -
0:0:0:0:0:0:0:1 - - [29/Jul/2016:01:03:38 -0700] "GET /image/left_arrow.png HTTP/1.1" 404 135
0:0:0:0:0:0:0:1 - - [29/Jul/2016:01:03:41 -0700] "GET /card/form?type=1&uid=18 HTTP/1.1" 200 3778
0:0:0:0:0:0:0:1 - - [29/Jul/2016:01:03:41 -0700] "GET /image/0003-1.png HTTP/1.1" 304 -
0:0:0:0:0:0:0:1 - - [29/Jul/2016:01:04:33 -0700] "GET /card/form?type=2&uid=18 HTTP/1.1" 200 3886
0:0:0:0:0:0:0:1 - - [29/Jul/2016:01:04:37 -0700] "GET /image/0003-2.png HTTP/1.1" 304 -
0:0:0:0:0:0:0:1 - - [29/Jul/2016:01:04:38 -0700] "POST /card/input HTTP/1.1" 500 694
0:0:0:0:0:0:0:1 - - [29/Jul/2016:01:04:38 -0700] "GET /clinic/js/js_adaption.js HTTP/1.1" 404 139
0:0:0:0:0:0:0:1 - - [29/Jul/2016:01:04:38 -0700] "GET /clinic/image/404.png HTTP/1.1" 404 135
0:0:0:0:0:0:0:1 - - [29/Jul/2016:01:04:59 -0700] "GET /code/form?code=1 HTTP/1.1" 200 3394
0:0:0:0:0:0:0:1 - - [29/Jul/2016:01:04:59 -0700] "GET /image/left_arrow.png HTTP/1.1" 404 135
0:0:0:0:0:0:0:1 - - [29/Jul/2016:01:05:01 -0700] "GET /card/form?type=2&uid=18 HTTP/1.1" 200 3886
0:0:0:0:0:0:0:1 - - [29/Jul/2016:01:05:24 -0700] "POST /card/input HTTP/1.1" 200 4042
0:0:0:0:0:0:0:1 - - [29/Jul/2016:01:05:32 -0700] "GET /card/form?type=3&uid=18 HTTP/1.1" 200 3886
0:0:0:0:0:0:0:1 - - [29/Jul/2016:01:05:43 -0700] "POST /card/input HTTP/1.1" 200 4042
0:0:0:0:0:0:0:1 - - [29/Jul/2016:01:08:19 -0700] "POST /card/input HTTP/1.1" 200 4042
0:0:0:0:0:0:0:1 - - [29/Jul/2016:01:08:28 -0700] "GET /card/form?type=1&uid=18 HTTP/1.1" 200 3778
0:0:0:0:0:0:0:1 - - [29/Jul/2016:01:08:57 -0700] "GET /card/form?type=1&uid=18 HTTP/1.1" 200 3886
0:0:0:0:0:0:0:1 - - [29/Jul/2016:01:08:57 -0700] "GET /css/weui.min.css HTTP/1.1" 304 -
0:0:0:0:0:0:0:1 - - [29/Jul/2016:01:08:57 -0700] "GET /js/jquery-1.7.2.js HTTP/1.1" 304 -
0:0:0:0:0:0:0:1 - - [29/Jul/2016:01:08:57 -0700] "GET /css/weixin.css HTTP/1.1" 304 -
0:0:0:0:0:0:0:1 - - [29/Jul/2016:01:08:57 -0700] "GET /js/js_adaption.js HTTP/1.1" 304 -
0:0:0:0:0:0:0:1 - - [29/Jul/2016:01:08:57 -0700] "GET /image/0003-1.png HTTP/1.1" 304 -
0:0:0:0:0:0:0:1 - - [29/Jul/2016:01:08:57 -0700] "GET /favicon.ico HTTP/1.1" 200 946
0:0:0:0:0:0:0:1 - - [29/Jul/2016:01:08:58 -0700] "GET /card/describe HTTP/1.1" 500 694
0:0:0:0:0:0:0:1 - - [29/Jul/2016:01:08:58 -0700] "GET /clinic/js/js_adaption.js HTTP/1.1" 404 139
0:0:0:0:0:0:0:1 - - [29/Jul/2016:01:08:58 -0700] "GET /clinic/image/404.png HTTP/1.1" 404 135
0:0:0:0:0:0:0:1 - - [29/Jul/2016:01:09:32 -0700] "GET /card/form?type=2&uid=18 HTTP/1.1" 200 3886
0:0:0:0:0:0:0:1 - - [29/Jul/2016:01:09:33 -0700] "GET /card/describe HTTP/1.1" 500 694
0:0:0:0:0:0:0:1 - - [29/Jul/2016:01:09:33 -0700] "GET /clinic/js/js_adaption.js HTTP/1.1" 404 139
0:0:0:0:0:0:0:1 - - [29/Jul/2016:01:09:33 -0700] "GET /clinic/image/404.png HTTP/1.1" 404 135
0:0:0:0:0:0:0:1 - - [29/Jul/2016:01:11:03 -0700] "GET /card/form?type=2&uid=18 HTTP/1.1" 200 3886
0:0:0:0:0:0:0:1 - - [29/Jul/2016:01:11:03 -0700] "GET /js/jquery-1.7.2.js HTTP/1.1" 304 -
0:0:0:0:0:0:0:1 - - [29/Jul/2016:01:11:03 -0700] "GET /css/weui.min.css HTTP/1.1" 304 -
0:0:0:0:0:0:0:1 - - [29/Jul/2016:01:11:03 -0700] "GET /css/weixin.css HTTP/1.1" 304 -
0:0:0:0:0:0:0:1 - - [29/Jul/2016:01:11:03 -0700] "GET /js/js_adaption.js HTTP/1.1" 304 -
0:0:0:0:0:0:0:1 - - [29/Jul/2016:01:11:03 -0700] "GET /image/0003-1.png HTTP/1.1" 304 -
0:0:0:0:0:0:0:1 - - [29/Jul/2016:01:11:03 -0700] "GET /favicon.ico HTTP/1.1" 200 946
0:0:0:0:0:0:0:1 - - [29/Jul/2016:01:11:04 -0700] "GET /card/describe HTTP/1.1" 200 2378
0:0:0:0:0:0:0:1 - - [29/Jul/2016:01:11:05 -0700] "GET /clinic-test/js/js_adaption.js HTTP/1.1" 404 144
0:0:0:0:0:0:0:1 - - [29/Jul/2016:01:11:05 -0700] "GET /clinic-test/image/servicenote.png HTTP/1.1" 404 148
0:0:0:0:0:0:0:1 - - [29/Jul/2016:01:11:10 -0700] "GET /card/form?type=1&uid=18 HTTP/1.1" 200 3886
0:0:0:0:0:0:0:1 - - [29/Jul/2016:01:11:10 -0700] "GET /card/describe HTTP/1.1" 200 2378
0:0:0:0:0:0:0:1 - - [29/Jul/2016:01:11:11 -0700] "GET /clinic-test/js/js_adaption.js HTTP/1.1" 404 144
0:0:0:0:0:0:0:1 - - [29/Jul/2016:01:11:11 -0700] "GET /clinic-test/image/servicenote.png HTTP/1.1" 404 148
0:0:0:0:0:0:0:1 - - [29/Jul/2016:01:11:32 -0700] "GET /code/form?code=1 HTTP/1.1" 200 3394
0:0:0:0:0:0:0:1 - - [29/Jul/2016:01:11:32 -0700] "GET /image/left_arrow.png HTTP/1.1" 404 135
0:0:0:0:0:0:0:1 - - [29/Jul/2016:01:11:43 -0700] "GET /card/form?type=2&uid=18 HTTP/1.1" 200 3886
0:0:0:0:0:0:0:1 - - [29/Jul/2016:01:11:49 -0700] "POST /card/input HTTP/1.1" 200 4042
0:0:0:0:0:0:0:1 - - [29/Jul/2016:01:11:49 -0700] "GET /card/describe HTTP/1.1" 200 2378
0:0:0:0:0:0:0:1 - - [29/Jul/2016:01:11:49 -0700] "GET /clinic-test/js/js_adaption.js HTTP/1.1" 404 144
0:0:0:0:0:0:0:1 - - [29/Jul/2016:01:11:49 -0700] "GET /clinic-test/image/servicenote.png HTTP/1.1" 404 148
0:0:0:0:0:0:0:1 - - [29/Jul/2016:01:11:52 -0700] "GET /card/describe HTTP/1.1" 200 2378
0:0:0:0:0:0:0:1 - - [29/Jul/2016:01:11:52 -0700] "GET /clinic-test/js/js_adaption.js HTTP/1.1" 404 144
0:0:0:0:0:0:0:1 - - [29/Jul/2016:01:11:52 -0700] "GET /clinic-test/image/servicenote.png HTTP/1.1" 404 148
0:0:0:0:0:0:0:1 - - [29/Jul/2016:01:11:53 -0700] "GET /card/describe HTTP/1.1" 200 2378
0:0:0:0:0:0:0:1 - - [29/Jul/2016:01:11:53 -0700] "GET /css/weui.min.css HTTP/1.1" 304 -
0:0:0:0:0:0:0:1 - - [29/Jul/2016:01:11:53 -0700] "GET /clinic-test/image/servicenote.png HTTP/1.1" 404 148
0:0:0:0:0:0:0:1 - - [29/Jul/2016:01:11:53 -0700] "GET /css/weixin.css HTTP/1.1" 304 -
0:0:0:0:0:0:0:1 - - [29/Jul/2016:01:11:53 -0700] "GET /clinic-test/js/js_adaption.js HTTP/1.1" 404 144
0:0:0:0:0:0:0:1 - - [29/Jul/2016:01:11:53 -0700] "GET /clinic-test/image/servicenote.png HTTP/1.1" 404 148
0:0:0:0:0:0:0:1 - - [29/Jul/2016:01:11:53 -0700] "GET /favicon.ico HTTP/1.1" 200 946
0:0:0:0:0:0:0:1 - - [29/Jul/2016:01:12:02 -0700] "GET /card/form?type=1&uid=18 HTTP/1.1" 200 3886
0:0:0:0:0:0:0:1 - - [29/Jul/2016:01:12:03 -0700] "GET /card/describe HTTP/1.1" 200 2378
0:0:0:0:0:0:0:1 - - [29/Jul/2016:01:12:03 -0700] "GET /clinic-test/image/servicenote.png HTTP/1.1" 404 148
0:0:0:0:0:0:0:1 - - [29/Jul/2016:01:12:03 -0700] "GET /clinic-test/js/js_adaption.js HTTP/1.1" 404 144
0:0:0:0:0:0:0:1 - - [29/Jul/2016:01:12:10 -0700] "POST /card/input HTTP/1.1" 302 -
0:0:0:0:0:0:0:1 - - [29/Jul/2016:01:12:10 -0700] "GET /card/tocard?cid=4&type=1 HTTP/1.1" 302 -
0:0:0:0:0:0:0:1 - - [29/Jul/2016:01:12:10 -0700] "GET /patient/zhenwuyou_form?cid=4&type=1 HTTP/1.1" 200 14964
0:0:0:0:0:0:0:1 - - [29/Jul/2016:01:12:10 -0700] "GET /clinic-test/js/jquery-1.7.2.js HTTP/1.1" 404 145
0:0:0:0:0:0:0:1 - - [29/Jul/2016:01:12:26 -0700] "POST /patient/input HTTP/1.1" 200 1461
0:0:0:0:0:0:0:1 - - [29/Jul/2016:01:12:26 -0700] "GET /clinic-test/image/submit.png HTTP/1.1" 404 143
0:0:0:0:0:0:0:1 - - [29/Jul/2016:01:12:26 -0700] "GET /css/weui.css HTTP/1.1" 304 -
0:0:0:0:0:0:0:1 - - [29/Jul/2016:01:12:26 -0700] "GET /clinic-test/image/bohao.png HTTP/1.1" 404 142
0:0:0:0:0:0:0:1 - - [29/Jul/2016:01:12:26 -0700] "GET /clinic-test/image/submit.png HTTP/1.1" 404 143
0:0:0:0:0:0:0:1 - - [29/Jul/2016:01:12:26 -0700] "GET /clinic-test/image/bohao.png HTTP/1.1" 404 142
0:0:0:0:0:0:0:1 - - [29/Jul/2016:01:12:55 -0700] "GET /code/form?code=1 HTTP/1.1" 200 3394
0:0:0:0:0:0:0:1 - - [29/Jul/2016:01:12:55 -0700] "GET /image/left_arrow.png HTTP/1.1" 404 135
0:0:0:0:0:0:0:1 - - [29/Jul/2016:01:12:57 -0700] "GET /card/form?type=1&uid=18 HTTP/1.1" 200 3886
0:0:0:0:0:0:0:1 - - [29/Jul/2016:01:13:04 -0700] "POST /card/input HTTP/1.1" 200 4042
0:0:0:0:0:0:0:1 - - [29/Jul/2016:01:13:10 -0700] "GET /card/form?type=2&uid=18 HTTP/1.1" 200 3886
0:0:0:0:0:0:0:1 - - [29/Jul/2016:01:13:15 -0700] "POST /card/input HTTP/1.1" 302 -
0:0:0:0:0:0:0:1 - - [29/Jul/2016:01:13:15 -0700] "GET /card/tocard?cid=4&type=2 HTTP/1.1" 302 -
0:0:0:0:0:0:0:1 - - [29/Jul/2016:01:13:15 -0700] "GET /patient/form?cid=4&type=2 HTTP/1.1" 200 13636
0:0:0:0:0:0:0:1 - - [29/Jul/2016:01:13:29 -0700] "POST /patient/input HTTP/1.1" 200 1461
0:0:0:0:0:0:0:1 - - [29/Jul/2016:01:13:29 -0700] "GET /clinic-test/image/bohao.png HTTP/1.1" 404 142
0:0:0:0:0:0:0:1 - - [29/Jul/2016:01:13:29 -0700] "GET /clinic-test/image/submit.png HTTP/1.1" 404 143
0:0:0:0:0:0:0:1 - - [29/Jul/2016:01:13:54 -0700] "GET /code/form?code=1 HTTP/1.1" 200 3394
0:0:0:0:0:0:0:1 - - [29/Jul/2016:01:13:54 -0700] "GET /image/left_arrow.png HTTP/1.1" 404 135
0:0:0:0:0:0:0:1 - - [29/Jul/2016:01:13:56 -0700] "GET /card/form?type=1&uid=18 HTTP/1.1" 200 3886
0:0:0:0:0:0:0:1 - - [29/Jul/2016:01:14:01 -0700] "POST /card/input HTTP/1.1" 200 4042
0:0:0:0:0:0:0:1 - - [29/Jul/2016:01:14:06 -0700] "GET /card/form?type=2&uid=18 HTTP/1.1" 200 3886
0:0:0:0:0:0:0:1 - - [29/Jul/2016:01:14:10 -0700] "POST /card/input HTTP/1.1" 200 4042
0:0:0:0:0:0:0:1 - - [29/Jul/2016:01:14:13 -0700] "GET /card/form?type=3&uid=18 HTTP/1.1" 200 3886
0:0:0:0:0:0:0:1 - - [29/Jul/2016:01:14:18 -0700] "POST /card/input HTTP/1.1" 302 -
0:0:0:0:0:0:0:1 - - [29/Jul/2016:01:14:18 -0700] "GET /card/tocard?cid=4&type=3 HTTP/1.1" 302 -
0:0:0:0:0:0:0:1 - - [29/Jul/2016:01:14:18 -0700] "GET /patient/anzhentong_form?cid=4&type=3 HTTP/1.1" 200 10175
0:0:0:0:0:0:0:1 - - [29/Jul/2016:01:14:31 -0700] "POST /patient/input HTTP/1.1" 200 1461
0:0:0:0:0:0:0:1 - - [29/Jul/2016:01:14:31 -0700] "GET /clinic-test/image/submit.png HTTP/1.1" 404 143
0:0:0:0:0:0:0:1 - - [29/Jul/2016:01:14:31 -0700] "GET /clinic-test/image/bohao.png HTTP/1.1" 404 142
0:0:0:0:0:0:0:1 - - [29/Jul/2016:02:41:10 -0700] "POST /patient/input HTTP/1.1" 500 694
0:0:0:0:0:0:0:1 - - [29/Jul/2016:02:41:10 -0700] "GET /css/weui.min.css HTTP/1.1" 304 -
0:0:0:0:0:0:0:1 - - [29/Jul/2016:02:41:10 -0700] "GET /css/weixin.css HTTP/1.1" 304 -
0:0:0:0:0:0:0:1 - - [29/Jul/2016:02:41:10 -0700] "GET /clinic/js/js_adaption.js HTTP/1.1" 404 139
0:0:0:0:0:0:0:1 - - [29/Jul/2016:02:41:10 -0700] "GET /clinic/image/404.png HTTP/1.1" 404 135
0:0:0:0:0:0:0:1 - - [29/Jul/2016:02:41:10 -0700] "GET /favicon.ico HTTP/1.1" 200 946
0:0:0:0:0:0:0:1 - - [29/Jul/2016:02:41:19 -0700] "GET /code/form?code=1 HTTP/1.1" 500 694
0:0:0:0:0:0:0:1 - - [29/Jul/2016:02:41:19 -0700] "GET /clinic/js/js_adaption.js HTTP/1.1" 404 139
0:0:0:0:0:0:0:1 - - [29/Jul/2016:02:41:19 -0700] "GET /clinic/image/404.png HTTP/1.1" 404 135
