0:0:0:0:0:0:0:1 - - [02/Aug/2016:17:56:48 -0700] "GET /code/form?code=1.net HTTP/1.1" 200 3394
0:0:0:0:0:0:0:1 - - [02/Aug/2016:17:56:48 -0700] "GET /code/form?code=1.com HTTP/1.1" 200 3394
0:0:0:0:0:0:0:1 - - [02/Aug/2016:17:56:48 -0700] "GET /js/js_adaption.js HTTP/1.1" 200 235
0:0:0:0:0:0:0:1 - - [02/Aug/2016:17:56:48 -0700] "GET /css/weui.min.css HTTP/1.1" 200 48819
0:0:0:0:0:0:0:1 - - [02/Aug/2016:17:56:48 -0700] "GET /css/weixin.css HTTP/1.1" 200 2424
0:0:0:0:0:0:0:1 - - [02/Aug/2016:17:56:48 -0700] "GET /js/jquery-1.7.2.js HTTP/1.1" 200 283887
0:0:0:0:0:0:0:1 - - [02/Aug/2016:17:56:48 -0700] "GET /image/mzfw.png HTTP/1.1" 200 42767
0:0:0:0:0:0:0:1 - - [02/Aug/2016:17:56:48 -0700] "GET /image/mzfw_icon1.png HTTP/1.1" 200 14694
0:0:0:0:0:0:0:1 - - [02/Aug/2016:17:56:48 -0700] "GET /image/mzfw_icon3.png HTTP/1.1" 200 5562
0:0:0:0:0:0:0:1 - - [02/Aug/2016:17:56:48 -0700] "GET /image/mzfw_icon2.png HTTP/1.1" 200 13421
0:0:0:0:0:0:0:1 - - [02/Aug/2016:17:56:49 -0700] "GET /image/right_arrow.png HTTP/1.1" 200 1201
0:0:0:0:0:0:0:1 - - [02/Aug/2016:17:56:49 -0700] "GET /image/left_arrow.png HTTP/1.1" 404 135
0:0:0:0:0:0:0:1 - - [02/Aug/2016:17:56:49 -0700] "GET /favicon.ico HTTP/1.1" 200 946
0:0:0:0:0:0:0:1 - - [02/Aug/2016:17:57:18 -0700] "GET /evaluate/form HTTP/1.1" 302 -
0:0:0:0:0:0:0:1 - - [02/Aug/2016:17:57:18 -0700] "GET /evaluate/input?evaluate.uid=18 HTTP/1.1" 200 1107
0:0:0:0:0:0:0:1 - - [02/Aug/2016:17:57:21 -0700] "POST /evaluate/save HTTP/1.1" 200 1197
0:0:0:0:0:0:0:1 - - [02/Aug/2016:17:57:21 -0700] "GET /clinic-test/image/evaluate.png HTTP/1.1" 404 145
0:0:0:0:0:0:0:1 - - [02/Aug/2016:17:57:21 -0700] "GET /css/weui.css HTTP/1.1" 200 201384
0:0:0:0:0:0:0:1 - - [02/Aug/2016:17:57:21 -0700] "GET /clinic-test/image/bohao.png HTTP/1.1" 404 142
0:0:0:0:0:0:0:1 - - [02/Aug/2016:17:57:21 -0700] "GET /clinic-test/image/evaluate.png HTTP/1.1" 404 145
0:0:0:0:0:0:0:1 - - [02/Aug/2016:22:01:35 -0700] "POST /evaluate/save HTTP/1.1" 200 1187
0:0:0:0:0:0:0:1 - - [02/Aug/2016:22:01:35 -0700] "GET /css/weixin.css HTTP/1.1" 304 -
0:0:0:0:0:0:0:1 - - [02/Aug/2016:22:01:35 -0700] "GET /js/js_adaption.js HTTP/1.1" 304 -
0:0:0:0:0:0:0:1 - - [02/Aug/2016:22:01:35 -0700] "GET /css/weui.css HTTP/1.1" 304 -
0:0:0:0:0:0:0:1 - - [02/Aug/2016:22:01:35 -0700] "GET /clinic/image/evaluate.png HTTP/1.1" 404 140
0:0:0:0:0:0:0:1 - - [02/Aug/2016:22:01:35 -0700] "GET /clinic/image/bohao.png HTTP/1.1" 404 137
0:0:0:0:0:0:0:1 - - [02/Aug/2016:22:01:36 -0700] "GET /favicon.ico HTTP/1.1" 200 946
0:0:0:0:0:0:0:1 - - [02/Aug/2016:22:01:37 -0700] "GET /evaluate HTTP/1.1" 404 694
0:0:0:0:0:0:0:1 - - [02/Aug/2016:22:01:38 -0700] "GET /css/weui.min.css HTTP/1.1" 304 -
0:0:0:0:0:0:0:1 - - [02/Aug/2016:22:01:38 -0700] "GET /clinic/image/404.png HTTP/1.1" 404 135
0:0:0:0:0:0:0:1 - - [02/Aug/2016:22:01:38 -0700] "GET /clinic/js/js_adaption.js HTTP/1.1" 404 139
0:0:0:0:0:0:0:1 - - [02/Aug/2016:22:01:41 -0700] "GET /evaluate/form HTTP/1.1" 500 694
0:0:0:0:0:0:0:1 - - [02/Aug/2016:22:01:42 -0700] "GET /clinic/image/404.png HTTP/1.1" 404 135
0:0:0:0:0:0:0:1 - - [02/Aug/2016:22:01:42 -0700] "GET /clinic/js/js_adaption.js HTTP/1.1" 404 139
0:0:0:0:0:0:0:1 - - [02/Aug/2016:22:01:42 -0700] "GET /clinic/image/404.png HTTP/1.1" 404 135
0:0:0:0:0:0:0:1 - - [02/Aug/2016:22:01:55 -0700] "GET /evaluate/form HTTP/1.1" 500 694
0:0:0:0:0:0:0:1 - - [02/Aug/2016:22:01:55 -0700] "GET /clinic/js/js_adaption.js HTTP/1.1" 404 139
0:0:0:0:0:0:0:1 - - [02/Aug/2016:22:01:55 -0700] "GET /css/weui.min.css HTTP/1.1" 304 -
0:0:0:0:0:0:0:1 - - [02/Aug/2016:22:01:55 -0700] "GET /css/weixin.css HTTP/1.1" 304 -
0:0:0:0:0:0:0:1 - - [02/Aug/2016:22:01:55 -0700] "GET /clinic/image/404.png HTTP/1.1" 404 135
0:0:0:0:0:0:0:1 - - [02/Aug/2016:22:01:55 -0700] "GET /favicon.ico HTTP/1.1" 200 946
0:0:0:0:0:0:0:1 - - [02/Aug/2016:22:02:06 -0700] "GET /evaluate/form HTTP/1.1" 500 694
0:0:0:0:0:0:0:1 - - [02/Aug/2016:22:02:06 -0700] "GET /css/weui.min.css HTTP/1.1" 304 -
0:0:0:0:0:0:0:1 - - [02/Aug/2016:22:02:06 -0700] "GET /css/weixin.css HTTP/1.1" 304 -
0:0:0:0:0:0:0:1 - - [02/Aug/2016:22:02:06 -0700] "GET /clinic/js/js_adaption.js HTTP/1.1" 404 139
0:0:0:0:0:0:0:1 - - [02/Aug/2016:22:02:06 -0700] "GET /clinic/image/404.png HTTP/1.1" 404 135
0:0:0:0:0:0:0:1 - - [02/Aug/2016:22:02:07 -0700] "GET /favicon.ico HTTP/1.1" 200 946
0:0:0:0:0:0:0:1 - - [02/Aug/2016:22:02:54 -0700] "GET /evaluate/form HTTP/1.1" 500 694
0:0:0:0:0:0:0:1 - - [02/Aug/2016:22:02:54 -0700] "GET /css/weui.min.css HTTP/1.1" 304 -
0:0:0:0:0:0:0:1 - - [02/Aug/2016:22:02:54 -0700] "GET /css/weixin.css HTTP/1.1" 304 -
0:0:0:0:0:0:0:1 - - [02/Aug/2016:22:02:54 -0700] "GET /clinic/js/js_adaption.js HTTP/1.1" 404 139
0:0:0:0:0:0:0:1 - - [02/Aug/2016:22:02:54 -0700] "GET /clinic/image/404.png HTTP/1.1" 404 135
0:0:0:0:0:0:0:1 - - [02/Aug/2016:22:02:54 -0700] "GET /favicon.ico HTTP/1.1" 200 946
0:0:0:0:0:0:0:1 - - [02/Aug/2016:22:04:22 -0700] "GET /evaluate/form HTTP/1.1" 500 694
0:0:0:0:0:0:0:1 - - [02/Aug/2016:22:04:22 -0700] "GET /clinic/js/js_adaption.js HTTP/1.1" 404 139
0:0:0:0:0:0:0:1 - - [02/Aug/2016:22:04:22 -0700] "GET /clinic/image/404.png HTTP/1.1" 404 135
0:0:0:0:0:0:0:1 - - [02/Aug/2016:22:06:40 -0700] "GET /evaluate/form HTTP/1.1" 302 -
0:0:0:0:0:0:0:1 - - [02/Aug/2016:22:06:40 -0700] "GET /evaluate/input?uid=18 HTTP/1.1" 200 1108
0:0:0:0:0:0:0:1 - - [02/Aug/2016:22:06:40 -0700] "GET /css/weixin.css HTTP/1.1" 304 -
0:0:0:0:0:0:0:1 - - [02/Aug/2016:22:06:40 -0700] "GET /js/js_adaption.js HTTP/1.1" 304 -
0:0:0:0:0:0:0:1 - - [02/Aug/2016:22:06:40 -0700] "GET /css/weui.min.css HTTP/1.1" 304 -
0:0:0:0:0:0:0:1 - - [02/Aug/2016:22:06:44 -0700] "POST /evaluate/save HTTP/1.1" 200 1187
0:0:0:0:0:0:0:1 - - [02/Aug/2016:22:06:44 -0700] "GET /clinic/image/evaluate.png HTTP/1.1" 404 140
0:0:0:0:0:0:0:1 - - [02/Aug/2016:22:06:44 -0700] "GET /clinic/image/bohao.png HTTP/1.1" 404 137
0:0:0:0:0:0:0:1 - - [02/Aug/2016:22:07:27 -0700] "POST /evaluate/save HTTP/1.1" 200 1187
0:0:0:0:0:0:0:1 - - [02/Aug/2016:22:07:27 -0700] "GET /clinic/image/bohao.png HTTP/1.1" 404 137
0:0:0:0:0:0:0:1 - - [02/Aug/2016:22:07:27 -0700] "GET /clinic/image/evaluate.png HTTP/1.1" 404 140
0:0:0:0:0:0:0:1 - - [02/Aug/2016:22:22:28 -0700] "GET /code/form?code=1 HTTP/1.1" 302 -
0:0:0:0:0:0:0:1 - - [02/Aug/2016:22:22:29 -0700] "GET /code/input?openid=111111 HTTP/1.1" 200 3958
0:0:0:0:0:0:0:1 - - [02/Aug/2016:22:22:29 -0700] "GET /js/jquery-1.7.2.js HTTP/1.1" 304 -
0:0:0:0:0:0:0:1 - - [02/Aug/2016:22:22:37 -0700] "GET /clinic/code/send?param=18616288051%20111111 HTTP/1.1" 404 131
0:0:0:0:0:0:0:1 - - [02/Aug/2016:22:23:05 -0700] "GET /code/input?openid=111111 HTTP/1.1" 200 3951
0:0:0:0:0:0:0:1 - - [02/Aug/2016:22:23:05 -0700] "GET /css/weui.min.css HTTP/1.1" 304 -
0:0:0:0:0:0:0:1 - - [02/Aug/2016:22:23:05 -0700] "GET /css/weixin.css HTTP/1.1" 304 -
0:0:0:0:0:0:0:1 - - [02/Aug/2016:22:23:05 -0700] "GET /js/jquery-1.7.2.js HTTP/1.1" 304 -
0:0:0:0:0:0:0:1 - - [02/Aug/2016:22:23:05 -0700] "GET /js/js_adaption.js HTTP/1.1" 304 -
0:0:0:0:0:0:0:1 - - [02/Aug/2016:22:23:05 -0700] "GET /favicon.ico HTTP/1.1" 200 946
0:0:0:0:0:0:0:1 - - [02/Aug/2016:22:23:10 -0700] "GET /code/send?param=18616288051%20111111 HTTP/1.1" 200 1
0:0:0:0:0:0:0:1 - - [02/Aug/2016:22:23:28 -0700] "POST /code/save HTTP/1.1" 200 3464
0:0:0:0:0:0:0:1 - - [02/Aug/2016:22:23:28 -0700] "GET /clinic/js/js_adaption.js HTTP/1.1" 404 139
0:0:0:0:0:0:0:1 - - [02/Aug/2016:22:23:28 -0700] "GET /clinic/js/jquery-1.7.2.js HTTP/1.1" 404 140
0:0:0:0:0:0:0:1 - - [02/Aug/2016:22:23:28 -0700] "GET /clinic/image/mzfw.png HTTP/1.1" 404 136
0:0:0:0:0:0:0:1 - - [02/Aug/2016:22:23:28 -0700] "GET /clinic/image/mzfw_icon1.png HTTP/1.1" 404 142
0:0:0:0:0:0:0:1 - - [02/Aug/2016:22:23:28 -0700] "GET /clinic/image/mzfw_icon3.png HTTP/1.1" 404 142
0:0:0:0:0:0:0:1 - - [02/Aug/2016:22:23:28 -0700] "GET /clinic/image/mzfw_icon2.png HTTP/1.1" 404 142
0:0:0:0:0:0:0:1 - - [02/Aug/2016:22:23:28 -0700] "GET /clinic/image/left_arrow.png HTTP/1.1" 404 142
0:0:0:0:0:0:0:1 - - [02/Aug/2016:22:23:28 -0700] "GET /clinic/image/right_arrow.png HTTP/1.1" 404 143
0:0:0:0:0:0:0:1 - - [02/Aug/2016:22:23:34 -0700] "GET /card/form?type=3&uid=18 HTTP/1.1" 200 3902
0:0:0:0:0:0:0:1 - - [02/Aug/2016:22:23:34 -0700] "GET /clinic/js/js_adaption.js HTTP/1.1" 404 139
0:0:0:0:0:0:0:1 - - [02/Aug/2016:22:23:34 -0700] "GET /clinic/js/jquery-1.7.2.js HTTP/1.1" 404 140
0:0:0:0:0:0:0:1 - - [02/Aug/2016:22:23:34 -0700] "GET /clinic/image/0003-1.png HTTP/1.1" 404 138
0:0:0:0:0:0:0:1 - - [02/Aug/2016:22:23:55 -0700] "GET /card/form?type=3&uid=18 HTTP/1.1" 200 3902
0:0:0:0:0:0:0:1 - - [02/Aug/2016:22:23:55 -0700] "GET /clinic/js/js_adaption.js HTTP/1.1" 404 139
0:0:0:0:0:0:0:1 - - [02/Aug/2016:22:23:55 -0700] "GET /css/weui.min.css HTTP/1.1" 304 -
0:0:0:0:0:0:0:1 - - [02/Aug/2016:22:23:55 -0700] "GET /clinic/js/jquery-1.7.2.js HTTP/1.1" 404 140
0:0:0:0:0:0:0:1 - - [02/Aug/2016:22:23:55 -0700] "GET /css/weixin.css HTTP/1.1" 304 -
0:0:0:0:0:0:0:1 - - [02/Aug/2016:22:23:55 -0700] "GET /clinic/image/0003-1.png HTTP/1.1" 404 138
0:0:0:0:0:0:0:1 - - [02/Aug/2016:22:23:55 -0700] "GET /favicon.ico HTTP/1.1" 200 946
0:0:0:0:0:0:0:1 - - [02/Aug/2016:22:23:58 -0700] "GET /card/form?type=3&uid=18 HTTP/1.1" 200 3867
0:0:0:0:0:0:0:1 - - [02/Aug/2016:22:23:58 -0700] "GET /css/weui.min.css HTTP/1.1" 304 -
0:0:0:0:0:0:0:1 - - [02/Aug/2016:22:23:58 -0700] "GET /css/weixin.css HTTP/1.1" 304 -
0:0:0:0:0:0:0:1 - - [02/Aug/2016:22:23:58 -0700] "GET /js/jquery-1.7.2.js HTTP/1.1" 304 -
0:0:0:0:0:0:0:1 - - [02/Aug/2016:22:23:58 -0700] "GET /js/js_adaption.js HTTP/1.1" 304 -
0:0:0:0:0:0:0:1 - - [02/Aug/2016:22:23:58 -0700] "GET /image/0003-1.png HTTP/1.1" 200 1321
0:0:0:0:0:0:0:1 - - [02/Aug/2016:22:23:59 -0700] "GET /favicon.ico HTTP/1.1" 200 946
0:0:0:0:0:0:0:1 - - [02/Aug/2016:22:24:04 -0700] "GET /image/0003-2.png HTTP/1.1" 200 3502
0:0:0:0:0:0:0:1 - - [02/Aug/2016:22:24:05 -0700] "POST /card/input HTTP/1.1" 200 4008
0:0:0:0:0:0:0:1 - - [02/Aug/2016:22:24:17 -0700] "GET /clinic/js/jquery-1.7.2.js HTTP/1.1" 404 140
0:0:0:0:0:0:0:1 - - [02/Aug/2016:22:24:19 -0700] "GET /card/form?type=1&uid=18 HTTP/1.1" 200 3867
0:0:0:0:0:0:0:1 - - [02/Aug/2016:22:24:25 -0700] "POST /card/input HTTP/1.1" 200 4008
0:0:0:0:0:0:0:1 - - [02/Aug/2016:22:24:34 -0700] "POST /card/input HTTP/1.1" 302 -
0:0:0:0:0:0:0:1 - - [02/Aug/2016:22:24:34 -0700] "GET /card/tocard?cid=4&type=1 HTTP/1.1" 302 -
0:0:0:0:0:0:0:1 - - [02/Aug/2016:22:24:34 -0700] "GET /patient/zwy_form?cid=4&productType=1 HTTP/1.1" 200 15039
0:0:0:0:0:0:0:1 - - [02/Aug/2016:22:24:34 -0700] "GET /clinic/js/jquery-1.7.2.js HTTP/1.1" 404 140
0:0:0:0:0:0:0:1 - - [02/Aug/2016:22:25:00 -0700] "POST /patient/input HTTP/1.1" 200 1451
0:0:0:0:0:0:0:1 - - [02/Aug/2016:22:25:00 -0700] "GET /clinic/image/submit.png HTTP/1.1" 404 138
0:0:0:0:0:0:0:1 - - [02/Aug/2016:22:25:00 -0700] "GET /clinic/image/bohao.png HTTP/1.1" 404 137
0:0:0:0:0:0:0:1 - - [02/Aug/2016:22:25:00 -0700] "GET /clinic/image/submit.png HTTP/1.1" 404 138
0:0:0:0:0:0:0:1 - - [02/Aug/2016:22:25:03 -0700] "POST /patient/input HTTP/1.1" 200 694
0:0:0:0:0:0:0:1 - - [02/Aug/2016:22:25:03 -0700] "GET /clinic/js/js_adaption.js HTTP/1.1" 404 139
0:0:0:0:0:0:0:1 - - [02/Aug/2016:22:25:03 -0700] "GET /clinic/image/404.png HTTP/1.1" 404 135
0:0:0:0:0:0:0:1 - - [02/Aug/2016:22:25:25 -0700] "POST /patient/input HTTP/1.1" 200 694
0:0:0:0:0:0:0:1 - - [02/Aug/2016:22:25:25 -0700] "GET /clinic/js/js_adaption.js HTTP/1.1" 404 139
0:0:0:0:0:0:0:1 - - [02/Aug/2016:22:25:25 -0700] "GET /clinic/image/404.png HTTP/1.1" 404 135
0:0:0:0:0:0:0:1 - - [02/Aug/2016:22:25:53 -0700] "POST /patient/input HTTP/1.1" 200 694
0:0:0:0:0:0:0:1 - - [02/Aug/2016:22:25:53 -0700] "GET /clinic/js/js_adaption.js HTTP/1.1" 404 139
0:0:0:0:0:0:0:1 - - [02/Aug/2016:22:25:53 -0700] "GET /clinic/image/404.png HTTP/1.1" 404 135
0:0:0:0:0:0:0:1 - - [02/Aug/2016:22:32:11 -0700] "GET /code/form?code=1 HTTP/1.1" 200 3464
0:0:0:0:0:0:0:1 - - [02/Aug/2016:22:32:12 -0700] "GET /css/weui.min.css HTTP/1.1" 200 48819
0:0:0:0:0:0:0:1 - - [02/Aug/2016:22:32:12 -0700] "GET /css/weixin.css HTTP/1.1" 200 2424
0:0:0:0:0:0:0:1 - - [02/Aug/2016:22:32:12 -0700] "GET /clinic/js/jquery-1.7.2.js HTTP/1.1" 404 140
0:0:0:0:0:0:0:1 - - [02/Aug/2016:22:32:12 -0700] "GET /clinic/image/mzfw.png HTTP/1.1" 404 136
0:0:0:0:0:0:0:1 - - [02/Aug/2016:22:32:12 -0700] "GET /clinic/js/js_adaption.js HTTP/1.1" 404 139
0:0:0:0:0:0:0:1 - - [02/Aug/2016:22:32:12 -0700] "GET /clinic/image/mzfw_icon1.png HTTP/1.1" 404 142
0:0:0:0:0:0:0:1 - - [02/Aug/2016:22:32:13 -0700] "GET /clinic/image/mzfw_icon2.png HTTP/1.1" 404 142
0:0:0:0:0:0:0:1 - - [02/Aug/2016:22:32:13 -0700] "GET /clinic/image/mzfw_icon3.png HTTP/1.1" 404 142
0:0:0:0:0:0:0:1 - - [02/Aug/2016:22:32:13 -0700] "GET /clinic/image/mzfw.png HTTP/1.1" 404 136
0:0:0:0:0:0:0:1 - - [02/Aug/2016:22:32:13 -0700] "GET /clinic/image/left_arrow.png HTTP/1.1" 404 142
0:0:0:0:0:0:0:1 - - [02/Aug/2016:22:32:13 -0700] "GET /clinic/image/right_arrow.png HTTP/1.1" 404 143
0:0:0:0:0:0:0:1 - - [02/Aug/2016:22:32:16 -0700] "GET /card/form?type=1&uid=18 HTTP/1.1" 200 3867
0:0:0:0:0:0:0:1 - - [02/Aug/2016:22:32:16 -0700] "GET /js/js_adaption.js HTTP/1.1" 200 235
0:0:0:0:0:0:0:1 - - [02/Aug/2016:22:32:16 -0700] "GET /js/jquery-1.7.2.js HTTP/1.1" 200 283887
0:0:0:0:0:0:0:1 - - [02/Aug/2016:22:32:17 -0700] "GET /image/0003-1.png HTTP/1.1" 200 1321
0:0:0:0:0:0:0:1 - - [02/Aug/2016:22:32:25 -0700] "GET /image/0003-2.png HTTP/1.1" 200 3502
0:0:0:0:0:0:0:1 - - [02/Aug/2016:22:32:26 -0700] "POST /card/input HTTP/1.1" 302 -
0:0:0:0:0:0:0:1 - - [02/Aug/2016:22:32:26 -0700] "GET /card/tocard?cid=4&type=1 HTTP/1.1" 302 -
0:0:0:0:0:0:0:1 - - [02/Aug/2016:22:32:26 -0700] "GET /patient/zwy_form?cid=4&productType=1 HTTP/1.1" 200 15039
0:0:0:0:0:0:0:1 - - [02/Aug/2016:22:32:26 -0700] "GET /clinic/js/jquery-1.7.2.js HTTP/1.1" 404 140
0:0:0:0:0:0:0:1 - - [02/Aug/2016:22:32:42 -0700] "POST /patient/input HTTP/1.1" 200 1451
0:0:0:0:0:0:0:1 - - [02/Aug/2016:22:32:42 -0700] "GET /css/weui.css HTTP/1.1" 200 201384
0:0:0:0:0:0:0:1 - - [02/Aug/2016:22:32:42 -0700] "GET /clinic/image/bohao.png HTTP/1.1" 404 137
0:0:0:0:0:0:0:1 - - [02/Aug/2016:22:32:42 -0700] "GET /clinic/image/submit.png HTTP/1.1" 404 138
0:0:0:0:0:0:0:1 - - [02/Aug/2016:22:33:19 -0700] "POST /patient/input HTTP/1.1" 200 694
0:0:0:0:0:0:0:1 - - [02/Aug/2016:22:33:19 -0700] "GET /clinic/js/js_adaption.js HTTP/1.1" 404 139
0:0:0:0:0:0:0:1 - - [02/Aug/2016:22:33:19 -0700] "GET /clinic/image/404.png HTTP/1.1" 404 135
0:0:0:0:0:0:0:1 - - [02/Aug/2016:22:35:15 -0700] "POST /patient/input HTTP/1.1" 200 694
0:0:0:0:0:0:0:1 - - [02/Aug/2016:22:35:15 -0700] "GET /clinic/js/js_adaption.js HTTP/1.1" 404 139
0:0:0:0:0:0:0:1 - - [02/Aug/2016:22:35:15 -0700] "GET /clinic/image/404.png HTTP/1.1" 404 135
0:0:0:0:0:0:0:1 - - [02/Aug/2016:22:51:21 -0700] "GET /code/form?code=1 HTTP/1.1" 200 3464
0:0:0:0:0:0:0:1 - - [02/Aug/2016:22:51:22 -0700] "GET /clinic/image/mzfw.png HTTP/1.1" 404 136
0:0:0:0:0:0:0:1 - - [02/Aug/2016:22:51:22 -0700] "GET /clinic/js/jquery-1.7.2.js HTTP/1.1" 404 140
0:0:0:0:0:0:0:1 - - [02/Aug/2016:22:51:22 -0700] "GET /clinic/js/js_adaption.js HTTP/1.1" 404 139
0:0:0:0:0:0:0:1 - - [02/Aug/2016:22:51:22 -0700] "GET /clinic/image/mzfw_icon1.png HTTP/1.1" 404 142
0:0:0:0:0:0:0:1 - - [02/Aug/2016:22:51:22 -0700] "GET /clinic/image/left_arrow.png HTTP/1.1" 404 142
0:0:0:0:0:0:0:1 - - [02/Aug/2016:22:51:22 -0700] "GET /clinic/image/mzfw_icon3.png HTTP/1.1" 404 142
0:0:0:0:0:0:0:1 - - [02/Aug/2016:22:51:22 -0700] "GET /clinic/image/mzfw_icon2.png HTTP/1.1" 404 142
0:0:0:0:0:0:0:1 - - [02/Aug/2016:22:51:22 -0700] "GET /clinic/image/right_arrow.png HTTP/1.1" 404 143
0:0:0:0:0:0:0:1 - - [02/Aug/2016:22:51:24 -0700] "GET /card/form?type=1&uid=18 HTTP/1.1" 200 3867
0:0:0:0:0:0:0:1 - - [02/Aug/2016:22:51:26 -0700] "GET /card/describe HTTP/1.1" 200 2367
0:0:0:0:0:0:0:1 - - [02/Aug/2016:22:51:26 -0700] "GET /clinic/js/js_adaption.js HTTP/1.1" 404 139
0:0:0:0:0:0:0:1 - - [02/Aug/2016:22:51:26 -0700] "GET /clinic/image/azt_icon.png HTTP/1.1" 404 140
0:0:0:0:0:0:0:1 - - [02/Aug/2016:22:51:40 -0700] "GET /card/describe HTTP/1.1" 200 2367
0:0:0:0:0:0:0:1 - - [02/Aug/2016:22:51:40 -0700] "GET /css/weixin.css HTTP/1.1" 304 -
0:0:0:0:0:0:0:1 - - [02/Aug/2016:22:51:40 -0700] "GET /css/weui.min.css HTTP/1.1" 304 -
0:0:0:0:0:0:0:1 - - [02/Aug/2016:22:51:40 -0700] "GET /clinic/js/js_adaption.js HTTP/1.1" 404 139
0:0:0:0:0:0:0:1 - - [02/Aug/2016:22:51:40 -0700] "GET /clinic/image/azt_icon.png HTTP/1.1" 404 140
0:0:0:0:0:0:0:1 - - [02/Aug/2016:22:51:40 -0700] "GET /favicon.ico HTTP/1.1" 200 946
0:0:0:0:0:0:0:1 - - [02/Aug/2016:22:51:50 -0700] "GET /card/describe HTTP/1.1" 200 2367
0:0:0:0:0:0:0:1 - - [02/Aug/2016:22:51:50 -0700] "GET /css/weui.min.css HTTP/1.1" 304 -
0:0:0:0:0:0:0:1 - - [02/Aug/2016:22:51:50 -0700] "GET /css/weixin.css HTTP/1.1" 304 -
0:0:0:0:0:0:0:1 - - [02/Aug/2016:22:51:50 -0700] "GET /clinic/image/azt_icon.png HTTP/1.1" 404 140
0:0:0:0:0:0:0:1 - - [02/Aug/2016:22:51:50 -0700] "GET /clinic/js/js_adaption.js HTTP/1.1" 404 139
0:0:0:0:0:0:0:1 - - [02/Aug/2016:22:51:50 -0700] "GET /clinic/image/azt_icon.png HTTP/1.1" 404 140
0:0:0:0:0:0:0:1 - - [02/Aug/2016:22:51:50 -0700] "GET /favicon.ico HTTP/1.1" 200 946
0:0:0:0:0:0:0:1 - - [02/Aug/2016:22:51:50 -0700] "GET /card/describe HTTP/1.1" 200 2367
0:0:0:0:0:0:0:1 - - [02/Aug/2016:22:51:50 -0700] "GET /css/weui.min.css HTTP/1.1" 304 -
0:0:0:0:0:0:0:1 - - [02/Aug/2016:22:51:50 -0700] "GET /css/weixin.css HTTP/1.1" 304 -
0:0:0:0:0:0:0:1 - - [02/Aug/2016:22:51:50 -0700] "GET /clinic/js/js_adaption.js HTTP/1.1" 404 139
0:0:0:0:0:0:0:1 - - [02/Aug/2016:22:51:50 -0700] "GET /clinic/image/azt_icon.png HTTP/1.1" 404 140
0:0:0:0:0:0:0:1 - - [02/Aug/2016:22:51:51 -0700] "GET /favicon.ico HTTP/1.1" 200 946
0:0:0:0:0:0:0:1 - - [02/Aug/2016:22:51:55 -0700] "GET /code/form?code=1 HTTP/1.1" 200 3464
0:0:0:0:0:0:0:1 - - [02/Aug/2016:22:51:55 -0700] "GET /clinic/js/jquery-1.7.2.js HTTP/1.1" 404 140
0:0:0:0:0:0:0:1 - - [02/Aug/2016:22:51:55 -0700] "GET /clinic/js/js_adaption.js HTTP/1.1" 404 139
0:0:0:0:0:0:0:1 - - [02/Aug/2016:22:51:55 -0700] "GET /clinic/image/mzfw.png HTTP/1.1" 404 136
0:0:0:0:0:0:0:1 - - [02/Aug/2016:22:51:55 -0700] "GET /clinic/image/mzfw_icon1.png HTTP/1.1" 404 142
0:0:0:0:0:0:0:1 - - [02/Aug/2016:22:51:55 -0700] "GET /clinic/image/mzfw_icon3.png HTTP/1.1" 404 142
0:0:0:0:0:0:0:1 - - [02/Aug/2016:22:51:55 -0700] "GET /clinic/image/mzfw_icon2.png HTTP/1.1" 404 142
0:0:0:0:0:0:0:1 - - [02/Aug/2016:22:51:55 -0700] "GET /clinic/image/right_arrow.png HTTP/1.1" 404 143
0:0:0:0:0:0:0:1 - - [02/Aug/2016:22:51:55 -0700] "GET /clinic/image/left_arrow.png HTTP/1.1" 404 142
0:0:0:0:0:0:0:1 - - [02/Aug/2016:22:52:00 -0700] "GET /card/form?type=2&uid=18 HTTP/1.1" 200 3867
0:0:0:0:0:0:0:1 - - [02/Aug/2016:22:52:02 -0700] "GET /card/describe HTTP/1.1" 200 2367
0:0:0:0:0:0:0:1 - - [02/Aug/2016:22:52:02 -0700] "GET /clinic/js/js_adaption.js HTTP/1.1" 404 139
0:0:0:0:0:0:0:1 - - [02/Aug/2016:22:52:02 -0700] "GET /clinic/image/azt_icon.png HTTP/1.1" 404 140
0:0:0:0:0:0:0:1 - - [02/Aug/2016:22:52:50 -0700] "GET /card/describe HTTP/1.1" 200 2367
0:0:0:0:0:0:0:1 - - [02/Aug/2016:22:52:50 -0700] "GET /css/weixin.css HTTP/1.1" 304 -
0:0:0:0:0:0:0:1 - - [02/Aug/2016:22:52:50 -0700] "GET /css/weui.min.css HTTP/1.1" 304 -
0:0:0:0:0:0:0:1 - - [02/Aug/2016:22:52:50 -0700] "GET /clinic/js/js_adaption.js HTTP/1.1" 404 139
0:0:0:0:0:0:0:1 - - [02/Aug/2016:22:52:50 -0700] "GET /clinic/image/azt_icon.png HTTP/1.1" 404 140
0:0:0:0:0:0:0:1 - - [02/Aug/2016:22:52:50 -0700] "GET /favicon.ico HTTP/1.1" 200 946
0:0:0:0:0:0:0:1 - - [02/Aug/2016:23:01:08 -0700] "GET /card/form?type=2&uid=18 HTTP/1.1" 200 3868
0:0:0:0:0:0:0:1 - - [02/Aug/2016:23:01:08 -0700] "GET /css/weixin.css HTTP/1.1" 304 -
0:0:0:0:0:0:0:1 - - [02/Aug/2016:23:01:08 -0700] "GET /js/jquery-1.7.2.js HTTP/1.1" 304 -
0:0:0:0:0:0:0:1 - - [02/Aug/2016:23:01:08 -0700] "GET /js/js_adaption.js HTTP/1.1" 304 -
0:0:0:0:0:0:0:1 - - [02/Aug/2016:23:01:08 -0700] "GET /css/weui.min.css HTTP/1.1" 304 -
0:0:0:0:0:0:0:1 - - [02/Aug/2016:23:01:08 -0700] "GET /image/0003-1.png HTTP/1.1" 304 -
0:0:0:0:0:0:0:1 - - [02/Aug/2016:23:01:08 -0700] "GET /favicon.ico HTTP/1.1" 200 946
0:0:0:0:0:0:0:1 - - [02/Aug/2016:23:01:17 -0700] "GET /code/form?code=1 HTTP/1.1" 200 3464
0:0:0:0:0:0:0:1 - - [02/Aug/2016:23:01:17 -0700] "GET /css/weixin.css HTTP/1.1" 304 -
0:0:0:0:0:0:0:1 - - [02/Aug/2016:23:01:17 -0700] "GET /css/weui.min.css HTTP/1.1" 304 -
0:0:0:0:0:0:0:1 - - [02/Aug/2016:23:01:17 -0700] "GET /clinic/image/mzfw.png HTTP/1.1" 404 136
0:0:0:0:0:0:0:1 - - [02/Aug/2016:23:01:17 -0700] "GET /clinic/js/js_adaption.js HTTP/1.1" 404 139
0:0:0:0:0:0:0:1 - - [02/Aug/2016:23:01:17 -0700] "GET /clinic/js/jquery-1.7.2.js HTTP/1.1" 404 140
0:0:0:0:0:0:0:1 - - [02/Aug/2016:23:01:17 -0700] "GET /clinic/image/mzfw_icon3.png HTTP/1.1" 404 142
0:0:0:0:0:0:0:1 - - [02/Aug/2016:23:01:17 -0700] "GET /clinic/image/mzfw_icon1.png HTTP/1.1" 404 142
0:0:0:0:0:0:0:1 - - [02/Aug/2016:23:01:17 -0700] "GET /clinic/image/mzfw_icon2.png HTTP/1.1" 404 142
0:0:0:0:0:0:0:1 - - [02/Aug/2016:23:01:17 -0700] "GET /clinic/image/left_arrow.png HTTP/1.1" 404 142
0:0:0:0:0:0:0:1 - - [02/Aug/2016:23:01:17 -0700] "GET /clinic/image/right_arrow.png HTTP/1.1" 404 143
0:0:0:0:0:0:0:1 - - [02/Aug/2016:23:01:17 -0700] "GET /clinic/image/mzfw.png HTTP/1.1" 404 136
0:0:0:0:0:0:0:1 - - [02/Aug/2016:23:01:18 -0700] "GET /favicon.ico HTTP/1.1" 200 946
0:0:0:0:0:0:0:1 - - [02/Aug/2016:23:01:19 -0700] "GET /card/form?type=1&uid=18 HTTP/1.1" 200 3868
0:0:0:0:0:0:0:1 - - [02/Aug/2016:23:01:21 -0700] "GET /card/describe?type=1 HTTP/1.1" 200 2282
0:0:0:0:0:0:0:1 - - [02/Aug/2016:23:01:21 -0700] "GET /image/zwy_icon.png HTTP/1.1" 200 63189
0:0:0:0:0:0:0:1 - - [02/Aug/2016:23:01:27 -0700] "GET /card/form?type=2&uid=18 HTTP/1.1" 200 3868
0:0:0:0:0:0:0:1 - - [02/Aug/2016:23:01:28 -0700] "GET /card/describe?type=2 HTTP/1.1" 200 2639
0:0:0:0:0:0:0:1 - - [02/Aug/2016:23:01:28 -0700] "GET /clinic/image/servicenote.png HTTP/1.1" 404 143
0:0:0:0:0:0:0:1 - - [02/Aug/2016:23:01:28 -0700] "GET /clinic/js/js_adaption.js HTTP/1.1" 404 139
0:0:0:0:0:0:0:1 - - [02/Aug/2016:23:01:33 -0700] "GET /card/form?type=3&uid=18 HTTP/1.1" 200 3868
0:0:0:0:0:0:0:1 - - [02/Aug/2016:23:01:36 -0700] "GET /card/describe?type=3 HTTP/1.1" 200 2367
0:0:0:0:0:0:0:1 - - [02/Aug/2016:23:01:36 -0700] "GET /clinic/image/azt_icon.png HTTP/1.1" 404 140
0:0:0:0:0:0:0:1 - - [02/Aug/2016:23:01:36 -0700] "GET /clinic/js/js_adaption.js HTTP/1.1" 404 139
0:0:0:0:0:0:0:1 - - [02/Aug/2016:23:01:40 -0700] "GET /card/form?type=1&uid=18 HTTP/1.1" 200 3868
0:0:0:0:0:0:0:1 - - [02/Aug/2016:23:01:41 -0700] "GET /card/describe?type=1 HTTP/1.1" 200 2282
0:0:0:0:0:0:0:1 - - [02/Aug/2016:23:01:46 -0700] "GET /card/form?type=2&uid=18 HTTP/1.1" 200 3868
0:0:0:0:0:0:0:1 - - [02/Aug/2016:23:01:51 -0700] "POST /card/input HTTP/1.1" 200 4009
0:0:0:0:0:0:0:1 - - [02/Aug/2016:23:02:05 -0700] "POST /card/input HTTP/1.1" 200 4024
0:0:0:0:0:0:0:1 - - [02/Aug/2016:23:02:17 -0700] "GET /card/describe?type=2 HTTP/1.1" 200 2639
0:0:0:0:0:0:0:1 - - [02/Aug/2016:23:02:17 -0700] "GET /clinic/js/js_adaption.js HTTP/1.1" 404 139
0:0:0:0:0:0:0:1 - - [02/Aug/2016:23:02:17 -0700] "GET /clinic/image/servicenote.png HTTP/1.1" 404 143
0:0:0:0:0:0:0:1 - - [02/Aug/2016:23:02:46 -0700] "GET /card/form?type=2&uid=18 HTTP/1.1" 200 3868
0:0:0:0:0:0:0:1 - - [02/Aug/2016:23:02:48 -0700] "GET /card/describe?type=2 HTTP/1.1" 200 2639
0:0:0:0:0:0:0:1 - - [02/Aug/2016:23:02:48 -0700] "GET /clinic/js/js_adaption.js HTTP/1.1" 404 139
0:0:0:0:0:0:0:1 - - [02/Aug/2016:23:02:48 -0700] "GET /clinic/image/servicenote.png HTTP/1.1" 404 143
0:0:0:0:0:0:0:1 - - [02/Aug/2016:23:02:53 -0700] "GET /card/describe?type=2 HTTP/1.1" 200 2625
0:0:0:0:0:0:0:1 - - [02/Aug/2016:23:02:53 -0700] "GET /css/weui.min.css HTTP/1.1" 304 -
0:0:0:0:0:0:0:1 - - [02/Aug/2016:23:02:53 -0700] "GET /css/weixin.css HTTP/1.1" 304 -
0:0:0:0:0:0:0:1 - - [02/Aug/2016:23:02:53 -0700] "GET /js/js_adaption.js HTTP/1.1" 304 -
0:0:0:0:0:0:0:1 - - [02/Aug/2016:23:02:53 -0700] "GET /image/servicenote.png HTTP/1.1" 200 69830
0:0:0:0:0:0:0:1 - - [02/Aug/2016:23:02:53 -0700] "GET /favicon.ico HTTP/1.1" 200 946
0:0:0:0:0:0:0:1 - - [02/Aug/2016:23:03:04 -0700] "POST /card/input HTTP/1.1" 200 4024
0:0:0:0:0:0:0:1 - - [02/Aug/2016:23:03:09 -0700] "GET /card/form?type=3&uid=18 HTTP/1.1" 200 3868
0:0:0:0:0:0:0:1 - - [02/Aug/2016:23:03:10 -0700] "GET /card/describe?type=3 HTTP/1.1" 200 2353
0:0:0:0:0:0:0:1 - - [02/Aug/2016:23:03:10 -0700] "GET /image/azt_icon.png HTTP/1.1" 200 54588
0:0:0:0:0:0:0:1 - - [02/Aug/2016:23:03:18 -0700] "POST /card/input HTTP/1.1" 200 4024
0:0:0:0:0:0:0:1 - - [02/Aug/2016:23:03:21 -0700] "GET /card/form?type=1&uid=18 HTTP/1.1" 200 3868
0:0:0:0:0:0:0:1 - - [02/Aug/2016:23:03:22 -0700] "GET /card/describe?type=1 HTTP/1.1" 200 2282
0:0:0:0:0:0:0:1 - - [02/Aug/2016:23:03:30 -0700] "POST /card/input HTTP/1.1" 302 -
0:0:0:0:0:0:0:1 - - [02/Aug/2016:23:03:30 -0700] "GET /card/tocard?cid=4&type=1 HTTP/1.1" 302 -
0:0:0:0:0:0:0:1 - - [02/Aug/2016:23:03:30 -0700] "GET /patient/zwy_form?cid=4&productType=1 HTTP/1.1" 200 15039
0:0:0:0:0:0:0:1 - - [02/Aug/2016:23:03:30 -0700] "GET /clinic/js/jquery-1.7.2.js HTTP/1.1" 404 140
0:0:0:0:0:0:0:1 - - [02/Aug/2016:23:04:16 -0700] "GET /patient/zwy_form?cid=4&productType=1 HTTP/1.1" 200 15032
0:0:0:0:0:0:0:1 - - [02/Aug/2016:23:04:16 -0700] "GET /css/weui.min.css HTTP/1.1" 304 -
0:0:0:0:0:0:0:1 - - [02/Aug/2016:23:04:16 -0700] "GET /css/weixin.css HTTP/1.1" 304 -
0:0:0:0:0:0:0:1 - - [02/Aug/2016:23:04:16 -0700] "GET /js/jquery-1.7.2.js HTTP/1.1" 304 -
0:0:0:0:0:0:0:1 - - [02/Aug/2016:23:04:16 -0700] "GET /js/js_adaption.js HTTP/1.1" 304 -
0:0:0:0:0:0:0:1 - - [02/Aug/2016:23:04:16 -0700] "GET /favicon.ico HTTP/1.1" 200 946
0:0:0:0:0:0:0:1 - - [02/Aug/2016:23:04:33 -0700] "POST /patient/input HTTP/1.1" 200 1451
0:0:0:0:0:0:0:1 - - [02/Aug/2016:23:04:33 -0700] "GET /clinic/image/submit.png HTTP/1.1" 404 138
0:0:0:0:0:0:0:1 - - [02/Aug/2016:23:04:33 -0700] "GET /clinic/image/bohao.png HTTP/1.1" 404 137
0:0:0:0:0:0:0:1 - - [02/Aug/2016:23:04:33 -0700] "GET /clinic/image/submit.png HTTP/1.1" 404 138
0:0:0:0:0:0:0:1 - - [02/Aug/2016:23:08:22 -0700] "GET /code/form?code=1 HTTP/1.1" 200 3464
0:0:0:0:0:0:0:1 - - [02/Aug/2016:23:08:22 -0700] "GET /clinic/js/jquery-1.7.2.js HTTP/1.1" 404 140
0:0:0:0:0:0:0:1 - - [02/Aug/2016:23:08:22 -0700] "GET /clinic/js/js_adaption.js HTTP/1.1" 404 139
0:0:0:0:0:0:0:1 - - [02/Aug/2016:23:08:22 -0700] "GET /clinic/image/mzfw.png HTTP/1.1" 404 136
0:0:0:0:0:0:0:1 - - [02/Aug/2016:23:08:22 -0700] "GET /clinic/image/mzfw_icon1.png HTTP/1.1" 404 142
0:0:0:0:0:0:0:1 - - [02/Aug/2016:23:08:22 -0700] "GET /clinic/image/mzfw_icon2.png HTTP/1.1" 404 142
0:0:0:0:0:0:0:1 - - [02/Aug/2016:23:08:22 -0700] "GET /clinic/image/right_arrow.png HTTP/1.1" 404 143
0:0:0:0:0:0:0:1 - - [02/Aug/2016:23:08:22 -0700] "GET /clinic/image/left_arrow.png HTTP/1.1" 404 142
0:0:0:0:0:0:0:1 - - [02/Aug/2016:23:08:22 -0700] "GET /clinic/image/mzfw_icon3.png HTTP/1.1" 404 142
0:0:0:0:0:0:0:1 - - [02/Aug/2016:23:08:49 -0700] "GET /card/form?type=1&uid=18 HTTP/1.1" 200 3868
0:0:0:0:0:0:0:1 - - [02/Aug/2016:23:08:56 -0700] "GET /image/0003-2.png HTTP/1.1" 304 -
0:0:0:0:0:0:0:1 - - [02/Aug/2016:23:08:57 -0700] "POST /card/input HTTP/1.1" 200 4009
0:0:0:0:0:0:0:1 - - [02/Aug/2016:23:09:36 -0700] "GET /card/form?type=2&uid=18 HTTP/1.1" 200 3868
0:0:0:0:0:0:0:1 - - [02/Aug/2016:23:09:42 -0700] "GET /card/describe?type=2 HTTP/1.1" 200 2627
0:0:0:0:0:0:0:1 - - [02/Aug/2016:23:09:54 -0700] "POST /card/input HTTP/1.1" 302 -
0:0:0:0:0:0:0:1 - - [02/Aug/2016:23:09:54 -0700] "GET /card/tocard?cid=4&type=2 HTTP/1.1" 302 -
0:0:0:0:0:0:0:1 - - [02/Aug/2016:23:09:54 -0700] "GET /patient/form?cid=4&productType=2 HTTP/1.1" 200 13717
0:0:0:0:0:0:0:1 - - [02/Aug/2016:23:10:26 -0700] "POST /patient/input HTTP/1.1" 200 1451
0:0:0:0:0:0:0:1 - - [02/Aug/2016:23:10:26 -0700] "GET /css/weui.css HTTP/1.1" 304 -
0:0:0:0:0:0:0:1 - - [02/Aug/2016:23:10:26 -0700] "GET /clinic/image/submit.png HTTP/1.1" 404 138
0:0:0:0:0:0:0:1 - - [02/Aug/2016:23:10:26 -0700] "GET /clinic/image/bohao.png HTTP/1.1" 404 137
0:0:0:0:0:0:0:1 - - [02/Aug/2016:23:10:26 -0700] "GET /clinic/image/submit.png HTTP/1.1" 404 138
0:0:0:0:0:0:0:1 - - [02/Aug/2016:23:10:30 -0700] "POST /patient/input HTTP/1.1" 200 699
0:0:0:0:0:0:0:1 - - [02/Aug/2016:23:10:30 -0700] "GET /clinic/js/js_adaption.js HTTP/1.1" 404 139
0:0:0:0:0:0:0:1 - - [02/Aug/2016:23:10:30 -0700] "GET /clinic/image/nopermission.png HTTP/1.1" 404 144
